<html><head>
<title>Test results, pjs</title>
</head>
<body bgcolor='white'>
<a name='tippy_top'></a>
<h2>Test results, pjs</h2><br>
<p class='results_summary'>
Test List: All tests<br>
Skip List: ecma/Date/15.9.1.1-1.js, ecma/Date/15.9.1.1-2.js, ecma/Date/15.9.1.13-1.js, ecma/Date/15.9.2.1.js, ecma/Date/15.9.2.2-1.js, ecma/Date/15.9.2.2-2.js, ecma/Date/15.9.2.2-3.js, ecma/Date/15.9.2.2-4.js, ecma/Date/15.9.2.2-5.js, ecma/Date/15.9.2.2-6.js, ecma/Date/15.9.3.1-1.js, ecma/Date/15.9.3.1-2.js, ecma/Date/15.9.3.1-3.js, ecma/Date/15.9.3.1-4.js, ecma/Date/15.9.3.1-5.js, ecma/Date/15.9.3.2-1.js, ecma/Date/15.9.3.2-2.js, ecma/Date/15.9.3.2-3.js, ecma/Date/15.9.3.2-4.js, ecma/Date/15.9.3.2-5.js, ecma/Date/15.9.3.8-1.js, ecma/Date/15.9.3.8-2.js, ecma/Date/15.9.3.8-3.js, ecma/Date/15.9.3.8-4.js, ecma/Date/15.9.3.8-5.js, ecma/Date/15.9.4.2-1.js, ecma/Date/15.9.4.2.js, ecma/Date/15.9.4.3.js, ecma/Date/15.9.5.10-10.js, ecma/Date/15.9.5.10-11.js, ecma/Date/15.9.5.10-12.js, ecma/Date/15.9.5.10-13.js, ecma/Date/15.9.5.10-1.js, ecma/Date/15.9.5.10-2.js, ecma/Date/15.9.5.10-3.js, ecma/Date/15.9.5.10-4.js, ecma/Date/15.9.5.10-5.js, ecma/Date/15.9.5.10-6.js, ecma/Date/15.9.5.10-7.js, ecma/Date/15.9.5.10-8.js, ecma/Date/15.9.5.10-9.js, ecma/Date/15.9.5.11-1.js, ecma/Date/15.9.5.11-2.js, ecma/Date/15.9.5.11-3.js, ecma/Date/15.9.5.11-4.js, ecma/Date/15.9.5.11-5.js, ecma/Date/15.9.5.11-6.js, ecma/Date/15.9.5.11-7.js, ecma/Date/15.9.5.12-1.js, ecma/Date/15.9.5.12-2.js, ecma/Date/15.9.5.12-3.js, ecma/Date/15.9.5.12-4.js, ecma/Date/15.9.5.12-5.js, ecma/Date/15.9.5.12-6.js, ecma/Date/15.9.5.12-7.js, ecma/Date/15.9.5.12-8.js, ecma/Date/15.9.5.13-1.js, ecma/Date/15.9.5.13-2.js, ecma/Date/15.9.5.13-3.js, ecma/Date/15.9.5.13-4.js, ecma/Date/15.9.5.13-5.js, ecma/Date/15.9.5.13-6.js, ecma/Date/15.9.5.13-7.js, ecma/Date/15.9.5.13-8.js, ecma/Date/15.9.5.14.js, ecma/Date/15.9.5.15.js, ecma/Date/15.9.5.16.js, ecma/Date/15.9.5.17.js, ecma/Date/15.9.5.18.js, ecma/Date/15.9.5.19.js, ecma/Date/15.9.5.1.js, ecma/Date/15.9.5.20.js, ecma/Date/15.9.5.21-1.js, ecma/Date/15.9.5.21-2.js, ecma/Date/15.9.5.21-3.js, ecma/Date/15.9.5.21-4.js, ecma/Date/15.9.5.21-5.js, ecma/Date/15.9.5.21-6.js, ecma/Date/15.9.5.21-7.js, ecma/Date/15.9.5.21-8.js, ecma/Date/15.9.5.2-1.js, ecma/Date/15.9.5.22-1.js, ecma/Date/15.9.5.22-2.js, ecma/Date/15.9.5.22-3.js, ecma/Date/15.9.5.22-4.js, ecma/Date/15.9.5.22-5.js, ecma/Date/15.9.5.22-6.js, ecma/Date/15.9.5.22-7.js, ecma/Date/15.9.5.22-8.js, ecma/Date/15.9.5.2-2-n.js, ecma/Date/15.9.5.23-10.js, ecma/Date/15.9.5.23-11.js, ecma/Date/15.9.5.23-12.js, ecma/Date/15.9.5.23-13.js, ecma/Date/15.9.5.23-14.js, ecma/Date/15.9.5.23-15.js, ecma/Date/15.9.5.23-16.js, ecma/Date/15.9.5.23-17.js, ecma/Date/15.9.5.23-18.js, ecma/Date/15.9.5.23-1.js, ecma/Date/15.9.5.23-2.js, ecma/Date/15.9.5.23-3-n.js, ecma/Date/15.9.5.23-4.js, ecma/Date/15.9.5.23-5.js, ecma/Date/15.9.5.23-6.js, ecma/Date/15.9.5.23-7.js, ecma/Date/15.9.5.23-8.js, ecma/Date/15.9.5.23-9.js, ecma/Date/15.9.5.24-1.js, ecma/Date/15.9.5.24-2.js, ecma/Date/15.9.5.24-3.js, ecma/Date/15.9.5.24-4.js, ecma/Date/15.9.5.24-5.js, ecma/Date/15.9.5.24-6.js, ecma/Date/15.9.5.24-7.js, ecma/Date/15.9.5.24-8.js, ecma/Date/15.9.5.25-1.js, ecma/Date/15.9.5.26-1.js, ecma/Date/15.9.5.27-1.js, ecma/Date/15.9.5.28-1.js, ecma/Date/15.9.5.29-1.js, ecma/Date/15.9.5.2.js, ecma/Date/15.9.5.30-1.js, ecma/Date/15.9.5.31-1.js, ecma/Date/15.9.5.3-1-n.js, ecma/Date/15.9.5.32-1.js, ecma/Date/15.9.5.3-2.js, ecma/Date/15.9.5.33-1.js, ecma/Date/15.9.5.34-1.js, ecma/Date/15.9.5.35-1.js, ecma/Date/15.9.5.36-1.js, ecma/Date/15.9.5.36-2.js, ecma/Date/15.9.5.36-3.js, ecma/Date/15.9.5.36-4.js, ecma/Date/15.9.5.36-5.js, ecma/Date/15.9.5.36-6.js, ecma/Date/15.9.5.36-7.js, ecma/Date/15.9.5.37-1.js, ecma/Date/15.9.5.37-2.js, ecma/Date/15.9.5.37-3.js, ecma/Date/15.9.5.37-4.js, ecma/Date/15.9.5.37-5.js, ecma/Date/15.9.5.4-1.js, ecma/Date/15.9.5.4-2-n.js, ecma/Date/15.9.5.5.js, ecma/Date/15.9.5.6.js, ecma/Date/15.9.5.7.js, ecma/Date/15.9.5.8.js, ecma/Date/15.9.5.9.js, ecma/Date/15.9.5.js, ecma/Date/browser.js, ecma/Date/shell.js, ecma_2/instanceof/regress-7635.js, ecma_2/RegExp/regress-001.js, ecma_3/Array/regress-101488.js, ecma_3/Array/regress-130451.js, ecma_3/Array/regress-322135-01.js, ecma_3/Array/regress-322135-02.js, ecma_3/Array/regress-322135-03.js, ecma_3/Array/regress-322135-04.js, ecma_3/Exceptions/regress-181654.js, ecma_3/Exceptions/regress-181914.js, ecma_3/Exceptions/regress-58946.js, ecma_3/Exceptions/regress-95101.js, ecma_3/ExecutionContexts/regress-23346.js, ecma_3/extensions/regress-274152.js, ecma_3/extensions/regress-320854.js, ecma_3/Function/regress-131964.js, ecma_3/Function/regress-137181.js, ecma_3/Function/regress-193555.js, ecma_3/Function/regress-313570.js, ecma_3/Function/regress-49286.js, ecma_3/Function/regress-58274.js, ecma_3/Function/regress-85880.js, ecma_3/Function/regress-94506.js, ecma_3/Function/regress-97921.js, ecma_3/Object/regress-361274.js, ecma_3/Object/regress-72773.js, ecma_3/Object/regress-79129-001.js, ecma_3/RegExp/regress-100199.js, ecma_3/RegExp/regress-103087.js, ecma_3/RegExp/regress-105972.js, ecma_3/RegExp/regress-119909.js, ecma_3/RegExp/regress-122076.js, ecma_3/RegExp/regress-123437.js, ecma_3/RegExp/regress-165353.js, ecma_3/RegExp/regress-169497.js, ecma_3/RegExp/regress-169534.js, ecma_3/RegExp/regress-187133.js, ecma_3/RegExp/regress-188206.js, ecma_3/RegExp/regress-191479.js, ecma_3/RegExp/regress-202564.js, ecma_3/RegExp/regress-209067.js, ecma_3/RegExp/regress-209919.js, ecma_3/RegExp/regress-216591.js, ecma_3/RegExp/regress-220367-001.js, ecma_3/RegExp/regress-220367-002.js, ecma_3/RegExp/regress-223273.js, ecma_3/RegExp/regress-223535.js, ecma_3/RegExp/regress-224676.js, ecma_3/RegExp/regress-225289.js, ecma_3/RegExp/regress-225343.js, ecma_3/RegExp/regress-228087.js, ecma_3/RegExp/regress-24712.js, ecma_3/RegExp/regress-285219.js, ecma_3/RegExp/regress-28686.js, ecma_3/RegExp/regress-289669.js, ecma_3/RegExp/regress-307456.js, ecma_3/RegExp/regress-309840.js, ecma_3/RegExp/regress-311414.js, ecma_3/RegExp/regress-312351.js, ecma_3/RegExp/regress-31316.js, ecma_3/RegExp/regress-327170.js, ecma_3/RegExp/regress-330684.js, ecma_3/RegExp/regress-334158.js, ecma_3/RegExp/regress-346090.js, ecma_3/RegExp/regress-367888.js, ecma_3/RegExp/regress-375642.js, ecma_3/RegExp/regress-375715-01-n.js, ecma_3/RegExp/regress-57572.js, ecma_3/RegExp/regress-57631.js, ecma_3/RegExp/regress-67773.js, ecma_3/RegExp/regress-72964.js, ecma_3/RegExp/regress-76683.js, ecma_3/RegExp/regress-78156.js, ecma_3/RegExp/regress-85721.js, ecma_3/RegExp/regress-87231.js, ecma_3/RegExp/regress-98306.js, ecma_3/Statements/regress-121744.js, ecma_3/Statements/regress-131348.js, ecma_3/Statements/regress-157509.js, ecma_3/Statements/regress-194364.js, ecma_3/Statements/regress-226517.js, ecma_3/Statements/regress-302439.js, ecma_3/Statements/regress-324650.js, ecma_3/Statements/regress-74474-001.js, ecma_3/Statements/regress-74474-002.js, ecma_3/Statements/regress-74474-003.js, ecma_3/Statements/regress-83532-001.js, ecma_3/Statements/regress-83532-002.js, ecma_3/String/regress-104375.js, ecma_3/String/regress-189898.js, ecma_3/String/regress-304376.js, ecma_3/String/regress-313567.js, ecma_3/String/regress-83293.js<br>
698 test(s) selected, 698 test(s) completed, 281 failures reported (40.25% failed)<br>
Engine command line: pjs -f pjs_init.js <br>
OS type: Linux laptop 2.6.20-16-386 #2 Thu Jun 7 20:16:13 UTC 2007 i686 GNU/Linux<br>
Testcase execution time: 11 minutes, 10 seconds.<br>
Tests completed on Wed Jun 13 08:10:36 2007.<br><br>
[ <a href='#fail_detail'>Failure Details</a> | <a href='#retest_list'>Retest List</a> | <a href='http://lxr.mozilla.org/mozilla/source/js/tests/menu.html'>Test Selection Page</a> ]<br>
<hr>
<a name='fail_detail'></a>
<h2>Failure Details</h2><br>
<dl><dd><b>Testcase <a target='other_window' href='http://lxr.mozilla.org/mozilla/source/js/tests/ecma/Array/15.4-1.js'>ecma/Array/15.4-1.js</a> failed</b> <br>
 [ <a href='#tippy_top'>Top of Page</a> ]<br>
<tt>Expected exit code 0, got 1<br>
Testcase terminated with signal 0<br>
Complete testcase output was:<br>
15.4-1 Array Objects<br>
ResizablePMCArray: index out of bounds!<br>
current instr.: '@func_0' pc 133 (EVAL_6:43)<br>
called from Sub '@func_0_31' pc 10064 (lib/stdlib.pir:2825)<br>
called from Sub 'pjs_call_function' pc 950 (languages/pjs/lib/jscore_includes/pjsfunction.pir:105)<br>
called from Sub '@func_0' pc 219 (EVAL_5:72)<br>
called from Sub '@main' pc 18 (EVAL_5:11)<br>
called from Sub 'run_file' pc 312 (/home/yavuz/parrot_svn/parrot/languages/pjs/pjs.pir:124)<br>
called from Sub 'main' pc 124 (/home/yavuz/parrot_svn/parrot/languages/pjs/pjs.pir:57)<br>
</tt><br>
<dd><b>Testcase <a target='other_window' href='http://lxr.mozilla.org/mozilla/source/js/tests/ecma/Array/15.4-2.js'>ecma/Array/15.4-2.js</a> failed</b> <br>
 [ <a href='#tippy_top'>Top of Page</a> ]<br>
<tt>Expected exit code 0, got 131<br>
Testcase terminated with signal 0<br>
Complete testcase output was:<br>
15.4-2 Array Objects<br>
Parrot VM: PANIC: Out of mem!<br>
C file src/gc/memory.c, line 46<br>
Parrot file (not available), line (not available)<br>
We highly suggest you notify the Parrot team if you have not been working on<br>
Parrot.  Use parrotbug (located in parrot's root directory) or send an<br>
e-mail to parrot-porters@perl.org.<br>
Include the entire text of this error message and the text of the script that<br>
generated the error.  If you've made any modifications to Parrot, please<br>
describe them as well.<br>
Version     : 0.4.12-devel<br>
Configured  : Tue Jun 12 16:19:31 2007 GMT<br>
Architecture: i386-linux<br>
JIT Capable : Yes<br>
Interp Flags: (no interpreter)<br>
Exceptions  : (missing from core)<br>
Dumping Core...<br>
/home/yavuz/bin/pjs: line 3: 20385 Quit                    (core dumped) parrot /home/yavuz/parrot_svn/parrot/languages/pjs/pjs.pir $*<br>
</tt><br>
<dd><b>Testcase <a target='other_window' href='http://lxr.mozilla.org/mozilla/source/js/tests/ecma/Array/15.4.1.2.js'>ecma/Array/15.4.1.2.js</a> failed</b> <br>
 [ <a href='#tippy_top'>Top of Page</a> ]<br>
<tt>Expected exit code 0, got 1<br>
Testcase terminated with signal 0<br>
Complete testcase output was:<br>
15.4.1.2 Array Constructor Called as a Function:  Array(len)<br>
ResizablePMCArray: Can't resize!<br>
current instr.: '__array_constructor__' pc 1395 (languages/pjs/lib/jscore_includes/js_function_subs.pir:88)<br>
called from Sub 'pjs_call_function' pc 950 (languages/pjs/lib/jscore_includes/pjsfunction.pir:105)<br>
called from Sub '@func_0' pc 848 (EVAL_5:162)<br>
called from Sub '@main' pc 18 (EVAL_5:11)<br>
called from Sub 'run_file' pc 312 (/home/yavuz/parrot_svn/parrot/languages/pjs/pjs.pir:124)<br>
called from Sub 'main' pc 124 (/home/yavuz/parrot_svn/parrot/languages/pjs/pjs.pir:57)<br>
</tt><br>
<dd><b>Testcase <a target='other_window' href='http://lxr.mozilla.org/mozilla/source/js/tests/ecma/Array/15.4.2.1-2.js'>ecma/Array/15.4.2.1-2.js</a> failed</b> <br>
 [ <a href='#tippy_top'>Top of Page</a> ]<br>
<tt>Expected exit code 0, got 139<br>
Testcase terminated with signal 0<br>
Complete testcase output was:<br>
15.4.2.1-2 The Array Constructor:  new Array( item0, item1, ...)<br>
/home/yavuz/bin/pjs: line 3: 20411 Segmentation fault      (core dumped) parrot /home/yavuz/parrot_svn/parrot/languages/pjs/pjs.pir $*<br>
</tt><br>
<dd><b>Testcase <a target='other_window' href='http://lxr.mozilla.org/mozilla/source/js/tests/ecma/Array/15.4.2.1-3.js'>ecma/Array/15.4.2.1-3.js</a> failed</b> <br>
 [ <a href='#tippy_top'>Top of Page</a> ]<br>
<tt>Expected exit code 0, got 139<br>
Testcase terminated with signal 0<br>
Complete testcase output was:<br>
15.4.2.1-3 The Array Constructor:  new Array( item0, item1, ...)<br>
/home/yavuz/bin/pjs: line 3: 20417 Segmentation fault      (core dumped) parrot /home/yavuz/parrot_svn/parrot/languages/pjs/pjs.pir $*<br>
</tt><br>
<dd><b>Testcase <a target='other_window' href='http://lxr.mozilla.org/mozilla/source/js/tests/ecma/Array/15.4.2.2-1.js'>ecma/Array/15.4.2.2-1.js</a> failed</b> <br>
 [ <a href='#tippy_top'>Top of Page</a> ]<br>
<tt>Expected exit code 0, got 1<br>
Testcase terminated with signal 0<br>
Complete testcase output was:<br>
15.4.2.2-1 The Array Constructor:  new Array( len )<br>
ResizablePMCArray: Can't resize!<br>
current instr.: '__array_constructor__' pc 1395 (languages/pjs/lib/jscore_includes/js_function_subs.pir:88)<br>
called from Sub 'pjs_invoke_new' pc 1137 (languages/pjs/lib/jscore_includes/pjsfunction.pir:181)<br>
called from Sub '@func_0' pc 1393 (EVAL_5:237)<br>
called from Sub '@main' pc 18 (EVAL_5:11)<br>
called from Sub 'run_file' pc 312 (/home/yavuz/parrot_svn/parrot/languages/pjs/pjs.pir:124)<br>
called from Sub 'main' pc 124 (/home/yavuz/parrot_svn/parrot/languages/pjs/pjs.pir:57)<br>
</tt><br>
<dd><b>Testcase <a target='other_window' href='http://lxr.mozilla.org/mozilla/source/js/tests/ecma/Array/15.4.4.3-1.js'>ecma/Array/15.4.4.3-1.js</a> failed</b> <br>
 [ <a href='#tippy_top'>Top of Page</a> ]<br>
<tt>Expected exit code 0, got 1<br>
Testcase terminated with signal 0<br>
Complete testcase output was:<br>
15.4.4.3-1 Array.prototype.join()<br>
ReferenceError: decodeURIComponent is not defined<br>
current instr.: '@func_0' pc 888 (EVAL_5:181)<br>
called from Sub '@main' pc 18 (EVAL_5:11)<br>
called from Sub 'run_file' pc 312 (/home/yavuz/parrot_svn/parrot/languages/pjs/pjs.pir:124)<br>
called from Sub 'main' pc 124 (/home/yavuz/parrot_svn/parrot/languages/pjs/pjs.pir:57)<br>
</tt><br>
<dd><b>Testcase <a target='other_window' href='http://lxr.mozilla.org/mozilla/source/js/tests/ecma/Array/15.4.4.4-1.js'>ecma/Array/15.4.4.4-1.js</a> failed</b> <a href='https://bugzilla.mozilla.org/show_bug.cgi?id=123724' target='other_window'>Bug Number 123724</a><br>
 [ <a href='#tippy_top'>Top of Page</a> ]<br>
<tt>Expected exit code 0, got 139<br>
Testcase terminated with signal 0<br>
Complete testcase output was:<br>
BUGNUMBER: 123724<br>
15.4.4.4-1 Array.prototype.reverse()<br>
/home/yavuz/bin/pjs: line 3: 20455 Segmentation fault      (core dumped) parrot /home/yavuz/parrot_svn/parrot/languages/pjs/pjs.pir $*<br>
</tt><br>
<dd><b>Testcase <a target='other_window' href='http://lxr.mozilla.org/mozilla/source/js/tests/ecma/Array/15.4.4.5-3.js'>ecma/Array/15.4.4.5-3.js</a> failed</b> <br>
 [ <a href='#tippy_top'>Top of Page</a> ]<br>
<tt><br>
Failure messages were:<br>
testarr1[0] = [object Object] FAILED! expected: [object Object]<br>
testarr1[1] = [object Object] FAILED! expected: [object Object]<br>
testarr1[2] = [object Object] FAILED! expected: [object Object]<br>
testarr1[3] = [object Object] FAILED! expected: [object Object]<br>
testarr1[4] = [object Object] FAILED! expected: [object Object]<br>
testarr1[5] = [object Object] FAILED! expected: [object Object]<br>
testarr1[6] = [object Object] FAILED! expected: [object Object]<br>
testarr1[7] = [object Object] FAILED! expected: [object Object]<br>
testarr1[8] = [object Object] FAILED! expected: [object Object]<br>
testarr1[9] = [object Object] FAILED! expected: [object Object]<br>
testarr1[10] = [object Object] FAILED! expected: [object Object]<br>
testarr1[11] = [object Object] FAILED! expected: [object Object]<br>
testarr1[12] = [object Object] FAILED! expected: [object Object]<br>
testarr1[13] = [object Object] FAILED! expected: [object Object]<br>
testarr2[0] = [object Object] FAILED! expected: [object Object]<br>
testarr2[1] = [object Object] FAILED! expected: [object Object]<br>
testarr2[2] = [object Object] FAILED! expected: [object Object]<br>
testarr2[3] = [object Object] FAILED! expected: [object Object]<br>
testarr2[4] = [object Object] FAILED! expected: [object Object]<br>
testarr2[5] = [object Object] FAILED! expected: [object Object]<br>
testarr2[6] = [object Object] FAILED! expected: [object Object]<br>
testarr2[7] = [object Object] FAILED! expected: [object Object]<br>
testarr2[8] = [object Object] FAILED! expected: [object Object]<br>
testarr2[9] = [object Object] FAILED! expected: [object Object]<br>
testarr2[10] = [object Object] FAILED! expected: [object Object]<br>
testarr2[11] = [object Object] FAILED! expected: [object Object]<br>
testarr2[12] = [object Object] FAILED! expected: [object Object]<br>
testarr2[13] = [object Object] FAILED! expected: [object Object]<br>
</tt><br>
<dd><b>Testcase <a target='other_window' href='http://lxr.mozilla.org/mozilla/source/js/tests/ecma/Array/15.4.5.1-1.js'>ecma/Array/15.4.5.1-1.js</a> failed</b> <br>
 [ <a href='#tippy_top'>Top of Page</a> ]<br>
<tt>Expected exit code 0, got 1<br>
Testcase terminated with signal 0<br>
Complete testcase output was:<br>
15.4.5.1-1 Array [[Put]] (P, V)<br>
no ICU lib loaded<br>
current instr.: '@func_0' pc 629 (EVAL_5:157)<br>
called from Sub '@main' pc 18 (EVAL_5:11)<br>
called from Sub 'run_file' pc 312 (/home/yavuz/parrot_svn/parrot/languages/pjs/pjs.pir:124)<br>
called from Sub 'main' pc 124 (/home/yavuz/parrot_svn/parrot/languages/pjs/pjs.pir:57)<br>
</tt><br>
<dd><b>Testcase <a target='other_window' href='http://lxr.mozilla.org/mozilla/source/js/tests/ecma/Array/15.4.5.1-2.js'>ecma/Array/15.4.5.1-2.js</a> failed</b> <br>
 [ <a href='#tippy_top'>Top of Page</a> ]<br>
<tt><br>
Failure messages were:<br>
a["3.00"] =  three; a.length = 4 FAILED! expected: 0<br>
a["00010"] =  eight; a.length = 11 FAILED! expected: 0<br>
a["37xyz"] =  thirty-five; a.length = 11 FAILED! expected: 0<br>
a["5000000000"] =  5; a.length = 11 FAILED! expected: 0<br>
a["-2"] =  -3; a.length = 11 FAILED! expected: 0<br>
a[10] = eight FAILED! expected: undefined<br>
a[3] = three FAILED! expected: undefined<br>
a["4.00"] = four FAILED! expected: undefined<br>
a.length = 11 FAILED! expected: 5<br>
a["5000000000"] = 5; a.length = 11 FAILED! expected: 5<br>
a["-2"] = -3; a.length = 11 FAILED! expected: 5<br>
</tt><br>
<dd><b>Testcase <a target='other_window' href='http://lxr.mozilla.org/mozilla/source/js/tests/ecma/Array/15.4.5.2-1.js'>ecma/Array/15.4.5.2-1.js</a> failed</b> <br>
 [ <a href='#tippy_top'>Top of Page</a> ]<br>
<tt>Expected exit code 0, got 1<br>
Testcase terminated with signal 0<br>
Complete testcase output was:<br>
15.4.5.2-1 Array.length<br>
ResizablePMCArray: index out of bounds!<br>
current instr.: '@func_0' pc 133 (EVAL_7:43)<br>
called from Sub '@func_0_31' pc 10064 (lib/stdlib.pir:2825)<br>
called from Sub 'pjs_call_function' pc 950 (languages/pjs/lib/jscore_includes/pjsfunction.pir:105)<br>
called from Sub '@func_0' pc 332 (EVAL_5:91)<br>
called from Sub '@main' pc 18 (EVAL_5:11)<br>
called from Sub 'run_file' pc 312 (/home/yavuz/parrot_svn/parrot/languages/pjs/pjs.pir:124)<br>
called from Sub 'main' pc 124 (/home/yavuz/parrot_svn/parrot/languages/pjs/pjs.pir:57)<br>
</tt><br>
<dd><b>Testcase <a target='other_window' href='http://lxr.mozilla.org/mozilla/source/js/tests/ecma/Array/15.4.5.2-2.js'>ecma/Array/15.4.5.2-2.js</a> failed</b> <br>
 [ <a href='#tippy_top'>Top of Page</a> ]<br>
<tt>Expected exit code 0, got 139<br>
Testcase terminated with signal 0<br>
Complete testcase output was:<br>
15.4.5.2-2 Array.length<br>
/home/yavuz/bin/pjs: line 3: 20494 Segmentation fault      (core dumped) parrot /home/yavuz/parrot_svn/parrot/languages/pjs/pjs.pir $*<br>
</tt><br>
<dd><b>Testcase <a target='other_window' href='http://lxr.mozilla.org/mozilla/source/js/tests/ecma/Boolean/15.6.4.2-4-n.js'>ecma/Boolean/15.6.4.2-4-n.js</a> failed</b> <br>
 [ <a href='#tippy_top'>Top of Page</a> ]<br>
<tt>Expected exit code 1, got 0<br>
Testcase terminated with signal 0<br>
Complete testcase output was:<br>
15.6.4.2-4-n Boolean.prototype.toString()<br>
tostr=Boolean.prototype.toString; x=new String( 'hello' ); x.toString=tostr; x.toString() = hello FAILED! expected: error<br>
jstest: ecma/Boolean/15.6.4.2-4-n.js bug:  result: FAILED type: shell description: tostr=Boolean.prototype.toString; x=new String( 'hello' ); x.toString=tostr; x.toString() expected: error actual: hello reason: wrong value <br>
</tt><br>
<dd><b>Testcase <a target='other_window' href='http://lxr.mozilla.org/mozilla/source/js/tests/ecma/Boolean/15.6.4.3-4-n.js'>ecma/Boolean/15.6.4.3-4-n.js</a> failed</b> <br>
 [ <a href='#tippy_top'>Top of Page</a> ]<br>
<tt>Expected exit code 1, got 0<br>
Testcase terminated with signal 0<br>
Complete testcase output was:<br>
15.6.4.3-4-n Boolean.prototype.valueOf()<br>
valof=Boolean.prototype.valueOf; x=new String( 'hello' ); x.valueOf=valof;x.valueOf() = hello FAILED! expected: error<br>
jstest: ecma/Boolean/15.6.4.3-4-n.js bug:  result: FAILED type: shell description: valof=Boolean.prototype.valueOf; x=new String( 'hello' ); x.valueOf=valof;x.valueOf() expected: error actual: hello reason: wrong value <br>
</tt><br>
<dd><b>Testcase <a target='other_window' href='http://lxr.mozilla.org/mozilla/source/js/tests/ecma/ExecutionContexts/10.1.5-1.js'>ecma/ExecutionContexts/10.1.5-1.js</a> failed</b> <br>
 [ <a href='#tippy_top'>Top of Page</a> ]<br>
<tt>Expected exit code 0, got 1<br>
Testcase terminated with signal 0<br>
Complete testcase output was:<br>
10.5.1-1 Global Object<br>
ReferenceError: parseInt is not defined<br>
current instr.: '@func_0' pc 1183 (EVAL_5:259)<br>
called from Sub '@main' pc 18 (EVAL_5:11)<br>
called from Sub 'run_file' pc 312 (/home/yavuz/parrot_svn/parrot/languages/pjs/pjs.pir:124)<br>
called from Sub 'main' pc 124 (/home/yavuz/parrot_svn/parrot/languages/pjs/pjs.pir:57)<br>
</tt><br>
<dd><b>Testcase <a target='other_window' href='http://lxr.mozilla.org/mozilla/source/js/tests/ecma/ExecutionContexts/10.1.5-2.js'>ecma/ExecutionContexts/10.1.5-2.js</a> failed</b> <br>
 [ <a href='#tippy_top'>Top of Page</a> ]<br>
<tt>Expected exit code 0, got 1<br>
Testcase terminated with signal 0<br>
Complete testcase output was:<br>
10.5.1-2 Global Object<br>
ReferenceError: parseInt is not defined<br>
current instr.: '@func_0' pc 1077 (EVAL_6:250)<br>
called from Sub '@func_0_31' pc 10064 (lib/stdlib.pir:2825)<br>
called from Sub 'pjs_call_function' pc 950 (languages/pjs/lib/jscore_includes/pjsfunction.pir:105)<br>
called from Sub '@func_0' pc 393 (EVAL_5:121)<br>
called from Sub '@main' pc 18 (EVAL_5:11)<br>
called from Sub 'run_file' pc 312 (/home/yavuz/parrot_svn/parrot/languages/pjs/pjs.pir:124)<br>
called from Sub 'main' pc 124 (/home/yavuz/parrot_svn/parrot/languages/pjs/pjs.pir:57)<br>
</tt><br>
<dd><b>Testcase <a target='other_window' href='http://lxr.mozilla.org/mozilla/source/js/tests/ecma/ExecutionContexts/10.1.5-3.js'>ecma/ExecutionContexts/10.1.5-3.js</a> failed</b> <br>
 [ <a href='#tippy_top'>Top of Page</a> ]<br>
<tt>Expected exit code 0, got 1<br>
Testcase terminated with signal 0<br>
Complete testcase output was:<br>
10.5.1-3 Global Object<br>
ReferenceError: parseInt is not defined<br>
current instr.: '@func_0_0' pc 1249 (EVAL_5:286)<br>
called from Sub 'pjs_call_function' pc 950 (languages/pjs/lib/jscore_includes/pjsfunction.pir:105)<br>
called from Sub '@func_0' pc 218 (EVAL_5:66)<br>
called from Sub '@main' pc 18 (EVAL_5:11)<br>
called from Sub 'run_file' pc 312 (/home/yavuz/parrot_svn/parrot/languages/pjs/pjs.pir:124)<br>
called from Sub 'main' pc 124 (/home/yavuz/parrot_svn/parrot/languages/pjs/pjs.pir:57)<br>
</tt><br>
<dd><b>Testcase <a target='other_window' href='http://lxr.mozilla.org/mozilla/source/js/tests/ecma/Expressions/11.2.1-1.js'>ecma/Expressions/11.2.1-1.js</a> failed</b> <br>
 [ <a href='#tippy_top'>Top of Page</a> ]<br>
<tt><br>
Failure messages were:<br>
typeof this.parseInt = undefined FAILED! expected: function<br>
typeof this['parseInt'] = undefined FAILED! expected: function<br>
typeof this.parseFloat = undefined FAILED! expected: function<br>
typeof this['parseFloat'] = undefined FAILED! expected: function<br>
typeof this.escape = undefined FAILED! expected: function<br>
typeof this['escape'] = undefined FAILED! expected: function<br>
typeof this.unescape = undefined FAILED! expected: function<br>
typeof this['unescape'] = undefined FAILED! expected: function<br>
typeof this.isNaN = undefined FAILED! expected: function<br>
typeof this['isNaN'] = undefined FAILED! expected: function<br>
typeof this.isFinite = undefined FAILED! expected: function<br>
typeof this['isFinite'] = undefined FAILED! expected: function<br>
typeof Function.prototype.length = undefined FAILED! expected: number<br>
typeof Function.prototype['length'] = undefined FAILED! expected: number<br>
typeof String.prototype.indexOf = undefined FAILED! expected: function<br>
typeof String.prototype['indexOf'] = undefined FAILED! expected: function<br>
typeof String.prototype.lastIndexOf = undefined FAILED! expected: function<br>
typeof String.prototype['lastIndexOf'] = undefined FAILED! expected: function<br>
typeof String.prototype.toLowerCase = undefined FAILED! expected: function<br>
typeof String.prototype['toLowerCase'] = undefined FAILED! expected: function<br>
typeof String.prototype.toUpperCase = undefined FAILED! expected: function<br>
typeof String.prototype['toUpperCase'] = undefined FAILED! expected: function<br>
typeof Number.MAX_VALUE = undefined FAILED! expected: number<br>
typeof Number['MAX_VALUE'] = undefined FAILED! expected: number<br>
typeof Number.MIN_VALUE = undefined FAILED! expected: number<br>
typeof Number['MIN_VALUE'] = undefined FAILED! expected: number<br>
typeof Math.E = undefined FAILED! expected: number<br>
typeof Math['E'] = undefined FAILED! expected: number<br>
typeof Math.LN10 = undefined FAILED! expected: number<br>
typeof Math['LN10'] = undefined FAILED! expected: number<br>
typeof Math.LN2 = undefined FAILED! expected: number<br>
typeof Math['LN2'] = undefined FAILED! expected: number<br>
typeof Math.LOG2E = undefined FAILED! expected: number<br>
typeof Math['LOG2E'] = undefined FAILED! expected: number<br>
typeof Math.LOG10E = undefined FAILED! expected: number<br>
typeof Math['LOG10E'] = undefined FAILED! expected: number<br>
typeof Math.PI = undefined FAILED! expected: number<br>
typeof Math['PI'] = undefined FAILED! expected: number<br>
typeof Math.SQRT1_2 = undefined FAILED! expected: number<br>
typeof Math['SQRT1_2'] = undefined FAILED! expected: number<br>
typeof Math.SQRT2 = undefined FAILED! expected: number<br>
typeof Math['SQRT2'] = undefined FAILED! expected: number<br>
typeof Math.acos = undefined FAILED! expected: function<br>
typeof Math['acos'] = undefined FAILED! expected: function<br>
typeof Math.asin = undefined FAILED! expected: function<br>
typeof Math['asin'] = undefined FAILED! expected: function<br>
typeof Math.atan = undefined FAILED! expected: function<br>
typeof Math['atan'] = undefined FAILED! expected: function<br>
typeof Math.atan2 = undefined FAILED! expected: function<br>
typeof Math['atan2'] = undefined FAILED! expected: function<br>
typeof Math.ceil = undefined FAILED! expected: function<br>
typeof Math['ceil'] = undefined FAILED! expected: function<br>
typeof Math.cos = undefined FAILED! expected: function<br>
typeof Math['cos'] = undefined FAILED! expected: function<br>
typeof Math.exp = undefined FAILED! expected: function<br>
typeof Math['exp'] = undefined FAILED! expected: function<br>
typeof Math.log = undefined FAILED! expected: function<br>
typeof Math['log'] = undefined FAILED! expected: function<br>
typeof Math.max = undefined FAILED! expected: function<br>
typeof Math['max'] = undefined FAILED! expected: function<br>
typeof Math.min = undefined FAILED! expected: function<br>
typeof Math['min'] = undefined FAILED! expected: function<br>
typeof Math.random = undefined FAILED! expected: function<br>
typeof Math['random'] = undefined FAILED! expected: function<br>
typeof Math.round = undefined FAILED! expected: function<br>
typeof Math['round'] = undefined FAILED! expected: function<br>
typeof Math.sin = undefined FAILED! expected: function<br>
typeof Math['sin'] = undefined FAILED! expected: function<br>
typeof Math.tan = undefined FAILED! expected: function<br>
typeof Math['tan'] = undefined FAILED! expected: function<br>
typeof Date.parse = undefined FAILED! expected: function<br>
typeof Date['parse'] = undefined FAILED! expected: function<br>
typeof Date.UTC = undefined FAILED! expected: function<br>
typeof Date['UTC'] = undefined FAILED! expected: function<br>
typeof Date.prototype.getTime = undefined FAILED! expected: function<br>
typeof Date.prototype['getTime'] = undefined FAILED! expected: function<br>
typeof Date.prototype.getYear = undefined FAILED! expected: function<br>
typeof Date.prototype['getYear'] = undefined FAILED! expected: function<br>
typeof Date.prototype.getFullYear = undefined FAILED! expected: function<br>
typeof Date.prototype['getFullYear'] = undefined FAILED! expected: function<br>
typeof Date.prototype.getUTCFullYear = undefined FAILED! expected: function<br>
typeof Date.prototype['getUTCFullYear'] = undefined FAILED! expected: function<br>
typeof Date.prototype.getMonth = undefined FAILED! expected: function<br>
typeof Date.prototype['getMonth'] = undefined FAILED! expected: function<br>
typeof Date.prototype.getUTCMonth = undefined FAILED! expected: function<br>
typeof Date.prototype['getUTCMonth'] = undefined FAILED! expected: function<br>
typeof Date.prototype.getDate = undefined FAILED! expected: function<br>
typeof Date.prototype['getDate'] = undefined FAILED! expected: function<br>
typeof Date.prototype.getUTCDate = undefined FAILED! expected: function<br>
typeof Date.prototype['getUTCDate'] = undefined FAILED! expected: function<br>
typeof Date.prototype.getDay = undefined FAILED! expected: function<br>
typeof Date.prototype['getDay'] = undefined FAILED! expected: function<br>
typeof Date.prototype.getUTCDay = undefined FAILED! expected: function<br>
typeof Date.prototype['getUTCDay'] = undefined FAILED! expected: function<br>
typeof Date.prototype.getHours = undefined FAILED! expected: function<br>
typeof Date.prototype['getHours'] = undefined FAILED! expected: function<br>
typeof Date.prototype.getUTCHours = undefined FAILED! expected: function<br>
typeof Date.prototype['getUTCHours'] = undefined FAILED! expected: function<br>
typeof Date.prototype.getMinutes = undefined FAILED! expected: function<br>
typeof Date.prototype['getMinutes'] = undefined FAILED! expected: function<br>
typeof Date.prototype.getUTCMinutes = undefined FAILED! expected: function<br>
typeof Date.prototype['getUTCMinutes'] = undefined FAILED! expected: function<br>
typeof Date.prototype.getSeconds = undefined FAILED! expected: function<br>
typeof Date.prototype['getSeconds'] = undefined FAILED! expected: function<br>
typeof Date.prototype.getUTCSeconds = undefined FAILED! expected: function<br>
typeof Date.prototype['getUTCSeconds'] = undefined FAILED! expected: function<br>
typeof Date.prototype.getMilliseconds = undefined FAILED! expected: function<br>
typeof Date.prototype['getMilliseconds'] = undefined FAILED! expected: function<br>
typeof Date.prototype.getUTCMilliseconds = undefined FAILED! expected: function<br>
typeof Date.prototype['getUTCMilliseconds'] = undefined FAILED! expected: function<br>
typeof Date.prototype.setTime = undefined FAILED! expected: function<br>
typeof Date.prototype['setTime'] = undefined FAILED! expected: function<br>
typeof Date.prototype.setMilliseconds = undefined FAILED! expected: function<br>
typeof Date.prototype['setMilliseconds'] = undefined FAILED! expected: function<br>
typeof Date.prototype.setUTCMilliseconds = undefined FAILED! expected: function<br>
typeof Date.prototype['setUTCMilliseconds'] = undefined FAILED! expected: function<br>
typeof Date.prototype.setSeconds = undefined FAILED! expected: function<br>
typeof Date.prototype['setSeconds'] = undefined FAILED! expected: function<br>
typeof Date.prototype.setUTCSeconds = undefined FAILED! expected: function<br>
typeof Date.prototype['setUTCSeconds'] = undefined FAILED! expected: function<br>
typeof Date.prototype.setMinutes = undefined FAILED! expected: function<br>
typeof Date.prototype['setMinutes'] = undefined FAILED! expected: function<br>
typeof Date.prototype.setUTCMinutes = undefined FAILED! expected: function<br>
typeof Date.prototype['setUTCMinutes'] = undefined FAILED! expected: function<br>
typeof Date.prototype.setHours = undefined FAILED! expected: function<br>
typeof Date.prototype['setHours'] = undefined FAILED! expected: function<br>
typeof Date.prototype.setUTCHours = undefined FAILED! expected: function<br>
typeof Date.prototype['setUTCHours'] = undefined FAILED! expected: function<br>
typeof Date.prototype.setDate = undefined FAILED! expected: function<br>
typeof Date.prototype['setDate'] = undefined FAILED! expected: function<br>
typeof Date.prototype.setUTCDate = undefined FAILED! expected: function<br>
typeof Date.prototype['setUTCDate'] = undefined FAILED! expected: function<br>
typeof Date.prototype.setMonth = undefined FAILED! expected: function<br>
typeof Date.prototype['setMonth'] = undefined FAILED! expected: function<br>
typeof Date.prototype.setUTCMonth = undefined FAILED! expected: function<br>
typeof Date.prototype['setUTCMonth'] = undefined FAILED! expected: function<br>
typeof Date.prototype.setFullYear = undefined FAILED! expected: function<br>
typeof Date.prototype['setFullYear'] = undefined FAILED! expected: function<br>
typeof Date.prototype.setUTCFullYear = undefined FAILED! expected: function<br>
typeof Date.prototype['setUTCFullYear'] = undefined FAILED! expected: function<br>
typeof Date.prototype.setYear = undefined FAILED! expected: function<br>
typeof Date.prototype['setYear'] = undefined FAILED! expected: function<br>
typeof Date.prototype.toLocaleString = undefined FAILED! expected: function<br>
typeof Date.prototype['toLocaleString'] = undefined FAILED! expected: function<br>
typeof Date.prototype.toUTCString = undefined FAILED! expected: function<br>
typeof Date.prototype['toUTCString'] = undefined FAILED! expected: function<br>
typeof Date.prototype.toGMTString = undefined FAILED! expected: function<br>
typeof Date.prototype['toGMTString'] = undefined FAILED! expected: function<br>
</tt><br>
<dd><b>Testcase <a target='other_window' href='http://lxr.mozilla.org/mozilla/source/js/tests/ecma/Expressions/11.4.1.js'>ecma/Expressions/11.4.1.js</a> failed</b> <br>
 [ <a href='#tippy_top'>Top of Page</a> ]<br>
<tt>Expected exit code 0, got 1<br>
Testcase terminated with signal 0<br>
Complete testcase output was:<br>
11.4.1 The delete operator<br>
ReferenceError: x is not defined<br>
current instr.: '@func_0' pc 83 (EVAL_6:39)<br>
called from Sub '@func_0_31' pc 10064 (lib/stdlib.pir:2825)<br>
called from Sub 'pjs_call_function' pc 950 (languages/pjs/lib/jscore_includes/pjsfunction.pir:105)<br>
called from Sub '@func_0' pc 247 (EVAL_5:77)<br>
called from Sub '@main' pc 18 (EVAL_5:11)<br>
called from Sub 'run_file' pc 312 (/home/yavuz/parrot_svn/parrot/languages/pjs/pjs.pir:124)<br>
called from Sub 'main' pc 124 (/home/yavuz/parrot_svn/parrot/languages/pjs/pjs.pir:57)<br>
</tt><br>
<dd><b>Testcase <a target='other_window' href='http://lxr.mozilla.org/mozilla/source/js/tests/ecma/Expressions/11.4.3.js'>ecma/Expressions/11.4.3.js</a> failed</b> <br>
 [ <a href='#tippy_top'>Top of Page</a> ]<br>
<tt>Expected exit code 0, got 1<br>
Testcase terminated with signal 0<br>
Complete testcase output was:<br>
11.4.3  The typeof operator<br>
ReferenceError: parseInt is not defined<br>
current instr.: '@func_0' pc 2635 (EVAL_5:529)<br>
called from Sub '@main' pc 18 (EVAL_5:11)<br>
called from Sub 'run_file' pc 312 (/home/yavuz/parrot_svn/parrot/languages/pjs/pjs.pir:124)<br>
called from Sub 'main' pc 124 (/home/yavuz/parrot_svn/parrot/languages/pjs/pjs.pir:57)<br>
</tt><br>
<dd><b>Testcase <a target='other_window' href='http://lxr.mozilla.org/mozilla/source/js/tests/ecma/Expressions/11.4.9.js'>ecma/Expressions/11.4.9.js</a> failed</b> <br>
 [ <a href='#tippy_top'>Top of Page</a> ]<br>
<tt><br>
Failure messages were:<br>
!(Math.PI) = true FAILED! expected: false<br>
</tt><br>
<dd><b>Testcase <a target='other_window' href='http://lxr.mozilla.org/mozilla/source/js/tests/ecma/Expressions/11.5.3.js'>ecma/Expressions/11.5.3.js</a> failed</b> <a href='https://bugzilla.mozilla.org/show_bug.cgi?id=111202' target='other_window'>Bug Number 111202</a><br>
 [ <a href='#tippy_top'>Top of Page</a> ]<br>
<tt><br>
Failure messages were:<br>
Number.MAX_VALUE % Number.NEGATIVE_INFINITY = NaN FAILED! expected: undefined<br>
Number.MAX_VALUE % Number.POSITIVE_INFINITY = NaN FAILED! expected: undefined<br>
</tt><br>
<dd><b>Testcase <a target='other_window' href='http://lxr.mozilla.org/mozilla/source/js/tests/ecma/Expressions/11.8.1.js'>ecma/Expressions/11.8.1.js</a> failed</b> <br>
 [ <a href='#tippy_top'>Top of Page</a> ]<br>
<tt><br>
Failure messages were:<br>
Number.MAX_VALUE &lt; Infinity = false FAILED! expected: true<br>
-Infinity &lt; -Number.MAX_VALUE = false FAILED! expected: true<br>
-Infinity &lt; Number.MIN_VALUE = false FAILED! expected: true<br>
</tt><br>
<dd><b>Testcase <a target='other_window' href='http://lxr.mozilla.org/mozilla/source/js/tests/ecma/Expressions/11.8.2.js'>ecma/Expressions/11.8.2.js</a> failed</b> <br>
 [ <a href='#tippy_top'>Top of Page</a> ]<br>
<tt><br>
Failure messages were:<br>
Infinity &gt; Number.MAX_VALUE = false FAILED! expected: true<br>
Number.MAX_VALUE &gt; -Infinity = false FAILED! expected: true<br>
</tt><br>
<dd><b>Testcase <a target='other_window' href='http://lxr.mozilla.org/mozilla/source/js/tests/ecma/Expressions/11.8.3.js'>ecma/Expressions/11.8.3.js</a> failed</b> <br>
 [ <a href='#tippy_top'>Top of Page</a> ]<br>
<tt><br>
Failure messages were:<br>
Number.MAX_VALUE &lt;= Infinity = false FAILED! expected: true<br>
-Infinity &lt;= -Number.MAX_VALUE = false FAILED! expected: true<br>
-Infinity &lt;= Number.MIN_VALUE = false FAILED! expected: true<br>
</tt><br>
<dd><b>Testcase <a target='other_window' href='http://lxr.mozilla.org/mozilla/source/js/tests/ecma/Expressions/11.8.4.js'>ecma/Expressions/11.8.4.js</a> failed</b> <br>
 [ <a href='#tippy_top'>Top of Page</a> ]<br>
<tt><br>
Failure messages were:<br>
Infinity &gt;= Number.MAX_VALUE = false FAILED! expected: true<br>
Number.MAX_VALUE &gt;= -Infinity = false FAILED! expected: true<br>
</tt><br>
<dd><b>Testcase <a target='other_window' href='http://lxr.mozilla.org/mozilla/source/js/tests/ecma/FunctionObjects/15.3.1.1-1.js'>ecma/FunctionObjects/15.3.1.1-1.js</a> failed</b> <br>
 [ <a href='#tippy_top'>Top of Page</a> ]<br>
<tt><br>
Failure messages were:<br>
myfunc.arguments = undefined FAILED! expected: null<br>
MyObject.arguments = undefined FAILED! expected: null<br>
</tt><br>
<dd><b>Testcase <a target='other_window' href='http://lxr.mozilla.org/mozilla/source/js/tests/ecma/FunctionObjects/15.3.1.1-2.js'>ecma/FunctionObjects/15.3.1.1-2.js</a> failed</b> <br>
 [ <a href='#tippy_top'>Top of Page</a> ]<br>
<tt><br>
Failure messages were:<br>
myfunc1.arguments = undefined FAILED! expected: null<br>
myfunc2.arguments = undefined FAILED! expected: null<br>
myfunc3.arguments = undefined FAILED! expected: null<br>
</tt><br>
<dd><b>Testcase <a target='other_window' href='http://lxr.mozilla.org/mozilla/source/js/tests/ecma/FunctionObjects/15.3.1.1-3.js'>ecma/FunctionObjects/15.3.1.1-3.js</a> failed</b> <br>
 [ <a href='#tippy_top'>Top of Page</a> ]<br>
<tt>Expected exit code 0, got 139<br>
Testcase terminated with signal 0<br>
Complete testcase output was:<br>
15.3.1.1-3 The Function Constructor Called as a Function<br>
/home/yavuz/bin/pjs: line 3: 20947 Segmentation fault      (core dumped) parrot /home/yavuz/parrot_svn/parrot/languages/pjs/pjs.pir $*<br>
</tt><br>
<dd><b>Testcase <a target='other_window' href='http://lxr.mozilla.org/mozilla/source/js/tests/ecma/FunctionObjects/15.3.2.1-1.js'>ecma/FunctionObjects/15.3.2.1-1.js</a> failed</b> <br>
 [ <a href='#tippy_top'>Top of Page</a> ]<br>
<tt><br>
Failure messages were:<br>
myfunc.arguments = undefined FAILED! expected: null<br>
MyObject.arguments = undefined FAILED! expected: null<br>
</tt><br>
<dd><b>Testcase <a target='other_window' href='http://lxr.mozilla.org/mozilla/source/js/tests/ecma/FunctionObjects/15.3.2.1-2.js'>ecma/FunctionObjects/15.3.2.1-2.js</a> failed</b> <br>
 [ <a href='#tippy_top'>Top of Page</a> ]<br>
<tt><br>
Failure messages were:<br>
myfunc1.arguments = undefined FAILED! expected: null<br>
myfunc2.arguments = undefined FAILED! expected: null<br>
myfunc3.arguments = undefined FAILED! expected: null<br>
</tt><br>
<dd><b>Testcase <a target='other_window' href='http://lxr.mozilla.org/mozilla/source/js/tests/ecma/FunctionObjects/15.3.2.1-3.js'>ecma/FunctionObjects/15.3.2.1-3.js</a> failed</b> <br>
 [ <a href='#tippy_top'>Top of Page</a> ]<br>
<tt>Expected exit code 0, got 139<br>
Testcase terminated with signal 0<br>
Complete testcase output was:<br>
15.3.2.1-3 The Function Constructor<br>
/home/yavuz/bin/pjs: line 3: 20961 Segmentation fault      (core dumped) parrot /home/yavuz/parrot_svn/parrot/languages/pjs/pjs.pir $*<br>
</tt><br>
<dd><b>Testcase <a target='other_window' href='http://lxr.mozilla.org/mozilla/source/js/tests/ecma/FunctionObjects/15.3.4-1.js'>ecma/FunctionObjects/15.3.4-1.js</a> failed</b> <br>
 [ <a href='#tippy_top'>Top of Page</a> ]<br>
<tt>Expected exit code 0, got 139<br>
Testcase terminated with signal 0<br>
Complete testcase output was:<br>
15.3.4-1 Properties of the Function Prototype Object<br>
/home/yavuz/bin/pjs: line 3: 20983 Segmentation fault      (core dumped) parrot /home/yavuz/parrot_svn/parrot/languages/pjs/pjs.pir $*<br>
</tt><br>
<dd><b>Testcase <a target='other_window' href='http://lxr.mozilla.org/mozilla/source/js/tests/ecma/FunctionObjects/15.3.4.js'>ecma/FunctionObjects/15.3.4.js</a> failed</b> <br>
 [ <a href='#tippy_top'>Top of Page</a> ]<br>
<tt>Expected exit code 0, got 139<br>
Testcase terminated with signal 0<br>
Complete testcase output was:<br>
15.3.4 Properties of the Function Prototype Object<br>
/home/yavuz/bin/pjs: line 3: 20993 Segmentation fault      (core dumped) parrot /home/yavuz/parrot_svn/parrot/languages/pjs/pjs.pir $*<br>
</tt><br>
<dd><b>Testcase <a target='other_window' href='http://lxr.mozilla.org/mozilla/source/js/tests/ecma/FunctionObjects/15.3.5-1.js'>ecma/FunctionObjects/15.3.5-1.js</a> failed</b> <br>
 [ <a href='#tippy_top'>Top of Page</a> ]<br>
<tt>Expected exit code 0, got 139<br>
Testcase terminated with signal 0<br>
Complete testcase output was:<br>
15.3.5-1 Properties of Function Instances<br>
/home/yavuz/bin/pjs: line 3: 20999 Segmentation fault      (core dumped) parrot /home/yavuz/parrot_svn/parrot/languages/pjs/pjs.pir $*<br>
</tt><br>
<dd><b>Testcase <a target='other_window' href='http://lxr.mozilla.org/mozilla/source/js/tests/ecma/FunctionObjects/15.3.5-2.js'>ecma/FunctionObjects/15.3.5-2.js</a> failed</b> <br>
 [ <a href='#tippy_top'>Top of Page</a> ]<br>
<tt><br>
Failure messages were:<br>
MyObject.arguments = undefined FAILED! expected: null<br>
</tt><br>
<dd><b>Testcase <a target='other_window' href='http://lxr.mozilla.org/mozilla/source/js/tests/ecma/FunctionObjects/15.3.5.3.js'>ecma/FunctionObjects/15.3.5.3.js</a> failed</b> <br>
 [ <a href='#tippy_top'>Top of Page</a> ]<br>
<tt><br>
Failure messages were:<br>
var MYFUNCTION = new Function( 'return this.arguments' ); MYFUNCTION.arguments = undefined FAILED! expected: null<br>
</tt><br>
<dd><b>Testcase <a target='other_window' href='http://lxr.mozilla.org/mozilla/source/js/tests/ecma/GlobalObject/15.1.2.1-2.js'>ecma/GlobalObject/15.1.2.1-2.js</a> failed</b> <br>
 [ <a href='#tippy_top'>Top of Page</a> ]<br>
<tt>Expected exit code 0, got 1<br>
Testcase terminated with signal 0<br>
Complete testcase output was:<br>
15.1.2.1-2 eval(x)<br>
ReferenceError: getUTCMonth is not defined<br>
current instr.: '@func_0' pc 75 (EVAL_6:35)<br>
called from Sub '@func_0_31' pc 10064 (lib/stdlib.pir:2825)<br>
called from Sub 'pjs_call_function' pc 950 (languages/pjs/lib/jscore_includes/pjsfunction.pir:105)<br>
called from Sub '@func_0' pc 233 (EVAL_5:76)<br>
called from Sub '@main' pc 18 (EVAL_5:11)<br>
called from Sub 'run_file' pc 312 (/home/yavuz/parrot_svn/parrot/languages/pjs/pjs.pir:124)<br>
called from Sub 'main' pc 124 (/home/yavuz/parrot_svn/parrot/languages/pjs/pjs.pir:57)<br>
</tt><br>
<dd><b>Testcase <a target='other_window' href='http://lxr.mozilla.org/mozilla/source/js/tests/ecma/GlobalObject/15.1.2.2-1.js'>ecma/GlobalObject/15.1.2.2-1.js</a> failed</b> <br>
 [ <a href='#tippy_top'>Top of Page</a> ]<br>
<tt>Expected exit code 0, got 1<br>
Testcase terminated with signal 0<br>
Complete testcase output was:<br>
[line 278, column 92] Unclosed paren.<br>
current instr.: 'run_file' pc 260 (/home/yavuz/parrot_svn/parrot/languages/pjs/pjs.pir:111)<br>
called from Sub 'main' pc 124 (/home/yavuz/parrot_svn/parrot/languages/pjs/pjs.pir:57)<br>
</tt><br>
<dd><b>Testcase <a target='other_window' href='http://lxr.mozilla.org/mozilla/source/js/tests/ecma/GlobalObject/15.1.2.2-2.js'>ecma/GlobalObject/15.1.2.2-2.js</a> failed</b> <a href='none' target='other_window'>Bug Number none</a><br>
 [ <a href='#tippy_top'>Top of Page</a> ]<br>
<tt>Expected exit code 0, got 1<br>
Testcase terminated with signal 0<br>
Complete testcase output was:<br>
BUGNUMBER: none<br>
15.1.2.2-2 parseInt(string, radix)<br>
ReferenceError: parseInt is not defined<br>
current instr.: '@func_0' pc 218 (EVAL_5:75)<br>
called from Sub '@main' pc 18 (EVAL_5:11)<br>
called from Sub 'run_file' pc 312 (/home/yavuz/parrot_svn/parrot/languages/pjs/pjs.pir:124)<br>
called from Sub 'main' pc 124 (/home/yavuz/parrot_svn/parrot/languages/pjs/pjs.pir:57)<br>
</tt><br>
<dd><b>Testcase <a target='other_window' href='http://lxr.mozilla.org/mozilla/source/js/tests/ecma/GlobalObject/15.1.2.3-1.js'>ecma/GlobalObject/15.1.2.3-1.js</a> failed</b> <br>
 [ <a href='#tippy_top'>Top of Page</a> ]<br>
<tt>Expected exit code 0, got 1<br>
Testcase terminated with signal 0<br>
Complete testcase output was:<br>
[line 408, column 71] Unclosed paren.<br>
current instr.: 'run_file' pc 260 (/home/yavuz/parrot_svn/parrot/languages/pjs/pjs.pir:111)<br>
called from Sub 'main' pc 124 (/home/yavuz/parrot_svn/parrot/languages/pjs/pjs.pir:57)<br>
</tt><br>
<dd><b>Testcase <a target='other_window' href='http://lxr.mozilla.org/mozilla/source/js/tests/ecma/GlobalObject/15.1.2.3-2.js'>ecma/GlobalObject/15.1.2.3-2.js</a> failed</b> <br>
 [ <a href='#tippy_top'>Top of Page</a> ]<br>
<tt>Expected exit code 0, got 1<br>
Testcase terminated with signal 0<br>
Complete testcase output was:<br>
[line 279, column 72] Unclosed paren.<br>
current instr.: 'run_file' pc 260 (/home/yavuz/parrot_svn/parrot/languages/pjs/pjs.pir:111)<br>
called from Sub 'main' pc 124 (/home/yavuz/parrot_svn/parrot/languages/pjs/pjs.pir:57)<br>
</tt><br>
<dd><b>Testcase <a target='other_window' href='http://lxr.mozilla.org/mozilla/source/js/tests/ecma/GlobalObject/15.1.2.4.js'>ecma/GlobalObject/15.1.2.4.js</a> failed</b> <br>
 [ <a href='#tippy_top'>Top of Page</a> ]<br>
<tt>Expected exit code 0, got 1<br>
Testcase terminated with signal 0<br>
Complete testcase output was:<br>
15.1.2.4 escape(string)<br>
ReferenceError: escape is not defined<br>
current instr.: '@func_0' pc 259 (EVAL_5:80)<br>
called from Sub '@main' pc 18 (EVAL_5:11)<br>
called from Sub 'run_file' pc 312 (/home/yavuz/parrot_svn/parrot/languages/pjs/pjs.pir:124)<br>
called from Sub 'main' pc 124 (/home/yavuz/parrot_svn/parrot/languages/pjs/pjs.pir:57)<br>
</tt><br>
<dd><b>Testcase <a target='other_window' href='http://lxr.mozilla.org/mozilla/source/js/tests/ecma/GlobalObject/15.1.2.5-1.js'>ecma/GlobalObject/15.1.2.5-1.js</a> failed</b> <br>
 [ <a href='#tippy_top'>Top of Page</a> ]<br>
<tt>Expected exit code 0, got 1<br>
Testcase terminated with signal 0<br>
Complete testcase output was:<br>
15.1.2.5-1 unescape(string)<br>
ReferenceError: unescape is not defined<br>
current instr.: '@func_0' pc 251 (EVAL_5:78)<br>
called from Sub '@main' pc 18 (EVAL_5:11)<br>
called from Sub 'run_file' pc 312 (/home/yavuz/parrot_svn/parrot/languages/pjs/pjs.pir:124)<br>
called from Sub 'main' pc 124 (/home/yavuz/parrot_svn/parrot/languages/pjs/pjs.pir:57)<br>
</tt><br>
<dd><b>Testcase <a target='other_window' href='http://lxr.mozilla.org/mozilla/source/js/tests/ecma/GlobalObject/15.1.2.5-2.js'>ecma/GlobalObject/15.1.2.5-2.js</a> failed</b> <br>
 [ <a href='#tippy_top'>Top of Page</a> ]<br>
<tt>Expected exit code 0, got 1<br>
Testcase terminated with signal 0<br>
Complete testcase output was:<br>
15.1.2.5-2 unescape(string)<br>
ReferenceError: unescape is not defined<br>
current instr.: '@func_0' pc 570 (EVAL_5:145)<br>
called from Sub '@main' pc 18 (EVAL_5:11)<br>
called from Sub 'run_file' pc 312 (/home/yavuz/parrot_svn/parrot/languages/pjs/pjs.pir:124)<br>
called from Sub 'main' pc 124 (/home/yavuz/parrot_svn/parrot/languages/pjs/pjs.pir:57)<br>
</tt><br>
<dd><b>Testcase <a target='other_window' href='http://lxr.mozilla.org/mozilla/source/js/tests/ecma/GlobalObject/15.1.2.5-3.js'>ecma/GlobalObject/15.1.2.5-3.js</a> failed</b> <br>
 [ <a href='#tippy_top'>Top of Page</a> ]<br>
<tt>Expected exit code 0, got 1<br>
Testcase terminated with signal 0<br>
Complete testcase output was:<br>
15.1.2.5-3 unescape(string)<br>
ReferenceError: unescape is not defined<br>
current instr.: '@func_0' pc 864 (EVAL_5:207)<br>
called from Sub '@main' pc 18 (EVAL_5:11)<br>
called from Sub 'run_file' pc 312 (/home/yavuz/parrot_svn/parrot/languages/pjs/pjs.pir:124)<br>
called from Sub 'main' pc 124 (/home/yavuz/parrot_svn/parrot/languages/pjs/pjs.pir:57)<br>
</tt><br>
<dd><b>Testcase <a target='other_window' href='http://lxr.mozilla.org/mozilla/source/js/tests/ecma/GlobalObject/15.1.2.6.js'>ecma/GlobalObject/15.1.2.6.js</a> failed</b> <br>
 [ <a href='#tippy_top'>Top of Page</a> ]<br>
<tt>Expected exit code 0, got 1<br>
Testcase terminated with signal 0<br>
Complete testcase output was:<br>
[line 109, column 71] Unclosed paren.<br>
current instr.: 'run_file' pc 260 (/home/yavuz/parrot_svn/parrot/languages/pjs/pjs.pir:111)<br>
called from Sub 'main' pc 124 (/home/yavuz/parrot_svn/parrot/languages/pjs/pjs.pir:57)<br>
</tt><br>
<dd><b>Testcase <a target='other_window' href='http://lxr.mozilla.org/mozilla/source/js/tests/ecma/GlobalObject/15.1.2.7.js'>ecma/GlobalObject/15.1.2.7.js</a> failed</b> <br>
 [ <a href='#tippy_top'>Top of Page</a> ]<br>
<tt>Expected exit code 0, got 1<br>
Testcase terminated with signal 0<br>
Complete testcase output was:<br>
[line 110, column 78] Unclosed paren.<br>
current instr.: 'run_file' pc 260 (/home/yavuz/parrot_svn/parrot/languages/pjs/pjs.pir:111)<br>
called from Sub 'main' pc 124 (/home/yavuz/parrot_svn/parrot/languages/pjs/pjs.pir:57)<br>
</tt><br>
<dd><b>Testcase <a target='other_window' href='http://lxr.mozilla.org/mozilla/source/js/tests/ecma/LexicalConventions/7.3-12.js'>ecma/LexicalConventions/7.3-12.js</a> failed</b> <br>
 [ <a href='#tippy_top'>Top of Page</a> ]<br>
<tt>Expected exit code 0, got 1<br>
Testcase terminated with signal 0<br>
Complete testcase output was:<br>
Lexical error.<br>
[line 62, column 1] syntax error, unexpected LEX_ERROR, expecting $end<br>
current instr.: 'run_file' pc 260 (/home/yavuz/parrot_svn/parrot/languages/pjs/pjs.pir:111)<br>
called from Sub 'main' pc 124 (/home/yavuz/parrot_svn/parrot/languages/pjs/pjs.pir:57)<br>
</tt><br>
<dd><b>Testcase <a target='other_window' href='http://lxr.mozilla.org/mozilla/source/js/tests/ecma/LexicalConventions/7.4.3-15-n.js'>ecma/LexicalConventions/7.4.3-15-n.js</a> failed</b> <br>
 [ <a href='#tippy_top'>Top of Page</a> ]<br>
<tt>Expected exit code 1, got 0<br>
Testcase terminated with signal 0<br>
Complete testcase output was:<br>
7.4.3-15-n Future Reserved Words<br>
This test requires option javascript.options.strict enabled<br>
var import = true = no error FAILED! expected: error<br>
jstest: ecma/LexicalConventions/7.4.3-15-n.js bug:  result: FAILED type: shell description: var import = true expected: error actual: no error reason: wrong value <br>
</tt><br>
<dd><b>Testcase <a target='other_window' href='http://lxr.mozilla.org/mozilla/source/js/tests/ecma/LexicalConventions/7.7.3-1.js'>ecma/LexicalConventions/7.7.3-1.js</a> failed</b> <br>
 [ <a href='#tippy_top'>Top of Page</a> ]<br>
<tt>Expected exit code 0, got 1<br>
Testcase terminated with signal 0<br>
Complete testcase output was:<br>
[line 90, column 7] Unclosed paren.<br>
current instr.: 'run_file' pc 260 (/home/yavuz/parrot_svn/parrot/languages/pjs/pjs.pir:111)<br>
called from Sub 'main' pc 124 (/home/yavuz/parrot_svn/parrot/languages/pjs/pjs.pir:57)<br>
</tt><br>
<dd><b>Testcase <a target='other_window' href='http://lxr.mozilla.org/mozilla/source/js/tests/ecma/LexicalConventions/7.7.3-2.js'>ecma/LexicalConventions/7.7.3-2.js</a> failed</b> <br>
 [ <a href='#tippy_top'>Top of Page</a> ]<br>
<tt>Expected exit code 0, got 1<br>
Testcase terminated with signal 0<br>
Complete testcase output was:<br>
[line 80, column 9] Unclosed paren.<br>
current instr.: 'run_file' pc 260 (/home/yavuz/parrot_svn/parrot/languages/pjs/pjs.pir:111)<br>
called from Sub 'main' pc 124 (/home/yavuz/parrot_svn/parrot/languages/pjs/pjs.pir:57)<br>
</tt><br>
<dd><b>Testcase <a target='other_window' href='http://lxr.mozilla.org/mozilla/source/js/tests/ecma/LexicalConventions/7.7.3.js'>ecma/LexicalConventions/7.7.3.js</a> failed</b> <br>
 [ <a href='#tippy_top'>Top of Page</a> ]<br>
<tt>Expected exit code 0, got 1<br>
Testcase terminated with signal 0<br>
Complete testcase output was:<br>
[line 218, column 35] Unclosed paren.<br>
current instr.: 'run_file' pc 260 (/home/yavuz/parrot_svn/parrot/languages/pjs/pjs.pir:111)<br>
called from Sub 'main' pc 124 (/home/yavuz/parrot_svn/parrot/languages/pjs/pjs.pir:57)<br>
</tt><br>
<dd><b>Testcase <a target='other_window' href='http://lxr.mozilla.org/mozilla/source/js/tests/ecma/LexicalConventions/7.7.4.js'>ecma/LexicalConventions/7.7.4.js</a> failed</b> <br>
 [ <a href='#tippy_top'>Top of Page</a> ]<br>
<tt>Expected exit code 0, got 1<br>
Testcase terminated with signal 0<br>
Complete testcase output was:<br>
[line 186, column 81] Can't parse string literal.<br>
current instr.: 'run_file' pc 260 (/home/yavuz/parrot_svn/parrot/languages/pjs/pjs.pir:111)<br>
called from Sub 'main' pc 124 (/home/yavuz/parrot_svn/parrot/languages/pjs/pjs.pir:57)<br>
</tt><br>
<dd><b>Testcase <a target='other_window' href='http://lxr.mozilla.org/mozilla/source/js/tests/ecma/Math/15.8.1.1-1.js'>ecma/Math/15.8.1.1-1.js</a> failed</b> <br>
 [ <a href='#tippy_top'>Top of Page</a> ]<br>
<tt><br>
Failure messages were:<br>
Math.E = 0; Math.E = 0 FAILED! expected: 2.718281828459045<br>
</tt><br>
<dd><b>Testcase <a target='other_window' href='http://lxr.mozilla.org/mozilla/source/js/tests/ecma/Math/15.8.1.1-2.js'>ecma/Math/15.8.1.1-2.js</a> failed</b> <br>
 [ <a href='#tippy_top'>Top of Page</a> ]<br>
<tt><br>
Failure messages were:<br>
delete(Math.E) = true FAILED! expected: false<br>
delete(Math.E); Math.E = undefined FAILED! expected: 2.718281828459045<br>
</tt><br>
<dd><b>Testcase <a target='other_window' href='http://lxr.mozilla.org/mozilla/source/js/tests/ecma/Math/15.8.1.2-1.js'>ecma/Math/15.8.1.2-1.js</a> failed</b> <br>
 [ <a href='#tippy_top'>Top of Page</a> ]<br>
<tt><br>
Failure messages were:<br>
Math.LN10=0; Math.LN10 = 0 FAILED! expected: 2.302585092994046<br>
</tt><br>
<dd><b>Testcase <a target='other_window' href='http://lxr.mozilla.org/mozilla/source/js/tests/ecma/Math/15.8.1.2-2.js'>ecma/Math/15.8.1.2-2.js</a> failed</b> <br>
 [ <a href='#tippy_top'>Top of Page</a> ]<br>
<tt><br>
Failure messages were:<br>
delete( Math.LN10 ); Math.LN10 = undefined FAILED! expected: 2.302585092994046<br>
delete( Math.LN10 );  = true FAILED! expected: false<br>
</tt><br>
<dd><b>Testcase <a target='other_window' href='http://lxr.mozilla.org/mozilla/source/js/tests/ecma/Math/15.8.1.3-1.js'>ecma/Math/15.8.1.3-1.js</a> failed</b> <br>
 [ <a href='#tippy_top'>Top of Page</a> ]<br>
<tt><br>
Failure messages were:<br>
Math.LN2=0; Math.LN2 = 0 FAILED! expected: 0.6931471805599453<br>
</tt><br>
<dd><b>Testcase <a target='other_window' href='http://lxr.mozilla.org/mozilla/source/js/tests/ecma/Math/15.8.1.3-2.js'>ecma/Math/15.8.1.3-2.js</a> failed</b> <br>
 [ <a href='#tippy_top'>Top of Page</a> ]<br>
<tt><br>
Failure messages were:<br>
delete(Math.LN2) = true FAILED! expected: false<br>
delete(Math.LN2); Math.LN2 = undefined FAILED! expected: 0.6931471805599453<br>
</tt><br>
<dd><b>Testcase <a target='other_window' href='http://lxr.mozilla.org/mozilla/source/js/tests/ecma/Math/15.8.1.4-1.js'>ecma/Math/15.8.1.4-1.js</a> failed</b> <br>
 [ <a href='#tippy_top'>Top of Page</a> ]<br>
<tt><br>
Failure messages were:<br>
Math.L0G2E=0; Math.LOG2E = 0 FAILED! expected: 1.442695040888963<br>
</tt><br>
<dd><b>Testcase <a target='other_window' href='http://lxr.mozilla.org/mozilla/source/js/tests/ecma/Math/15.8.1.4-2.js'>ecma/Math/15.8.1.4-2.js</a> failed</b> <br>
 [ <a href='#tippy_top'>Top of Page</a> ]<br>
<tt><br>
Failure messages were:<br>
delete(Math.L0G2E);Math.LOG2E = undefined FAILED! expected: 1.442695040888963<br>
delete(Math.L0G2E) = true FAILED! expected: false<br>
</tt><br>
<dd><b>Testcase <a target='other_window' href='http://lxr.mozilla.org/mozilla/source/js/tests/ecma/Math/15.8.1.5-1.js'>ecma/Math/15.8.1.5-1.js</a> failed</b> <br>
 [ <a href='#tippy_top'>Top of Page</a> ]<br>
<tt><br>
Failure messages were:<br>
Math.LOG10E=0; Math.LOG10E = 0 FAILED! expected: 0.4342944819032518<br>
</tt><br>
<dd><b>Testcase <a target='other_window' href='http://lxr.mozilla.org/mozilla/source/js/tests/ecma/Math/15.8.1.5-2.js'>ecma/Math/15.8.1.5-2.js</a> failed</b> <br>
 [ <a href='#tippy_top'>Top of Page</a> ]<br>
<tt><br>
Failure messages were:<br>
delete Math.LOG10E; Math.LOG10E = undefined FAILED! expected: 0.4342944819032518<br>
delete Math.LOG10E = true FAILED! expected: false<br>
</tt><br>
<dd><b>Testcase <a target='other_window' href='http://lxr.mozilla.org/mozilla/source/js/tests/ecma/Math/15.8.1.6-1.js'>ecma/Math/15.8.1.6-1.js</a> failed</b> <br>
 [ <a href='#tippy_top'>Top of Page</a> ]<br>
<tt><br>
Failure messages were:<br>
Math.PI=0; Math.PI = 0 FAILED! expected: 3.141592653589792<br>
</tt><br>
<dd><b>Testcase <a target='other_window' href='http://lxr.mozilla.org/mozilla/source/js/tests/ecma/Math/15.8.1.6-2.js'>ecma/Math/15.8.1.6-2.js</a> failed</b> <br>
 [ <a href='#tippy_top'>Top of Page</a> ]<br>
<tt><br>
Failure messages were:<br>
delete Math.PI; Math.PI = undefined FAILED! expected: 3.141592653589792<br>
delete Math.PI; Math.PI = true FAILED! expected: false<br>
</tt><br>
<dd><b>Testcase <a target='other_window' href='http://lxr.mozilla.org/mozilla/source/js/tests/ecma/Math/15.8.1.7-1.js'>ecma/Math/15.8.1.7-1.js</a> failed</b> <br>
 [ <a href='#tippy_top'>Top of Page</a> ]<br>
<tt><br>
Failure messages were:<br>
Math.SQRT1_2=0; Math.SQRT1_2 = 0 FAILED! expected: 0.7071067811865476<br>
</tt><br>
<dd><b>Testcase <a target='other_window' href='http://lxr.mozilla.org/mozilla/source/js/tests/ecma/Math/15.8.1.7-2.js'>ecma/Math/15.8.1.7-2.js</a> failed</b> <br>
 [ <a href='#tippy_top'>Top of Page</a> ]<br>
<tt><br>
Failure messages were:<br>
delete Math.SQRT1_2; Math.SQRT1_2 = undefined FAILED! expected: 0.7071067811865476<br>
delete Math.SQRT1_2 = true FAILED! expected: false<br>
</tt><br>
<dd><b>Testcase <a target='other_window' href='http://lxr.mozilla.org/mozilla/source/js/tests/ecma/Math/15.8.1.8-1.js'>ecma/Math/15.8.1.8-1.js</a> failed</b> <br>
 [ <a href='#tippy_top'>Top of Page</a> ]<br>
<tt><br>
Failure messages were:<br>
Math.SQRT2=0; Math.SQRT2 = 0 FAILED! expected: 1.414213562373095<br>
</tt><br>
<dd><b>Testcase <a target='other_window' href='http://lxr.mozilla.org/mozilla/source/js/tests/ecma/Math/15.8.1.8-2.js'>ecma/Math/15.8.1.8-2.js</a> failed</b> <br>
 [ <a href='#tippy_top'>Top of Page</a> ]<br>
<tt><br>
Failure messages were:<br>
delete Math.SQRT2; Math.SQRT2 = undefined FAILED! expected: 1.414213562373095<br>
delete Math.SQRT2 = true FAILED! expected: false<br>
</tt><br>
<dd><b>Testcase <a target='other_window' href='http://lxr.mozilla.org/mozilla/source/js/tests/ecma/Math/15.8.1.8-3.js'>ecma/Math/15.8.1.8-3.js</a> failed</b> <br>
 [ <a href='#tippy_top'>Top of Page</a> ]<br>
<tt><br>
Failure messages were:<br>
delete Math.SQRT2 = true FAILED! expected: false<br>
</tt><br>
<dd><b>Testcase <a target='other_window' href='http://lxr.mozilla.org/mozilla/source/js/tests/ecma/Math/15.8.1.js'>ecma/Math/15.8.1.js</a> failed</b> <br>
 [ <a href='#tippy_top'>Top of Page</a> ]<br>
<tt><br>
Failure messages were:<br>
Math.E = undefined FAILED! expected: 2.718281828459045<br>
typeof Math.E = undefined FAILED! expected: number<br>
Math.LN10 = undefined FAILED! expected: 2.302585092994046<br>
typeof Math.LN10 = undefined FAILED! expected: number<br>
Math.LN2 = undefined FAILED! expected: 0.6931471805599453<br>
typeof Math.LN2 = undefined FAILED! expected: number<br>
Math.LOG2E = undefined FAILED! expected: 1.442695040888963<br>
typeof Math.LOG2E = undefined FAILED! expected: number<br>
Math.LOG10E = undefined FAILED! expected: 0.4342944819032518<br>
typeof Math.LOG10E = undefined FAILED! expected: number<br>
Math.PI = undefined FAILED! expected: 3.141592653589793<br>
typeof Math.PI = undefined FAILED! expected: number<br>
Math.SQRT1_2 = undefined FAILED! expected: 0.7071067811865476<br>
typeof Math.SQRT1_2 = undefined FAILED! expected: number<br>
Math.SQRT2 = undefined FAILED! expected: 1.414213562373095<br>
typeof Math.SQRT2 = undefined FAILED! expected: number<br>
</tt><br>
<dd><b>Testcase <a target='other_window' href='http://lxr.mozilla.org/mozilla/source/js/tests/ecma/Math/15.8.2.1.js'>ecma/Math/15.8.2.1.js</a> failed</b> <br>
 [ <a href='#tippy_top'>Top of Page</a> ]<br>
<tt>Expected exit code 0, got 1<br>
Testcase terminated with signal 0<br>
Complete testcase output was:<br>
[line 199, column 17] Unclosed paren.<br>
current instr.: 'run_file' pc 260 (/home/yavuz/parrot_svn/parrot/languages/pjs/pjs.pir:111)<br>
called from Sub 'main' pc 124 (/home/yavuz/parrot_svn/parrot/languages/pjs/pjs.pir:57)<br>
</tt><br>
<dd><b>Testcase <a target='other_window' href='http://lxr.mozilla.org/mozilla/source/js/tests/ecma/Math/15.8.2.10.js'>ecma/Math/15.8.2.10.js</a> failed</b> <a href='https://bugzilla.mozilla.org/show_bug.cgi?id=77391' target='other_window'>Bug Number 77391</a><br>
 [ <a href='#tippy_top'>Top of Page</a> ]<br>
<tt>Expected exit code 0, got 1<br>
Testcase terminated with signal 0<br>
Complete testcase output was:<br>
BUGNUMBER: 77391<br>
15.8.2.10 Math.log(x)<br>
TypeError: can't convert undefined to object<br>
current instr.: '__toObject__' pc 218 (languages/pjs/lib/jscore_includes/conversions.pir:82)<br>
called from Sub '@func_0' pc 243 (EVAL_5:74)<br>
called from Sub '@main' pc 18 (EVAL_5:11)<br>
called from Sub 'run_file' pc 312 (/home/yavuz/parrot_svn/parrot/languages/pjs/pjs.pir:124)<br>
called from Sub 'main' pc 124 (/home/yavuz/parrot_svn/parrot/languages/pjs/pjs.pir:57)<br>
</tt><br>
<dd><b>Testcase <a target='other_window' href='http://lxr.mozilla.org/mozilla/source/js/tests/ecma/Math/15.8.2.11.js'>ecma/Math/15.8.2.11.js</a> failed</b> <a href='https://bugzilla.mozilla.org/show_bug.cgi?id=76439' target='other_window'>Bug Number 76439</a><br>
 [ <a href='#tippy_top'>Top of Page</a> ]<br>
<tt>Expected exit code 0, got 1<br>
Testcase terminated with signal 0<br>
Complete testcase output was:<br>
BUGNUMBER: 76439<br>
15.8.2.11 Math.max(x, y)<br>
TypeError: can't convert undefined to object<br>
current instr.: '__toObject__' pc 218 (languages/pjs/lib/jscore_includes/conversions.pir:82)<br>
called from Sub '@func_0' pc 243 (EVAL_5:74)<br>
called from Sub '@main' pc 18 (EVAL_5:11)<br>
called from Sub 'run_file' pc 312 (/home/yavuz/parrot_svn/parrot/languages/pjs/pjs.pir:124)<br>
called from Sub 'main' pc 124 (/home/yavuz/parrot_svn/parrot/languages/pjs/pjs.pir:57)<br>
</tt><br>
<dd><b>Testcase <a target='other_window' href='http://lxr.mozilla.org/mozilla/source/js/tests/ecma/Math/15.8.2.12.js'>ecma/Math/15.8.2.12.js</a> failed</b> <a href='https://bugzilla.mozilla.org/show_bug.cgi?id=76439' target='other_window'>Bug Number 76439</a><br>
 [ <a href='#tippy_top'>Top of Page</a> ]<br>
<tt>Expected exit code 0, got 1<br>
Testcase terminated with signal 0<br>
Complete testcase output was:<br>
BUGNUMBER: 76439<br>
15.8.2.12 Math.min(x, y)<br>
TypeError: can't convert undefined to object<br>
current instr.: '__toObject__' pc 218 (languages/pjs/lib/jscore_includes/conversions.pir:82)<br>
called from Sub '@func_0' pc 243 (EVAL_5:74)<br>
called from Sub '@main' pc 18 (EVAL_5:11)<br>
called from Sub 'run_file' pc 312 (/home/yavuz/parrot_svn/parrot/languages/pjs/pjs.pir:124)<br>
called from Sub 'main' pc 124 (/home/yavuz/parrot_svn/parrot/languages/pjs/pjs.pir:57)<br>
</tt><br>
<dd><b>Testcase <a target='other_window' href='http://lxr.mozilla.org/mozilla/source/js/tests/ecma/Math/15.8.2.14.js'>ecma/Math/15.8.2.14.js</a> failed</b> <br>
 [ <a href='#tippy_top'>Top of Page</a> ]<br>
<tt>Expected exit code 0, got 1<br>
Testcase terminated with signal 0<br>
Complete testcase output was:<br>
15.8.2.14 Math.random()<br>
TypeError: random is not a function<br>
current instr.: 'pjs_invoke_method' pc 1010 (languages/pjs/lib/jscore_includes/pjsfunction.pir:136)<br>
called from Sub '@func_0' pc 319 (EVAL_5:98)<br>
called from Sub '@main' pc 18 (EVAL_5:11)<br>
called from Sub 'run_file' pc 312 (/home/yavuz/parrot_svn/parrot/languages/pjs/pjs.pir:124)<br>
called from Sub 'main' pc 124 (/home/yavuz/parrot_svn/parrot/languages/pjs/pjs.pir:57)<br>
</tt><br>
<dd><b>Testcase <a target='other_window' href='http://lxr.mozilla.org/mozilla/source/js/tests/ecma/Math/15.8.2.15.js'>ecma/Math/15.8.2.15.js</a> failed</b> <a href='https://bugzilla.mozilla.org/show_bug.cgi?id=331411' target='other_window'>Bug Number 331411</a><br>
 [ <a href='#tippy_top'>Top of Page</a> ]<br>
<tt>Expected exit code 0, got 1<br>
Testcase terminated with signal 0<br>
Complete testcase output was:<br>
BUGNUMBER: 331411<br>
15.8.2.15 Math.round(x)<br>
TypeError: can't convert undefined to object<br>
current instr.: '__toObject__' pc 218 (languages/pjs/lib/jscore_includes/conversions.pir:82)<br>
called from Sub '@func_0' pc 257 (EVAL_5:78)<br>
called from Sub '@main' pc 18 (EVAL_5:11)<br>
called from Sub 'run_file' pc 312 (/home/yavuz/parrot_svn/parrot/languages/pjs/pjs.pir:124)<br>
called from Sub 'main' pc 124 (/home/yavuz/parrot_svn/parrot/languages/pjs/pjs.pir:57)<br>
</tt><br>
<dd><b>Testcase <a target='other_window' href='http://lxr.mozilla.org/mozilla/source/js/tests/ecma/Math/15.8.2.16.js'>ecma/Math/15.8.2.16.js</a> failed</b> <br>
 [ <a href='#tippy_top'>Top of Page</a> ]<br>
<tt>Expected exit code 0, got 1<br>
Testcase terminated with signal 0<br>
Complete testcase output was:<br>
15.8.2.16 Math.sin(x)<br>
TypeError: can't convert undefined to object<br>
current instr.: '__toObject__' pc 218 (languages/pjs/lib/jscore_includes/conversions.pir:82)<br>
called from Sub '@func_0' pc 229 (EVAL_5:70)<br>
called from Sub '@main' pc 18 (EVAL_5:11)<br>
called from Sub 'run_file' pc 312 (/home/yavuz/parrot_svn/parrot/languages/pjs/pjs.pir:124)<br>
called from Sub 'main' pc 124 (/home/yavuz/parrot_svn/parrot/languages/pjs/pjs.pir:57)<br>
</tt><br>
<dd><b>Testcase <a target='other_window' href='http://lxr.mozilla.org/mozilla/source/js/tests/ecma/Math/15.8.2.17.js'>ecma/Math/15.8.2.17.js</a> failed</b> <br>
 [ <a href='#tippy_top'>Top of Page</a> ]<br>
<tt><br>
Failure messages were:<br>
Math.sqrt(2) = 1.414213562373095 FAILED! expected: undefined<br>
Math.sqrt(0.5) = 0.7071067811865476 FAILED! expected: undefined<br>
</tt><br>
<dd><b>Testcase <a target='other_window' href='http://lxr.mozilla.org/mozilla/source/js/tests/ecma/Math/15.8.2.18.js'>ecma/Math/15.8.2.18.js</a> failed</b> <br>
 [ <a href='#tippy_top'>Top of Page</a> ]<br>
<tt>Expected exit code 0, got 1<br>
Testcase terminated with signal 0<br>
Complete testcase output was:<br>
15.8.2.18 Math.tan(x)<br>
TypeError: can't convert undefined to object<br>
current instr.: '__toObject__' pc 218 (languages/pjs/lib/jscore_includes/conversions.pir:82)<br>
called from Sub '@func_0' pc 243 (EVAL_5:74)<br>
called from Sub '@main' pc 18 (EVAL_5:11)<br>
called from Sub 'run_file' pc 312 (/home/yavuz/parrot_svn/parrot/languages/pjs/pjs.pir:124)<br>
called from Sub 'main' pc 124 (/home/yavuz/parrot_svn/parrot/languages/pjs/pjs.pir:57)<br>
</tt><br>
<dd><b>Testcase <a target='other_window' href='http://lxr.mozilla.org/mozilla/source/js/tests/ecma/Math/15.8.2.2.js'>ecma/Math/15.8.2.2.js</a> failed</b> <br>
 [ <a href='#tippy_top'>Top of Page</a> ]<br>
<tt>Expected exit code 0, got 1<br>
Testcase terminated with signal 0<br>
Complete testcase output was:<br>
15.8.2.2 Math.acos()<br>
TypeError: can't convert undefined to object<br>
current instr.: '__toObject__' pc 218 (languages/pjs/lib/jscore_includes/conversions.pir:82)<br>
called from Sub '@func_0' pc 229 (EVAL_5:70)<br>
called from Sub '@main' pc 18 (EVAL_5:11)<br>
called from Sub 'run_file' pc 312 (/home/yavuz/parrot_svn/parrot/languages/pjs/pjs.pir:124)<br>
called from Sub 'main' pc 124 (/home/yavuz/parrot_svn/parrot/languages/pjs/pjs.pir:57)<br>
</tt><br>
<dd><b>Testcase <a target='other_window' href='http://lxr.mozilla.org/mozilla/source/js/tests/ecma/Math/15.8.2.3.js'>ecma/Math/15.8.2.3.js</a> failed</b> <br>
 [ <a href='#tippy_top'>Top of Page</a> ]<br>
<tt>Expected exit code 0, got 1<br>
Testcase terminated with signal 0<br>
Complete testcase output was:<br>
15.8.2.3 Math.asin()<br>
TypeError: asin is not a function<br>
current instr.: 'pjs_invoke_method' pc 1010 (languages/pjs/lib/jscore_includes/pjsfunction.pir:136)<br>
called from Sub '@func_0' pc 242 (EVAL_5:71)<br>
called from Sub '@main' pc 18 (EVAL_5:11)<br>
called from Sub 'run_file' pc 312 (/home/yavuz/parrot_svn/parrot/languages/pjs/pjs.pir:124)<br>
called from Sub 'main' pc 124 (/home/yavuz/parrot_svn/parrot/languages/pjs/pjs.pir:57)<br>
</tt><br>
<dd><b>Testcase <a target='other_window' href='http://lxr.mozilla.org/mozilla/source/js/tests/ecma/Math/15.8.2.4.js'>ecma/Math/15.8.2.4.js</a> failed</b> <a href='https://bugzilla.mozilla.org/show_bug.cgi?id=77391' target='other_window'>Bug Number 77391</a><br>
 [ <a href='#tippy_top'>Top of Page</a> ]<br>
<tt>Expected exit code 0, got 1<br>
Testcase terminated with signal 0<br>
Complete testcase output was:<br>
BUGNUMBER: 77391<br>
15.8.2.4 Math.atan()<br>
TypeError: can't convert undefined to object<br>
current instr.: '__toObject__' pc 218 (languages/pjs/lib/jscore_includes/conversions.pir:82)<br>
called from Sub '@func_0' pc 243 (EVAL_5:74)<br>
called from Sub '@main' pc 18 (EVAL_5:11)<br>
called from Sub 'run_file' pc 312 (/home/yavuz/parrot_svn/parrot/languages/pjs/pjs.pir:124)<br>
called from Sub 'main' pc 124 (/home/yavuz/parrot_svn/parrot/languages/pjs/pjs.pir:57)<br>
</tt><br>
<dd><b>Testcase <a target='other_window' href='http://lxr.mozilla.org/mozilla/source/js/tests/ecma/Math/15.8.2.5.js'>ecma/Math/15.8.2.5.js</a> failed</b> <a href='https://bugzilla.mozilla.org/show_bug.cgi?id=76111' target='other_window'>Bug Number 76111</a><br>
 [ <a href='#tippy_top'>Top of Page</a> ]<br>
<tt>Expected exit code 0, got 1<br>
Testcase terminated with signal 0<br>
Complete testcase output was:<br>
BUGNUMBER: 76111<br>
15.8.2.5 Math.atan2(x,y)<br>
TypeError: can't convert undefined to object<br>
current instr.: '__toObject__' pc 218 (languages/pjs/lib/jscore_includes/conversions.pir:82)<br>
called from Sub '@func_0' pc 243 (EVAL_5:74)<br>
called from Sub '@main' pc 18 (EVAL_5:11)<br>
called from Sub 'run_file' pc 312 (/home/yavuz/parrot_svn/parrot/languages/pjs/pjs.pir:124)<br>
called from Sub 'main' pc 124 (/home/yavuz/parrot_svn/parrot/languages/pjs/pjs.pir:57)<br>
</tt><br>
<dd><b>Testcase <a target='other_window' href='http://lxr.mozilla.org/mozilla/source/js/tests/ecma/Math/15.8.2.6.js'>ecma/Math/15.8.2.6.js</a> failed</b> <br>
 [ <a href='#tippy_top'>Top of Page</a> ]<br>
<tt>Expected exit code 0, got 1<br>
Testcase terminated with signal 0<br>
Complete testcase output was:<br>
15.8.2.6 Math.ceil(x)<br>
TypeError: can't convert undefined to object<br>
current instr.: '__toObject__' pc 218 (languages/pjs/lib/jscore_includes/conversions.pir:82)<br>
called from Sub '@func_0' pc 229 (EVAL_5:70)<br>
called from Sub '@main' pc 18 (EVAL_5:11)<br>
called from Sub 'run_file' pc 312 (/home/yavuz/parrot_svn/parrot/languages/pjs/pjs.pir:124)<br>
called from Sub 'main' pc 124 (/home/yavuz/parrot_svn/parrot/languages/pjs/pjs.pir:57)<br>
</tt><br>
<dd><b>Testcase <a target='other_window' href='http://lxr.mozilla.org/mozilla/source/js/tests/ecma/Math/15.8.2.7.js'>ecma/Math/15.8.2.7.js</a> failed</b> <br>
 [ <a href='#tippy_top'>Top of Page</a> ]<br>
<tt>Expected exit code 0, got 1<br>
Testcase terminated with signal 0<br>
Complete testcase output was:<br>
15.8.2.7 Math.cos(x)<br>
TypeError: can't convert undefined to object<br>
current instr.: '__toObject__' pc 218 (languages/pjs/lib/jscore_includes/conversions.pir:82)<br>
called from Sub '@func_0' pc 229 (EVAL_5:70)<br>
called from Sub '@main' pc 18 (EVAL_5:11)<br>
called from Sub 'run_file' pc 312 (/home/yavuz/parrot_svn/parrot/languages/pjs/pjs.pir:124)<br>
called from Sub 'main' pc 124 (/home/yavuz/parrot_svn/parrot/languages/pjs/pjs.pir:57)<br>
</tt><br>
<dd><b>Testcase <a target='other_window' href='http://lxr.mozilla.org/mozilla/source/js/tests/ecma/Math/15.8.2.8.js'>ecma/Math/15.8.2.8.js</a> failed</b> <br>
 [ <a href='#tippy_top'>Top of Page</a> ]<br>
<tt>Expected exit code 0, got 1<br>
Testcase terminated with signal 0<br>
Complete testcase output was:<br>
15.8.2.8 Math.exp(x)<br>
TypeError: can't convert undefined to object<br>
current instr.: '__toObject__' pc 218 (languages/pjs/lib/jscore_includes/conversions.pir:82)<br>
called from Sub '@func_0' pc 229 (EVAL_5:70)<br>
called from Sub '@main' pc 18 (EVAL_5:11)<br>
called from Sub 'run_file' pc 312 (/home/yavuz/parrot_svn/parrot/languages/pjs/pjs.pir:124)<br>
called from Sub 'main' pc 124 (/home/yavuz/parrot_svn/parrot/languages/pjs/pjs.pir:57)<br>
</tt><br>
<dd><b>Testcase <a target='other_window' href='http://lxr.mozilla.org/mozilla/source/js/tests/ecma/Math/15.8.2.9.js'>ecma/Math/15.8.2.9.js</a> failed</b> <br>
 [ <a href='#tippy_top'>Top of Page</a> ]<br>
<tt>Expected exit code 0, got 1<br>
Testcase terminated with signal 0<br>
Complete testcase output was:<br>
15.8.2.9 Math.floor(x)<br>
TypeError: ceil is not a function<br>
current instr.: 'pjs_invoke_method' pc 1010 (languages/pjs/lib/jscore_includes/pjsfunction.pir:136)<br>
called from Sub '@func_0' pc 1212 (EVAL_5:216)<br>
called from Sub '@main' pc 18 (EVAL_5:11)<br>
called from Sub 'run_file' pc 312 (/home/yavuz/parrot_svn/parrot/languages/pjs/pjs.pir:124)<br>
called from Sub 'main' pc 124 (/home/yavuz/parrot_svn/parrot/languages/pjs/pjs.pir:57)<br>
</tt><br>
<dd><b>Testcase <a target='other_window' href='http://lxr.mozilla.org/mozilla/source/js/tests/ecma/Number/15.7.3.2-1.js'>ecma/Number/15.7.3.2-1.js</a> failed</b> <br>
 [ <a href='#tippy_top'>Top of Page</a> ]<br>
<tt><br>
Failure messages were:<br>
Number.MAX_VALUE = undefined FAILED! expected: 1.797693134862316e+308<br>
</tt><br>
<dd><b>Testcase <a target='other_window' href='http://lxr.mozilla.org/mozilla/source/js/tests/ecma/Number/15.7.3.2-2.js'>ecma/Number/15.7.3.2-2.js</a> failed</b> <br>
 [ <a href='#tippy_top'>Top of Page</a> ]<br>
<tt><br>
Failure messages were:<br>
delete( Number.MAX_VALUE ); Number.MAX_VALUE = undefined FAILED! expected: 1.797693134862316e+308<br>
delete( Number.MAX_VALUE ) = true FAILED! expected: false<br>
</tt><br>
<dd><b>Testcase <a target='other_window' href='http://lxr.mozilla.org/mozilla/source/js/tests/ecma/Number/15.7.3.2-3.js'>ecma/Number/15.7.3.2-3.js</a> failed</b> <br>
 [ <a href='#tippy_top'>Top of Page</a> ]<br>
<tt><br>
Failure messages were:<br>
Number.MAX_VALUE=0; Number.MAX_VALUE = 0 FAILED! expected: 1.797693134862316e+308<br>
</tt><br>
<dd><b>Testcase <a target='other_window' href='http://lxr.mozilla.org/mozilla/source/js/tests/ecma/Number/15.7.3.3-1.js'>ecma/Number/15.7.3.3-1.js</a> failed</b> <br>
 [ <a href='#tippy_top'>Top of Page</a> ]<br>
<tt><br>
Failure messages were:<br>
Number.MIN_VALUE = undefined FAILED! expected: 4.940656458412465e-324<br>
</tt><br>
<dd><b>Testcase <a target='other_window' href='http://lxr.mozilla.org/mozilla/source/js/tests/ecma/Number/15.7.3.3-2.js'>ecma/Number/15.7.3.3-2.js</a> failed</b> <br>
 [ <a href='#tippy_top'>Top of Page</a> ]<br>
<tt><br>
Failure messages were:<br>
delete( Number.MIN_VALUE ) = true FAILED! expected: false<br>
delete( Number.MIN_VALUE ); Number.MIN_VALUE = undefined FAILED! expected: 4.940656458412465e-324<br>
</tt><br>
<dd><b>Testcase <a target='other_window' href='http://lxr.mozilla.org/mozilla/source/js/tests/ecma/Number/15.7.3.3-3.js'>ecma/Number/15.7.3.3-3.js</a> failed</b> <br>
 [ <a href='#tippy_top'>Top of Page</a> ]<br>
<tt><br>
Failure messages were:<br>
Number.MIN_VALUE=0; Number.MIN_VALUE = 0 FAILED! expected: undefined<br>
</tt><br>
<dd><b>Testcase <a target='other_window' href='http://lxr.mozilla.org/mozilla/source/js/tests/ecma/Number/15.7.3.4-2.js'>ecma/Number/15.7.3.4-2.js</a> failed</b> <br>
 [ <a href='#tippy_top'>Top of Page</a> ]<br>
<tt><br>
Failure messages were:<br>
delete( Number.NaN ); Number.NaN = undefined FAILED! expected: NaN<br>
delete( Number.NaN ) = true FAILED! expected: false<br>
</tt><br>
<dd><b>Testcase <a target='other_window' href='http://lxr.mozilla.org/mozilla/source/js/tests/ecma/Number/15.7.3.4-4.js'>ecma/Number/15.7.3.4-4.js</a> failed</b> <br>
 [ <a href='#tippy_top'>Top of Page</a> ]<br>
<tt><br>
Failure messages were:<br>
var string = ''; for ( prop in Number ) { string += ( prop == 'NaN' ) ? prop : '' } string; = NaN FAILED! expected: <br>
</tt><br>
<dd><b>Testcase <a target='other_window' href='http://lxr.mozilla.org/mozilla/source/js/tests/ecma/Number/15.7.3.5-2.js'>ecma/Number/15.7.3.5-2.js</a> failed</b> <br>
 [ <a href='#tippy_top'>Top of Page</a> ]<br>
<tt><br>
Failure messages were:<br>
delete( Number.NEGATIVE_INFINITY ) = true FAILED! expected: false<br>
delete( Number.NEGATIVE_INFINITY ); Number.NEGATIVE_INFINITY = undefined FAILED! expected: -Infinity<br>
</tt><br>
<dd><b>Testcase <a target='other_window' href='http://lxr.mozilla.org/mozilla/source/js/tests/ecma/Number/15.7.3.5-3.js'>ecma/Number/15.7.3.5-3.js</a> failed</b> <br>
 [ <a href='#tippy_top'>Top of Page</a> ]<br>
<tt><br>
Failure messages were:<br>
Number.NEGATIVE_INFINITY=0; Number.NEGATIVE_INFINITY = 0 FAILED! expected: -Infinity<br>
</tt><br>
<dd><b>Testcase <a target='other_window' href='http://lxr.mozilla.org/mozilla/source/js/tests/ecma/Number/15.7.3.5-4.js'>ecma/Number/15.7.3.5-4.js</a> failed</b> <br>
 [ <a href='#tippy_top'>Top of Page</a> ]<br>
<tt><br>
Failure messages were:<br>
var string = ''; for ( prop in Number ) { string += ( prop == 'NEGATIVE_INFINITY' ) ? prop : '' } string; = NEGATIVE_INFINITY FAILED! expected: <br>
</tt><br>
<dd><b>Testcase <a target='other_window' href='http://lxr.mozilla.org/mozilla/source/js/tests/ecma/Number/15.7.3.6-2.js'>ecma/Number/15.7.3.6-2.js</a> failed</b> <br>
 [ <a href='#tippy_top'>Top of Page</a> ]<br>
<tt><br>
Failure messages were:<br>
delete( Number.POSITIVE_INFINITY ) = true FAILED! expected: false<br>
delete( Number.POSITIVE_INFINITY ); Number.POSITIVE_INFINITY = undefined FAILED! expected: Infinity<br>
</tt><br>
<dd><b>Testcase <a target='other_window' href='http://lxr.mozilla.org/mozilla/source/js/tests/ecma/Number/15.7.3.6-3.js'>ecma/Number/15.7.3.6-3.js</a> failed</b> <br>
 [ <a href='#tippy_top'>Top of Page</a> ]<br>
<tt><br>
Failure messages were:<br>
Number.POSITIVE_INFINITY=0; Number.POSITIVE_INFINITY = 0 FAILED! expected: Infinity<br>
</tt><br>
<dd><b>Testcase <a target='other_window' href='http://lxr.mozilla.org/mozilla/source/js/tests/ecma/Number/15.7.3.6-4.js'>ecma/Number/15.7.3.6-4.js</a> failed</b> <br>
 [ <a href='#tippy_top'>Top of Page</a> ]<br>
<tt><br>
Failure messages were:<br>
var string = ''; for ( prop in Number ) { string += ( prop == 'POSITIVE_INFINITY' ) ? prop : '' } string; = POSITIVE_INFINITY FAILED! expected: <br>
</tt><br>
<dd><b>Testcase <a target='other_window' href='http://lxr.mozilla.org/mozilla/source/js/tests/ecma/Number/15.7.4.2-2-n.js'>ecma/Number/15.7.4.2-2-n.js</a> failed</b> <br>
 [ <a href='#tippy_top'>Top of Page</a> ]<br>
<tt>Expected exit code 1, got 0<br>
Testcase terminated with signal 0<br>
Complete testcase output was:<br>
15.7.4.2-2-n Number.prototype.toString()<br>
o = new Object(); o.toString = Number.prototype.toString; o.toString() = undefined FAILED! expected: error<br>
jstest: ecma/Number/15.7.4.2-2-n.js bug:  result: FAILED type: shell description: o = new Object(); o.toString = Number.prototype.toString; o.toString() expected: error actual: undefined reason: wrong value <br>
</tt><br>
<dd><b>Testcase <a target='other_window' href='http://lxr.mozilla.org/mozilla/source/js/tests/ecma/Number/15.7.4.2-3-n.js'>ecma/Number/15.7.4.2-3-n.js</a> failed</b> <br>
 [ <a href='#tippy_top'>Top of Page</a> ]<br>
<tt>Expected exit code 1, got 0<br>
Testcase terminated with signal 0<br>
Complete testcase output was:<br>
15.7.4.2-3-n Number.prototype.toString()<br>
o = new String(); o.toString = Number.prototype.toString; o.toString() =  FAILED! expected: error<br>
jstest: ecma/Number/15.7.4.2-3-n.js bug:  result: FAILED type: shell description: o = new String(); o.toString = Number.prototype.toString; o.toString() expected: error actual:  reason: wrong value <br>
</tt><br>
<dd><b>Testcase <a target='other_window' href='http://lxr.mozilla.org/mozilla/source/js/tests/ecma/Number/15.7.4.3-3-n.js'>ecma/Number/15.7.4.3-3-n.js</a> failed</b> <br>
 [ <a href='#tippy_top'>Top of Page</a> ]<br>
<tt>Expected exit code 1, got 0<br>
Testcase terminated with signal 0<br>
Complete testcase output was:<br>
15.7.4.3-3-n Number.prototype.valueOf()<br>
v = Number.prototype.valueOf; o = new String('Infinity'); o.valueOf = v; o.valueOf() = Infinity FAILED! expected: error<br>
jstest: ecma/Number/15.7.4.3-3-n.js bug:  result: FAILED type: shell description: v = Number.prototype.valueOf; o = new String('Infinity'); o.valueOf = v; o.valueOf() expected: error actual: Infinity reason: wrong value <br>
</tt><br>
<dd><b>Testcase <a target='other_window' href='http://lxr.mozilla.org/mozilla/source/js/tests/ecma/ObjectObjects/15.2.1.1.js'>ecma/ObjectObjects/15.2.1.1.js</a> failed</b> <br>
 [ <a href='#tippy_top'>Top of Page</a> ]<br>
<tt><br>
Failure messages were:<br>
Object(Number.MAX_VALUE).valueOf() = [object Object] FAILED! expected: 1.797693134862316e+308<br>
var MYOB = Object(Number.MAX_VALUE); MYOB.toString = Object.prototype.toString; MYOB.toString() = [object Object] FAILED! expected: [object Number]<br>
Object(Number.MIN_VALUE).valueOf() = [object Object] FAILED! expected: 4.940656458412465e-324<br>
var MYOB = Object(Number.MIN_VALUE); MYOB.toString = Object.prototype.toString; MYOB.toString() = [object Object] FAILED! expected: [object Number]<br>
</tt><br>
<dd><b>Testcase <a target='other_window' href='http://lxr.mozilla.org/mozilla/source/js/tests/ecma/ObjectObjects/15.2.4.2.js'>ecma/ObjectObjects/15.2.4.2.js</a> failed</b> <br>
 [ <a href='#tippy_top'>Top of Page</a> ]<br>
<tt>Expected exit code 0, got 1<br>
Testcase terminated with signal 0<br>
Complete testcase output was:<br>
15.2.4.2 Object.prototype.toString()<br>
TypeError: replace is not a function<br>
current instr.: 'pjs_invoke_method' pc 1010 (languages/pjs/lib/jscore_includes/pjsfunction.pir:136)<br>
called from Sub '@func_0' pc 323 (EVAL_5:86)<br>
called from Sub '@main' pc 18 (EVAL_5:11)<br>
called from Sub 'run_file' pc 312 (/home/yavuz/parrot_svn/parrot/languages/pjs/pjs.pir:124)<br>
called from Sub 'main' pc 124 (/home/yavuz/parrot_svn/parrot/languages/pjs/pjs.pir:57)<br>
</tt><br>
<dd><b>Testcase <a target='other_window' href='http://lxr.mozilla.org/mozilla/source/js/tests/ecma/Statements/12.6.3-11.js'>ecma/Statements/12.6.3-11.js</a> failed</b> <br>
 [ <a href='#tippy_top'>Top of Page</a> ]<br>
<tt><br>
Failure messages were:<br>
result = ""; for ( p in Number ) { result += String(p) }; = NaNPOSITIVE_INFINITYNEGATIVE_INFINITY FAILED! expected: <br>
</tt><br>
<dd><b>Testcase <a target='other_window' href='http://lxr.mozilla.org/mozilla/source/js/tests/ecma/Statements/12.6.3-2.js'>ecma/Statements/12.6.3-2.js</a> failed</b> <br>
 [ <a href='#tippy_top'>Top of Page</a> ]<br>
<tt><br>
Failure messages were:<br>
Boolean.prototype.foo = 34; for ( j in Boolean ) Boolean[j] = undefined FAILED! expected: 34<br>
</tt><br>
<dd><b>Testcase <a target='other_window' href='http://lxr.mozilla.org/mozilla/source/js/tests/ecma/Statements/12.6.3-3.js'>ecma/Statements/12.6.3-3.js</a> failed</b> <br>
 [ <a href='#tippy_top'>Top of Page</a> ]<br>
<tt><br>
Failure messages were:<br>
for ( o.a in [1,2,3] ) { result += String( [1,2,3][o.a] ); } result =  FAILED! expected: 123<br>
</tt><br>
<dd><b>Testcase <a target='other_window' href='http://lxr.mozilla.org/mozilla/source/js/tests/ecma/Statements/12.6.3-4.js'>ecma/Statements/12.6.3-4.js</a> failed</b> <br>
 [ <a href='#tippy_top'>Top of Page</a> ]<br>
<tt><br>
Failure messages were:<br>
ob = { 0:"hello" }; for ( ob[0] in o ) { result += o[ob[0]] = 0 FAILED! expected: 6<br>
value = 0; for ( ob["0"] in o ) { result += o[o["0"]] = 0 FAILED! expected: 6<br>
ob = { 0:"hello" }; for ( ob[value] in o ) { result += o[ob[value]] = 0 FAILED! expected: 6<br>
value = 0; for ( ob["value"] in o ) { result += o[ob["value"]] = 0 FAILED! expected: 6<br>
value = 0; for ( ob.value in o ) { result += o[ob.value] = 0 FAILED! expected: 6<br>
</tt><br>
<dd><b>Testcase <a target='other_window' href='http://lxr.mozilla.org/mozilla/source/js/tests/ecma/Statements/12.6.3-6-n.js'>ecma/Statements/12.6.3-6-n.js</a> failed</b> <br>
 [ <a href='#tippy_top'>Top of Page</a> ]<br>
<tt>Expected exit code 1, got 0<br>
Testcase terminated with signal 0<br>
Complete testcase output was:<br>
12.6.3-4 The for..in statement<br>
bad left-hand side expression = undefined FAILED! expected: error<br>
jstest: ecma/Statements/12.6.3-6-n.js bug:  result: FAILED type: shell description: bad left-hand side expression expected: error actual: undefined reason: wrong value <br>
</tt><br>
<dd><b>Testcase <a target='other_window' href='http://lxr.mozilla.org/mozilla/source/js/tests/ecma/Statements/12.6.3-7-n.js'>ecma/Statements/12.6.3-7-n.js</a> failed</b> <br>
 [ <a href='#tippy_top'>Top of Page</a> ]<br>
<tt>Expected exit code 1, got 0<br>
Testcase terminated with signal 0<br>
Complete testcase output was:<br>
12.6.3-4 The for..in statement<br>
bad left-hand side expression = undefined FAILED! expected: error<br>
jstest: ecma/Statements/12.6.3-7-n.js bug:  result: FAILED type: shell description: bad left-hand side expression expected: error actual: undefined reason: wrong value <br>
</tt><br>
<dd><b>Testcase <a target='other_window' href='http://lxr.mozilla.org/mozilla/source/js/tests/ecma/Statements/12.6.3-8-n.js'>ecma/Statements/12.6.3-8-n.js</a> failed</b> <br>
 [ <a href='#tippy_top'>Top of Page</a> ]<br>
<tt>Expected exit code 1, got 0<br>
Testcase terminated with signal 0<br>
Complete testcase output was:<br>
12.6.3-4 The for..in statement<br>
bad left-hand side expression = undefined FAILED! expected: error<br>
jstest: ecma/Statements/12.6.3-8-n.js bug:  result: FAILED type: shell description: bad left-hand side expression expected: error actual: undefined reason: wrong value <br>
</tt><br>
<dd><b>Testcase <a target='other_window' href='http://lxr.mozilla.org/mozilla/source/js/tests/ecma/Statements/12.9-1-n.js'>ecma/Statements/12.9-1-n.js</a> failed</b> <br>
 [ <a href='#tippy_top'>Top of Page</a> ]<br>
<tt>Expected exit code 1, got 0<br>
Testcase terminated with signal 0<br>
Complete testcase output was:<br>
12.9-1-n The return statement<br>
return = undefined FAILED! expected: error<br>
jstest: ecma/Statements/12.9-1-n.js bug:  result: FAILED type: shell description: return expected: error actual: undefined reason: wrong value <br>
</tt><br>
<dd><b>Testcase <a target='other_window' href='http://lxr.mozilla.org/mozilla/source/js/tests/ecma/String/15.5.1.js'>ecma/String/15.5.1.js</a> failed</b> <br>
 [ <a href='#tippy_top'>Top of Page</a> ]<br>
<tt><br>
Failure messages were:<br>
String( 10000000000000000000 ) = 1e+19 FAILED! expected: 10000000000000000000<br>
String( 100000000000000000000 ) = 1e+20 FAILED! expected: 100000000000000000000<br>
String( -100000000000000000000 ) = -1e+20 FAILED! expected: -100000000000000000000<br>
String( .000012345 ) = 1.2345e-05 FAILED! expected: 0.000012345<br>
String( .0000012345 ) = 1.2345e-06 FAILED! expected: 0.0000012345<br>
String( .00000012345 ) = 1.2345e-07 FAILED! expected: 1.2345e-7<br>
</tt><br>
<dd><b>Testcase <a target='other_window' href='http://lxr.mozilla.org/mozilla/source/js/tests/ecma/String/15.5.3.2-3.js'>ecma/String/15.5.3.2-3.js</a> failed</b> <br>
 [ <a href='#tippy_top'>Top of Page</a> ]<br>
<tt>Expected exit code 0, got 1<br>
Testcase terminated with signal 0<br>
Complete testcase output was:<br>
15.5.3.2-3 String.fromCharCode()<br>
ReferenceError: isNaN is not defined<br>
current instr.: '@func_0_0' pc 1814 (EVAL_5:422)<br>
called from Sub 'pjs_call_function' pc 950 (languages/pjs/lib/jscore_includes/pjsfunction.pir:105)<br>
called from Sub '@func_0' pc 332 (EVAL_5:105)<br>
called from Sub '@main' pc 18 (EVAL_5:11)<br>
called from Sub 'run_file' pc 312 (/home/yavuz/parrot_svn/parrot/languages/pjs/pjs.pir:124)<br>
called from Sub 'main' pc 124 (/home/yavuz/parrot_svn/parrot/languages/pjs/pjs.pir:57)<br>
</tt><br>
<dd><b>Testcase <a target='other_window' href='http://lxr.mozilla.org/mozilla/source/js/tests/ecma/String/15.5.4.10-1.js'>ecma/String/15.5.4.10-1.js</a> failed</b> <br>
 [ <a href='#tippy_top'>Top of Page</a> ]<br>
<tt><br>
Failure messages were:<br>
var s = new String('this is a string object'); s.substring(NaN, Infinity) =  FAILED! expected: this is a string object<br>
var s = new String('this is a string object'); s.substring(Infinity, NaN) =  FAILED! expected: this is a string object<br>
var s = new Array(1,2,3,4,5); s.substring = String.prototype.substring; s.substring(Infinity,-Infinity) =  FAILED! expected: 1,2,3,4,5<br>
var obj = new Function(); obj.substring = String.prototype.substring; obj.toString = Object.prototype.toString; obj.substring(8, Infinity) =  FAILED! expected: Function]<br>
var obj = new Number(NaN); obj.substring = String.prototype.substring; obj.substring(Infinity, NaN) =  FAILED! expected: NaN<br>
var obj = Math; obj.substring = String.prototype.substring; obj.substring(Math.PI, -10) =  FAILED! expected: [ob<br>
</tt><br>
<dd><b>Testcase <a target='other_window' href='http://lxr.mozilla.org/mozilla/source/js/tests/ecma/String/15.5.4.11-1.js'>ecma/String/15.5.4.11-1.js</a> failed</b> <br>
 [ <a href='#tippy_top'>Top of Page</a> ]<br>
<tt>Expected exit code 0, got 1<br>
Testcase terminated with signal 0<br>
Complete testcase output was:<br>
15.5.4.11-1 String.prototype.toLowerCase()<br>
TypeError: can't convert undefined to object<br>
current instr.: '__toObject__' pc 218 (languages/pjs/lib/jscore_includes/conversions.pir:82)<br>
called from Sub '@func_0' pc 357 (EVAL_5:90)<br>
called from Sub '@main' pc 18 (EVAL_5:11)<br>
called from Sub 'run_file' pc 312 (/home/yavuz/parrot_svn/parrot/languages/pjs/pjs.pir:124)<br>
called from Sub 'main' pc 124 (/home/yavuz/parrot_svn/parrot/languages/pjs/pjs.pir:57)<br>
</tt><br>
<dd><b>Testcase <a target='other_window' href='http://lxr.mozilla.org/mozilla/source/js/tests/ecma/String/15.5.4.11-2.js'>ecma/String/15.5.4.11-2.js</a> failed</b> <br>
 [ <a href='#tippy_top'>Top of Page</a> ]<br>
<tt>Expected exit code 0, got 1<br>
Testcase terminated with signal 0<br>
Complete testcase output was:<br>
15.5.4.11-2 String.prototype.toLowerCase()<br>
TypeError: toLowerCase is not a function<br>
current instr.: 'pjs_invoke_method' pc 1010 (languages/pjs/lib/jscore_includes/pjsfunction.pir:136)<br>
called from Sub '@func_0' pc 117 (EVAL_6:36)<br>
called from Sub '@func_0_31' pc 10064 (lib/stdlib.pir:2825)<br>
called from Sub 'pjs_call_function' pc 950 (languages/pjs/lib/jscore_includes/pjsfunction.pir:105)<br>
called from Sub '@func_0' pc 475 (EVAL_5:127)<br>
called from Sub '@main' pc 18 (EVAL_5:11)<br>
called from Sub 'run_file' pc 312 (/home/yavuz/parrot_svn/parrot/languages/pjs/pjs.pir:124)<br>
called from Sub 'main' pc 124 (/home/yavuz/parrot_svn/parrot/languages/pjs/pjs.pir:57)<br>
</tt><br>
<dd><b>Testcase <a target='other_window' href='http://lxr.mozilla.org/mozilla/source/js/tests/ecma/String/15.5.4.11-3.js'>ecma/String/15.5.4.11-3.js</a> failed</b> <br>
 [ <a href='#tippy_top'>Top of Page</a> ]<br>
<tt>Expected exit code 0, got 1<br>
Testcase terminated with signal 0<br>
Complete testcase output was:<br>
15.5.4.11-2 String.prototype.toLowerCase()<br>
TypeError: toLowerCase is not a function<br>
current instr.: 'pjs_invoke_method' pc 1010 (languages/pjs/lib/jscore_includes/pjsfunction.pir:136)<br>
called from Sub '@func_0' pc 117 (EVAL_6:36)<br>
called from Sub '@func_0_31' pc 10064 (lib/stdlib.pir:2825)<br>
called from Sub 'pjs_call_function' pc 950 (languages/pjs/lib/jscore_includes/pjsfunction.pir:105)<br>
called from Sub '@func_0' pc 475 (EVAL_5:127)<br>
called from Sub '@main' pc 18 (EVAL_5:11)<br>
called from Sub 'run_file' pc 312 (/home/yavuz/parrot_svn/parrot/languages/pjs/pjs.pir:124)<br>
called from Sub 'main' pc 124 (/home/yavuz/parrot_svn/parrot/languages/pjs/pjs.pir:57)<br>
</tt><br>
<dd><b>Testcase <a target='other_window' href='http://lxr.mozilla.org/mozilla/source/js/tests/ecma/String/15.5.4.11-4.js'>ecma/String/15.5.4.11-4.js</a> failed</b> <br>
 [ <a href='#tippy_top'>Top of Page</a> ]<br>
<tt>Expected exit code 0, got 1<br>
Testcase terminated with signal 0<br>
Complete testcase output was:<br>
15.5.4.11-2 String.prototype.toLowerCase()<br>
TypeError: toLowerCase is not a function<br>
current instr.: 'pjs_invoke_method' pc 1010 (languages/pjs/lib/jscore_includes/pjsfunction.pir:136)<br>
called from Sub '@func_0' pc 117 (EVAL_6:36)<br>
called from Sub '@func_0_31' pc 10064 (lib/stdlib.pir:2825)<br>
called from Sub 'pjs_call_function' pc 950 (languages/pjs/lib/jscore_includes/pjsfunction.pir:105)<br>
called from Sub '@func_0' pc 451 (EVAL_5:123)<br>
called from Sub '@main' pc 18 (EVAL_5:11)<br>
called from Sub 'run_file' pc 312 (/home/yavuz/parrot_svn/parrot/languages/pjs/pjs.pir:124)<br>
called from Sub 'main' pc 124 (/home/yavuz/parrot_svn/parrot/languages/pjs/pjs.pir:57)<br>
</tt><br>
<dd><b>Testcase <a target='other_window' href='http://lxr.mozilla.org/mozilla/source/js/tests/ecma/String/15.5.4.11-5.js'>ecma/String/15.5.4.11-5.js</a> failed</b> <br>
 [ <a href='#tippy_top'>Top of Page</a> ]<br>
<tt>Expected exit code 0, got 1<br>
Testcase terminated with signal 0<br>
Complete testcase output was:<br>
15.5.4.11-5 String.prototype.toLowerCase()<br>
TypeError: can't convert undefined to object<br>
current instr.: '__toObject__' pc 218 (languages/pjs/lib/jscore_includes/conversions.pir:82)<br>
called from Sub '@func_0' pc 357 (EVAL_5:90)<br>
called from Sub '@main' pc 18 (EVAL_5:11)<br>
called from Sub 'run_file' pc 312 (/home/yavuz/parrot_svn/parrot/languages/pjs/pjs.pir:124)<br>
called from Sub 'main' pc 124 (/home/yavuz/parrot_svn/parrot/languages/pjs/pjs.pir:57)<br>
</tt><br>
<dd><b>Testcase <a target='other_window' href='http://lxr.mozilla.org/mozilla/source/js/tests/ecma/String/15.5.4.11-6.js'>ecma/String/15.5.4.11-6.js</a> failed</b> <br>
 [ <a href='#tippy_top'>Top of Page</a> ]<br>
<tt>Expected exit code 0, got 1<br>
Testcase terminated with signal 0<br>
Complete testcase output was:<br>
15.5.4.11-6 String.prototype.toLowerCase()<br>
TypeError: toLowerCase is not a function<br>
current instr.: 'pjs_invoke_method' pc 1010 (languages/pjs/lib/jscore_includes/pjsfunction.pir:136)<br>
called from Sub '@func_0' pc 117 (EVAL_6:36)<br>
called from Sub '@func_0_31' pc 10064 (lib/stdlib.pir:2825)<br>
called from Sub 'pjs_call_function' pc 950 (languages/pjs/lib/jscore_includes/pjsfunction.pir:105)<br>
called from Sub '@func_0' pc 475 (EVAL_5:127)<br>
called from Sub '@main' pc 18 (EVAL_5:11)<br>
called from Sub 'run_file' pc 312 (/home/yavuz/parrot_svn/parrot/languages/pjs/pjs.pir:124)<br>
called from Sub 'main' pc 124 (/home/yavuz/parrot_svn/parrot/languages/pjs/pjs.pir:57)<br>
</tt><br>
<dd><b>Testcase <a target='other_window' href='http://lxr.mozilla.org/mozilla/source/js/tests/ecma/String/15.5.4.12-1.js'>ecma/String/15.5.4.12-1.js</a> failed</b> <br>
 [ <a href='#tippy_top'>Top of Page</a> ]<br>
<tt>Expected exit code 0, got 1<br>
Testcase terminated with signal 0<br>
Complete testcase output was:<br>
15.5.4.12-1 String.prototype.toUpperCase()<br>
TypeError: can't convert undefined to object<br>
current instr.: '__toObject__' pc 218 (languages/pjs/lib/jscore_includes/conversions.pir:82)<br>
called from Sub '@func_0' pc 357 (EVAL_5:90)<br>
called from Sub '@main' pc 18 (EVAL_5:11)<br>
called from Sub 'run_file' pc 312 (/home/yavuz/parrot_svn/parrot/languages/pjs/pjs.pir:124)<br>
called from Sub 'main' pc 124 (/home/yavuz/parrot_svn/parrot/languages/pjs/pjs.pir:57)<br>
</tt><br>
<dd><b>Testcase <a target='other_window' href='http://lxr.mozilla.org/mozilla/source/js/tests/ecma/String/15.5.4.12-2.js'>ecma/String/15.5.4.12-2.js</a> failed</b> <br>
 [ <a href='#tippy_top'>Top of Page</a> ]<br>
<tt>Expected exit code 0, got 1<br>
Testcase terminated with signal 0<br>
Complete testcase output was:<br>
15.5.4.12-2 String.prototype.toUpperCase()<br>
TypeError: toUpperCase is not a function<br>
current instr.: 'pjs_invoke_method' pc 1010 (languages/pjs/lib/jscore_includes/pjsfunction.pir:136)<br>
called from Sub '@func_0' pc 583 (EVAL_5:145)<br>
called from Sub '@main' pc 18 (EVAL_5:11)<br>
called from Sub 'run_file' pc 312 (/home/yavuz/parrot_svn/parrot/languages/pjs/pjs.pir:124)<br>
called from Sub 'main' pc 124 (/home/yavuz/parrot_svn/parrot/languages/pjs/pjs.pir:57)<br>
</tt><br>
<dd><b>Testcase <a target='other_window' href='http://lxr.mozilla.org/mozilla/source/js/tests/ecma/String/15.5.4.12-3.js'>ecma/String/15.5.4.12-3.js</a> failed</b> <br>
 [ <a href='#tippy_top'>Top of Page</a> ]<br>
<tt>Expected exit code 0, got 1<br>
Testcase terminated with signal 0<br>
Complete testcase output was:<br>
15.5.4.12-3 String.prototype.toUpperCase()<br>
TypeError: toUpperCase is not a function<br>
current instr.: 'pjs_invoke_method' pc 1010 (languages/pjs/lib/jscore_includes/pjsfunction.pir:136)<br>
called from Sub '@func_0' pc 117 (EVAL_6:36)<br>
called from Sub '@func_0_31' pc 10064 (lib/stdlib.pir:2825)<br>
called from Sub 'pjs_call_function' pc 950 (languages/pjs/lib/jscore_includes/pjsfunction.pir:105)<br>
called from Sub '@func_0' pc 483 (EVAL_5:129)<br>
called from Sub '@main' pc 18 (EVAL_5:11)<br>
called from Sub 'run_file' pc 312 (/home/yavuz/parrot_svn/parrot/languages/pjs/pjs.pir:124)<br>
called from Sub 'main' pc 124 (/home/yavuz/parrot_svn/parrot/languages/pjs/pjs.pir:57)<br>
</tt><br>
<dd><b>Testcase <a target='other_window' href='http://lxr.mozilla.org/mozilla/source/js/tests/ecma/String/15.5.4.12-4.js'>ecma/String/15.5.4.12-4.js</a> failed</b> <br>
 [ <a href='#tippy_top'>Top of Page</a> ]<br>
<tt>Expected exit code 0, got 1<br>
Testcase terminated with signal 0<br>
Complete testcase output was:<br>
15.5.4.12-1 String.prototype.toUpperCase()<br>
TypeError: toUpperCase is not a function<br>
current instr.: 'pjs_invoke_method' pc 1010 (languages/pjs/lib/jscore_includes/pjsfunction.pir:136)<br>
called from Sub '@func_0' pc 117 (EVAL_6:36)<br>
called from Sub '@func_0_31' pc 10064 (lib/stdlib.pir:2825)<br>
called from Sub 'pjs_call_function' pc 950 (languages/pjs/lib/jscore_includes/pjsfunction.pir:105)<br>
called from Sub '@func_0' pc 475 (EVAL_5:127)<br>
called from Sub '@main' pc 18 (EVAL_5:11)<br>
called from Sub 'run_file' pc 312 (/home/yavuz/parrot_svn/parrot/languages/pjs/pjs.pir:124)<br>
called from Sub 'main' pc 124 (/home/yavuz/parrot_svn/parrot/languages/pjs/pjs.pir:57)<br>
</tt><br>
<dd><b>Testcase <a target='other_window' href='http://lxr.mozilla.org/mozilla/source/js/tests/ecma/String/15.5.4.12-5.js'>ecma/String/15.5.4.12-5.js</a> failed</b> <br>
 [ <a href='#tippy_top'>Top of Page</a> ]<br>
<tt>Expected exit code 0, got 1<br>
Testcase terminated with signal 0<br>
Complete testcase output was:<br>
15.5.4.12-1 String.prototype.toUpperCase()<br>
TypeError: toUpperCase is not a function<br>
current instr.: 'pjs_invoke_method' pc 1010 (languages/pjs/lib/jscore_includes/pjsfunction.pir:136)<br>
called from Sub '@func_0' pc 117 (EVAL_6:36)<br>
called from Sub '@func_0_31' pc 10064 (lib/stdlib.pir:2825)<br>
called from Sub 'pjs_call_function' pc 950 (languages/pjs/lib/jscore_includes/pjsfunction.pir:105)<br>
called from Sub '@func_0' pc 475 (EVAL_5:127)<br>
called from Sub '@main' pc 18 (EVAL_5:11)<br>
called from Sub 'run_file' pc 312 (/home/yavuz/parrot_svn/parrot/languages/pjs/pjs.pir:124)<br>
called from Sub 'main' pc 124 (/home/yavuz/parrot_svn/parrot/languages/pjs/pjs.pir:57)<br>
</tt><br>
<dd><b>Testcase <a target='other_window' href='http://lxr.mozilla.org/mozilla/source/js/tests/ecma/String/15.5.4.2-2-n.js'>ecma/String/15.5.4.2-2-n.js</a> failed</b> <br>
 [ <a href='#tippy_top'>Top of Page</a> ]<br>
<tt>Expected exit code 1, got 0<br>
Testcase terminated with signal 0<br>
Complete testcase output was:<br>
15.5.4.2-3-n String.prototype.toString<br>
var tostr=String.prototype.toString; astring=new Number(); astring.toString = tostr; astring.toString() = 0 FAILED! expected: error<br>
jstest: ecma/String/15.5.4.2-2-n.js bug:  result: FAILED type: shell description: var tostr=String.prototype.toString; astring=new Number(); astring.toString = tostr; astring.toString() expected: error actual: 0 reason: wrong value <br>
</tt><br>
<dd><b>Testcase <a target='other_window' href='http://lxr.mozilla.org/mozilla/source/js/tests/ecma/String/15.5.4.3-3-n.js'>ecma/String/15.5.4.3-3-n.js</a> failed</b> <br>
 [ <a href='#tippy_top'>Top of Page</a> ]<br>
<tt>Expected exit code 1, got 0<br>
Testcase terminated with signal 0<br>
Complete testcase output was:<br>
15.5.4.3-3-n String.prototype.valueOf<br>
var valof=String.prototype.valueOf; astring=new Number(); astring.valueOf = valof; astring.valof() = 0 FAILED! expected: error<br>
jstest: ecma/String/15.5.4.3-3-n.js bug:  result: FAILED type: shell description: var valof=String.prototype.valueOf; astring=new Number(); astring.valueOf = valof; astring.valof() expected: error actual: 0 reason: wrong value <br>
</tt><br>
<dd><b>Testcase <a target='other_window' href='http://lxr.mozilla.org/mozilla/source/js/tests/ecma/String/15.5.4.4-1.js'>ecma/String/15.5.4.4-1.js</a> failed</b> <br>
 [ <a href='#tippy_top'>Top of Page</a> ]<br>
<tt>Expected exit code 0, got 1<br>
Testcase terminated with signal 0<br>
Complete testcase output was:<br>
15.5.4.4-1 String.prototype.charAt<br>
Cannot take substr outside string<br>
current instr.: '@func_0_26' pc 9359 (lib/stdlib.pir:2500)<br>
called from Sub 'pjs_invoke_method' pc 1061 (languages/pjs/lib/jscore_includes/pjsfunction.pir:152)<br>
called from Sub '@func_0' pc 704 (EVAL_5:202)<br>
called from Sub '@main' pc 18 (EVAL_5:11)<br>
called from Sub 'run_file' pc 312 (/home/yavuz/parrot_svn/parrot/languages/pjs/pjs.pir:124)<br>
called from Sub 'main' pc 124 (/home/yavuz/parrot_svn/parrot/languages/pjs/pjs.pir:57)<br>
</tt><br>
<dd><b>Testcase <a target='other_window' href='http://lxr.mozilla.org/mozilla/source/js/tests/ecma/String/15.5.4.4-2.js'>ecma/String/15.5.4.4-2.js</a> failed</b> <br>
 [ <a href='#tippy_top'>Top of Page</a> ]<br>
<tt>Expected exit code 0, got 1<br>
Testcase terminated with signal 0<br>
Complete testcase output was:<br>
15.5.4.4-2 String.prototype.charAt<br>
Cannot take substr outside string<br>
current instr.: '@func_0_26' pc 9359 (lib/stdlib.pir:2500)<br>
called from Sub 'pjs_invoke_method' pc 1061 (languages/pjs/lib/jscore_includes/pjsfunction.pir:152)<br>
called from Sub '@func_0' pc 76 (EVAL_15:30)<br>
called from Sub '@func_0_31' pc 10064 (lib/stdlib.pir:2825)<br>
called from Sub 'pjs_call_function' pc 950 (languages/pjs/lib/jscore_includes/pjsfunction.pir:105)<br>
called from Sub '@func_0' pc 843 (EVAL_5:188)<br>
called from Sub '@main' pc 18 (EVAL_5:11)<br>
called from Sub 'run_file' pc 312 (/home/yavuz/parrot_svn/parrot/languages/pjs/pjs.pir:124)<br>
called from Sub 'main' pc 124 (/home/yavuz/parrot_svn/parrot/languages/pjs/pjs.pir:57)<br>
</tt><br>
<dd><b>Testcase <a target='other_window' href='http://lxr.mozilla.org/mozilla/source/js/tests/ecma/String/15.5.4.4-3.js'>ecma/String/15.5.4.4-3.js</a> failed</b> <br>
 [ <a href='#tippy_top'>Top of Page</a> ]<br>
<tt><br>
Failure messages were:<br>
var foo = new MyObject('hello');  = o FAILED! expected: <br>
var noo = new MyObject(Math.PI);  = u FAILED! expected: 3<br>
var noo = new MyObject(Math.PI);  = n FAILED! expected: .<br>
var noo = new MyObject(Math.PI);  = d FAILED! expected: 1<br>
var noo = new MyObject(Math.PI);  = e FAILED! expected: 4<br>
var noo = new MyObject(Math.PI);  = f FAILED! expected: 1<br>
var noo = new MyObject(Math.PI);  = i FAILED! expected: 5<br>
var noo = new MyObject(Math.PI);  = n FAILED! expected: 9<br>
</tt><br>
<dd><b>Testcase <a target='other_window' href='http://lxr.mozilla.org/mozilla/source/js/tests/ecma/String/15.5.4.5-3.js'>ecma/String/15.5.4.5-3.js</a> failed</b> <br>
 [ <a href='#tippy_top'>Top of Page</a> ]<br>
<tt><br>
Failure messages were:<br>
var noo = new MyObject(Math.PI);noo.charCodeAt(0) = 117 FAILED! expected: 51<br>
var noo = new MyObject(Math.PI);noo.charCodeAt(1) = 110 FAILED! expected: 46<br>
var noo = new MyObject(Math.PI);noo.charCodeAt(2) = 100 FAILED! expected: 49<br>
var noo = new MyObject(Math.PI);noo.charCodeAt(3) = 101 FAILED! expected: 52<br>
var noo = new MyObject(Math.PI);noo.charCodeAt(4) = 102 FAILED! expected: 49<br>
var noo = new MyObject(Math.PI);noo.charCodeAt(5) = 105 FAILED! expected: 53<br>
var noo = new MyObject(Math.PI);noo.charCodeAt(6) = 110 FAILED! expected: 57<br>
</tt><br>
<dd><b>Testcase <a target='other_window' href='http://lxr.mozilla.org/mozilla/source/js/tests/ecma/String/15.5.4.5-4.js'>ecma/String/15.5.4.5-4.js</a> failed</b> <br>
 [ <a href='#tippy_top'>Top of Page</a> ]<br>
<tt>Expected exit code 0, got 50<br>
Testcase terminated with signal 0<br>
Complete testcase output was:<br>
15.5.4.5-4 String.prototype.charCodeAt(pos)<br>
Invalid character for UTF-8 encoding<br>
</tt><br>
<dd><b>Testcase <a target='other_window' href='http://lxr.mozilla.org/mozilla/source/js/tests/ecma/String/15.5.4.6-1.js'>ecma/String/15.5.4.6-1.js</a> failed</b> <br>
 [ <a href='#tippy_top'>Top of Page</a> ]<br>
<tt>Expected exit code 0, got 1<br>
Testcase terminated with signal 0<br>
Complete testcase output was:<br>
15.5.4.6-1 String.protoype.indexOf<br>
TypeError: indexOf is not a function<br>
current instr.: 'pjs_invoke_method' pc 1010 (languages/pjs/lib/jscore_includes/pjsfunction.pir:136)<br>
called from Sub '@func_0' pc 480 (EVAL_5:134)<br>
called from Sub '@main' pc 18 (EVAL_5:11)<br>
called from Sub 'run_file' pc 312 (/home/yavuz/parrot_svn/parrot/languages/pjs/pjs.pir:124)<br>
called from Sub 'main' pc 124 (/home/yavuz/parrot_svn/parrot/languages/pjs/pjs.pir:57)<br>
</tt><br>
<dd><b>Testcase <a target='other_window' href='http://lxr.mozilla.org/mozilla/source/js/tests/ecma/String/15.5.4.6-2.js'>ecma/String/15.5.4.6-2.js</a> failed</b> <a href='https://bugzilla.mozilla.org/show_bug.cgi?id=105721' target='other_window'>Bug Number 105721</a><br>
 [ <a href='#tippy_top'>Top of Page</a> ]<br>
<tt>Expected exit code 0, got 1<br>
Testcase terminated with signal 0<br>
Complete testcase output was:<br>
BUGNUMBER: 105721<br>
15.5.4.6-2 String.protoype.indexOf<br>
TypeError: can't convert undefined to object<br>
current instr.: '__toObject__' pc 218 (languages/pjs/lib/jscore_includes/conversions.pir:82)<br>
called from Sub '@func_0' pc 455 (EVAL_5:108)<br>
called from Sub '@main' pc 18 (EVAL_5:11)<br>
called from Sub 'run_file' pc 312 (/home/yavuz/parrot_svn/parrot/languages/pjs/pjs.pir:124)<br>
called from Sub 'main' pc 124 (/home/yavuz/parrot_svn/parrot/languages/pjs/pjs.pir:57)<br>
</tt><br>
<dd><b>Testcase <a target='other_window' href='http://lxr.mozilla.org/mozilla/source/js/tests/ecma/String/15.5.4.7-1.js'>ecma/String/15.5.4.7-1.js</a> failed</b> <br>
 [ <a href='#tippy_top'>Top of Page</a> ]<br>
<tt>Expected exit code 0, got 1<br>
Testcase terminated with signal 0<br>
Complete testcase output was:<br>
15.5.4.7-1 String.protoype.lastIndexOf<br>
TypeError: lastIndexOf is not a function<br>
current instr.: 'pjs_invoke_method' pc 1010 (languages/pjs/lib/jscore_includes/pjsfunction.pir:136)<br>
called from Sub '@func_0' pc 539 (EVAL_5:146)<br>
called from Sub '@main' pc 18 (EVAL_5:11)<br>
called from Sub 'run_file' pc 312 (/home/yavuz/parrot_svn/parrot/languages/pjs/pjs.pir:124)<br>
called from Sub 'main' pc 124 (/home/yavuz/parrot_svn/parrot/languages/pjs/pjs.pir:57)<br>
</tt><br>
<dd><b>Testcase <a target='other_window' href='http://lxr.mozilla.org/mozilla/source/js/tests/ecma/String/15.5.4.7-2.js'>ecma/String/15.5.4.7-2.js</a> failed</b> <br>
 [ <a href='#tippy_top'>Top of Page</a> ]<br>
<tt>Expected exit code 0, got 1<br>
Testcase terminated with signal 0<br>
Complete testcase output was:<br>
15.5.4.7-2 String.protoype.lastIndexOf<br>
TypeError: can't convert undefined to object<br>
current instr.: '__toObject__' pc 218 (languages/pjs/lib/jscore_includes/conversions.pir:82)<br>
called from Sub '@func_0' pc 329 (EVAL_5:87)<br>
called from Sub '@main' pc 18 (EVAL_5:11)<br>
called from Sub 'run_file' pc 312 (/home/yavuz/parrot_svn/parrot/languages/pjs/pjs.pir:124)<br>
called from Sub 'main' pc 124 (/home/yavuz/parrot_svn/parrot/languages/pjs/pjs.pir:57)<br>
</tt><br>
<dd><b>Testcase <a target='other_window' href='http://lxr.mozilla.org/mozilla/source/js/tests/ecma/String/15.5.4.8-1.js'>ecma/String/15.5.4.8-1.js</a> failed</b> <br>
 [ <a href='#tippy_top'>Top of Page</a> ]<br>
<tt><br>
Failure messages were:<br>
String.prototype.split.length = 0 FAILED! expected: 2<br>
delete String.prototype.split.length; String.prototype.split.length = 0 FAILED! expected: 2<br>
var s = new String('this is a string object'); s.split().length = 0 FAILED! expected: 1<br>
var s = new String('this is a string object'); s.split()[0] = undefined FAILED! expected: this is a string object<br>
var obj = new Object(); obj.split = String.prototype.split; obj.split().length = 0 FAILED! expected: 1<br>
var obj = new Object(); obj.split = String.prototype.split; obj.split()[0] = undefined FAILED! expected: [object Object]<br>
var obj = new Function(); obj.split = String.prototype.split; obj.split().length = 0 FAILED! expected: 1<br>
var obj = new Function(); obj.split = String.prototype.split; obj.toString = Object.prototype.toString; obj.split()[0] = undefined FAILED! expected: [object Function]<br>
var obj = new Number(-1234567890); obj.split = String.prototype.split; obj.split().length = 0 FAILED! expected: 1<br>
var obj = new Number(-1e21); obj.split = String.prototype.split; obj.split()[0] = undefined FAILED! expected: -1e+21<br>
var obj = Math; obj.split = String.prototype.split; obj.split().length = 0 FAILED! expected: 1<br>
var obj = Math; obj.split = String.prototype.split; obj.split()[0] = undefined FAILED! expected: [object Math]<br>
var obj = new Array(1,2,3,4,5); obj.split = String.prototype.split; obj.split().length = 0 FAILED! expected: 1<br>
var obj = new Array(1,2,3,4,5); obj.split = String.prototype.split; obj.split()[0] = undefined FAILED! expected: 1,2,3,4,5<br>
var obj = new Boolean(); obj.split = String.prototype.split; obj.split().length = 0 FAILED! expected: 1<br>
var obj = new Boolean(); obj.split = String.prototype.split; obj.split()[0] = undefined FAILED! expected: false<br>
</tt><br>
<dd><b>Testcase <a target='other_window' href='http://lxr.mozilla.org/mozilla/source/js/tests/ecma/String/15.5.4.8-2.js'>ecma/String/15.5.4.8-2.js</a> failed</b> <br>
 [ <a href='#tippy_top'>Top of Page</a> ]<br>
<tt><br>
Failure messages were:<br>
var s = new String( this is a string object ); s.split('').length = 0 FAILED! expected: 23<br>
var s = new String( this is a string object ); s.split('')[0] = undefined FAILED! expected: t<br>
var s = new String( this is a string object ); s.split('')[1] = undefined FAILED! expected: h<br>
var s = new String( this is a string object ); s.split('')[2] = undefined FAILED! expected: i<br>
var s = new String( this is a string object ); s.split('')[3] = undefined FAILED! expected: s<br>
var s = new String( this is a string object ); s.split('')[4] = undefined FAILED! expected:  <br>
var s = new String( this is a string object ); s.split('')[5] = undefined FAILED! expected: i<br>
var s = new String( this is a string object ); s.split('')[6] = undefined FAILED! expected: s<br>
var s = new String( this is a string object ); s.split('')[7] = undefined FAILED! expected:  <br>
var s = new String( this is a string object ); s.split('')[8] = undefined FAILED! expected: a<br>
var s = new String( this is a string object ); s.split('')[9] = undefined FAILED! expected:  <br>
var s = new String( this is a string object ); s.split('')[10] = undefined FAILED! expected: s<br>
var s = new String( this is a string object ); s.split('')[11] = undefined FAILED! expected: t<br>
var s = new String( this is a string object ); s.split('')[12] = undefined FAILED! expected: r<br>
var s = new String( this is a string object ); s.split('')[13] = undefined FAILED! expected: i<br>
var s = new String( this is a string object ); s.split('')[14] = undefined FAILED! expected: n<br>
var s = new String( this is a string object ); s.split('')[15] = undefined FAILED! expected: g<br>
var s = new String( this is a string object ); s.split('')[16] = undefined FAILED! expected:  <br>
var s = new String( this is a string object ); s.split('')[17] = undefined FAILED! expected: o<br>
var s = new String( this is a string object ); s.split('')[18] = undefined FAILED! expected: b<br>
var s = new String( this is a string object ); s.split('')[19] = undefined FAILED! expected: j<br>
var s = new String( this is a string object ); s.split('')[20] = undefined FAILED! expected: e<br>
var s = new String( this is a string object ); s.split('')[21] = undefined FAILED! expected: c<br>
var s = new String( this is a string object ); s.split('')[22] = undefined FAILED! expected: t<br>
var s = new String( thisundefinedisundefinedaundefinedstringundefinedobject ); s.split(void 0).length = 0 FAILED! expected: 5<br>
var s = new String( thisundefinedisundefinedaundefinedstringundefinedobject ); s.split(void 0)[0] = undefined FAILED! expected: this<br>
var s = new String( thisundefinedisundefinedaundefinedstringundefinedobject ); s.split(void 0)[1] = undefined FAILED! expected: is<br>
var s = new String( thisundefinedisundefinedaundefinedstringundefinedobject ); s.split(void 0)[2] = undefined FAILED! expected: a<br>
var s = new String( thisundefinedisundefinedaundefinedstringundefinedobject ); s.split(void 0)[3] = undefined FAILED! expected: string<br>
var s = new String( thisundefinedisundefinedaundefinedstringundefinedobject ); s.split(void 0)[4] = undefined FAILED! expected: object<br>
var s = new String( thisnullisnullanullstringnullobject ); s.split(null).length = 0 FAILED! expected: 5<br>
var s = new String( thisnullisnullanullstringnullobject ); s.split(null)[0] = undefined FAILED! expected: this<br>
var s = new String( thisnullisnullanullstringnullobject ); s.split(null)[1] = undefined FAILED! expected: is<br>
var s = new String( thisnullisnullanullstringnullobject ); s.split(null)[2] = undefined FAILED! expected: a<br>
var s = new String( thisnullisnullanullstringnullobject ); s.split(null)[3] = undefined FAILED! expected: string<br>
var s = new String( thisnullisnullanullstringnullobject ); s.split(null)[4] = undefined FAILED! expected: object<br>
var s = new String( thistrueistrueatruestringtrueobject ); s.split(true).length = 0 FAILED! expected: 5<br>
var s = new String( thistrueistrueatruestringtrueobject ); s.split(true)[0] = undefined FAILED! expected: this<br>
var s = new String( thistrueistrueatruestringtrueobject ); s.split(true)[1] = undefined FAILED! expected: is<br>
var s = new String( thistrueistrueatruestringtrueobject ); s.split(true)[2] = undefined FAILED! expected: a<br>
var s = new String( thistrueistrueatruestringtrueobject ); s.split(true)[3] = undefined FAILED! expected: string<br>
var s = new String( thistrueistrueatruestringtrueobject ); s.split(true)[4] = undefined FAILED! expected: object<br>
var s = new String( this123is123a123string123object ); s.split(123).length = 0 FAILED! expected: 5<br>
var s = new String( this123is123a123string123object ); s.split(123)[0] = undefined FAILED! expected: this<br>
var s = new String( this123is123a123string123object ); s.split(123)[1] = undefined FAILED! expected: is<br>
var s = new String( this123is123a123string123object ); s.split(123)[2] = undefined FAILED! expected: a<br>
var s = new String( this123is123a123string123object ); s.split(123)[3] = undefined FAILED! expected: string<br>
var s = new String( this123is123a123string123object ); s.split(123)[4] = undefined FAILED! expected: object<br>
var s = new String( this123is123a123string123object ); s.split(123).length = 0 FAILED! expected: 5<br>
var s = new String( this123is123a123string123object ); s.split(123)[0] = undefined FAILED! expected: this<br>
var s = new String( this123is123a123string123object ); s.split(123)[1] = undefined FAILED! expected: is<br>
var s = new String( this123is123a123string123object ); s.split(123)[2] = undefined FAILED! expected: a<br>
var s = new String( this123is123a123string123object ); s.split(123)[3] = undefined FAILED! expected: string<br>
var s = new String( this123is123a123string123object ); s.split(123)[4] = undefined FAILED! expected: object<br>
var s = new String( this is a string ); s.split(':').length = 0 FAILED! expected: 1<br>
var s = new String( this is a string ); s.split(':')[0] = undefined FAILED! expected: this is a string<br>
var s = new String( this is a string ); s.split('strings').length = 0 FAILED! expected: 1<br>
var s = new String( this is a string ); s.split('strings')[0] = undefined FAILED! expected: this is a string<br>
var s = new String( this is a string ); s.split('string').length = 0 FAILED! expected: 2<br>
var s = new String( this is a string ); s.split('string')[0] = undefined FAILED! expected: this is a <br>
</tt><br>
<dd><b>Testcase <a target='other_window' href='http://lxr.mozilla.org/mozilla/source/js/tests/ecma/String/15.5.4.8-3.js'>ecma/String/15.5.4.8-3.js</a> failed</b> <br>
 [ <a href='#tippy_top'>Top of Page</a> ]<br>
<tt><br>
Failure messages were:<br>
var s = new String(); s.split().length = 0 FAILED! expected: 1<br>
var s = new String(); s.split()[0] = undefined FAILED! expected: <br>
var s = new String(); s.split(' ').length = 0 FAILED! expected: 1<br>
var s = new String(' '); s.split().length = 0 FAILED! expected: 1<br>
var s = new String(' '); s.split()[0] = undefined FAILED! expected:  <br>
var s = new String(' '); s.split('').length = 0 FAILED! expected: 1<br>
var s = new String(' '); s.split('')[0] = undefined FAILED! expected:  <br>
var s = new String(' '); s.split(' ').length = 0 FAILED! expected: 2<br>
var s = new String(' '); s.split(' ')[0] = undefined FAILED! expected: <br>
"".split("x").length = 0 FAILED! expected: 1<br>
"".split("x")[0] = undefined FAILED! expected: <br>
</tt><br>
<dd><b>Testcase <a target='other_window' href='http://lxr.mozilla.org/mozilla/source/js/tests/ecma/String/15.5.4.9-1.js'>ecma/String/15.5.4.9-1.js</a> failed</b> <br>
 [ <a href='#tippy_top'>Top of Page</a> ]<br>
<tt>Expected exit code 0, got 1<br>
Testcase terminated with signal 0<br>
Complete testcase output was:<br>
15.5.4.9-1 String.prototype.substring( start )<br>
Cannot take substr outside string<br>
current instr.: '@func_0_27' pc 9602 (lib/stdlib.pir:2596)<br>
called from Sub 'pjs_invoke_method' pc 1061 (languages/pjs/lib/jscore_includes/pjsfunction.pir:152)<br>
called from Sub '@func_0' pc 132 (EVAL_13:41)<br>
called from Sub '@func_0_31' pc 10064 (lib/stdlib.pir:2825)<br>
called from Sub 'pjs_call_function' pc 950 (languages/pjs/lib/jscore_includes/pjsfunction.pir:105)<br>
called from Sub '@func_0' pc 903 (EVAL_5:187)<br>
called from Sub '@main' pc 18 (EVAL_5:11)<br>
called from Sub 'run_file' pc 312 (/home/yavuz/parrot_svn/parrot/languages/pjs/pjs.pir:124)<br>
called from Sub 'main' pc 124 (/home/yavuz/parrot_svn/parrot/languages/pjs/pjs.pir:57)<br>
</tt><br>
<dd><b>Testcase <a target='other_window' href='http://lxr.mozilla.org/mozilla/source/js/tests/ecma/String/15.5.4.js'>ecma/String/15.5.4.js</a> failed</b> <br>
 [ <a href='#tippy_top'>Top of Page</a> ]<br>
<tt><br>
Failure messages were:<br>
String "" has no enumerable properties = __value__lengthsplit FAILED! expected: <br>
String.prototype has no enumerable properties = split FAILED! expected: <br>
</tt><br>
<dd><b>Testcase <a target='other_window' href='http://lxr.mozilla.org/mozilla/source/js/tests/ecma/String/15.5.5.1.js'>ecma/String/15.5.5.1.js</a> failed</b> <br>
 [ <a href='#tippy_top'>Top of Page</a> ]<br>
<tt><br>
Failure messages were:<br>
var s = new String(); s.length = 10; s.length = 10 FAILED! expected: 0<br>
var s = new String(); var props = ''; for ( var p in s ) {  props += p; };  props = split FAILED! expected: <br>
</tt><br>
<dd><b>Testcase <a target='other_window' href='http://lxr.mozilla.org/mozilla/source/js/tests/ecma/TypeConversion/9.2.js'>ecma/TypeConversion/9.2.js</a> failed</b> <br>
 [ <a href='#tippy_top'>Top of Page</a> ]<br>
<tt><br>
Failure messages were:<br>
Boolean(Math.PI) = false FAILED! expected: true<br>
</tt><br>
<dd><b>Testcase <a target='other_window' href='http://lxr.mozilla.org/mozilla/source/js/tests/ecma/TypeConversion/9.3.1-3.js'>ecma/TypeConversion/9.3.1-3.js</a> failed</b> <br>
 [ <a href='#tippy_top'>Top of Page</a> ]<br>
<tt>Expected exit code 0, got 1<br>
Testcase terminated with signal 0<br>
Complete testcase output was:<br>
[line 301, column 7] Unclosed paren.<br>
current instr.: 'run_file' pc 260 (/home/yavuz/parrot_svn/parrot/languages/pjs/pjs.pir:111)<br>
called from Sub 'main' pc 124 (/home/yavuz/parrot_svn/parrot/languages/pjs/pjs.pir:57)<br>
</tt><br>
<dd><b>Testcase <a target='other_window' href='http://lxr.mozilla.org/mozilla/source/js/tests/ecma/TypeConversion/9.4-1.js'>ecma/TypeConversion/9.4-1.js</a> failed</b> <br>
 [ <a href='#tippy_top'>Top of Page</a> ]<br>
<tt><br>
Failure messages were:<br>
td = new Date(Number.NaN); td.valueOf() = [object Object] FAILED! expected: NaN<br>
td = new Date(Infinity); td.valueOf() = [object Object] FAILED! expected: NaN<br>
td = new Date(-Infinity); td.valueOf() = [object Object] FAILED! expected: NaN<br>
td = new Date(-0); td.valueOf() = [object Object] FAILED! expected: 0<br>
td = new Date(0); td.valueOf() = [object Object] FAILED! expected: 0<br>
td = new Date(3.14159); td.valueOf() = [object Object] FAILED! expected: 3<br>
td = new Date(Math.PI); td.valueOf() = [object Object] FAILED! expected: 3<br>
td = new Date(-Math.PI);td.valueOf() = [object Object] FAILED! expected: -3<br>
td = new Date(3.14159e2); td.valueOf() = [object Object] FAILED! expected: 314<br>
td = new Date(.692147e1); td.valueOf() = [object Object] FAILED! expected: 6<br>
td = new Date(-.692147e1);td.valueOf() = [object Object] FAILED! expected: -6<br>
td = new Date(true); td.valueOf() = [object Object] FAILED! expected: 1<br>
td = new Date(false); td.valueOf() = [object Object] FAILED! expected: 0<br>
td = new Date(new Number(Math.PI)); td.valueOf() = [object Object] FAILED! expected: 3<br>
td = new Date(new Number(Math.PI)); td.valueOf() = [object Object] FAILED! expected: 3<br>
td = new Date(8.64e15); td.valueOf() = [object Object] FAILED! expected: 8640000000000000<br>
td = new Date(-8.64e15); td.valueOf() = [object Object] FAILED! expected: -8640000000000000<br>
td = new Date(8.64e-15); td.valueOf() = [object Object] FAILED! expected: 0<br>
td = new Date(-8.64e-15); td.valueOf() = [object Object] FAILED! expected: 0<br>
</tt><br>
<dd><b>Testcase <a target='other_window' href='http://lxr.mozilla.org/mozilla/source/js/tests/ecma/TypeConversion/9.4-2.js'>ecma/TypeConversion/9.4-2.js</a> failed</b> <br>
 [ <a href='#tippy_top'>Top of Page</a> ]<br>
<tt><br>
Failure messages were:<br>
td = new Date(Number.NaN); td.valueOf() = [object Object] FAILED! expected: NaN<br>
td = new Date(Infinity); td.valueOf() = [object Object] FAILED! expected: NaN<br>
td = new Date(-Infinity); td.valueOf() = [object Object] FAILED! expected: NaN<br>
td = new Date(-0); td.valueOf() = [object Object] FAILED! expected: 0<br>
td = new Date(0); td.valueOf() = [object Object] FAILED! expected: 0<br>
td = new Date(3.14159); td.valueOf() = [object Object] FAILED! expected: 3<br>
td = new Date(Math.PI); td.valueOf() = [object Object] FAILED! expected: 3<br>
td = new Date(-Math.PI);td.valueOf() = [object Object] FAILED! expected: -3<br>
td = new Date(3.14159e2); td.valueOf() = [object Object] FAILED! expected: 314<br>
td = new Date(.692147e1); td.valueOf() = [object Object] FAILED! expected: 6<br>
td = new Date(-.692147e1);td.valueOf() = [object Object] FAILED! expected: -6<br>
td = new Date(true); td.valueOf() = [object Object] FAILED! expected: 1<br>
td = new Date(false); td.valueOf() = [object Object] FAILED! expected: 0<br>
td = new Date(new Number(Math.PI)); td.valueOf() = [object Object] FAILED! expected: 3<br>
td = new Date(new Number(Math.PI)); td.valueOf() = [object Object] FAILED! expected: 3<br>
td = new Date(8.64e15); td.valueOf() = [object Object] FAILED! expected: 8640000000000000<br>
td = new Date(-8.64e15); td.valueOf() = [object Object] FAILED! expected: -8640000000000000<br>
td = new Date(8.64e-15); td.valueOf() = [object Object] FAILED! expected: 0<br>
td = new Date(-8.64e-15); td.valueOf() = [object Object] FAILED! expected: 0<br>
</tt><br>
<dd><b>Testcase <a target='other_window' href='http://lxr.mozilla.org/mozilla/source/js/tests/ecma/TypeConversion/9.6.js'>ecma/TypeConversion/9.6.js</a> failed</b> <br>
 [ <a href='#tippy_top'>Top of Page</a> ]<br>
<tt><br>
Failure messages were:<br>
-1.1 &gt;&gt;&gt; 0 = 1 FAILED! expected: 4294967295<br>
-1 &gt;&gt;&gt; 0 = 1 FAILED! expected: 4294967295<br>
-2147483647 &gt;&gt;&gt; 0 = 2147483647 FAILED! expected: 2147483649<br>
-2147483649 &gt;&gt;&gt; 0 = 2147483649 FAILED! expected: 2147483647<br>
-4294967295 &gt;&gt;&gt; 0 = 4294967295 FAILED! expected: 1<br>
-4294967297 &gt;&gt;&gt; 0 = 1 FAILED! expected: 4294967295<br>
</tt><br>
<dd><b>Testcase <a target='other_window' href='http://lxr.mozilla.org/mozilla/source/js/tests/ecma/TypeConversion/9.7.js'>ecma/TypeConversion/9.7.js</a> failed</b> <br>
 [ <a href='#tippy_top'>Top of Page</a> ]<br>
<tt>Expected exit code 0, got 1<br>
Testcase terminated with signal 0<br>
Complete testcase output was:<br>
9.7 Type Conversion:  ToInt16<br>
ReferenceError: isNaN is not defined<br>
current instr.: '@func_0_0' pc 5319 (EVAL_5:887)<br>
called from Sub 'pjs_call_function' pc 950 (languages/pjs/lib/jscore_includes/pjsfunction.pir:105)<br>
called from Sub '@func_0' pc 205 (EVAL_5:65)<br>
called from Sub '@main' pc 18 (EVAL_5:11)<br>
called from Sub 'run_file' pc 312 (/home/yavuz/parrot_svn/parrot/languages/pjs/pjs.pir:124)<br>
called from Sub 'main' pc 124 (/home/yavuz/parrot_svn/parrot/languages/pjs/pjs.pir:57)<br>
</tt><br>
<dd><b>Testcase <a target='other_window' href='http://lxr.mozilla.org/mozilla/source/js/tests/ecma/TypeConversion/9.8.1.js'>ecma/TypeConversion/9.8.1.js</a> failed</b> <br>
 [ <a href='#tippy_top'>Top of Page</a> ]<br>
<tt><br>
Failure messages were:<br>
10000000000000000000 = 1e+19 FAILED! expected: 10000000000000000000<br>
100000000000000000000 = 1e+20 FAILED! expected: 100000000000000000000<br>
-100000000000000000000 = -1e+20 FAILED! expected: -100000000000000000000<br>
.000012345 = 1.2345e-05 FAILED! expected: 0.000012345<br>
.0000012345 = 1.2345e-06 FAILED! expected: 0.0000012345<br>
.00000012345 = 1.2345e-07 FAILED! expected: 1.2345e-7<br>
</tt><br>
<dd><b>Testcase <a target='other_window' href='http://lxr.mozilla.org/mozilla/source/js/tests/ecma/TypeConversion/9.9-1.js'>ecma/TypeConversion/9.9-1.js</a> failed</b> <br>
 [ <a href='#tippy_top'>Top of Page</a> ]<br>
<tt><br>
Failure messages were:<br>
Object(Number.MAX_VALUE).valueOf() = [object Object] FAILED! expected: 1.797693134862316e+308<br>
Object(Number.MIN_VALUE).valueOf() = [object Object] FAILED! expected: 4.940656458412465e-324<br>
</tt><br>
<dd><b>Testcase <a target='other_window' href='http://lxr.mozilla.org/mozilla/source/js/tests/ecma/extensions/15-2.js'>ecma/extensions/15-2.js</a> failed</b> <br>
 [ <a href='#tippy_top'>Top of Page</a> ]<br>
<tt>Expected exit code 0, got 1<br>
Testcase terminated with signal 0<br>
Complete testcase output was:<br>
15-2 Native ECMAScript Objects<br>
TypeError: can't convert undefined to object<br>
current instr.: '__toObject__' pc 218 (languages/pjs/lib/jscore_includes/conversions.pir:82)<br>
called from Sub '@func_0' pc 1075 (EVAL_5:175)<br>
called from Sub '@main' pc 18 (EVAL_5:11)<br>
called from Sub 'run_file' pc 312 (/home/yavuz/parrot_svn/parrot/languages/pjs/pjs.pir:124)<br>
called from Sub 'main' pc 124 (/home/yavuz/parrot_svn/parrot/languages/pjs/pjs.pir:57)<br>
</tt><br>
<dd><b>Testcase <a target='other_window' href='http://lxr.mozilla.org/mozilla/source/js/tests/ecma/extensions/15.1.2.1-1.js'>ecma/extensions/15.1.2.1-1.js</a> failed</b> <a href='none' target='other_window'>Bug Number none</a><br>
 [ <a href='#tippy_top'>Top of Page</a> ]<br>
<tt><br>
Failure messages were:<br>
var PROPS = ''; for ( p in eval ) { PROPS += p }; PROPS =  FAILED! expected: prototype<br>
typeof eval(new String('Infinity/-0') = number FAILED! expected: object<br>
eval([1,2,3,4,5,6]) = 6 FAILED! expected: 1,2,3,4,5,6<br>
eval(new Array(0,1,2,3) = 3 FAILED! expected: 1,2,3<br>
eval(Number.MIN_VALUE) = undefined FAILED! expected: 5e-308<br>
</tt><br>
<dd><b>Testcase <a target='other_window' href='http://lxr.mozilla.org/mozilla/source/js/tests/ecma/extensions/15.5.4.7-3.js'>ecma/extensions/15.5.4.7-3.js</a> failed</b> <br>
 [ <a href='#tippy_top'>Top of Page</a> ]<br>
<tt>Expected exit code 0, got 1<br>
Testcase terminated with signal 0<br>
Complete testcase output was:<br>
15.5.4.7-3 String.protoype.lastIndexOf<br>
TypeError: lastIndexOf is not a function<br>
current instr.: 'pjs_invoke_method' pc 1010 (languages/pjs/lib/jscore_includes/pjsfunction.pir:136)<br>
called from Sub '@func_0' pc 184 (EVAL_6:44)<br>
called from Sub '@func_0_31' pc 10064 (lib/stdlib.pir:2825)<br>
called from Sub 'pjs_call_function' pc 950 (languages/pjs/lib/jscore_includes/pjsfunction.pir:105)<br>
called from Sub '@func_0' pc 276 (EVAL_5:83)<br>
called from Sub '@main' pc 18 (EVAL_5:11)<br>
called from Sub 'run_file' pc 312 (/home/yavuz/parrot_svn/parrot/languages/pjs/pjs.pir:124)<br>
called from Sub 'main' pc 124 (/home/yavuz/parrot_svn/parrot/languages/pjs/pjs.pir:57)<br>
</tt><br>
<dd><b>Testcase <a target='other_window' href='http://lxr.mozilla.org/mozilla/source/js/tests/ecma/extensions/9.9-1.js'>ecma/extensions/9.9-1.js</a> failed</b> <br>
 [ <a href='#tippy_top'>Top of Page</a> ]<br>
<tt><br>
Failure messages were:<br>
(Object(Number.MAX_VALUE)).__proto__ = [object Object] FAILED! expected: 0<br>
(Object(Number.MIN_VALUE)).__proto__ = [object Object] FAILED! expected: 0<br>
</tt><br>
<dd><b>Testcase <a target='other_window' href='http://lxr.mozilla.org/mozilla/source/js/tests/ecma_2/Exceptions/boolean-001.js'>ecma_2/Exceptions/boolean-001.js</a> failed</b> <br>
 [ <a href='#tippy_top'>Top of Page</a> ]<br>
<tt><br>
Failure messages were:<br>
Assigning Boolean.prototype.toString to a String object (threw No exception thrown) = Failed FAILED! expected: Passed!<br>
</tt><br>
<dd><b>Testcase <a target='other_window' href='http://lxr.mozilla.org/mozilla/source/js/tests/ecma_2/Exceptions/date-001.js'>ecma_2/Exceptions/date-001.js</a> failed</b> <br>
 [ <a href='#tippy_top'>Top of Page</a> ]<br>
<tt><br>
Failure messages were:<br>
OBJECT = new MyObject( new Date(0)) ; result = OBJ.toString() (threw No exception thrown) = [object Object] FAILED! expected: Passed<br>
</tt><br>
<dd><b>Testcase <a target='other_window' href='http://lxr.mozilla.org/mozilla/source/js/tests/ecma_2/Exceptions/date-003.js'>ecma_2/Exceptions/date-003.js</a> failed</b> <br>
 [ <a href='#tippy_top'>Top of Page</a> ]<br>
<tt><br>
Failure messages were:<br>
OBJ = new MyObject( new Date(0)); OBJ.valueOf() (threw No exception thrown) = [object Object] FAILED! expected: Passed<br>
</tt><br>
<dd><b>Testcase <a target='other_window' href='http://lxr.mozilla.org/mozilla/source/js/tests/ecma_2/Exceptions/exception-003.js'>ecma_2/Exceptions/exception-003.js</a> failed</b> <br>
 [ <a href='#tippy_top'>Top of Page</a> ]<br>
<tt><br>
Failure messages were:<br>
string = new String("hi");string.toString = Boolean.prototype.toStringstring.toString() [ exception is null ] = failed: no exception thrown FAILED! expected: passed:  threw exception<br>
</tt><br>
<dd><b>Testcase <a target='other_window' href='http://lxr.mozilla.org/mozilla/source/js/tests/ecma_2/Exceptions/exception-007.js'>ecma_2/Exceptions/exception-007.js</a> failed</b> <a href='https://bugzilla.mozilla.org/show_bug.cgi?id=318250' target='other_window'>Bug Number 318250</a><br>
 [ <a href='#tippy_top'>Top of Page</a> ]<br>
<tt>Expected exit code 0, got 134<br>
Testcase terminated with signal 0<br>
Complete testcase output was:<br>
BUGNUMBER: 318250<br>
exception-007 Tests for JavaScript Standard Exceptions:  TypeError<br>
[oops; continuation 0x82dd028 of type 24 is trying to jump from runloop 5 to runloop 1]<br>
new MyObject() + new MyObject() [ exception is invoke() not implemented in class 'PjsObject' ] = passed:  threw exception PASSED!<br>
jstest: ecma_2/Exceptions/exception-007.js bug: 318250 result: PASSED type: shell description: new MyObject() + new MyObject() [ exception is invoke() not implemented in class 'PjsObject' ] expected: passed:  threw exception actual: passed:  threw exception reason: <br>
parrot: src/inter_call.c:157: Parrot_init_arg_op: Assertion `(((sig_pmc)-&gt;obj.flags) &amp; PObj_is_PMC_FLAG) &amp;&amp; sig_pmc-&gt;vtable-&gt;base_type == enum_class_FixedIntegerArray' failed.<br>
/home/yavuz/bin/pjs: line 3: 22305 Aborted                 (core dumped) parrot /home/yavuz/parrot_svn/parrot/languages/pjs/pjs.pir $*<br>
</tt><br>
<dd><b>Testcase <a target='other_window' href='http://lxr.mozilla.org/mozilla/source/js/tests/ecma_2/Exceptions/exception-008.js'>ecma_2/Exceptions/exception-008.js</a> failed</b> <br>
 [ <a href='#tippy_top'>Top of Page</a> ]<br>
<tt>Expected exit code 0, got 1<br>
Testcase terminated with signal 0<br>
Complete testcase output was:<br>
exception-008 Tests for JavaScript Standard Exceptions: SyntaxError<br>
continue not inside a loop<br>
</tt><br>
<dd><b>Testcase <a target='other_window' href='http://lxr.mozilla.org/mozilla/source/js/tests/ecma_2/Exceptions/function-001.js'>ecma_2/Exceptions/function-001.js</a> failed</b> <a href='https://bugzilla.mozilla.org/show_bug.cgi?id=10278' target='other_window'>Bug Number 10278</a><br>
 [ <a href='#tippy_top'>Top of Page</a> ]<br>
<tt><br>
Failure messages were:<br>
eval("function f(){}function g(){}") (threw no exception thrown = fail FAILED! expected: pass<br>
</tt><br>
<dd><b>Testcase <a target='other_window' href='http://lxr.mozilla.org/mozilla/source/js/tests/ecma_2/Exceptions/lexical-022.js'>ecma_2/Exceptions/lexical-022.js</a> failed</b> <br>
 [ <a href='#tippy_top'>Top of Page</a> ]<br>
<tt><br>
Failure messages were:<br>
import = true (threw No exception thrown) = Failed FAILED! expected: Passed<br>
</tt><br>
<dd><b>Testcase <a target='other_window' href='http://lxr.mozilla.org/mozilla/source/js/tests/ecma_2/Exceptions/lexical-052.js'>ecma_2/Exceptions/lexical-052.js</a> failed</b> <br>
 [ <a href='#tippy_top'>Top of Page</a> ]<br>
<tt><br>
Failure messages were:<br>
calling return indirectly (threw No exception thrown) = Failed FAILED! expected: Passed<br>
</tt><br>
<dd><b>Testcase <a target='other_window' href='http://lxr.mozilla.org/mozilla/source/js/tests/ecma_2/Exceptions/number-001.js'>ecma_2/Exceptions/number-001.js</a> failed</b> <br>
 [ <a href='#tippy_top'>Top of Page</a> ]<br>
<tt><br>
Failure messages were:<br>
object = new Object(); object.toString = Number.prototype.toString; object.toString() (threw No exception thrown) = undefined FAILED! expected: Passed<br>
</tt><br>
<dd><b>Testcase <a target='other_window' href='http://lxr.mozilla.org/mozilla/source/js/tests/ecma_2/Exceptions/number-002.js'>ecma_2/Exceptions/number-002.js</a> failed</b> <br>
 [ <a href='#tippy_top'>Top of Page</a> ]<br>
<tt><br>
Failure messages were:<br>
object = new Object(); object.valueOf = Number.prototype.valueOf; object.valueOf() (threw No exception thrown) = undefined FAILED! expected: Passed<br>
</tt><br>
<dd><b>Testcase <a target='other_window' href='http://lxr.mozilla.org/mozilla/source/js/tests/ecma_2/Exceptions/number-003.js'>ecma_2/Exceptions/number-003.js</a> failed</b> <br>
 [ <a href='#tippy_top'>Top of Page</a> ]<br>
<tt><br>
Failure messages were:<br>
Assigning Number.prototype.valueOf as the valueOf of a String object  (threw No exception thrown) = Infinity FAILED! expected: Passed<br>
</tt><br>
<dd><b>Testcase <a target='other_window' href='http://lxr.mozilla.org/mozilla/source/js/tests/ecma_2/Exceptions/statement-003.js'>ecma_2/Exceptions/statement-003.js</a> failed</b> <br>
 [ <a href='#tippy_top'>Top of Page</a> ]<br>
<tt><br>
Failure messages were:<br>
bad left-hand side expression (threw No exception thrown) = 0 FAILED! expected: Passed<br>
</tt><br>
<dd><b>Testcase <a target='other_window' href='http://lxr.mozilla.org/mozilla/source/js/tests/ecma_2/Exceptions/statement-004.js'>ecma_2/Exceptions/statement-004.js</a> failed</b> <br>
 [ <a href='#tippy_top'>Top of Page</a> ]<br>
<tt><br>
Failure messages were:<br>
bad left-hand side expression (threw No exception thrown) = Failed FAILED! expected: Passed<br>
</tt><br>
<dd><b>Testcase <a target='other_window' href='http://lxr.mozilla.org/mozilla/source/js/tests/ecma_2/Exceptions/statement-005.js'>ecma_2/Exceptions/statement-005.js</a> failed</b> <br>
 [ <a href='#tippy_top'>Top of Page</a> ]<br>
<tt><br>
Failure messages were:<br>
bad left-hand side expression (threw No exception thrown) = 0 FAILED! expected: Passed<br>
</tt><br>
<dd><b>Testcase <a target='other_window' href='http://lxr.mozilla.org/mozilla/source/js/tests/ecma_2/Exceptions/statement-007.js'>ecma_2/Exceptions/statement-007.js</a> failed</b> <br>
 [ <a href='#tippy_top'>Top of Page</a> ]<br>
<tt>Expected exit code 0, got 1<br>
Testcase terminated with signal 0<br>
Complete testcase output was:<br>
statement-007 The continue statement<br>
continue not inside a loop<br>
</tt><br>
<dd><b>Testcase <a target='other_window' href='http://lxr.mozilla.org/mozilla/source/js/tests/ecma_2/Exceptions/statement-008.js'>ecma_2/Exceptions/statement-008.js</a> failed</b> <br>
 [ <a href='#tippy_top'>Top of Page</a> ]<br>
<tt>Expected exit code 0, got 1<br>
Testcase terminated with signal 0<br>
Complete testcase output was:<br>
statement-008 The break in statement<br>
break not inside a loop<br>
</tt><br>
<dd><b>Testcase <a target='other_window' href='http://lxr.mozilla.org/mozilla/source/js/tests/ecma_2/Exceptions/statement-009.js'>ecma_2/Exceptions/statement-009.js</a> failed</b> <br>
 [ <a href='#tippy_top'>Top of Page</a> ]<br>
<tt><br>
Failure messages were:<br>
return outside of a function (threw No exception thrown) = Failed FAILED! expected: Passed<br>
</tt><br>
<dd><b>Testcase <a target='other_window' href='http://lxr.mozilla.org/mozilla/source/js/tests/ecma_2/Exceptions/string-002.js'>ecma_2/Exceptions/string-002.js</a> failed</b> <br>
 [ <a href='#tippy_top'>Top of Page</a> ]<br>
<tt><br>
Failure messages were:<br>
OBJECT = new Object; OBJECT.valueOf = String.prototype.valueOf;result = OBJECT.valueOf(); (threw No exception thrown) = undefined FAILED! expected: Passed<br>
</tt><br>
<dd><b>Testcase <a target='other_window' href='http://lxr.mozilla.org/mozilla/source/js/tests/ecma_2/LexicalConventions/keywords-001.js'>ecma_2/LexicalConventions/keywords-001.js</a> failed</b> <br>
 [ <a href='#tippy_top'>Top of Page</a> ]<br>
<tt>Expected exit code 0, got 1<br>
Testcase terminated with signal 0<br>
Complete testcase output was:<br>
[line 66, column 18] syntax error, unexpected INSTANCEOF, expecting ')' or ','<br>
current instr.: 'run_file' pc 260 (/home/yavuz/parrot_svn/parrot/languages/pjs/pjs.pir:111)<br>
called from Sub 'main' pc 124 (/home/yavuz/parrot_svn/parrot/languages/pjs/pjs.pir:57)<br>
</tt><br>
<dd><b>Testcase <a target='other_window' href='http://lxr.mozilla.org/mozilla/source/js/tests/ecma_2/LexicalConventions/regexp-literals-002.js'>ecma_2/LexicalConventions/regexp-literals-002.js</a> failed</b> <br>
 [ <a href='#tippy_top'>Top of Page</a> ]<br>
<tt>Expected exit code 0, got 1<br>
Testcase terminated with signal 0<br>
Complete testcase output was:<br>
[line 59, column 18] Unclosed paren.<br>
current instr.: 'run_file' pc 260 (/home/yavuz/parrot_svn/parrot/languages/pjs/pjs.pir:111)<br>
called from Sub 'main' pc 124 (/home/yavuz/parrot_svn/parrot/languages/pjs/pjs.pir:57)<br>
</tt><br>
<dd><b>Testcase <a target='other_window' href='http://lxr.mozilla.org/mozilla/source/js/tests/ecma_2/RegExp/constructor-001.js'>ecma_2/RegExp/constructor-001.js</a> failed</b> <br>
 [ <a href='#tippy_top'>Top of Page</a> ]<br>
<tt>Expected exit code 0, got 1<br>
Testcase terminated with signal 0<br>
Complete testcase output was:<br>
ReferenceError: RegExp is not defined<br>
current instr.: '@func_0' pc 117 (EVAL_5:49)<br>
called from Sub '@main' pc 18 (EVAL_5:11)<br>
called from Sub 'run_file' pc 312 (/home/yavuz/parrot_svn/parrot/languages/pjs/pjs.pir:124)<br>
called from Sub 'main' pc 124 (/home/yavuz/parrot_svn/parrot/languages/pjs/pjs.pir:57)<br>
</tt><br>
<dd><b>Testcase <a target='other_window' href='http://lxr.mozilla.org/mozilla/source/js/tests/ecma_2/RegExp/exec-001.js'>ecma_2/RegExp/exec-001.js</a> failed</b> <br>
 [ <a href='#tippy_top'>Top of Page</a> ]<br>
<tt><br>
Failure messages were:<br>
NO TESTS EXIST = Test not implemented FAILED! expected: PASSED<br>
</tt><br>
<dd><b>Testcase <a target='other_window' href='http://lxr.mozilla.org/mozilla/source/js/tests/ecma_2/RegExp/exec-002.js'>ecma_2/RegExp/exec-002.js</a> failed</b> <br>
 [ <a href='#tippy_top'>Top of Page</a> ]<br>
<tt>Expected exit code 0, got 1<br>
Testcase terminated with signal 0<br>
Complete testcase output was:<br>
TypeError: exec is not a function<br>
current instr.: 'pjs_invoke_method' pc 1010 (languages/pjs/lib/jscore_includes/pjsfunction.pir:136)<br>
called from Sub '@func_0_0' pc 1940 (EVAL_5:471)<br>
called from Sub 'pjs_call_function' pc 950 (languages/pjs/lib/jscore_includes/pjsfunction.pir:105)<br>
called from Sub '@func_0' pc 235 (EVAL_5:73)<br>
called from Sub '@main' pc 18 (EVAL_5:11)<br>
called from Sub 'run_file' pc 312 (/home/yavuz/parrot_svn/parrot/languages/pjs/pjs.pir:124)<br>
called from Sub 'main' pc 124 (/home/yavuz/parrot_svn/parrot/languages/pjs/pjs.pir:57)<br>
</tt><br>
<dd><b>Testcase <a target='other_window' href='http://lxr.mozilla.org/mozilla/source/js/tests/ecma_2/RegExp/function-001.js'>ecma_2/RegExp/function-001.js</a> failed</b> <br>
 [ <a href='#tippy_top'>Top of Page</a> ]<br>
<tt>Expected exit code 0, got 1<br>
Testcase terminated with signal 0<br>
Complete testcase output was:<br>
ReferenceError: RegExp is not defined<br>
current instr.: '@func_0' pc 117 (EVAL_5:49)<br>
called from Sub '@main' pc 18 (EVAL_5:11)<br>
called from Sub 'run_file' pc 312 (/home/yavuz/parrot_svn/parrot/languages/pjs/pjs.pir:124)<br>
called from Sub 'main' pc 124 (/home/yavuz/parrot_svn/parrot/languages/pjs/pjs.pir:57)<br>
</tt><br>
<dd><b>Testcase <a target='other_window' href='http://lxr.mozilla.org/mozilla/source/js/tests/ecma_2/RegExp/hex-001.js'>ecma_2/RegExp/hex-001.js</a> failed</b> <br>
 [ <a href='#tippy_top'>Top of Page</a> ]<br>
<tt>Expected exit code 0, got 1<br>
Testcase terminated with signal 0<br>
Complete testcase output was:<br>
[line 58, column 33] Can't parse string literal.<br>
current instr.: 'run_file' pc 260 (/home/yavuz/parrot_svn/parrot/languages/pjs/pjs.pir:111)<br>
called from Sub 'main' pc 124 (/home/yavuz/parrot_svn/parrot/languages/pjs/pjs.pir:57)<br>
</tt><br>
<dd><b>Testcase <a target='other_window' href='http://lxr.mozilla.org/mozilla/source/js/tests/ecma_2/RegExp/multiline-001.js'>ecma_2/RegExp/multiline-001.js</a> failed</b> <a href='https://bugzilla.mozilla.org/show_bug.cgi?id=343901' target='other_window'>Bug Number 343901</a><br>
 [ <a href='#tippy_top'>Top of Page</a> ]<br>
<tt>Expected exit code 0, got 1<br>
Testcase terminated with signal 0<br>
Complete testcase output was:<br>
BUGNUMBER: 343901<br>
TypeError: indexOf is not a function<br>
current instr.: 'pjs_invoke_method' pc 1010 (languages/pjs/lib/jscore_includes/pjsfunction.pir:136)<br>
called from Sub '@func_0' pc 223 (EVAL_5:72)<br>
called from Sub '@main' pc 18 (EVAL_5:11)<br>
called from Sub 'run_file' pc 312 (/home/yavuz/parrot_svn/parrot/languages/pjs/pjs.pir:124)<br>
called from Sub 'main' pc 124 (/home/yavuz/parrot_svn/parrot/languages/pjs/pjs.pir:57)<br>
</tt><br>
<dd><b>Testcase <a target='other_window' href='http://lxr.mozilla.org/mozilla/source/js/tests/ecma_2/RegExp/octal-001.js'>ecma_2/RegExp/octal-001.js</a> failed</b> <a href='https://bugzilla.mozilla.org/show_bug.cgi?id=346196' target='other_window'>Bug Number 346196</a><br>
 [ <a href='#tippy_top'>Top of Page</a> ]<br>
<tt>Expected exit code 0, got 1<br>
Testcase terminated with signal 0<br>
Complete testcase output was:<br>
BUGNUMBER: http://scopus/bugsplat/show_bug.cgi?id=346196<br>
TypeError: exec is not a function<br>
current instr.: 'pjs_invoke_method' pc 1010 (languages/pjs/lib/jscore_includes/pjsfunction.pir:136)<br>
called from Sub '@func_0_0' pc 435 (EVAL_5:151)<br>
called from Sub 'pjs_call_function' pc 950 (languages/pjs/lib/jscore_includes/pjsfunction.pir:105)<br>
called from Sub '@func_0' pc 263 (EVAL_5:81)<br>
called from Sub '@main' pc 18 (EVAL_5:11)<br>
called from Sub 'run_file' pc 312 (/home/yavuz/parrot_svn/parrot/languages/pjs/pjs.pir:124)<br>
called from Sub 'main' pc 124 (/home/yavuz/parrot_svn/parrot/languages/pjs/pjs.pir:57)<br>
</tt><br>
<dd><b>Testcase <a target='other_window' href='http://lxr.mozilla.org/mozilla/source/js/tests/ecma_2/RegExp/octal-002.js'>ecma_2/RegExp/octal-002.js</a> failed</b> <a href='https://bugzilla.mozilla.org/show_bug.cgi?id=346189' target='other_window'>Bug Number 346189</a><br>
 [ <a href='#tippy_top'>Top of Page</a> ]<br>
<tt>Expected exit code 0, got 1<br>
Testcase terminated with signal 0<br>
Complete testcase output was:<br>
BUGNUMBER: http://scopus/bugsplat/show_bug.cgi?id=346189<br>
TypeError: exec is not a function<br>
current instr.: 'pjs_invoke_method' pc 1010 (languages/pjs/lib/jscore_includes/pjsfunction.pir:136)<br>
called from Sub '@func_0_0' pc 962 (EVAL_5:295)<br>
called from Sub 'pjs_call_function' pc 950 (languages/pjs/lib/jscore_includes/pjsfunction.pir:105)<br>
called from Sub '@func_0' pc 354 (EVAL_5:109)<br>
called from Sub '@main' pc 18 (EVAL_5:11)<br>
called from Sub 'run_file' pc 312 (/home/yavuz/parrot_svn/parrot/languages/pjs/pjs.pir:124)<br>
called from Sub 'main' pc 124 (/home/yavuz/parrot_svn/parrot/languages/pjs/pjs.pir:57)<br>
</tt><br>
<dd><b>Testcase <a target='other_window' href='http://lxr.mozilla.org/mozilla/source/js/tests/ecma_2/RegExp/octal-003.js'>ecma_2/RegExp/octal-003.js</a> failed</b> <a href='https://bugzilla.mozilla.org/show_bug.cgi?id=346132' target='other_window'>Bug Number 346132</a><br>
 [ <a href='#tippy_top'>Top of Page</a> ]<br>
<tt>Expected exit code 0, got 1<br>
Testcase terminated with signal 0<br>
Complete testcase output was:<br>
BUGNUMBER: http://scopus/bugsplat/show_bug.cgi?id=346132<br>
TypeError: exec is not a function<br>
current instr.: 'pjs_invoke_method' pc 1010 (languages/pjs/lib/jscore_includes/pjsfunction.pir:136)<br>
called from Sub '@func_0_0' pc 450 (EVAL_5:153)<br>
called from Sub 'pjs_call_function' pc 950 (languages/pjs/lib/jscore_includes/pjsfunction.pir:105)<br>
called from Sub '@func_0' pc 270 (EVAL_5:81)<br>
called from Sub '@main' pc 18 (EVAL_5:11)<br>
called from Sub 'run_file' pc 312 (/home/yavuz/parrot_svn/parrot/languages/pjs/pjs.pir:124)<br>
called from Sub 'main' pc 124 (/home/yavuz/parrot_svn/parrot/languages/pjs/pjs.pir:57)<br>
</tt><br>
<dd><b>Testcase <a target='other_window' href='http://lxr.mozilla.org/mozilla/source/js/tests/ecma_2/RegExp/properties-001.js'>ecma_2/RegExp/properties-001.js</a> failed</b> <br>
 [ <a href='#tippy_top'>Top of Page</a> ]<br>
<tt>Expected exit code 0, got 1<br>
Testcase terminated with signal 0<br>
Complete testcase output was:<br>
ReferenceError: RegExp is not defined<br>
current instr.: '@func_0' pc 151 (EVAL_5:56)<br>
called from Sub '@main' pc 18 (EVAL_5:11)<br>
called from Sub 'run_file' pc 312 (/home/yavuz/parrot_svn/parrot/languages/pjs/pjs.pir:124)<br>
called from Sub 'main' pc 124 (/home/yavuz/parrot_svn/parrot/languages/pjs/pjs.pir:57)<br>
</tt><br>
<dd><b>Testcase <a target='other_window' href='http://lxr.mozilla.org/mozilla/source/js/tests/ecma_2/RegExp/properties-002.js'>ecma_2/RegExp/properties-002.js</a> failed</b> <a href='https://bugzilla.mozilla.org/show_bug.cgi?id=124339' target='other_window'>Bug Number 124339</a><br>
 [ <a href='#tippy_top'>Top of Page</a> ]<br>
<tt>Expected exit code 0, got 1<br>
Testcase terminated with signal 0<br>
Complete testcase output was:<br>
BUGNUMBER: 124339<br>
TypeError: can't convert undefined to object<br>
current instr.: '__toObject__' pc 218 (languages/pjs/lib/jscore_includes/conversions.pir:82)<br>
called from Sub '@func_0' pc 208 (EVAL_5:64)<br>
called from Sub '@main' pc 18 (EVAL_5:11)<br>
called from Sub 'run_file' pc 312 (/home/yavuz/parrot_svn/parrot/languages/pjs/pjs.pir:124)<br>
called from Sub 'main' pc 124 (/home/yavuz/parrot_svn/parrot/languages/pjs/pjs.pir:57)<br>
</tt><br>
<dd><b>Testcase <a target='other_window' href='http://lxr.mozilla.org/mozilla/source/js/tests/ecma_2/RegExp/regexp-enumerate-001.js'>ecma_2/RegExp/regexp-enumerate-001.js</a> failed</b> <a href='https://bugzilla.mozilla.org/show_bug.cgi?id=339403' target='other_window'>Bug Number 339403</a><br>
 [ <a href='#tippy_top'>Top of Page</a> ]<br>
<tt>Expected exit code 0, got 1<br>
Testcase terminated with signal 0<br>
Complete testcase output was:<br>
BUGNUMBER: 339403<br>
regexp-enumerate-001 Regression Test for Enumerating Properties<br>
ReferenceError: RegExp is not defined<br>
current instr.: '@func_0' pc 251 (EVAL_5:78)<br>
called from Sub '@main' pc 18 (EVAL_5:11)<br>
called from Sub 'run_file' pc 312 (/home/yavuz/parrot_svn/parrot/languages/pjs/pjs.pir:124)<br>
called from Sub 'main' pc 124 (/home/yavuz/parrot_svn/parrot/languages/pjs/pjs.pir:57)<br>
</tt><br>
<dd><b>Testcase <a target='other_window' href='http://lxr.mozilla.org/mozilla/source/js/tests/ecma_2/RegExp/unicode-001.js'>ecma_2/RegExp/unicode-001.js</a> failed</b> <br>
 [ <a href='#tippy_top'>Top of Page</a> ]<br>
<tt>Expected exit code 0, got 1<br>
Testcase terminated with signal 0<br>
Complete testcase output was:<br>
TypeError: exec is not a function<br>
current instr.: 'pjs_invoke_method' pc 1010 (languages/pjs/lib/jscore_includes/pjsfunction.pir:136)<br>
called from Sub '@func_0_0' pc 1241 (EVAL_5:331)<br>
called from Sub 'pjs_call_function' pc 950 (languages/pjs/lib/jscore_includes/pjsfunction.pir:105)<br>
called from Sub '@func_0' pc 241 (EVAL_5:74)<br>
called from Sub '@main' pc 18 (EVAL_5:11)<br>
called from Sub 'run_file' pc 312 (/home/yavuz/parrot_svn/parrot/languages/pjs/pjs.pir:124)<br>
called from Sub 'main' pc 124 (/home/yavuz/parrot_svn/parrot/languages/pjs/pjs.pir:57)<br>
</tt><br>
<dd><b>Testcase <a target='other_window' href='http://lxr.mozilla.org/mozilla/source/js/tests/ecma_2/Statements/dowhile-001.js'>ecma_2/Statements/dowhile-001.js</a> failed</b> <br>
 [ <a href='#tippy_top'>Top of Page</a> ]<br>
<tt>Expected exit code 0, got 1<br>
Testcase terminated with signal 0<br>
Complete testcase output was:<br>
continue not inside a loop<br>
</tt><br>
<dd><b>Testcase <a target='other_window' href='http://lxr.mozilla.org/mozilla/source/js/tests/ecma_2/Statements/dowhile-003.js'>ecma_2/Statements/dowhile-003.js</a> failed</b> <br>
 [ <a href='#tippy_top'>Top of Page</a> ]<br>
<tt>Expected exit code 0, got 1<br>
Testcase terminated with signal 0<br>
Complete testcase output was:<br>
break not inside a loop<br>
</tt><br>
<dd><b>Testcase <a target='other_window' href='http://lxr.mozilla.org/mozilla/source/js/tests/ecma_2/Statements/dowhile-004.js'>ecma_2/Statements/dowhile-004.js</a> failed</b> <br>
 [ <a href='#tippy_top'>Top of Page</a> ]<br>
<tt>Expected exit code 0, got 1<br>
Testcase terminated with signal 0<br>
Complete testcase output was:<br>
break not inside a loop<br>
</tt><br>
<dd><b>Testcase <a target='other_window' href='http://lxr.mozilla.org/mozilla/source/js/tests/ecma_2/Statements/forin-001.js'>ecma_2/Statements/forin-001.js</a> failed</b> <a href='https://bugzilla.mozilla.org/show_bug.cgi?id=344855' target='other_window'>Bug Number 344855</a><br>
 [ <a href='#tippy_top'>Top of Page</a> ]<br>
<tt><br>
Failure messages were:<br>
object.length = 4 FAILED! expected: 0<br>
object.length = 4 FAILED! expected: 0<br>
properties.length = 0 FAILED! expected: 1<br>
properties.length = 0 FAILED! expected: 1<br>
</tt><br>
<dd><b>Testcase <a target='other_window' href='http://lxr.mozilla.org/mozilla/source/js/tests/ecma_2/Statements/switch-001.js'>ecma_2/Statements/switch-001.js</a> failed</b> <a href='https://bugzilla.mozilla.org/show_bug.cgi?id=315767' target='other_window'>Bug Number 315767</a><br>
 [ <a href='#tippy_top'>Top of Page</a> ]<br>
<tt><br>
Failure messages were:<br>
switch with no breaks, case expressions are numbers.  input is 4 = 96 FAILED! expected: 64<br>
switch with no breaks, case expressions are numbers.  input is 5 = 32 FAILED! expected: 96<br>
switch with no breaks, case expressions are numbers.  input is true = 32 FAILED! expected: 96<br>
switch with no breaks, case expressions are numbers.  input is false = 32 FAILED! expected: 96<br>
switch with no breaks, case expressions are numbers.  input is null = 32 FAILED! expected: 96<br>
switch with no breaks, case expressions are numbers.  input is undefined = 32 FAILED! expected: 96<br>
switch with no breaks, case expressions are numbers.  input is 0 = 32 FAILED! expected: 96<br>
</tt><br>
<dd><b>Testcase <a target='other_window' href='http://lxr.mozilla.org/mozilla/source/js/tests/ecma_2/Statements/switch-002.js'>ecma_2/Statements/switch-002.js</a> failed</b> <br>
 [ <a href='#tippy_top'>Top of Page</a> ]<br>
<tt><br>
Failure messages were:<br>
switch with no breaks:  input is 2 = 120 FAILED! expected: 56<br>
switch with no breaks:  input is 3 = 112 FAILED! expected: 48<br>
switch with no breaks:  input is 4 = 96 FAILED! expected: 64<br>
</tt><br>
<dd><b>Testcase <a target='other_window' href='http://lxr.mozilla.org/mozilla/source/js/tests/ecma_2/Statements/switch-003.js'>ecma_2/Statements/switch-003.js</a> failed</b> <br>
 [ <a href='#tippy_top'>Top of Page</a> ]<br>
<tt><br>
Failure messages were:<br>
switch with no breaks:  input is a = abc* FAILED! expected: abc<br>
switch with no breaks:  input is b = bc* FAILED! expected: bc<br>
switch with no breaks:  input is c = c* FAILED! expected: c<br>
switch with no breaks:  input is d = * FAILED! expected: *abc<br>
switch with no breaks:  input is v = * FAILED! expected: *abc<br>
switch with no breaks:  input is w = wabc* FAILED! expected: w*abc<br>
switch with no breaks:  input is x = xwabc* FAILED! expected: xw*abc<br>
switch with no breaks:  input is y = yxwabc* FAILED! expected: yxw*abc<br>
switch with no breaks:  input is z = zyxwabc* FAILED! expected: zyxw*abc<br>
</tt><br>
<dd><b>Testcase <a target='other_window' href='http://lxr.mozilla.org/mozilla/source/js/tests/ecma_2/Statements/try-001.js'>ecma_2/Statements/try-001.js</a> failed</b> <br>
 [ <a href='#tippy_top'>Top of Page</a> ]<br>
<tt><br>
Failure messages were:<br>
newJavaValue( 0 ) = ReferenceError: isNaN is not defined FAILED! expected: 0<br>
newJavaValue( -1 ) = ReferenceError: isNaN is not defined FAILED! expected: -1<br>
newJavaValue( 1 ) = ReferenceError: isNaN is not defined FAILED! expected: 1<br>
newJavaValue( Infinity ) = ReferenceError: isNaN is not defined FAILED! expected: Infinity<br>
</tt><br>
<dd><b>Testcase <a target='other_window' href='http://lxr.mozilla.org/mozilla/source/js/tests/ecma_2/Statements/while-002.js'>ecma_2/Statements/while-002.js</a> failed</b> <br>
 [ <a href='#tippy_top'>Top of Page</a> ]<br>
<tt>Expected exit code 0, got 1<br>
Testcase terminated with signal 0<br>
Complete testcase output was:<br>
while-002 while statement<br>
ReferenceError: isNaN is not defined<br>
current instr.: '@func_0_1' pc 1022 (EVAL_5:258)<br>
called from Sub 'pjs_call_function' pc 950 (languages/pjs/lib/jscore_includes/pjsfunction.pir:105)<br>
called from Sub '@func_0' pc 535 (EVAL_5:125)<br>
called from Sub '@main' pc 18 (EVAL_5:11)<br>
called from Sub 'run_file' pc 312 (/home/yavuz/parrot_svn/parrot/languages/pjs/pjs.pir:124)<br>
called from Sub 'main' pc 124 (/home/yavuz/parrot_svn/parrot/languages/pjs/pjs.pir:57)<br>
</tt><br>
<dd><b>Testcase <a target='other_window' href='http://lxr.mozilla.org/mozilla/source/js/tests/ecma_2/Statements/while-004.js'>ecma_2/Statements/while-004.js</a> failed</b> <br>
 [ <a href='#tippy_top'>Top of Page</a> ]<br>
<tt>Expected exit code 0, got 1<br>
Testcase terminated with signal 0<br>
Complete testcase output was:<br>
Label 'BREAK@1' already defined<br>
current instr.: 'run_file' pc 306 (/home/yavuz/parrot_svn/parrot/languages/pjs/pjs.pir:122)<br>
called from Sub 'main' pc 124 (/home/yavuz/parrot_svn/parrot/languages/pjs/pjs.pir:57)<br>
</tt><br>
<dd><b>Testcase <a target='other_window' href='http://lxr.mozilla.org/mozilla/source/js/tests/ecma_2/String/match-001.js'>ecma_2/String/match-001.js</a> failed</b> <br>
 [ <a href='#tippy_top'>Top of Page</a> ]<br>
<tt>Expected exit code 0, got 1<br>
Testcase terminated with signal 0<br>
Complete testcase output was:<br>
TypeError: match is not a function<br>
current instr.: 'pjs_invoke_method' pc 1010 (languages/pjs/lib/jscore_includes/pjsfunction.pir:136)<br>
called from Sub '@func_0_0' pc 1108 (EVAL_5:315)<br>
called from Sub 'pjs_call_function' pc 950 (languages/pjs/lib/jscore_includes/pjsfunction.pir:105)<br>
called from Sub '@func_0' pc 262 (EVAL_5:76)<br>
called from Sub '@main' pc 18 (EVAL_5:11)<br>
called from Sub 'run_file' pc 312 (/home/yavuz/parrot_svn/parrot/languages/pjs/pjs.pir:124)<br>
called from Sub 'main' pc 124 (/home/yavuz/parrot_svn/parrot/languages/pjs/pjs.pir:57)<br>
</tt><br>
<dd><b>Testcase <a target='other_window' href='http://lxr.mozilla.org/mozilla/source/js/tests/ecma_2/String/match-002.js'>ecma_2/String/match-002.js</a> failed</b> <br>
 [ <a href='#tippy_top'>Top of Page</a> ]<br>
<tt>Expected exit code 0, got 1<br>
Testcase terminated with signal 0<br>
Complete testcase output was:<br>
TypeError: exec is not a function<br>
current instr.: 'pjs_invoke_method' pc 1010 (languages/pjs/lib/jscore_includes/pjsfunction.pir:136)<br>
called from Sub '@func_0_0' pc 1546 (EVAL_5:352)<br>
called from Sub 'pjs_call_function' pc 950 (languages/pjs/lib/jscore_includes/pjsfunction.pir:105)<br>
called from Sub '@func_0' pc 277 (EVAL_5:82)<br>
called from Sub '@main' pc 18 (EVAL_5:11)<br>
called from Sub 'run_file' pc 312 (/home/yavuz/parrot_svn/parrot/languages/pjs/pjs.pir:124)<br>
called from Sub 'main' pc 124 (/home/yavuz/parrot_svn/parrot/languages/pjs/pjs.pir:57)<br>
</tt><br>
<dd><b>Testcase <a target='other_window' href='http://lxr.mozilla.org/mozilla/source/js/tests/ecma_2/String/match-003.js'>ecma_2/String/match-003.js</a> failed</b> <br>
 [ <a href='#tippy_top'>Top of Page</a> ]<br>
<tt>Expected exit code 0, got 1<br>
Testcase terminated with signal 0<br>
Complete testcase output was:<br>
TypeError: match is not a function<br>
current instr.: 'pjs_invoke_method' pc 1010 (languages/pjs/lib/jscore_includes/pjsfunction.pir:136)<br>
called from Sub '@func_0_0' pc 1316 (EVAL_5:314)<br>
called from Sub 'pjs_call_function' pc 950 (languages/pjs/lib/jscore_includes/pjsfunction.pir:105)<br>
called from Sub '@func_0' pc 258 (EVAL_5:79)<br>
called from Sub '@main' pc 18 (EVAL_5:11)<br>
called from Sub 'run_file' pc 312 (/home/yavuz/parrot_svn/parrot/languages/pjs/pjs.pir:124)<br>
called from Sub 'main' pc 124 (/home/yavuz/parrot_svn/parrot/languages/pjs/pjs.pir:57)<br>
</tt><br>
<dd><b>Testcase <a target='other_window' href='http://lxr.mozilla.org/mozilla/source/js/tests/ecma_2/String/match-004.js'>ecma_2/String/match-004.js</a> failed</b> <a href='https://bugzilla.mozilla.org/show_bug.cgi?id=345818' target='other_window'>Bug Number 345818</a><br>
 [ <a href='#tippy_top'>Top of Page</a> ]<br>
<tt>Expected exit code 0, got 1<br>
Testcase terminated with signal 0<br>
Complete testcase output was:<br>
BUGNUMBER: http://scopus/bugsplat/show_bug.cgi?id=345818<br>
TypeError: can't convert undefined to object<br>
current instr.: '__toObject__' pc 218 (languages/pjs/lib/jscore_includes/conversions.pir:82)<br>
called from Sub '@func_0_0' pc 851 (EVAL_5:223)<br>
called from Sub 'pjs_call_function' pc 950 (languages/pjs/lib/jscore_includes/pjsfunction.pir:105)<br>
called from Sub '@func_0' pc 430 (EVAL_5:101)<br>
called from Sub '@main' pc 18 (EVAL_5:11)<br>
called from Sub 'run_file' pc 312 (/home/yavuz/parrot_svn/parrot/languages/pjs/pjs.pir:124)<br>
called from Sub 'main' pc 124 (/home/yavuz/parrot_svn/parrot/languages/pjs/pjs.pir:57)<br>
</tt><br>
<dd><b>Testcase <a target='other_window' href='http://lxr.mozilla.org/mozilla/source/js/tests/ecma_2/String/replace-001.js'>ecma_2/String/replace-001.js</a> failed</b> <br>
 [ <a href='#tippy_top'>Top of Page</a> ]<br>
<tt><br>
Failure messages were:<br>
NO TESTS EXIST = Test not implemented FAILED! expected: PASSED<br>
</tt><br>
<dd><b>Testcase <a target='other_window' href='http://lxr.mozilla.org/mozilla/source/js/tests/ecma_2/String/split-001.js'>ecma_2/String/split-001.js</a> failed</b> <br>
 [ <a href='#tippy_top'>Top of Page</a> ]<br>
<tt>Expected exit code 0, got 1<br>
Testcase terminated with signal 0<br>
Complete testcase output was:<br>
ReferenceError: RegExp is not defined<br>
current instr.: '@func_0' pc 340 (EVAL_5:102)<br>
called from Sub '@main' pc 18 (EVAL_5:11)<br>
called from Sub 'run_file' pc 312 (/home/yavuz/parrot_svn/parrot/languages/pjs/pjs.pir:124)<br>
called from Sub 'main' pc 124 (/home/yavuz/parrot_svn/parrot/languages/pjs/pjs.pir:57)<br>
</tt><br>
<dd><b>Testcase <a target='other_window' href='http://lxr.mozilla.org/mozilla/source/js/tests/ecma_2/String/split-002.js'>ecma_2/String/split-002.js</a> failed</b> <br>
 [ <a href='#tippy_top'>Top of Page</a> ]<br>
<tt>Expected exit code 0, got 1<br>
Testcase terminated with signal 0<br>
Complete testcase output was:<br>
Label 'BREAK@11' already defined<br>
current instr.: 'run_file' pc 306 (/home/yavuz/parrot_svn/parrot/languages/pjs/pjs.pir:122)<br>
called from Sub 'main' pc 124 (/home/yavuz/parrot_svn/parrot/languages/pjs/pjs.pir:57)<br>
</tt><br>
<dd><b>Testcase <a target='other_window' href='http://lxr.mozilla.org/mozilla/source/js/tests/ecma_2/String/split-003.js'>ecma_2/String/split-003.js</a> failed</b> <br>
 [ <a href='#tippy_top'>Top of Page</a> ]<br>
<tt>Expected exit code 0, got 1<br>
Testcase terminated with signal 0<br>
Complete testcase output was:<br>
ReferenceError: RegExp is not defined<br>
current instr.: '@func_0' pc 167 (EVAL_5:58)<br>
called from Sub '@main' pc 18 (EVAL_5:11)<br>
called from Sub 'run_file' pc 312 (/home/yavuz/parrot_svn/parrot/languages/pjs/pjs.pir:124)<br>
called from Sub 'main' pc 124 (/home/yavuz/parrot_svn/parrot/languages/pjs/pjs.pir:57)<br>
</tt><br>
<dd><b>Testcase <a target='other_window' href='http://lxr.mozilla.org/mozilla/source/js/tests/ecma_2/extensions/constructor-001.js'>ecma_2/extensions/constructor-001.js</a> failed</b> <br>
 [ <a href='#tippy_top'>Top of Page</a> ]<br>
<tt>Expected exit code 0, got 1<br>
Testcase terminated with signal 0<br>
Complete testcase output was:<br>
ReferenceError: RegExp is not defined<br>
current instr.: '@func_0' pc 117 (EVAL_5:49)<br>
called from Sub '@main' pc 18 (EVAL_5:11)<br>
called from Sub 'run_file' pc 312 (/home/yavuz/parrot_svn/parrot/languages/pjs/pjs.pir:124)<br>
called from Sub 'main' pc 124 (/home/yavuz/parrot_svn/parrot/languages/pjs/pjs.pir:57)<br>
</tt><br>
<dd><b>Testcase <a target='other_window' href='http://lxr.mozilla.org/mozilla/source/js/tests/ecma_2/extensions/function-001.js'>ecma_2/extensions/function-001.js</a> failed</b> <br>
 [ <a href='#tippy_top'>Top of Page</a> ]<br>
<tt>Expected exit code 0, got 1<br>
Testcase terminated with signal 0<br>
Complete testcase output was:<br>
ReferenceError: RegExp is not defined<br>
current instr.: '@func_0' pc 117 (EVAL_5:49)<br>
called from Sub '@main' pc 18 (EVAL_5:11)<br>
called from Sub 'run_file' pc 312 (/home/yavuz/parrot_svn/parrot/languages/pjs/pjs.pir:124)<br>
called from Sub 'main' pc 124 (/home/yavuz/parrot_svn/parrot/languages/pjs/pjs.pir:57)<br>
</tt><br>
<dd><b>Testcase <a target='other_window' href='http://lxr.mozilla.org/mozilla/source/js/tests/ecma_2/extensions/instanceof-001.js'>ecma_2/extensions/instanceof-001.js</a> failed</b> <br>
 [ <a href='#tippy_top'>Top of Page</a> ]<br>
<tt>Expected exit code 0, got 1<br>
Testcase terminated with signal 0<br>
Complete testcase output was:<br>
[line 58, column 30] syntax error, unexpected INSTANCEOF, expecting ',' or ';'<br>
current instr.: 'run_file' pc 260 (/home/yavuz/parrot_svn/parrot/languages/pjs/pjs.pir:111)<br>
called from Sub 'main' pc 124 (/home/yavuz/parrot_svn/parrot/languages/pjs/pjs.pir:57)<br>
</tt><br>
<dd><b>Testcase <a target='other_window' href='http://lxr.mozilla.org/mozilla/source/js/tests/ecma_2/extensions/instanceof-002.js'>ecma_2/extensions/instanceof-002.js</a> failed</b> <br>
 [ <a href='#tippy_top'>Top of Page</a> ]<br>
<tt>Expected exit code 0, got 1<br>
Testcase terminated with signal 0<br>
Complete testcase output was:<br>
[line 139, column 21] Unclosed paren.<br>
current instr.: 'run_file' pc 260 (/home/yavuz/parrot_svn/parrot/languages/pjs/pjs.pir:111)<br>
called from Sub 'main' pc 124 (/home/yavuz/parrot_svn/parrot/languages/pjs/pjs.pir:57)<br>
</tt><br>
<dd><b>Testcase <a target='other_window' href='http://lxr.mozilla.org/mozilla/source/js/tests/ecma_2/extensions/instanceof-006.js'>ecma_2/extensions/instanceof-006.js</a> failed</b> <br>
 [ <a href='#tippy_top'>Top of Page</a> ]<br>
<tt>Expected exit code 0, got 1<br>
Testcase terminated with signal 0<br>
Complete testcase output was:<br>
[line 58, column 30] syntax error, unexpected INSTANCEOF, expecting ',' or ';'<br>
current instr.: 'run_file' pc 260 (/home/yavuz/parrot_svn/parrot/languages/pjs/pjs.pir:111)<br>
called from Sub 'main' pc 124 (/home/yavuz/parrot_svn/parrot/languages/pjs/pjs.pir:57)<br>
</tt><br>
<dd><b>Testcase <a target='other_window' href='http://lxr.mozilla.org/mozilla/source/js/tests/ecma_2/instanceof/instanceof-001.js'>ecma_2/instanceof/instanceof-001.js</a> failed</b> <br>
 [ <a href='#tippy_top'>Top of Page</a> ]<br>
<tt>Expected exit code 0, got 1<br>
Testcase terminated with signal 0<br>
Complete testcase output was:<br>
[line 60, column 26] Unclosed paren.<br>
current instr.: 'run_file' pc 260 (/home/yavuz/parrot_svn/parrot/languages/pjs/pjs.pir:111)<br>
called from Sub 'main' pc 124 (/home/yavuz/parrot_svn/parrot/languages/pjs/pjs.pir:57)<br>
</tt><br>
<dd><b>Testcase <a target='other_window' href='http://lxr.mozilla.org/mozilla/source/js/tests/ecma_2/instanceof/instanceof-002.js'>ecma_2/instanceof/instanceof-002.js</a> failed</b> <br>
 [ <a href='#tippy_top'>Top of Page</a> ]<br>
<tt>Expected exit code 0, got 1<br>
Testcase terminated with signal 0<br>
Complete testcase output was:<br>
[line 62, column 19] Unclosed paren.<br>
current instr.: 'run_file' pc 260 (/home/yavuz/parrot_svn/parrot/languages/pjs/pjs.pir:111)<br>
called from Sub 'main' pc 124 (/home/yavuz/parrot_svn/parrot/languages/pjs/pjs.pir:57)<br>
</tt><br>
<dd><b>Testcase <a target='other_window' href='http://lxr.mozilla.org/mozilla/source/js/tests/ecma_2/instanceof/instanceof-003.js'>ecma_2/instanceof/instanceof-003.js</a> failed</b> <br>
 [ <a href='#tippy_top'>Top of Page</a> ]<br>
<tt>Expected exit code 0, got 1<br>
Testcase terminated with signal 0<br>
Complete testcase output was:<br>
[line 77, column 21] Unclosed paren.<br>
current instr.: 'run_file' pc 260 (/home/yavuz/parrot_svn/parrot/languages/pjs/pjs.pir:111)<br>
called from Sub 'main' pc 124 (/home/yavuz/parrot_svn/parrot/languages/pjs/pjs.pir:57)<br>
</tt><br>
<dd><b>Testcase <a target='other_window' href='http://lxr.mozilla.org/mozilla/source/js/tests/ecma_3/Array/15.4.4.3-1.js'>ecma_3/Array/15.4.4.3-1.js</a> failed</b> <br>
 [ <a href='#tippy_top'>Top of Page</a> ]<br>
<tt>Expected exit code 0, got 1<br>
Testcase terminated with signal 0<br>
Complete testcase output was:<br>
TypeError: toLocaleString is not a function<br>
current instr.: 'pjs_invoke_method' pc 1010 (languages/pjs/lib/jscore_includes/pjsfunction.pir:136)<br>
called from Sub '@func_0' pc 299 (EVAL_5:85)<br>
called from Sub '@main' pc 18 (EVAL_5:11)<br>
called from Sub 'run_file' pc 312 (/home/yavuz/parrot_svn/parrot/languages/pjs/pjs.pir:124)<br>
called from Sub 'main' pc 124 (/home/yavuz/parrot_svn/parrot/languages/pjs/pjs.pir:57)<br>
</tt><br>
<dd><b>Testcase <a target='other_window' href='http://lxr.mozilla.org/mozilla/source/js/tests/ecma_3/Array/15.4.4.4-001.js'>ecma_3/Array/15.4.4.4-001.js</a> failed</b> <br>
 [ <a href='#tippy_top'>Top of Page</a> ]<br>
<tt>Expected exit code 0, got 1<br>
Testcase terminated with signal 0<br>
Complete testcase output was:<br>
TypeError: concat is not a function<br>
current instr.: 'pjs_invoke_method' pc 1010 (languages/pjs/lib/jscore_includes/pjsfunction.pir:136)<br>
called from Sub '@func_0' pc 434 (EVAL_5:109)<br>
called from Sub '@main' pc 18 (EVAL_5:11)<br>
called from Sub 'run_file' pc 312 (/home/yavuz/parrot_svn/parrot/languages/pjs/pjs.pir:124)<br>
called from Sub 'main' pc 124 (/home/yavuz/parrot_svn/parrot/languages/pjs/pjs.pir:57)<br>
</tt><br>
<dd><b>Testcase <a target='other_window' href='http://lxr.mozilla.org/mozilla/source/js/tests/ecma_3/Date/15.9.3.2-1.js'>ecma_3/Date/15.9.3.2-1.js</a> failed</b> <a href='https://bugzilla.mozilla.org/show_bug.cgi?id=273292' target='other_window'>Bug Number 273292</a><br>
 [ <a href='#tippy_top'>Top of Page</a> ]<br>
<tt>Expected exit code 0, got 1<br>
Testcase terminated with signal 0<br>
Complete testcase output was:<br>
BUGNUMBER: 273292<br>
TypeError: toDateString is not a function<br>
current instr.: 'pjs_invoke_method' pc 1010 (languages/pjs/lib/jscore_includes/pjsfunction.pir:136)<br>
called from Sub '@func_0' pc 579 (EVAL_5:158)<br>
called from Sub '@main' pc 18 (EVAL_5:11)<br>
called from Sub 'run_file' pc 312 (/home/yavuz/parrot_svn/parrot/languages/pjs/pjs.pir:124)<br>
called from Sub 'main' pc 124 (/home/yavuz/parrot_svn/parrot/languages/pjs/pjs.pir:57)<br>
</tt><br>
<dd><b>Testcase <a target='other_window' href='http://lxr.mozilla.org/mozilla/source/js/tests/ecma_3/Date/15.9.5.3.js'>ecma_3/Date/15.9.5.3.js</a> failed</b> <br>
 [ <a href='#tippy_top'>Top of Page</a> ]<br>
<tt>Expected exit code 0, got 1<br>
Testcase terminated with signal 0<br>
Complete testcase output was:<br>
15.9.5.3 Date.prototype.toDateString()<br>
TypeError: toDateString is not a function<br>
current instr.: 'pjs_invoke_method' pc 1010 (languages/pjs/lib/jscore_includes/pjsfunction.pir:136)<br>
called from Sub '@func_0' pc 332 (EVAL_5:93)<br>
called from Sub '@main' pc 18 (EVAL_5:11)<br>
called from Sub 'run_file' pc 312 (/home/yavuz/parrot_svn/parrot/languages/pjs/pjs.pir:124)<br>
called from Sub 'main' pc 124 (/home/yavuz/parrot_svn/parrot/languages/pjs/pjs.pir:57)<br>
</tt><br>
<dd><b>Testcase <a target='other_window' href='http://lxr.mozilla.org/mozilla/source/js/tests/ecma_3/Date/15.9.5.4.js'>ecma_3/Date/15.9.5.4.js</a> failed</b> <br>
 [ <a href='#tippy_top'>Top of Page</a> ]<br>
<tt>Expected exit code 0, got 1<br>
Testcase terminated with signal 0<br>
Complete testcase output was:<br>
15.9.5.4 Date.prototype.toTimeString()<br>
TypeError: toTimeString is not a function<br>
current instr.: 'pjs_invoke_method' pc 1010 (languages/pjs/lib/jscore_includes/pjsfunction.pir:136)<br>
called from Sub '@func_0' pc 468 (EVAL_5:126)<br>
called from Sub '@main' pc 18 (EVAL_5:11)<br>
called from Sub 'run_file' pc 312 (/home/yavuz/parrot_svn/parrot/languages/pjs/pjs.pir:124)<br>
called from Sub 'main' pc 124 (/home/yavuz/parrot_svn/parrot/languages/pjs/pjs.pir:57)<br>
</tt><br>
<dd><b>Testcase <a target='other_window' href='http://lxr.mozilla.org/mozilla/source/js/tests/ecma_3/Date/15.9.5.5.js'>ecma_3/Date/15.9.5.5.js</a> failed</b> <br>
 [ <a href='#tippy_top'>Top of Page</a> ]<br>
<tt>Expected exit code 0, got 1<br>
Testcase terminated with signal 0<br>
Complete testcase output was:<br>
15.9.5.5 Date.prototype.toLocaleString()<br>
TypeError: toLocaleString is not a function<br>
current instr.: 'pjs_invoke_method' pc 1010 (languages/pjs/lib/jscore_includes/pjsfunction.pir:136)<br>
called from Sub '@func_0' pc 308 (EVAL_5:89)<br>
called from Sub '@main' pc 18 (EVAL_5:11)<br>
called from Sub 'run_file' pc 312 (/home/yavuz/parrot_svn/parrot/languages/pjs/pjs.pir:124)<br>
called from Sub 'main' pc 124 (/home/yavuz/parrot_svn/parrot/languages/pjs/pjs.pir:57)<br>
</tt><br>
<dd><b>Testcase <a target='other_window' href='http://lxr.mozilla.org/mozilla/source/js/tests/ecma_3/Date/15.9.5.6.js'>ecma_3/Date/15.9.5.6.js</a> failed</b> <br>
 [ <a href='#tippy_top'>Top of Page</a> ]<br>
<tt>Expected exit code 0, got 1<br>
Testcase terminated with signal 0<br>
Complete testcase output was:<br>
15.9.5.6 Date.prototype.toLocaleDateString()<br>
TypeError: toLocaleDateString is not a function<br>
current instr.: 'pjs_invoke_method' pc 1010 (languages/pjs/lib/jscore_includes/pjsfunction.pir:136)<br>
called from Sub '@func_0' pc 332 (EVAL_5:93)<br>
called from Sub '@main' pc 18 (EVAL_5:11)<br>
called from Sub 'run_file' pc 312 (/home/yavuz/parrot_svn/parrot/languages/pjs/pjs.pir:124)<br>
called from Sub 'main' pc 124 (/home/yavuz/parrot_svn/parrot/languages/pjs/pjs.pir:57)<br>
</tt><br>
<dd><b>Testcase <a target='other_window' href='http://lxr.mozilla.org/mozilla/source/js/tests/ecma_3/Date/15.9.5.7.js'>ecma_3/Date/15.9.5.7.js</a> failed</b> <br>
 [ <a href='#tippy_top'>Top of Page</a> ]<br>
<tt>Expected exit code 0, got 1<br>
Testcase terminated with signal 0<br>
Complete testcase output was:<br>
15.9.5.7 Date.prototype.toLocaleTimeString()<br>
TypeError: toLocaleTimeString is not a function<br>
current instr.: 'pjs_invoke_method' pc 1010 (languages/pjs/lib/jscore_includes/pjsfunction.pir:136)<br>
called from Sub '@func_0' pc 396 (EVAL_5:114)<br>
called from Sub '@main' pc 18 (EVAL_5:11)<br>
called from Sub 'run_file' pc 312 (/home/yavuz/parrot_svn/parrot/languages/pjs/pjs.pir:124)<br>
called from Sub 'main' pc 124 (/home/yavuz/parrot_svn/parrot/languages/pjs/pjs.pir:57)<br>
</tt><br>
<dd><b>Testcase <a target='other_window' href='http://lxr.mozilla.org/mozilla/source/js/tests/ecma_3/Exceptions/15.11.1.1.js'>ecma_3/Exceptions/15.11.1.1.js</a> failed</b> <br>
 [ <a href='#tippy_top'>Top of Page</a> ]<br>
<tt>Expected exit code 0, got 1<br>
Testcase terminated with signal 0<br>
Complete testcase output was:<br>
ReferenceError: Error is not defined<br>
current instr.: '@func_0' pc 454 (EVAL_5:119)<br>
called from Sub '@main' pc 18 (EVAL_5:11)<br>
called from Sub 'run_file' pc 312 (/home/yavuz/parrot_svn/parrot/languages/pjs/pjs.pir:124)<br>
called from Sub 'main' pc 124 (/home/yavuz/parrot_svn/parrot/languages/pjs/pjs.pir:57)<br>
</tt><br>
<dd><b>Testcase <a target='other_window' href='http://lxr.mozilla.org/mozilla/source/js/tests/ecma_3/Exceptions/15.11.4.4-1.js'>ecma_3/Exceptions/15.11.4.4-1.js</a> failed</b> <br>
 [ <a href='#tippy_top'>Top of Page</a> ]<br>
<tt>Expected exit code 0, got 1<br>
Testcase terminated with signal 0<br>
Complete testcase output was:<br>
ReferenceError: Error is not defined<br>
current instr.: '@func_0' pc 427 (EVAL_5:114)<br>
called from Sub '@main' pc 18 (EVAL_5:11)<br>
called from Sub 'run_file' pc 312 (/home/yavuz/parrot_svn/parrot/languages/pjs/pjs.pir:124)<br>
called from Sub 'main' pc 124 (/home/yavuz/parrot_svn/parrot/languages/pjs/pjs.pir:57)<br>
</tt><br>
<dd><b>Testcase <a target='other_window' href='http://lxr.mozilla.org/mozilla/source/js/tests/ecma_3/Exceptions/15.11.7.6-001.js'>ecma_3/Exceptions/15.11.7.6-001.js</a> failed</b> <br>
 [ <a href='#tippy_top'>Top of Page</a> ]<br>
<tt>Expected exit code 0, got 1<br>
Testcase terminated with signal 0<br>
Complete testcase output was:<br>
TypeError: match is not a function<br>
current instr.: 'pjs_invoke_method' pc 1010 (languages/pjs/lib/jscore_includes/pjsfunction.pir:136)<br>
called from Sub '@func_0_12' pc 7580 (EVAL_2:2035)<br>
called from Sub 'pjs_call_function' pc 950 (languages/pjs/lib/jscore_includes/pjsfunction.pir:105)<br>
called from Sub '@func_0_2' pc 1117 (EVAL_5:330)<br>
called from Sub 'pjs_call_function' pc 950 (languages/pjs/lib/jscore_includes/pjsfunction.pir:105)<br>
called from Sub '@func_0' pc 750 (EVAL_5:195)<br>
called from Sub '@main' pc 18 (EVAL_5:11)<br>
called from Sub 'run_file' pc 312 (/home/yavuz/parrot_svn/parrot/languages/pjs/pjs.pir:124)<br>
called from Sub 'main' pc 124 (/home/yavuz/parrot_svn/parrot/languages/pjs/pjs.pir:57)<br>
</tt><br>
<dd><b>Testcase <a target='other_window' href='http://lxr.mozilla.org/mozilla/source/js/tests/ecma_3/Exceptions/15.11.7.6-002.js'>ecma_3/Exceptions/15.11.7.6-002.js</a> failed</b> <br>
 [ <a href='#tippy_top'>Top of Page</a> ]<br>
<tt>Expected exit code 0, got 1<br>
Testcase terminated with signal 0<br>
Complete testcase output was:<br>
TypeError: match is not a function<br>
current instr.: 'pjs_invoke_method' pc 1010 (languages/pjs/lib/jscore_includes/pjsfunction.pir:136)<br>
called from Sub '@func_0_12' pc 7580 (EVAL_2:2035)<br>
called from Sub 'pjs_call_function' pc 950 (languages/pjs/lib/jscore_includes/pjsfunction.pir:105)<br>
called from Sub '@func_0_2' pc 1134 (EVAL_5:337)<br>
called from Sub 'pjs_call_function' pc 950 (languages/pjs/lib/jscore_includes/pjsfunction.pir:105)<br>
called from Sub '@func_0' pc 750 (EVAL_5:195)<br>
called from Sub '@main' pc 18 (EVAL_5:11)<br>
called from Sub 'run_file' pc 312 (/home/yavuz/parrot_svn/parrot/languages/pjs/pjs.pir:124)<br>
called from Sub 'main' pc 124 (/home/yavuz/parrot_svn/parrot/languages/pjs/pjs.pir:57)<br>
</tt><br>
<dd><b>Testcase <a target='other_window' href='http://lxr.mozilla.org/mozilla/source/js/tests/ecma_3/Exceptions/15.11.7.6-003.js'>ecma_3/Exceptions/15.11.7.6-003.js</a> failed</b> <br>
 [ <a href='#tippy_top'>Top of Page</a> ]<br>
<tt>Expected exit code 0, got 1<br>
Testcase terminated with signal 0<br>
Complete testcase output was:<br>
TypeError: match is not a function<br>
current instr.: 'pjs_invoke_method' pc 1010 (languages/pjs/lib/jscore_includes/pjsfunction.pir:136)<br>
called from Sub '@func_0_12' pc 7580 (EVAL_2:2035)<br>
called from Sub 'pjs_call_function' pc 950 (languages/pjs/lib/jscore_includes/pjsfunction.pir:105)<br>
called from Sub '@func_0_2' pc 1158 (EVAL_5:338)<br>
called from Sub 'pjs_call_function' pc 950 (languages/pjs/lib/jscore_includes/pjsfunction.pir:105)<br>
called from Sub '@func_0' pc 750 (EVAL_5:195)<br>
called from Sub '@main' pc 18 (EVAL_5:11)<br>
called from Sub 'run_file' pc 312 (/home/yavuz/parrot_svn/parrot/languages/pjs/pjs.pir:124)<br>
called from Sub 'main' pc 124 (/home/yavuz/parrot_svn/parrot/languages/pjs/pjs.pir:57)<br>
</tt><br>
<dd><b>Testcase <a target='other_window' href='http://lxr.mozilla.org/mozilla/source/js/tests/ecma_3/Exceptions/binding-001.js'>ecma_3/Exceptions/binding-001.js</a> failed</b> <br>
 [ <a href='#tippy_top'>Top of Page</a> ]<br>
<tt>Expected exit code 0, got 1<br>
Testcase terminated with signal 0<br>
Complete testcase output was:<br>
[line 77, column 23] syntax error, unexpected INSTANCEOF, expecting ',' or ';'<br>
current instr.: 'run_file' pc 260 (/home/yavuz/parrot_svn/parrot/languages/pjs/pjs.pir:111)<br>
called from Sub 'main' pc 124 (/home/yavuz/parrot_svn/parrot/languages/pjs/pjs.pir:57)<br>
</tt><br>
<dd><b>Testcase <a target='other_window' href='http://lxr.mozilla.org/mozilla/source/js/tests/ecma_3/ExecutionContexts/10.1.3-1.js'>ecma_3/ExecutionContexts/10.1.3-1.js</a> failed</b> <br>
 [ <a href='#tippy_top'>Top of Page</a> ]<br>
<tt>Expected exit code 0, got 1<br>
Testcase terminated with signal 0<br>
Complete testcase output was:<br>
TypeError: match is not a function<br>
current instr.: 'pjs_invoke_method' pc 1010 (languages/pjs/lib/jscore_includes/pjsfunction.pir:136)<br>
called from Sub '@func_0' pc 991 (EVAL_5:201)<br>
called from Sub '@main' pc 18 (EVAL_5:11)<br>
called from Sub 'run_file' pc 312 (/home/yavuz/parrot_svn/parrot/languages/pjs/pjs.pir:124)<br>
called from Sub 'main' pc 124 (/home/yavuz/parrot_svn/parrot/languages/pjs/pjs.pir:57)<br>
</tt><br>
<dd><b>Testcase <a target='other_window' href='http://lxr.mozilla.org/mozilla/source/js/tests/ecma_3/ExecutionContexts/10.1.3.js'>ecma_3/ExecutionContexts/10.1.3.js</a> failed</b> <br>
 [ <a href='#tippy_top'>Top of Page</a> ]<br>
<tt>Expected exit code 0, got 1<br>
Testcase terminated with signal 0<br>
Complete testcase output was:<br>
TypeError: match is not a function<br>
current instr.: 'pjs_invoke_method' pc 1010 (languages/pjs/lib/jscore_includes/pjsfunction.pir:136)<br>
called from Sub '@func_0_12' pc 7580 (EVAL_2:2035)<br>
called from Sub 'pjs_call_function' pc 950 (languages/pjs/lib/jscore_includes/pjsfunction.pir:105)<br>
called from Sub '@func_0_1' pc 271 (EVAL_5:121)<br>
called from Sub 'pjs_call_function' pc 950 (languages/pjs/lib/jscore_includes/pjsfunction.pir:105)<br>
called from Sub '@func_0' pc 121 (EVAL_5:44)<br>
called from Sub '@main' pc 18 (EVAL_5:11)<br>
called from Sub 'run_file' pc 312 (/home/yavuz/parrot_svn/parrot/languages/pjs/pjs.pir:124)<br>
called from Sub 'main' pc 124 (/home/yavuz/parrot_svn/parrot/languages/pjs/pjs.pir:57)<br>
</tt><br>
<dd><b>Testcase <a target='other_window' href='http://lxr.mozilla.org/mozilla/source/js/tests/ecma_3/ExecutionContexts/10.1.4-1.js'>ecma_3/ExecutionContexts/10.1.4-1.js</a> failed</b> <br>
 [ <a href='#tippy_top'>Top of Page</a> ]<br>
<tt>Expected exit code 0, got 1<br>
Testcase terminated with signal 0<br>
Complete testcase output was:<br>
TypeError: match is not a function<br>
current instr.: 'pjs_invoke_method' pc 1010 (languages/pjs/lib/jscore_includes/pjsfunction.pir:136)<br>
called from Sub '@func_0_12' pc 7580 (EVAL_2:2035)<br>
called from Sub 'pjs_call_function' pc 950 (languages/pjs/lib/jscore_includes/pjsfunction.pir:105)<br>
called from Sub '@func_0_0' pc 206 (EVAL_5:82)<br>
called from Sub 'pjs_call_function' pc 950 (languages/pjs/lib/jscore_includes/pjsfunction.pir:105)<br>
called from Sub '@func_0' pc 153 (EVAL_5:56)<br>
called from Sub '@main' pc 18 (EVAL_5:11)<br>
called from Sub 'run_file' pc 312 (/home/yavuz/parrot_svn/parrot/languages/pjs/pjs.pir:124)<br>
called from Sub 'main' pc 124 (/home/yavuz/parrot_svn/parrot/languages/pjs/pjs.pir:57)<br>
</tt><br>
<dd><b>Testcase <a target='other_window' href='http://lxr.mozilla.org/mozilla/source/js/tests/ecma_3/Expressions/11.6.1-1.js'>ecma_3/Expressions/11.6.1-1.js</a> failed</b> <br>
 [ <a href='#tippy_top'>Top of Page</a> ]<br>
<tt>Expected exit code 0, got 1<br>
Testcase terminated with signal 0<br>
Complete testcase output was:<br>
TypeError: match is not a function<br>
current instr.: 'pjs_invoke_method' pc 1010 (languages/pjs/lib/jscore_includes/pjsfunction.pir:136)<br>
called from Sub '@func_0_12' pc 7580 (EVAL_2:2035)<br>
called from Sub 'pjs_call_function' pc 950 (languages/pjs/lib/jscore_includes/pjsfunction.pir:105)<br>
called from Sub '@func_0_3' pc 1948 (EVAL_5:519)<br>
called from Sub 'pjs_call_function' pc 950 (languages/pjs/lib/jscore_includes/pjsfunction.pir:105)<br>
called from Sub '@func_0' pc 1286 (EVAL_5:287)<br>
called from Sub '@main' pc 18 (EVAL_5:11)<br>
called from Sub 'run_file' pc 312 (/home/yavuz/parrot_svn/parrot/languages/pjs/pjs.pir:124)<br>
called from Sub 'main' pc 124 (/home/yavuz/parrot_svn/parrot/languages/pjs/pjs.pir:57)<br>
</tt><br>
<dd><b>Testcase <a target='other_window' href='http://lxr.mozilla.org/mozilla/source/js/tests/ecma_3/Expressions/11.9.6-1.js'>ecma_3/Expressions/11.9.6-1.js</a> failed</b> <br>
 [ <a href='#tippy_top'>Top of Page</a> ]<br>
<tt>Expected exit code 0, got 1<br>
Testcase terminated with signal 0<br>
Complete testcase output was:<br>
TypeError: match is not a function<br>
current instr.: 'pjs_invoke_method' pc 1010 (languages/pjs/lib/jscore_includes/pjsfunction.pir:136)<br>
called from Sub '@func_0_12' pc 7580 (EVAL_2:2035)<br>
called from Sub 'pjs_call_function' pc 950 (languages/pjs/lib/jscore_includes/pjsfunction.pir:105)<br>
called from Sub '@func_0_5' pc 2155 (EVAL_5:632)<br>
called from Sub 'pjs_call_function' pc 950 (languages/pjs/lib/jscore_includes/pjsfunction.pir:105)<br>
called from Sub '@func_0' pc 1212 (EVAL_5:271)<br>
called from Sub '@main' pc 18 (EVAL_5:11)<br>
called from Sub 'run_file' pc 312 (/home/yavuz/parrot_svn/parrot/languages/pjs/pjs.pir:124)<br>
called from Sub 'main' pc 124 (/home/yavuz/parrot_svn/parrot/languages/pjs/pjs.pir:57)<br>
</tt><br>
<dd><b>Testcase <a target='other_window' href='http://lxr.mozilla.org/mozilla/source/js/tests/ecma_3/FunExpr/fe-001.js'>ecma_3/FunExpr/fe-001.js</a> failed</b> <br>
 [ <a href='#tippy_top'>Top of Page</a> ]<br>
<tt>Expected exit code 0, got 1<br>
Testcase terminated with signal 0<br>
Complete testcase output was:<br>
TypeError: match is not a function<br>
current instr.: 'pjs_invoke_method' pc 1010 (languages/pjs/lib/jscore_includes/pjsfunction.pir:136)<br>
called from Sub '@func_0_12' pc 7580 (EVAL_2:2035)<br>
called from Sub 'pjs_call_function' pc 950 (languages/pjs/lib/jscore_includes/pjsfunction.pir:105)<br>
called from Sub '@func_0_2' pc 272 (EVAL_5:129)<br>
called from Sub 'pjs_call_function' pc 950 (languages/pjs/lib/jscore_includes/pjsfunction.pir:105)<br>
called from Sub '@func_0' pc 165 (EVAL_5:60)<br>
called from Sub '@main' pc 18 (EVAL_5:11)<br>
called from Sub 'run_file' pc 312 (/home/yavuz/parrot_svn/parrot/languages/pjs/pjs.pir:124)<br>
called from Sub 'main' pc 124 (/home/yavuz/parrot_svn/parrot/languages/pjs/pjs.pir:57)<br>
</tt><br>
<dd><b>Testcase <a target='other_window' href='http://lxr.mozilla.org/mozilla/source/js/tests/ecma_3/FunExpr/fe-002.js'>ecma_3/FunExpr/fe-002.js</a> failed</b> <br>
 [ <a href='#tippy_top'>Top of Page</a> ]<br>
<tt>Expected exit code 0, got 1<br>
Testcase terminated with signal 0<br>
Complete testcase output was:<br>
TypeError: match is not a function<br>
current instr.: 'pjs_invoke_method' pc 1010 (languages/pjs/lib/jscore_includes/pjsfunction.pir:136)<br>
called from Sub '@func_0_12' pc 7580 (EVAL_2:2035)<br>
called from Sub 'pjs_call_function' pc 950 (languages/pjs/lib/jscore_includes/pjsfunction.pir:105)<br>
called from Sub '@func_0_1' pc 205 (EVAL_5:93)<br>
called from Sub 'pjs_call_function' pc 950 (languages/pjs/lib/jscore_includes/pjsfunction.pir:105)<br>
called from Sub '@func_0' pc 121 (EVAL_5:44)<br>
called from Sub '@main' pc 18 (EVAL_5:11)<br>
called from Sub 'run_file' pc 312 (/home/yavuz/parrot_svn/parrot/languages/pjs/pjs.pir:124)<br>
called from Sub 'main' pc 124 (/home/yavuz/parrot_svn/parrot/languages/pjs/pjs.pir:57)<br>
</tt><br>
<dd><b>Testcase <a target='other_window' href='http://lxr.mozilla.org/mozilla/source/js/tests/ecma_3/Function/15.3.4.3-1.js'>ecma_3/Function/15.3.4.3-1.js</a> failed</b> <br>
 [ <a href='#tippy_top'>Top of Page</a> ]<br>
<tt>Expected exit code 0, got 1<br>
Testcase terminated with signal 0<br>
Complete testcase output was:<br>
TypeError: match is not a function<br>
current instr.: 'pjs_invoke_method' pc 1010 (languages/pjs/lib/jscore_includes/pjsfunction.pir:136)<br>
called from Sub '@func_0_12' pc 7580 (EVAL_2:2035)<br>
called from Sub 'pjs_call_function' pc 950 (languages/pjs/lib/jscore_includes/pjsfunction.pir:105)<br>
called from Sub '@func_0_4' pc 2693 (EVAL_5:575)<br>
called from Sub 'pjs_call_function' pc 950 (languages/pjs/lib/jscore_includes/pjsfunction.pir:105)<br>
called from Sub '@func_0' pc 2268 (EVAL_5:394)<br>
called from Sub '@main' pc 18 (EVAL_5:11)<br>
called from Sub 'run_file' pc 312 (/home/yavuz/parrot_svn/parrot/languages/pjs/pjs.pir:124)<br>
called from Sub 'main' pc 124 (/home/yavuz/parrot_svn/parrot/languages/pjs/pjs.pir:57)<br>
</tt><br>
<dd><b>Testcase <a target='other_window' href='http://lxr.mozilla.org/mozilla/source/js/tests/ecma_3/Function/15.3.4.4-1.js'>ecma_3/Function/15.3.4.4-1.js</a> failed</b> <br>
 [ <a href='#tippy_top'>Top of Page</a> ]<br>
<tt>Expected exit code 0, got 1<br>
Testcase terminated with signal 0<br>
Complete testcase output was:<br>
TypeError: match is not a function<br>
current instr.: 'pjs_invoke_method' pc 1010 (languages/pjs/lib/jscore_includes/pjsfunction.pir:136)<br>
called from Sub '@func_0_12' pc 7580 (EVAL_2:2035)<br>
called from Sub 'pjs_call_function' pc 950 (languages/pjs/lib/jscore_includes/pjsfunction.pir:105)<br>
called from Sub '@func_0_4' pc 2161 (EVAL_5:497)<br>
called from Sub 'pjs_call_function' pc 950 (languages/pjs/lib/jscore_includes/pjsfunction.pir:105)<br>
called from Sub '@func_0' pc 1736 (EVAL_5:316)<br>
called from Sub '@main' pc 18 (EVAL_5:11)<br>
called from Sub 'run_file' pc 312 (/home/yavuz/parrot_svn/parrot/languages/pjs/pjs.pir:124)<br>
called from Sub 'main' pc 124 (/home/yavuz/parrot_svn/parrot/languages/pjs/pjs.pir:57)<br>
</tt><br>
<dd><b>Testcase <a target='other_window' href='http://lxr.mozilla.org/mozilla/source/js/tests/ecma_3/Function/arguments-001.js'>ecma_3/Function/arguments-001.js</a> failed</b> <br>
 [ <a href='#tippy_top'>Top of Page</a> ]<br>
<tt>Expected exit code 0, got 1<br>
Testcase terminated with signal 0<br>
Complete testcase output was:<br>
[line 68, column 21] syntax error, unexpected INSTANCEOF, expecting ',' or ';'<br>
current instr.: 'run_file' pc 260 (/home/yavuz/parrot_svn/parrot/languages/pjs/pjs.pir:111)<br>
called from Sub 'main' pc 124 (/home/yavuz/parrot_svn/parrot/languages/pjs/pjs.pir:57)<br>
</tt><br>
<dd><b>Testcase <a target='other_window' href='http://lxr.mozilla.org/mozilla/source/js/tests/ecma_3/Function/call-001.js'>ecma_3/Function/call-001.js</a> failed</b> <br>
 [ <a href='#tippy_top'>Top of Page</a> ]<br>
<tt>Expected exit code 0, got 1<br>
Testcase terminated with signal 0<br>
Complete testcase output was:<br>
TypeError: match is not a function<br>
current instr.: 'pjs_invoke_method' pc 1010 (languages/pjs/lib/jscore_includes/pjsfunction.pir:136)<br>
called from Sub '@func_0_12' pc 7580 (EVAL_2:2035)<br>
called from Sub 'pjs_call_function' pc 950 (languages/pjs/lib/jscore_includes/pjsfunction.pir:105)<br>
called from Sub '@func_0_1' pc 1396 (EVAL_5:317)<br>
called from Sub 'pjs_call_function' pc 950 (languages/pjs/lib/jscore_includes/pjsfunction.pir:105)<br>
called from Sub '@func_0' pc 1207 (EVAL_5:246)<br>
called from Sub '@main' pc 18 (EVAL_5:11)<br>
called from Sub 'run_file' pc 312 (/home/yavuz/parrot_svn/parrot/languages/pjs/pjs.pir:124)<br>
called from Sub 'main' pc 124 (/home/yavuz/parrot_svn/parrot/languages/pjs/pjs.pir:57)<br>
</tt><br>
<dd><b>Testcase <a target='other_window' href='http://lxr.mozilla.org/mozilla/source/js/tests/ecma_3/Function/scope-001.js'>ecma_3/Function/scope-001.js</a> failed</b> <br>
 [ <a href='#tippy_top'>Top of Page</a> ]<br>
<tt>Expected exit code 0, got 1<br>
Testcase terminated with signal 0<br>
Complete testcase output was:<br>
TypeError: hasOwnProperty is not a function<br>
current instr.: 'pjs_invoke_method' pc 1010 (languages/pjs/lib/jscore_includes/pjsfunction.pir:136)<br>
called from Sub '@func_0' pc 1683 (EVAL_5:397)<br>
called from Sub '@main' pc 18 (EVAL_5:11)<br>
called from Sub 'run_file' pc 312 (/home/yavuz/parrot_svn/parrot/languages/pjs/pjs.pir:124)<br>
called from Sub 'main' pc 124 (/home/yavuz/parrot_svn/parrot/languages/pjs/pjs.pir:57)<br>
</tt><br>
<dd><b>Testcase <a target='other_window' href='http://lxr.mozilla.org/mozilla/source/js/tests/ecma_3/Function/scope-002.js'>ecma_3/Function/scope-002.js</a> failed</b> <br>
 [ <a href='#tippy_top'>Top of Page</a> ]<br>
<tt>Expected exit code 0, got 1<br>
Testcase terminated with signal 0<br>
Complete testcase output was:<br>
TypeError: hasOwnProperty is not a function<br>
current instr.: 'pjs_invoke_method' pc 1010 (languages/pjs/lib/jscore_includes/pjsfunction.pir:136)<br>
called from Sub '@func_0' pc 1669 (EVAL_5:386)<br>
called from Sub '@main' pc 18 (EVAL_5:11)<br>
called from Sub 'run_file' pc 312 (/home/yavuz/parrot_svn/parrot/languages/pjs/pjs.pir:124)<br>
called from Sub 'main' pc 124 (/home/yavuz/parrot_svn/parrot/languages/pjs/pjs.pir:57)<br>
</tt><br>
<dd><b>Testcase <a target='other_window' href='http://lxr.mozilla.org/mozilla/source/js/tests/ecma_3/Number/15.7.4.5-1.js'>ecma_3/Number/15.7.4.5-1.js</a> failed</b> <br>
 [ <a href='#tippy_top'>Top of Page</a> ]<br>
<tt>Expected exit code 0, got 1<br>
Testcase terminated with signal 0<br>
Complete testcase output was:<br>
[line 142, column 20] syntax error, unexpected INSTANCEOF, expecting ')' or ','<br>
current instr.: 'run_file' pc 260 (/home/yavuz/parrot_svn/parrot/languages/pjs/pjs.pir:111)<br>
called from Sub 'main' pc 124 (/home/yavuz/parrot_svn/parrot/languages/pjs/pjs.pir:57)<br>
</tt><br>
<dd><b>Testcase <a target='other_window' href='http://lxr.mozilla.org/mozilla/source/js/tests/ecma_3/Number/15.7.4.6-1.js'>ecma_3/Number/15.7.4.6-1.js</a> failed</b> <br>
 [ <a href='#tippy_top'>Top of Page</a> ]<br>
<tt>Expected exit code 0, got 1<br>
Testcase terminated with signal 0<br>
Complete testcase output was:<br>
[line 131, column 20] syntax error, unexpected INSTANCEOF, expecting ')' or ','<br>
current instr.: 'run_file' pc 260 (/home/yavuz/parrot_svn/parrot/languages/pjs/pjs.pir:111)<br>
called from Sub 'main' pc 124 (/home/yavuz/parrot_svn/parrot/languages/pjs/pjs.pir:57)<br>
</tt><br>
<dd><b>Testcase <a target='other_window' href='http://lxr.mozilla.org/mozilla/source/js/tests/ecma_3/Number/15.7.4.7-1.js'>ecma_3/Number/15.7.4.7-1.js</a> failed</b> <br>
 [ <a href='#tippy_top'>Top of Page</a> ]<br>
<tt>Expected exit code 0, got 1<br>
Testcase terminated with signal 0<br>
Complete testcase output was:<br>
[line 136, column 20] syntax error, unexpected INSTANCEOF, expecting ')' or ','<br>
current instr.: 'run_file' pc 260 (/home/yavuz/parrot_svn/parrot/languages/pjs/pjs.pir:111)<br>
called from Sub 'main' pc 124 (/home/yavuz/parrot_svn/parrot/languages/pjs/pjs.pir:57)<br>
</tt><br>
<dd><b>Testcase <a target='other_window' href='http://lxr.mozilla.org/mozilla/source/js/tests/ecma_3/Object/8.6.1-01.js'>ecma_3/Object/8.6.1-01.js</a> failed</b> <br>
 [ <a href='#tippy_top'>Top of Page</a> ]<br>
<tt>Expected exit code 0, got 1<br>
Testcase terminated with signal 0<br>
Complete testcase output was:<br>
[line 103, column 23] syntax error, unexpected INSTANCEOF, expecting ';'<br>
current instr.: 'run_file' pc 260 (/home/yavuz/parrot_svn/parrot/languages/pjs/pjs.pir:111)<br>
called from Sub 'main' pc 124 (/home/yavuz/parrot_svn/parrot/languages/pjs/pjs.pir:57)<br>
</tt><br>
<dd><b>Testcase <a target='other_window' href='http://lxr.mozilla.org/mozilla/source/js/tests/ecma_3/Object/8.6.2.6-001.js'>ecma_3/Object/8.6.2.6-001.js</a> failed</b> <br>
 [ <a href='#tippy_top'>Top of Page</a> ]<br>
<tt>Expected exit code 0, got 1<br>
Testcase terminated with signal 0<br>
Complete testcase output was:<br>
[line 103, column 23] syntax error, unexpected INSTANCEOF, expecting ';'<br>
current instr.: 'run_file' pc 260 (/home/yavuz/parrot_svn/parrot/languages/pjs/pjs.pir:111)<br>
called from Sub 'main' pc 124 (/home/yavuz/parrot_svn/parrot/languages/pjs/pjs.pir:57)<br>
</tt><br>
<dd><b>Testcase <a target='other_window' href='http://lxr.mozilla.org/mozilla/source/js/tests/ecma_3/Object/class-001.js'>ecma_3/Object/class-001.js</a> failed</b> <br>
 [ <a href='#tippy_top'>Top of Page</a> ]<br>
<tt>Expected exit code 0, got 1<br>
Testcase terminated with signal 0<br>
Complete testcase output was:<br>
[line 103, column 23] syntax error, unexpected INSTANCEOF, expecting ';'<br>
current instr.: 'run_file' pc 260 (/home/yavuz/parrot_svn/parrot/languages/pjs/pjs.pir:111)<br>
called from Sub 'main' pc 124 (/home/yavuz/parrot_svn/parrot/languages/pjs/pjs.pir:57)<br>
</tt><br>
<dd><b>Testcase <a target='other_window' href='http://lxr.mozilla.org/mozilla/source/js/tests/ecma_3/Object/class-002.js'>ecma_3/Object/class-002.js</a> failed</b> <br>
 [ <a href='#tippy_top'>Top of Page</a> ]<br>
<tt>Expected exit code 0, got 1<br>
Testcase terminated with signal 0<br>
Complete testcase output was:<br>
[line 103, column 23] syntax error, unexpected INSTANCEOF, expecting ';'<br>
current instr.: 'run_file' pc 260 (/home/yavuz/parrot_svn/parrot/languages/pjs/pjs.pir:111)<br>
called from Sub 'main' pc 124 (/home/yavuz/parrot_svn/parrot/languages/pjs/pjs.pir:57)<br>
</tt><br>
<dd><b>Testcase <a target='other_window' href='http://lxr.mozilla.org/mozilla/source/js/tests/ecma_3/Object/class-003.js'>ecma_3/Object/class-003.js</a> failed</b> <br>
 [ <a href='#tippy_top'>Top of Page</a> ]<br>
<tt>Expected exit code 0, got 1<br>
Testcase terminated with signal 0<br>
Complete testcase output was:<br>
[line 103, column 23] syntax error, unexpected INSTANCEOF, expecting ';'<br>
current instr.: 'run_file' pc 260 (/home/yavuz/parrot_svn/parrot/languages/pjs/pjs.pir:111)<br>
called from Sub 'main' pc 124 (/home/yavuz/parrot_svn/parrot/languages/pjs/pjs.pir:57)<br>
</tt><br>
<dd><b>Testcase <a target='other_window' href='http://lxr.mozilla.org/mozilla/source/js/tests/ecma_3/Object/class-004.js'>ecma_3/Object/class-004.js</a> failed</b> <br>
 [ <a href='#tippy_top'>Top of Page</a> ]<br>
<tt>Expected exit code 0, got 1<br>
Testcase terminated with signal 0<br>
Complete testcase output was:<br>
[line 103, column 23] syntax error, unexpected INSTANCEOF, expecting ';'<br>
current instr.: 'run_file' pc 260 (/home/yavuz/parrot_svn/parrot/languages/pjs/pjs.pir:111)<br>
called from Sub 'main' pc 124 (/home/yavuz/parrot_svn/parrot/languages/pjs/pjs.pir:57)<br>
</tt><br>
<dd><b>Testcase <a target='other_window' href='http://lxr.mozilla.org/mozilla/source/js/tests/ecma_3/Object/class-005.js'>ecma_3/Object/class-005.js</a> failed</b> <br>
 [ <a href='#tippy_top'>Top of Page</a> ]<br>
<tt>Expected exit code 0, got 1<br>
Testcase terminated with signal 0<br>
Complete testcase output was:<br>
[line 103, column 23] syntax error, unexpected INSTANCEOF, expecting ';'<br>
current instr.: 'run_file' pc 260 (/home/yavuz/parrot_svn/parrot/languages/pjs/pjs.pir:111)<br>
called from Sub 'main' pc 124 (/home/yavuz/parrot_svn/parrot/languages/pjs/pjs.pir:57)<br>
</tt><br>
<dd><b>Testcase <a target='other_window' href='http://lxr.mozilla.org/mozilla/source/js/tests/ecma_3/Operators/11.13.1-001.js'>ecma_3/Operators/11.13.1-001.js</a> failed</b> <br>
 [ <a href='#tippy_top'>Top of Page</a> ]<br>
<tt>Expected exit code 0, got 1<br>
Testcase terminated with signal 0<br>
Complete testcase output was:<br>
[line 74, column 18] syntax error, unexpected INSTANCEOF, expecting ')' or ','<br>
current instr.: 'run_file' pc 260 (/home/yavuz/parrot_svn/parrot/languages/pjs/pjs.pir:111)<br>
called from Sub 'main' pc 124 (/home/yavuz/parrot_svn/parrot/languages/pjs/pjs.pir:57)<br>
</tt><br>
<dd><b>Testcase <a target='other_window' href='http://lxr.mozilla.org/mozilla/source/js/tests/ecma_3/Operators/11.13.1-002.js'>ecma_3/Operators/11.13.1-002.js</a> failed</b> <a href='https://bugzilla.mozilla.org/show_bug.cgi?id=312354' target='other_window'>Bug Number 312354</a><br>
 [ <a href='#tippy_top'>Top of Page</a> ]<br>
<tt>Expected exit code 0, got 1<br>
Testcase terminated with signal 0<br>
Complete testcase output was:<br>
BUGNUMBER: 312354<br>
TypeError: can't convert undefined to object<br>
current instr.: '__toObject__' pc 218 (languages/pjs/lib/jscore_includes/conversions.pir:82)<br>
called from Sub '@func_0' pc 192 (EVAL_5:64)<br>
called from Sub '@main' pc 18 (EVAL_5:11)<br>
called from Sub 'run_file' pc 312 (/home/yavuz/parrot_svn/parrot/languages/pjs/pjs.pir:124)<br>
called from Sub 'main' pc 124 (/home/yavuz/parrot_svn/parrot/languages/pjs/pjs.pir:57)<br>
</tt><br>
<dd><b>Testcase <a target='other_window' href='http://lxr.mozilla.org/mozilla/source/js/tests/ecma_3/Operators/11.4.1-001.js'>ecma_3/Operators/11.4.1-001.js</a> failed</b> <br>
 [ <a href='#tippy_top'>Top of Page</a> ]<br>
<tt>Expected exit code 0, got 1<br>
Testcase terminated with signal 0<br>
Complete testcase output was:<br>
Method 'deleteProperty' not found<br>
current instr.: '@func_0' pc 584 (EVAL_5:140)<br>
called from Sub '@main' pc 18 (EVAL_5:11)<br>
called from Sub 'run_file' pc 312 (/home/yavuz/parrot_svn/parrot/languages/pjs/pjs.pir:124)<br>
called from Sub 'main' pc 124 (/home/yavuz/parrot_svn/parrot/languages/pjs/pjs.pir:57)<br>
</tt><br>
<dd><b>Testcase <a target='other_window' href='http://lxr.mozilla.org/mozilla/source/js/tests/ecma_3/RegExp/15.10.2-1.js'>ecma_3/RegExp/15.10.2-1.js</a> failed</b> <br>
 [ <a href='#tippy_top'>Top of Page</a> ]<br>
<tt>Expected exit code 0, got 1<br>
Testcase terminated with signal 0<br>
Complete testcase output was:<br>
TypeError: match is not a function<br>
current instr.: 'pjs_invoke_method' pc 1010 (languages/pjs/lib/jscore_includes/pjsfunction.pir:136)<br>
called from Sub '@func_0' pc 408 (EVAL_5:106)<br>
called from Sub '@main' pc 18 (EVAL_5:11)<br>
called from Sub 'run_file' pc 312 (/home/yavuz/parrot_svn/parrot/languages/pjs/pjs.pir:124)<br>
called from Sub 'main' pc 124 (/home/yavuz/parrot_svn/parrot/languages/pjs/pjs.pir:57)<br>
</tt><br>
<dd><b>Testcase <a target='other_window' href='http://lxr.mozilla.org/mozilla/source/js/tests/ecma_3/RegExp/15.10.2.12.js'>ecma_3/RegExp/15.10.2.12.js</a> failed</b> <br>
 [ <a href='#tippy_top'>Top of Page</a> ]<br>
<tt>Expected exit code 0, got 1<br>
Testcase terminated with signal 0<br>
Complete testcase output was:<br>
TypeError: match is not a function<br>
current instr.: 'pjs_invoke_method' pc 1010 (languages/pjs/lib/jscore_includes/pjsfunction.pir:136)<br>
called from Sub '@func_0_12' pc 7580 (EVAL_2:2035)<br>
called from Sub 'pjs_call_function' pc 950 (languages/pjs/lib/jscore_includes/pjsfunction.pir:105)<br>
called from Sub '@func_0_0' pc 200 (EVAL_5:80)<br>
called from Sub 'pjs_call_function' pc 950 (languages/pjs/lib/jscore_includes/pjsfunction.pir:105)<br>
called from Sub '@func_0' pc 151 (EVAL_5:55)<br>
called from Sub '@main' pc 18 (EVAL_5:11)<br>
called from Sub 'run_file' pc 312 (/home/yavuz/parrot_svn/parrot/languages/pjs/pjs.pir:124)<br>
called from Sub 'main' pc 124 (/home/yavuz/parrot_svn/parrot/languages/pjs/pjs.pir:57)<br>
</tt><br>
<dd><b>Testcase <a target='other_window' href='http://lxr.mozilla.org/mozilla/source/js/tests/ecma_3/RegExp/15.10.3.1-1.js'>ecma_3/RegExp/15.10.3.1-1.js</a> failed</b> <br>
 [ <a href='#tippy_top'>Top of Page</a> ]<br>
<tt>Expected exit code 0, got 1<br>
Testcase terminated with signal 0<br>
Complete testcase output was:<br>
TypeError: match is not a function<br>
current instr.: 'pjs_invoke_method' pc 1010 (languages/pjs/lib/jscore_includes/pjsfunction.pir:136)<br>
called from Sub '@func_0_12' pc 7580 (EVAL_2:2035)<br>
called from Sub 'pjs_call_function' pc 950 (languages/pjs/lib/jscore_includes/pjsfunction.pir:105)<br>
called from Sub '@func_0_0' pc 826 (EVAL_5:222)<br>
called from Sub 'pjs_call_function' pc 950 (languages/pjs/lib/jscore_includes/pjsfunction.pir:105)<br>
called from Sub '@func_0' pc 777 (EVAL_5:197)<br>
called from Sub '@main' pc 18 (EVAL_5:11)<br>
called from Sub 'run_file' pc 312 (/home/yavuz/parrot_svn/parrot/languages/pjs/pjs.pir:124)<br>
called from Sub 'main' pc 124 (/home/yavuz/parrot_svn/parrot/languages/pjs/pjs.pir:57)<br>
</tt><br>
<dd><b>Testcase <a target='other_window' href='http://lxr.mozilla.org/mozilla/source/js/tests/ecma_3/RegExp/15.10.3.1-2.js'>ecma_3/RegExp/15.10.3.1-2.js</a> failed</b> <br>
 [ <a href='#tippy_top'>Top of Page</a> ]<br>
<tt>Expected exit code 0, got 1<br>
Testcase terminated with signal 0<br>
Complete testcase output was:<br>
TypeError: match is not a function<br>
current instr.: 'pjs_invoke_method' pc 1010 (languages/pjs/lib/jscore_includes/pjsfunction.pir:136)<br>
called from Sub '@func_0_12' pc 7580 (EVAL_2:2035)<br>
called from Sub 'pjs_call_function' pc 950 (languages/pjs/lib/jscore_includes/pjsfunction.pir:105)<br>
called from Sub '@func_0_0' pc 826 (EVAL_5:222)<br>
called from Sub 'pjs_call_function' pc 950 (languages/pjs/lib/jscore_includes/pjsfunction.pir:105)<br>
called from Sub '@func_0' pc 777 (EVAL_5:197)<br>
called from Sub '@main' pc 18 (EVAL_5:11)<br>
called from Sub 'run_file' pc 312 (/home/yavuz/parrot_svn/parrot/languages/pjs/pjs.pir:124)<br>
called from Sub 'main' pc 124 (/home/yavuz/parrot_svn/parrot/languages/pjs/pjs.pir:57)<br>
</tt><br>
<dd><b>Testcase <a target='other_window' href='http://lxr.mozilla.org/mozilla/source/js/tests/ecma_3/RegExp/15.10.4.1-1.js'>ecma_3/RegExp/15.10.4.1-1.js</a> failed</b> <br>
 [ <a href='#tippy_top'>Top of Page</a> ]<br>
<tt>Expected exit code 0, got 1<br>
Testcase terminated with signal 0<br>
Complete testcase output was:<br>
TypeError: match is not a function<br>
current instr.: 'pjs_invoke_method' pc 1010 (languages/pjs/lib/jscore_includes/pjsfunction.pir:136)<br>
called from Sub '@func_0_12' pc 7580 (EVAL_2:2035)<br>
called from Sub 'pjs_call_function' pc 950 (languages/pjs/lib/jscore_includes/pjsfunction.pir:105)<br>
called from Sub '@func_0_0' pc 635 (EVAL_5:178)<br>
called from Sub 'pjs_call_function' pc 950 (languages/pjs/lib/jscore_includes/pjsfunction.pir:105)<br>
called from Sub '@func_0' pc 586 (EVAL_5:153)<br>
called from Sub '@main' pc 18 (EVAL_5:11)<br>
called from Sub 'run_file' pc 312 (/home/yavuz/parrot_svn/parrot/languages/pjs/pjs.pir:124)<br>
called from Sub 'main' pc 124 (/home/yavuz/parrot_svn/parrot/languages/pjs/pjs.pir:57)<br>
</tt><br>
<dd><b>Testcase <a target='other_window' href='http://lxr.mozilla.org/mozilla/source/js/tests/ecma_3/RegExp/15.10.4.1-2.js'>ecma_3/RegExp/15.10.4.1-2.js</a> failed</b> <br>
 [ <a href='#tippy_top'>Top of Page</a> ]<br>
<tt>Expected exit code 0, got 1<br>
Testcase terminated with signal 0<br>
Complete testcase output was:<br>
TypeError: match is not a function<br>
current instr.: 'pjs_invoke_method' pc 1010 (languages/pjs/lib/jscore_includes/pjsfunction.pir:136)<br>
called from Sub '@func_0_12' pc 7580 (EVAL_2:2035)<br>
called from Sub 'pjs_call_function' pc 950 (languages/pjs/lib/jscore_includes/pjsfunction.pir:105)<br>
called from Sub '@func_0_0' pc 635 (EVAL_5:178)<br>
called from Sub 'pjs_call_function' pc 950 (languages/pjs/lib/jscore_includes/pjsfunction.pir:105)<br>
called from Sub '@func_0' pc 586 (EVAL_5:153)<br>
called from Sub '@main' pc 18 (EVAL_5:11)<br>
called from Sub 'run_file' pc 312 (/home/yavuz/parrot_svn/parrot/languages/pjs/pjs.pir:124)<br>
called from Sub 'main' pc 124 (/home/yavuz/parrot_svn/parrot/languages/pjs/pjs.pir:57)<br>
</tt><br>
<dd><b>Testcase <a target='other_window' href='http://lxr.mozilla.org/mozilla/source/js/tests/ecma_3/RegExp/15.10.4.1-3.js'>ecma_3/RegExp/15.10.4.1-3.js</a> failed</b> <br>
 [ <a href='#tippy_top'>Top of Page</a> ]<br>
<tt>Expected exit code 0, got 1<br>
Testcase terminated with signal 0<br>
Complete testcase output was:<br>
TypeError: match is not a function<br>
current instr.: 'pjs_invoke_method' pc 1010 (languages/pjs/lib/jscore_includes/pjsfunction.pir:136)<br>
called from Sub '@func_0_12' pc 7580 (EVAL_2:2035)<br>
called from Sub 'pjs_call_function' pc 950 (languages/pjs/lib/jscore_includes/pjsfunction.pir:105)<br>
called from Sub '@func_0_0' pc 826 (EVAL_5:220)<br>
called from Sub 'pjs_call_function' pc 950 (languages/pjs/lib/jscore_includes/pjsfunction.pir:105)<br>
called from Sub '@func_0' pc 777 (EVAL_5:195)<br>
called from Sub '@main' pc 18 (EVAL_5:11)<br>
called from Sub 'run_file' pc 312 (/home/yavuz/parrot_svn/parrot/languages/pjs/pjs.pir:124)<br>
called from Sub 'main' pc 124 (/home/yavuz/parrot_svn/parrot/languages/pjs/pjs.pir:57)<br>
</tt><br>
<dd><b>Testcase <a target='other_window' href='http://lxr.mozilla.org/mozilla/source/js/tests/ecma_3/RegExp/15.10.4.1-4.js'>ecma_3/RegExp/15.10.4.1-4.js</a> failed</b> <br>
 [ <a href='#tippy_top'>Top of Page</a> ]<br>
<tt>Expected exit code 0, got 1<br>
Testcase terminated with signal 0<br>
Complete testcase output was:<br>
TypeError: match is not a function<br>
current instr.: 'pjs_invoke_method' pc 1010 (languages/pjs/lib/jscore_includes/pjsfunction.pir:136)<br>
called from Sub '@func_0_12' pc 7580 (EVAL_2:2035)<br>
called from Sub 'pjs_call_function' pc 950 (languages/pjs/lib/jscore_includes/pjsfunction.pir:105)<br>
called from Sub '@func_0_0' pc 826 (EVAL_5:220)<br>
called from Sub 'pjs_call_function' pc 950 (languages/pjs/lib/jscore_includes/pjsfunction.pir:105)<br>
called from Sub '@func_0' pc 777 (EVAL_5:195)<br>
called from Sub '@main' pc 18 (EVAL_5:11)<br>
called from Sub 'run_file' pc 312 (/home/yavuz/parrot_svn/parrot/languages/pjs/pjs.pir:124)<br>
called from Sub 'main' pc 124 (/home/yavuz/parrot_svn/parrot/languages/pjs/pjs.pir:57)<br>
</tt><br>
<dd><b>Testcase <a target='other_window' href='http://lxr.mozilla.org/mozilla/source/js/tests/ecma_3/RegExp/15.10.6.2-1.js'>ecma_3/RegExp/15.10.6.2-1.js</a> failed</b> <br>
 [ <a href='#tippy_top'>Top of Page</a> ]<br>
<tt>Expected exit code 0, got 1<br>
Testcase terminated with signal 0<br>
Complete testcase output was:<br>
TypeError: match is not a function<br>
current instr.: 'pjs_invoke_method' pc 1010 (languages/pjs/lib/jscore_includes/pjsfunction.pir:136)<br>
called from Sub '@func_0' pc 408 (EVAL_5:106)<br>
called from Sub '@main' pc 18 (EVAL_5:11)<br>
called from Sub 'run_file' pc 312 (/home/yavuz/parrot_svn/parrot/languages/pjs/pjs.pir:124)<br>
called from Sub 'main' pc 124 (/home/yavuz/parrot_svn/parrot/languages/pjs/pjs.pir:57)<br>
</tt><br>
<dd><b>Testcase <a target='other_window' href='http://lxr.mozilla.org/mozilla/source/js/tests/ecma_3/RegExp/15.10.6.2-2.js'>ecma_3/RegExp/15.10.6.2-2.js</a> failed</b> <br>
 [ <a href='#tippy_top'>Top of Page</a> ]<br>
<tt>Expected exit code 0, got 1<br>
Testcase terminated with signal 0<br>
Complete testcase output was:<br>
TypeError: exec is not a function<br>
current instr.: 'pjs_invoke_method' pc 1010 (languages/pjs/lib/jscore_includes/pjsfunction.pir:136)<br>
called from Sub '@func_0' pc 406 (EVAL_5:105)<br>
called from Sub '@main' pc 18 (EVAL_5:11)<br>
called from Sub 'run_file' pc 312 (/home/yavuz/parrot_svn/parrot/languages/pjs/pjs.pir:124)<br>
called from Sub 'main' pc 124 (/home/yavuz/parrot_svn/parrot/languages/pjs/pjs.pir:57)<br>
</tt><br>
<dd><b>Testcase <a target='other_window' href='http://lxr.mozilla.org/mozilla/source/js/tests/ecma_3/RegExp/octal-001.js'>ecma_3/RegExp/octal-001.js</a> failed</b> <br>
 [ <a href='#tippy_top'>Top of Page</a> ]<br>
<tt>Expected exit code 0, got 1<br>
Testcase terminated with signal 0<br>
Complete testcase output was:<br>
TypeError: match is not a function<br>
current instr.: 'pjs_invoke_method' pc 1010 (languages/pjs/lib/jscore_includes/pjsfunction.pir:136)<br>
called from Sub '@func_0' pc 406 (EVAL_5:105)<br>
called from Sub '@main' pc 18 (EVAL_5:11)<br>
called from Sub 'run_file' pc 312 (/home/yavuz/parrot_svn/parrot/languages/pjs/pjs.pir:124)<br>
called from Sub 'main' pc 124 (/home/yavuz/parrot_svn/parrot/languages/pjs/pjs.pir:57)<br>
</tt><br>
<dd><b>Testcase <a target='other_window' href='http://lxr.mozilla.org/mozilla/source/js/tests/ecma_3/RegExp/octal-002.js'>ecma_3/RegExp/octal-002.js</a> failed</b> <br>
 [ <a href='#tippy_top'>Top of Page</a> ]<br>
<tt>Expected exit code 0, got 1<br>
Testcase terminated with signal 0<br>
Complete testcase output was:<br>
TypeError: match is not a function<br>
current instr.: 'pjs_invoke_method' pc 1010 (languages/pjs/lib/jscore_includes/pjsfunction.pir:136)<br>
called from Sub '@func_0' pc 474 (EVAL_5:119)<br>
called from Sub '@main' pc 18 (EVAL_5:11)<br>
called from Sub 'run_file' pc 312 (/home/yavuz/parrot_svn/parrot/languages/pjs/pjs.pir:124)<br>
called from Sub 'main' pc 124 (/home/yavuz/parrot_svn/parrot/languages/pjs/pjs.pir:57)<br>
</tt><br>
<dd><b>Testcase <a target='other_window' href='http://lxr.mozilla.org/mozilla/source/js/tests/ecma_3/RegExp/perlstress-001.js'>ecma_3/RegExp/perlstress-001.js</a> failed</b> <br>
 [ <a href='#tippy_top'>Top of Page</a> ]<br>
<tt>Expected exit code 0, got 1<br>
Testcase terminated with signal 0<br>
Complete testcase output was:<br>
TypeError: match is not a function<br>
current instr.: 'pjs_invoke_method' pc 1010 (languages/pjs/lib/jscore_includes/pjsfunction.pir:136)<br>
called from Sub '@func_0' pc 468 (EVAL_5:119)<br>
called from Sub '@main' pc 18 (EVAL_5:11)<br>
called from Sub 'run_file' pc 312 (/home/yavuz/parrot_svn/parrot/languages/pjs/pjs.pir:124)<br>
called from Sub 'main' pc 124 (/home/yavuz/parrot_svn/parrot/languages/pjs/pjs.pir:57)<br>
</tt><br>
<dd><b>Testcase <a target='other_window' href='http://lxr.mozilla.org/mozilla/source/js/tests/ecma_3/RegExp/perlstress-002.js'>ecma_3/RegExp/perlstress-002.js</a> failed</b> <br>
 [ <a href='#tippy_top'>Top of Page</a> ]<br>
<tt>Expected exit code 0, got 1<br>
Testcase terminated with signal 0<br>
Complete testcase output was:<br>
TypeError: match is not a function<br>
current instr.: 'pjs_invoke_method' pc 1010 (languages/pjs/lib/jscore_includes/pjsfunction.pir:136)<br>
called from Sub '@func_0' pc 468 (EVAL_5:119)<br>
called from Sub '@main' pc 18 (EVAL_5:11)<br>
called from Sub 'run_file' pc 312 (/home/yavuz/parrot_svn/parrot/languages/pjs/pjs.pir:124)<br>
called from Sub 'main' pc 124 (/home/yavuz/parrot_svn/parrot/languages/pjs/pjs.pir:57)<br>
</tt><br>
<dd><b>Testcase <a target='other_window' href='http://lxr.mozilla.org/mozilla/source/js/tests/ecma_3/Statements/switch-001.js'>ecma_3/Statements/switch-001.js</a> failed</b> <br>
 [ <a href='#tippy_top'>Top of Page</a> ]<br>
<tt>Expected exit code 0, got 1<br>
Testcase terminated with signal 0<br>
Complete testcase output was:<br>
invoke() not implemented in class 'PjsUndefined'<br>
current instr.: 'pjs_call_function' pc 895 (languages/pjs/lib/jscore_includes/pjsfunction.pir:86)<br>
called from Sub '@func_0_0' pc 1167 (EVAL_5:266)<br>
called from Sub 'pjs_call_function' pc 950 (languages/pjs/lib/jscore_includes/pjsfunction.pir:105)<br>
called from Sub '@func_0' pc 734 (EVAL_5:163)<br>
called from Sub '@main' pc 18 (EVAL_5:11)<br>
called from Sub 'run_file' pc 312 (/home/yavuz/parrot_svn/parrot/languages/pjs/pjs.pir:124)<br>
called from Sub 'main' pc 124 (/home/yavuz/parrot_svn/parrot/languages/pjs/pjs.pir:57)<br>
</tt><br>
<dd><b>Testcase <a target='other_window' href='http://lxr.mozilla.org/mozilla/source/js/tests/ecma_3/Unicode/uc-001.js'>ecma_3/Unicode/uc-001.js</a> failed</b> <br>
 [ <a href='#tippy_top'>Top of Page</a> ]<br>
<tt>Expected exit code 0, got 1<br>
Testcase terminated with signal 0<br>
Complete testcase output was:<br>
TypeError: match is not a function<br>
current instr.: 'pjs_invoke_method' pc 1010 (languages/pjs/lib/jscore_includes/pjsfunction.pir:136)<br>
called from Sub '@func_0_12' pc 7580 (EVAL_2:2035)<br>
called from Sub 'pjs_call_function' pc 950 (languages/pjs/lib/jscore_includes/pjsfunction.pir:105)<br>
called from Sub '@func_0_0' pc 146 (EVAL_5:65)<br>
called from Sub 'pjs_call_function' pc 950 (languages/pjs/lib/jscore_includes/pjsfunction.pir:105)<br>
called from Sub '@func_0' pc 97 (EVAL_5:40)<br>
called from Sub '@main' pc 18 (EVAL_5:11)<br>
called from Sub 'run_file' pc 312 (/home/yavuz/parrot_svn/parrot/languages/pjs/pjs.pir:124)<br>
called from Sub 'main' pc 124 (/home/yavuz/parrot_svn/parrot/languages/pjs/pjs.pir:57)<br>
</tt><br>
<dd><b>Testcase <a target='other_window' href='http://lxr.mozilla.org/mozilla/source/js/tests/ecma_3/Unicode/uc-002.js'>ecma_3/Unicode/uc-002.js</a> failed</b> <br>
 [ <a href='#tippy_top'>Top of Page</a> ]<br>
<tt>Expected exit code 0, got 1<br>
Testcase terminated with signal 0<br>
Complete testcase output was:<br>
TypeError: match is not a function<br>
current instr.: 'pjs_invoke_method' pc 1010 (languages/pjs/lib/jscore_includes/pjsfunction.pir:136)<br>
called from Sub '@func_0_12' pc 7580 (EVAL_2:2035)<br>
called from Sub 'pjs_call_function' pc 950 (languages/pjs/lib/jscore_includes/pjsfunction.pir:105)<br>
called from Sub '@func_0_0' pc 150 (EVAL_5:66)<br>
called from Sub 'pjs_call_function' pc 950 (languages/pjs/lib/jscore_includes/pjsfunction.pir:105)<br>
called from Sub '@func_0' pc 97 (EVAL_5:40)<br>
called from Sub '@main' pc 18 (EVAL_5:11)<br>
called from Sub 'run_file' pc 312 (/home/yavuz/parrot_svn/parrot/languages/pjs/pjs.pir:124)<br>
called from Sub 'main' pc 124 (/home/yavuz/parrot_svn/parrot/languages/pjs/pjs.pir:57)<br>
</tt><br>
<dd><b>Testcase <a target='other_window' href='http://lxr.mozilla.org/mozilla/source/js/tests/ecma_3/Unicode/uc-003.js'>ecma_3/Unicode/uc-003.js</a> failed</b> <br>
 [ <a href='#tippy_top'>Top of Page</a> ]<br>
<tt>Expected exit code 0, got 1<br>
Testcase terminated with signal 0<br>
Complete testcase output was:<br>
TypeError: match is not a function<br>
current instr.: 'pjs_invoke_method' pc 1010 (languages/pjs/lib/jscore_includes/pjsfunction.pir:136)<br>
called from Sub '@func_0_12' pc 7580 (EVAL_2:2035)<br>
called from Sub 'pjs_call_function' pc 950 (languages/pjs/lib/jscore_includes/pjsfunction.pir:105)<br>
called from Sub '@func_0_0' pc 158 (EVAL_5:68)<br>
called from Sub 'pjs_call_function' pc 950 (languages/pjs/lib/jscore_includes/pjsfunction.pir:105)<br>
called from Sub '@func_0' pc 97 (EVAL_5:40)<br>
called from Sub '@main' pc 18 (EVAL_5:11)<br>
called from Sub 'run_file' pc 312 (/home/yavuz/parrot_svn/parrot/languages/pjs/pjs.pir:124)<br>
called from Sub 'main' pc 124 (/home/yavuz/parrot_svn/parrot/languages/pjs/pjs.pir:57)<br>
</tt><br>
<dd><b>Testcase <a target='other_window' href='http://lxr.mozilla.org/mozilla/source/js/tests/ecma_3/Unicode/uc-004.js'>ecma_3/Unicode/uc-004.js</a> failed</b> <br>
 [ <a href='#tippy_top'>Top of Page</a> ]<br>
<tt>Expected exit code 0, got 1<br>
Testcase terminated with signal 0<br>
Complete testcase output was:<br>
TypeError: match is not a function<br>
current instr.: 'pjs_invoke_method' pc 1010 (languages/pjs/lib/jscore_includes/pjsfunction.pir:136)<br>
called from Sub '@func_0_12' pc 7580 (EVAL_2:2035)<br>
called from Sub 'pjs_call_function' pc 950 (languages/pjs/lib/jscore_includes/pjsfunction.pir:105)<br>
called from Sub '@func_0_0' pc 154 (EVAL_5:67)<br>
called from Sub 'pjs_call_function' pc 950 (languages/pjs/lib/jscore_includes/pjsfunction.pir:105)<br>
called from Sub '@func_0' pc 97 (EVAL_5:40)<br>
called from Sub '@main' pc 18 (EVAL_5:11)<br>
called from Sub 'run_file' pc 312 (/home/yavuz/parrot_svn/parrot/languages/pjs/pjs.pir:124)<br>
called from Sub 'main' pc 124 (/home/yavuz/parrot_svn/parrot/languages/pjs/pjs.pir:57)<br>
</tt><br>
<dd><b>Testcase <a target='other_window' href='http://lxr.mozilla.org/mozilla/source/js/tests/ecma_3/Unicode/uc-005.js'>ecma_3/Unicode/uc-005.js</a> failed</b> <br>
 [ <a href='#tippy_top'>Top of Page</a> ]<br>
<tt>Expected exit code 0, got 1<br>
Testcase terminated with signal 0<br>
Complete testcase output was:<br>
[line 1, column 11] syntax error, unexpected '?', expecting '('<br>
current instr.: '@func_0_31' pc 10050 (lib/stdlib.pir:2823)<br>
called from Sub 'pjs_call_function' pc 950 (languages/pjs/lib/jscore_includes/pjsfunction.pir:105)<br>
called from Sub '@func_0' pc 745 (EVAL_5:200)<br>
called from Sub '@main' pc 18 (EVAL_5:11)<br>
called from Sub 'run_file' pc 312 (/home/yavuz/parrot_svn/parrot/languages/pjs/pjs.pir:124)<br>
called from Sub 'main' pc 124 (/home/yavuz/parrot_svn/parrot/languages/pjs/pjs.pir:57)<br>
</tt><br>
<dd><b>Testcase <a target='other_window' href='http://lxr.mozilla.org/mozilla/source/js/tests/ecma_3/extensions/10.1.3-2.js'>ecma_3/extensions/10.1.3-2.js</a> failed</b> <br>
 [ <a href='#tippy_top'>Top of Page</a> ]<br>
<tt>Expected exit code 0, got 1<br>
Testcase terminated with signal 0<br>
Complete testcase output was:<br>
ReferenceError: quit is not defined<br>
current instr.: '@func_0' pc 646 (EVAL_5:168)<br>
called from Sub '@main' pc 18 (EVAL_5:11)<br>
called from Sub 'run_file' pc 312 (/home/yavuz/parrot_svn/parrot/languages/pjs/pjs.pir:124)<br>
called from Sub 'main' pc 124 (/home/yavuz/parrot_svn/parrot/languages/pjs/pjs.pir:57)<br>
</tt><br>
</dl>
[ <a href='#tippy_top'>Top of Page</a> | <a href='#fail_detail'>Top of Failures</a> ]<br>
<hr>
<a name='retest_list'></a>
<h2>Retest List</h2><br>
<pre>
# Retest List, pjs, generated Wed Jun 13 08:10:36 2007.
FAILURE: # Original test base was: All tests.
FAILURE: # 698 of 698 test(s) were completed, 281 failures reported.
FAILURE: Engine command line: pjs -f pjs_init.js <br>
FAILURE: ecma/Array/15.4-1.js
FAILURE: ecma/Array/15.4-2.js
FAILURE: ecma/Array/15.4.1.2.js
FAILURE: ecma/Array/15.4.2.1-2.js
FAILURE: ecma/Array/15.4.2.1-3.js
FAILURE: ecma/Array/15.4.2.2-1.js
FAILURE: ecma/Array/15.4.4.3-1.js
FAILURE: ecma/Array/15.4.4.4-1.js
FAILURE: ecma/Array/15.4.4.5-3.js
FAILURE: ecma/Array/15.4.5.1-1.js
FAILURE: ecma/Array/15.4.5.1-2.js
FAILURE: ecma/Array/15.4.5.2-1.js
FAILURE: ecma/Array/15.4.5.2-2.js
FAILURE: ecma/Boolean/15.6.4.2-4-n.js
FAILURE: ecma/Boolean/15.6.4.3-4-n.js
FAILURE: ecma/ExecutionContexts/10.1.5-1.js
FAILURE: ecma/ExecutionContexts/10.1.5-2.js
FAILURE: ecma/ExecutionContexts/10.1.5-3.js
FAILURE: ecma/Expressions/11.2.1-1.js
FAILURE: ecma/Expressions/11.4.1.js
FAILURE: ecma/Expressions/11.4.3.js
FAILURE: ecma/Expressions/11.4.9.js
FAILURE: ecma/Expressions/11.5.3.js
FAILURE: ecma/Expressions/11.8.1.js
FAILURE: ecma/Expressions/11.8.2.js
FAILURE: ecma/Expressions/11.8.3.js
FAILURE: ecma/Expressions/11.8.4.js
FAILURE: ecma/FunctionObjects/15.3.1.1-1.js
FAILURE: ecma/FunctionObjects/15.3.1.1-2.js
FAILURE: ecma/FunctionObjects/15.3.1.1-3.js
FAILURE: ecma/FunctionObjects/15.3.2.1-1.js
FAILURE: ecma/FunctionObjects/15.3.2.1-2.js
FAILURE: ecma/FunctionObjects/15.3.2.1-3.js
FAILURE: ecma/FunctionObjects/15.3.4-1.js
FAILURE: ecma/FunctionObjects/15.3.4.js
FAILURE: ecma/FunctionObjects/15.3.5-1.js
FAILURE: ecma/FunctionObjects/15.3.5-2.js
FAILURE: ecma/FunctionObjects/15.3.5.3.js
FAILURE: ecma/GlobalObject/15.1.2.1-2.js
FAILURE: ecma/GlobalObject/15.1.2.2-1.js
FAILURE: ecma/GlobalObject/15.1.2.2-2.js
FAILURE: ecma/GlobalObject/15.1.2.3-1.js
FAILURE: ecma/GlobalObject/15.1.2.3-2.js
FAILURE: ecma/GlobalObject/15.1.2.4.js
FAILURE: ecma/GlobalObject/15.1.2.5-1.js
FAILURE: ecma/GlobalObject/15.1.2.5-2.js
FAILURE: ecma/GlobalObject/15.1.2.5-3.js
FAILURE: ecma/GlobalObject/15.1.2.6.js
FAILURE: ecma/GlobalObject/15.1.2.7.js
FAILURE: ecma/LexicalConventions/7.3-12.js
FAILURE: ecma/LexicalConventions/7.4.3-15-n.js
FAILURE: ecma/LexicalConventions/7.7.3-1.js
FAILURE: ecma/LexicalConventions/7.7.3-2.js
FAILURE: ecma/LexicalConventions/7.7.3.js
FAILURE: ecma/LexicalConventions/7.7.4.js
FAILURE: ecma/Math/15.8.1.1-1.js
FAILURE: ecma/Math/15.8.1.1-2.js
FAILURE: ecma/Math/15.8.1.2-1.js
FAILURE: ecma/Math/15.8.1.2-2.js
FAILURE: ecma/Math/15.8.1.3-1.js
FAILURE: ecma/Math/15.8.1.3-2.js
FAILURE: ecma/Math/15.8.1.4-1.js
FAILURE: ecma/Math/15.8.1.4-2.js
FAILURE: ecma/Math/15.8.1.5-1.js
FAILURE: ecma/Math/15.8.1.5-2.js
FAILURE: ecma/Math/15.8.1.6-1.js
FAILURE: ecma/Math/15.8.1.6-2.js
FAILURE: ecma/Math/15.8.1.7-1.js
FAILURE: ecma/Math/15.8.1.7-2.js
FAILURE: ecma/Math/15.8.1.8-1.js
FAILURE: ecma/Math/15.8.1.8-2.js
FAILURE: ecma/Math/15.8.1.8-3.js
FAILURE: ecma/Math/15.8.1.js
FAILURE: ecma/Math/15.8.2.1.js
FAILURE: ecma/Math/15.8.2.10.js
FAILURE: ecma/Math/15.8.2.11.js
FAILURE: ecma/Math/15.8.2.12.js
FAILURE: ecma/Math/15.8.2.14.js
FAILURE: ecma/Math/15.8.2.15.js
FAILURE: ecma/Math/15.8.2.16.js
FAILURE: ecma/Math/15.8.2.17.js
FAILURE: ecma/Math/15.8.2.18.js
FAILURE: ecma/Math/15.8.2.2.js
FAILURE: ecma/Math/15.8.2.3.js
FAILURE: ecma/Math/15.8.2.4.js
FAILURE: ecma/Math/15.8.2.5.js
FAILURE: ecma/Math/15.8.2.6.js
FAILURE: ecma/Math/15.8.2.7.js
FAILURE: ecma/Math/15.8.2.8.js
FAILURE: ecma/Math/15.8.2.9.js
FAILURE: ecma/Number/15.7.3.2-1.js
FAILURE: ecma/Number/15.7.3.2-2.js
FAILURE: ecma/Number/15.7.3.2-3.js
FAILURE: ecma/Number/15.7.3.3-1.js
FAILURE: ecma/Number/15.7.3.3-2.js
FAILURE: ecma/Number/15.7.3.3-3.js
FAILURE: ecma/Number/15.7.3.4-2.js
FAILURE: ecma/Number/15.7.3.4-4.js
FAILURE: ecma/Number/15.7.3.5-2.js
FAILURE: ecma/Number/15.7.3.5-3.js
FAILURE: ecma/Number/15.7.3.5-4.js
FAILURE: ecma/Number/15.7.3.6-2.js
FAILURE: ecma/Number/15.7.3.6-3.js
FAILURE: ecma/Number/15.7.3.6-4.js
FAILURE: ecma/Number/15.7.4.2-2-n.js
FAILURE: ecma/Number/15.7.4.2-3-n.js
FAILURE: ecma/Number/15.7.4.3-3-n.js
FAILURE: ecma/ObjectObjects/15.2.1.1.js
FAILURE: ecma/ObjectObjects/15.2.4.2.js
FAILURE: ecma/Statements/12.6.3-11.js
FAILURE: ecma/Statements/12.6.3-2.js
FAILURE: ecma/Statements/12.6.3-3.js
FAILURE: ecma/Statements/12.6.3-4.js
FAILURE: ecma/Statements/12.6.3-6-n.js
FAILURE: ecma/Statements/12.6.3-7-n.js
FAILURE: ecma/Statements/12.6.3-8-n.js
FAILURE: ecma/Statements/12.9-1-n.js
FAILURE: ecma/String/15.5.1.js
FAILURE: ecma/String/15.5.3.2-3.js
FAILURE: ecma/String/15.5.4.10-1.js
FAILURE: ecma/String/15.5.4.11-1.js
FAILURE: ecma/String/15.5.4.11-2.js
FAILURE: ecma/String/15.5.4.11-3.js
FAILURE: ecma/String/15.5.4.11-4.js
FAILURE: ecma/String/15.5.4.11-5.js
FAILURE: ecma/String/15.5.4.11-6.js
FAILURE: ecma/String/15.5.4.12-1.js
FAILURE: ecma/String/15.5.4.12-2.js
FAILURE: ecma/String/15.5.4.12-3.js
FAILURE: ecma/String/15.5.4.12-4.js
FAILURE: ecma/String/15.5.4.12-5.js
FAILURE: ecma/String/15.5.4.2-2-n.js
FAILURE: ecma/String/15.5.4.3-3-n.js
FAILURE: ecma/String/15.5.4.4-1.js
FAILURE: ecma/String/15.5.4.4-2.js
FAILURE: ecma/String/15.5.4.4-3.js
FAILURE: ecma/String/15.5.4.5-3.js
FAILURE: ecma/String/15.5.4.5-4.js
FAILURE: ecma/String/15.5.4.6-1.js
FAILURE: ecma/String/15.5.4.6-2.js
FAILURE: ecma/String/15.5.4.7-1.js
FAILURE: ecma/String/15.5.4.7-2.js
FAILURE: ecma/String/15.5.4.8-1.js
FAILURE: ecma/String/15.5.4.8-2.js
FAILURE: ecma/String/15.5.4.8-3.js
FAILURE: ecma/String/15.5.4.9-1.js
FAILURE: ecma/String/15.5.4.js
FAILURE: ecma/String/15.5.5.1.js
FAILURE: ecma/TypeConversion/9.2.js
FAILURE: ecma/TypeConversion/9.3.1-3.js
FAILURE: ecma/TypeConversion/9.4-1.js
FAILURE: ecma/TypeConversion/9.4-2.js
FAILURE: ecma/TypeConversion/9.6.js
FAILURE: ecma/TypeConversion/9.7.js
FAILURE: ecma/TypeConversion/9.8.1.js
FAILURE: ecma/TypeConversion/9.9-1.js
FAILURE: ecma/extensions/15-2.js
FAILURE: ecma/extensions/15.1.2.1-1.js
FAILURE: ecma/extensions/15.5.4.7-3.js
FAILURE: ecma/extensions/9.9-1.js
FAILURE: ecma_2/Exceptions/boolean-001.js
FAILURE: ecma_2/Exceptions/date-001.js
FAILURE: ecma_2/Exceptions/date-003.js
FAILURE: ecma_2/Exceptions/exception-003.js
FAILURE: ecma_2/Exceptions/exception-007.js
FAILURE: ecma_2/Exceptions/exception-008.js
FAILURE: ecma_2/Exceptions/function-001.js
FAILURE: ecma_2/Exceptions/lexical-022.js
FAILURE: ecma_2/Exceptions/lexical-052.js
FAILURE: ecma_2/Exceptions/number-001.js
FAILURE: ecma_2/Exceptions/number-002.js
FAILURE: ecma_2/Exceptions/number-003.js
FAILURE: ecma_2/Exceptions/statement-003.js
FAILURE: ecma_2/Exceptions/statement-004.js
FAILURE: ecma_2/Exceptions/statement-005.js
FAILURE: ecma_2/Exceptions/statement-007.js
FAILURE: ecma_2/Exceptions/statement-008.js
FAILURE: ecma_2/Exceptions/statement-009.js
FAILURE: ecma_2/Exceptions/string-002.js
FAILURE: ecma_2/LexicalConventions/keywords-001.js
FAILURE: ecma_2/LexicalConventions/regexp-literals-002.js
FAILURE: ecma_2/RegExp/constructor-001.js
FAILURE: ecma_2/RegExp/exec-001.js
FAILURE: ecma_2/RegExp/exec-002.js
FAILURE: ecma_2/RegExp/function-001.js
FAILURE: ecma_2/RegExp/hex-001.js
FAILURE: ecma_2/RegExp/multiline-001.js
FAILURE: ecma_2/RegExp/octal-001.js
FAILURE: ecma_2/RegExp/octal-002.js
FAILURE: ecma_2/RegExp/octal-003.js
FAILURE: ecma_2/RegExp/properties-001.js
FAILURE: ecma_2/RegExp/properties-002.js
FAILURE: ecma_2/RegExp/regexp-enumerate-001.js
FAILURE: ecma_2/RegExp/unicode-001.js
FAILURE: ecma_2/Statements/dowhile-001.js
FAILURE: ecma_2/Statements/dowhile-003.js
FAILURE: ecma_2/Statements/dowhile-004.js
FAILURE: ecma_2/Statements/forin-001.js
FAILURE: ecma_2/Statements/switch-001.js
FAILURE: ecma_2/Statements/switch-002.js
FAILURE: ecma_2/Statements/switch-003.js
FAILURE: ecma_2/Statements/try-001.js
FAILURE: ecma_2/Statements/while-002.js
FAILURE: ecma_2/Statements/while-004.js
FAILURE: ecma_2/String/match-001.js
FAILURE: ecma_2/String/match-002.js
FAILURE: ecma_2/String/match-003.js
FAILURE: ecma_2/String/match-004.js
FAILURE: ecma_2/String/replace-001.js
FAILURE: ecma_2/String/split-001.js
FAILURE: ecma_2/String/split-002.js
FAILURE: ecma_2/String/split-003.js
FAILURE: ecma_2/extensions/constructor-001.js
FAILURE: ecma_2/extensions/function-001.js
FAILURE: ecma_2/extensions/instanceof-001.js
FAILURE: ecma_2/extensions/instanceof-002.js
FAILURE: ecma_2/extensions/instanceof-006.js
FAILURE: ecma_2/instanceof/instanceof-001.js
FAILURE: ecma_2/instanceof/instanceof-002.js
FAILURE: ecma_2/instanceof/instanceof-003.js
FAILURE: ecma_3/Array/15.4.4.3-1.js
FAILURE: ecma_3/Array/15.4.4.4-001.js
FAILURE: ecma_3/Date/15.9.3.2-1.js
FAILURE: ecma_3/Date/15.9.5.3.js
FAILURE: ecma_3/Date/15.9.5.4.js
FAILURE: ecma_3/Date/15.9.5.5.js
FAILURE: ecma_3/Date/15.9.5.6.js
FAILURE: ecma_3/Date/15.9.5.7.js
FAILURE: ecma_3/Exceptions/15.11.1.1.js
FAILURE: ecma_3/Exceptions/15.11.4.4-1.js
FAILURE: ecma_3/Exceptions/15.11.7.6-001.js
FAILURE: ecma_3/Exceptions/15.11.7.6-002.js
FAILURE: ecma_3/Exceptions/15.11.7.6-003.js
FAILURE: ecma_3/Exceptions/binding-001.js
FAILURE: ecma_3/ExecutionContexts/10.1.3-1.js
FAILURE: ecma_3/ExecutionContexts/10.1.3.js
FAILURE: ecma_3/ExecutionContexts/10.1.4-1.js
FAILURE: ecma_3/Expressions/11.6.1-1.js
FAILURE: ecma_3/Expressions/11.9.6-1.js
FAILURE: ecma_3/FunExpr/fe-001.js
FAILURE: ecma_3/FunExpr/fe-002.js
FAILURE: ecma_3/Function/15.3.4.3-1.js
FAILURE: ecma_3/Function/15.3.4.4-1.js
FAILURE: ecma_3/Function/arguments-001.js
FAILURE: ecma_3/Function/call-001.js
FAILURE: ecma_3/Function/scope-001.js
FAILURE: ecma_3/Function/scope-002.js
FAILURE: ecma_3/Number/15.7.4.5-1.js
FAILURE: ecma_3/Number/15.7.4.6-1.js
FAILURE: ecma_3/Number/15.7.4.7-1.js
FAILURE: ecma_3/Object/8.6.1-01.js
FAILURE: ecma_3/Object/8.6.2.6-001.js
FAILURE: ecma_3/Object/class-001.js
FAILURE: ecma_3/Object/class-002.js
FAILURE: ecma_3/Object/class-003.js
FAILURE: ecma_3/Object/class-004.js
FAILURE: ecma_3/Object/class-005.js
FAILURE: ecma_3/Operators/11.13.1-001.js
FAILURE: ecma_3/Operators/11.13.1-002.js
FAILURE: ecma_3/Operators/11.4.1-001.js
FAILURE: ecma_3/RegExp/15.10.2-1.js
FAILURE: ecma_3/RegExp/15.10.2.12.js
FAILURE: ecma_3/RegExp/15.10.3.1-1.js
FAILURE: ecma_3/RegExp/15.10.3.1-2.js
FAILURE: ecma_3/RegExp/15.10.4.1-1.js
FAILURE: ecma_3/RegExp/15.10.4.1-2.js
FAILURE: ecma_3/RegExp/15.10.4.1-3.js
FAILURE: ecma_3/RegExp/15.10.4.1-4.js
FAILURE: ecma_3/RegExp/15.10.6.2-1.js
FAILURE: ecma_3/RegExp/15.10.6.2-2.js
FAILURE: ecma_3/RegExp/octal-001.js
FAILURE: ecma_3/RegExp/octal-002.js
FAILURE: ecma_3/RegExp/perlstress-001.js
FAILURE: ecma_3/RegExp/perlstress-002.js
FAILURE: ecma_3/Statements/switch-001.js
FAILURE: ecma_3/Unicode/uc-001.js
FAILURE: ecma_3/Unicode/uc-002.js
FAILURE: ecma_3/Unicode/uc-003.js
FAILURE: ecma_3/Unicode/uc-004.js
FAILURE: ecma_3/Unicode/uc-005.js
FAILURE: ecma_3/extensions/10.1.3-2.js
</pre>
[ <a href='#tippy_top'>Top of Page</a> | <a href='#retest_list'>Top of Retest List</a> ]<br>
</body>