<html><head>
<title>Test results, pjs</title>
</head>
<body bgcolor='white'>
<a name='tippy_top'></a>
<h2>Test results, pjs</h2><br>
<p class='results_summary'>
Test List: regress_tests.txt<br>
Skip List: (none)<br>
93 test(s) selected, 93 test(s) completed, 92 failures reported (98.92% failed)<br>
Engine command line: pjs -f pjs_init.js <br>
OS type: Linux hepicik 2.6.20-15-386 #2 Sun Apr 15 07:34:00 UTC 2007 i686 GNU/Linux<br>
Testcase execution time: 1 minutes, 35 seconds.<br>
Tests completed on Thu Aug  9 20:23:32 2007.<br><br>
[ <a href='#fail_detail'>Failure Details</a> | <a href='#retest_list'>Retest List</a> | <a href='http://lxr.mozilla.org/mozilla/source/js/tests/menu.html'>Test Selection Page</a> ]<br>
<hr>
<a name='fail_detail'></a>
<h2>Failure Details</h2><br>
<dl><dd><b>Testcase <a target='other_window' href='http://lxr.mozilla.org/mozilla/source/js/tests/ecma_3/Object/regress-361274.js'>ecma_3/Object/regress-361274.js</a> failed</b> <br>
 [ <a href='#tippy_top'>Top of Page</a> ]<br>
<tt>Expected exit code 0, got 1<br>
Testcase terminated with signal 0<br>
Complete testcase output was:<br>
PjsUndefined<br>
TypeError: match is not a function<br>
current instr.: 'pjs_invoke_method' pc 887 (languages/pjs/lib/jscore_includes/pjsfunction.pir:135)<br>
called from Sub '@func_0_12' pc 6856 (EVAL_3:1871)<br>
called from Sub '@func_0_0' pc 212 (EVAL_5:83)<br>
called from Sub '@func_0' pc 151 (EVAL_5:55)<br>
called from Sub '@main' pc 18 (EVAL_5:11)<br>
called from Sub 'run_file' pc 312 (/home/yavuz/parrot_svn/parrot/languages/pjs/pjs.pir:124)<br>
called from Sub 'main' pc 124 (/home/yavuz/parrot_svn/parrot/languages/pjs/pjs.pir:57)<br>
</tt><br>
<dd><b>Testcase <a target='other_window' href='http://lxr.mozilla.org/mozilla/source/js/tests/ecma_3/Object/regress-79129-001.js'>ecma_3/Object/regress-79129-001.js</a> failed</b> <br>
 [ <a href='#tippy_top'>Top of Page</a> ]<br>
<tt>Expected exit code 0, got 1<br>
Testcase terminated with signal 0<br>
Complete testcase output was:<br>
PjsUndefined<br>
TypeError: match is not a function<br>
current instr.: 'pjs_invoke_method' pc 887 (languages/pjs/lib/jscore_includes/pjsfunction.pir:135)<br>
called from Sub '@func_0_12' pc 6856 (EVAL_3:1871)<br>
called from Sub '@func_0_0' pc 196 (EVAL_5:76)<br>
called from Sub '@func_0' pc 147 (EVAL_5:51)<br>
called from Sub '@main' pc 18 (EVAL_5:11)<br>
called from Sub 'run_file' pc 312 (/home/yavuz/parrot_svn/parrot/languages/pjs/pjs.pir:124)<br>
called from Sub 'main' pc 124 (/home/yavuz/parrot_svn/parrot/languages/pjs/pjs.pir:57)<br>
</tt><br>
<dd><b>Testcase <a target='other_window' href='http://lxr.mozilla.org/mozilla/source/js/tests/ecma_3/Object/regress-72773.js'>ecma_3/Object/regress-72773.js</a> failed</b> <br>
 [ <a href='#tippy_top'>Top of Page</a> ]<br>
<tt>Expected exit code 0, got 1<br>
Testcase terminated with signal 0<br>
Complete testcase output was:<br>
PjsUndefined<br>
TypeError: match is not a function<br>
current instr.: 'pjs_invoke_method' pc 887 (languages/pjs/lib/jscore_includes/pjsfunction.pir:135)<br>
called from Sub '@func_0_12' pc 6856 (EVAL_3:1871)<br>
called from Sub '@func_0_0' pc 444 (EVAL_5:153)<br>
called from Sub '@func_0' pc 395 (EVAL_5:128)<br>
called from Sub '@main' pc 18 (EVAL_5:11)<br>
called from Sub 'run_file' pc 312 (/home/yavuz/parrot_svn/parrot/languages/pjs/pjs.pir:124)<br>
called from Sub 'main' pc 124 (/home/yavuz/parrot_svn/parrot/languages/pjs/pjs.pir:57)<br>
</tt><br>
<dd><b>Testcase <a target='other_window' href='http://lxr.mozilla.org/mozilla/source/js/tests/ecma_3/String/regress-304376.js'>ecma_3/String/regress-304376.js</a> failed</b> <a href='https://bugzilla.mozilla.org/show_bug.cgi?id=304376' target='other_window'>Bug Number 304376</a><br>
 [ <a href='#tippy_top'>Top of Page</a> ]<br>
<tt>Expected exit code 0, got 1<br>
Testcase terminated with signal 0<br>
Complete testcase output was:<br>
BUGNUMBER: 304376<br>
ReferenceError: gTestsubsuite is not defined<br>
current instr.: '@func_0_2' pc 2776 (EVAL_3:725)<br>
called from Sub 'pjs_invoke_new' pc 1007 (languages/pjs/lib/jscore_includes/pjsfunction.pir:177)<br>
called from Sub '@func_0_10' pc 5642 (EVAL_3:1543)<br>
called from Sub '@func_0' pc 397 (EVAL_5:119)<br>
called from Sub '@main' pc 18 (EVAL_5:11)<br>
called from Sub 'run_file' pc 312 (/home/yavuz/parrot_svn/parrot/languages/pjs/pjs.pir:124)<br>
called from Sub 'main' pc 124 (/home/yavuz/parrot_svn/parrot/languages/pjs/pjs.pir:57)<br>
</tt><br>
<dd><b>Testcase <a target='other_window' href='http://lxr.mozilla.org/mozilla/source/js/tests/ecma_3/String/regress-104375.js'>ecma_3/String/regress-104375.js</a> failed</b> <br>
 [ <a href='#tippy_top'>Top of Page</a> ]<br>
<tt>Expected exit code 0, got 1<br>
Testcase terminated with signal 0<br>
Complete testcase output was:<br>
PjsUndefined<br>
TypeError: replace is not a function<br>
current instr.: 'pjs_invoke_method' pc 887 (languages/pjs/lib/jscore_includes/pjsfunction.pir:135)<br>
called from Sub '@func_0' pc 426 (EVAL_5:111)<br>
called from Sub '@main' pc 18 (EVAL_5:11)<br>
called from Sub 'run_file' pc 312 (/home/yavuz/parrot_svn/parrot/languages/pjs/pjs.pir:124)<br>
called from Sub 'main' pc 124 (/home/yavuz/parrot_svn/parrot/languages/pjs/pjs.pir:57)<br>
</tt><br>
<dd><b>Testcase <a target='other_window' href='http://lxr.mozilla.org/mozilla/source/js/tests/ecma_3/String/regress-189898.js'>ecma_3/String/regress-189898.js</a> failed</b> <br>
 [ <a href='#tippy_top'>Top of Page</a> ]<br>
<tt>Expected exit code 0, got 1<br>
Testcase terminated with signal 0<br>
Complete testcase output was:<br>
PjsUndefined<br>
TypeError: replace is not a function<br>
current instr.: 'pjs_invoke_method' pc 887 (languages/pjs/lib/jscore_includes/pjsfunction.pir:135)<br>
called from Sub '@func_0' pc 396 (EVAL_5:103)<br>
called from Sub '@main' pc 18 (EVAL_5:11)<br>
called from Sub 'run_file' pc 312 (/home/yavuz/parrot_svn/parrot/languages/pjs/pjs.pir:124)<br>
called from Sub 'main' pc 124 (/home/yavuz/parrot_svn/parrot/languages/pjs/pjs.pir:57)<br>
</tt><br>
<dd><b>Testcase <a target='other_window' href='http://lxr.mozilla.org/mozilla/source/js/tests/ecma_3/String/regress-313567.js'>ecma_3/String/regress-313567.js</a> failed</b> <a href='https://bugzilla.mozilla.org/show_bug.cgi?id=313567' target='other_window'>Bug Number 313567</a><br>
 [ <a href='#tippy_top'>Top of Page</a> ]<br>
<tt>Expected exit code 0, got 1<br>
Testcase terminated with signal 0<br>
Complete testcase output was:<br>
BUGNUMBER: 313567<br>
ReferenceError: gTestsubsuite is not defined<br>
current instr.: '@func_0_2' pc 2776 (EVAL_3:725)<br>
called from Sub 'pjs_invoke_new' pc 1007 (languages/pjs/lib/jscore_includes/pjsfunction.pir:177)<br>
called from Sub '@func_0_10' pc 5642 (EVAL_3:1543)<br>
called from Sub '@func_0' pc 367 (EVAL_5:96)<br>
called from Sub '@main' pc 18 (EVAL_5:11)<br>
called from Sub 'run_file' pc 312 (/home/yavuz/parrot_svn/parrot/languages/pjs/pjs.pir:124)<br>
called from Sub 'main' pc 124 (/home/yavuz/parrot_svn/parrot/languages/pjs/pjs.pir:57)<br>
</tt><br>
<dd><b>Testcase <a target='other_window' href='http://lxr.mozilla.org/mozilla/source/js/tests/ecma_3/String/regress-83293.js'>ecma_3/String/regress-83293.js</a> failed</b> <br>
 [ <a href='#tippy_top'>Top of Page</a> ]<br>
<tt>Expected exit code 0, got 1<br>
Testcase terminated with signal 0<br>
Complete testcase output was:<br>
Lexical error.<br>
[line 105, column 1] syntax error, unexpected LEX_ERROR<br>
current instr.: 'run_file' pc 260 (/home/yavuz/parrot_svn/parrot/languages/pjs/pjs.pir:111)<br>
called from Sub 'main' pc 124 (/home/yavuz/parrot_svn/parrot/languages/pjs/pjs.pir:57)<br>
</tt><br>
<dd><b>Testcase <a target='other_window' href='http://lxr.mozilla.org/mozilla/source/js/tests/ecma_3/Statements/regress-157509.js'>ecma_3/Statements/regress-157509.js</a> failed</b> <br>
 [ <a href='#tippy_top'>Top of Page</a> ]<br>
<tt>Expected exit code 0, got 1<br>
Testcase terminated with signal 0<br>
Complete testcase output was:<br>
Lexical error.<br>
ReferenceError: SyntaxError is not defined<br>
current instr.: '@func_0' pc 495 (EVAL_5:144)<br>
called from Sub '@main' pc 18 (EVAL_5:11)<br>
called from Sub 'run_file' pc 312 (/home/yavuz/parrot_svn/parrot/languages/pjs/pjs.pir:124)<br>
called from Sub 'main' pc 124 (/home/yavuz/parrot_svn/parrot/languages/pjs/pjs.pir:57)<br>
</tt><br>
<dd><b>Testcase <a target='other_window' href='http://lxr.mozilla.org/mozilla/source/js/tests/ecma_3/Statements/regress-121744.js'>ecma_3/Statements/regress-121744.js</a> failed</b> <br>
 [ <a href='#tippy_top'>Top of Page</a> ]<br>
<tt>Expected exit code 0, got 1<br>
Testcase terminated with signal 0<br>
Complete testcase output was:<br>
ReferenceError: quit is not defined<br>
current instr.: '@func_0' pc 384 (EVAL_5:108)<br>
called from Sub '@main' pc 18 (EVAL_5:11)<br>
called from Sub 'run_file' pc 312 (/home/yavuz/parrot_svn/parrot/languages/pjs/pjs.pir:124)<br>
called from Sub 'main' pc 124 (/home/yavuz/parrot_svn/parrot/languages/pjs/pjs.pir:57)<br>
</tt><br>
<dd><b>Testcase <a target='other_window' href='http://lxr.mozilla.org/mozilla/source/js/tests/ecma_3/Statements/regress-302439.js'>ecma_3/Statements/regress-302439.js</a> failed</b> <br>
 [ <a href='#tippy_top'>Top of Page</a> ]<br>
<tt>Expected exit code 0, got 1<br>
Testcase terminated with signal 0<br>
Complete testcase output was:<br>
Malformed UTF-8 string<br>
current instr.: 'run_file' pc -33830334 ((unknown file):-1)<br>
</tt><br>
<dd><b>Testcase <a target='other_window' href='http://lxr.mozilla.org/mozilla/source/js/tests/ecma_3/Statements/regress-131348.js'>ecma_3/Statements/regress-131348.js</a> failed</b> <br>
 [ <a href='#tippy_top'>Top of Page</a> ]<br>
<tt>Expected exit code 0, got 1<br>
Testcase terminated with signal 0<br>
Complete testcase output was:<br>
PjsUndefined<br>
PjsUndefined<br>
TypeError: match is not a function<br>
current instr.: 'pjs_invoke_method' pc 887 (languages/pjs/lib/jscore_includes/pjsfunction.pir:135)<br>
called from Sub '@func_0_12' pc 6856 (EVAL_3:1871)<br>
called from Sub '@func_0_1' pc 1378 (EVAL_5:410)<br>
called from Sub '@func_0' pc 1189 (EVAL_5:339)<br>
called from Sub '@main' pc 18 (EVAL_5:11)<br>
called from Sub 'run_file' pc 312 (/home/yavuz/parrot_svn/parrot/languages/pjs/pjs.pir:124)<br>
called from Sub 'main' pc 124 (/home/yavuz/parrot_svn/parrot/languages/pjs/pjs.pir:57)<br>
</tt><br>
<dd><b>Testcase <a target='other_window' href='http://lxr.mozilla.org/mozilla/source/js/tests/ecma_3/Statements/regress-324650.js'>ecma_3/Statements/regress-324650.js</a> failed</b> <a href='https://bugzilla.mozilla.org/show_bug.cgi?id=324650' target='other_window'>Bug Number 324650</a><br>
 [ <a href='#tippy_top'>Top of Page</a> ]<br>
<tt>Expected exit code 0, got 1<br>
Testcase terminated with signal 0<br>
Complete testcase output was:<br>
BUGNUMBER: 324650<br>
ReferenceError: document is not defined<br>
current instr.: '@func_0' pc 200 (EVAL_5:68)<br>
called from Sub '@main' pc 18 (EVAL_5:11)<br>
called from Sub 'run_file' pc 312 (/home/yavuz/parrot_svn/parrot/languages/pjs/pjs.pir:124)<br>
called from Sub 'main' pc 124 (/home/yavuz/parrot_svn/parrot/languages/pjs/pjs.pir:57)<br>
</tt><br>
<dd><b>Testcase <a target='other_window' href='http://lxr.mozilla.org/mozilla/source/js/tests/ecma_3/Statements/regress-83532-001.js'>ecma_3/Statements/regress-83532-001.js</a> failed</b> <br>
 [ <a href='#tippy_top'>Top of Page</a> ]<br>
<tt>Expected exit code 0, got 1<br>
Testcase terminated with signal 0<br>
Complete testcase output was:<br>
PjsUndefined<br>
TypeError: match is not a function<br>
current instr.: 'pjs_invoke_method' pc 887 (languages/pjs/lib/jscore_includes/pjsfunction.pir:135)<br>
called from Sub '@func_0_12' pc 6856 (EVAL_3:1871)<br>
called from Sub '@func_0_0' pc 224 (EVAL_5:81)<br>
called from Sub '@func_0' pc 123 (EVAL_5:47)<br>
called from Sub '@main' pc 18 (EVAL_5:11)<br>
called from Sub 'run_file' pc 312 (/home/yavuz/parrot_svn/parrot/languages/pjs/pjs.pir:124)<br>
called from Sub 'main' pc 124 (/home/yavuz/parrot_svn/parrot/languages/pjs/pjs.pir:57)<br>
</tt><br>
<dd><b>Testcase <a target='other_window' href='http://lxr.mozilla.org/mozilla/source/js/tests/ecma_3/Statements/regress-74474-001.js'>ecma_3/Statements/regress-74474-001.js</a> failed</b> <br>
 [ <a href='#tippy_top'>Top of Page</a> ]<br>
<tt>Expected exit code 0, got 1<br>
Testcase terminated with signal 0<br>
Complete testcase output was:<br>
PjsUndefined<br>
TypeError: match is not a function<br>
current instr.: 'pjs_invoke_method' pc 887 (languages/pjs/lib/jscore_includes/pjsfunction.pir:135)<br>
called from Sub '@func_0_12' pc 6856 (EVAL_3:1871)<br>
called from Sub '@func_0_2' pc 1053 (EVAL_5:329)<br>
called from Sub '@func_0' pc 733 (EVAL_5:199)<br>
called from Sub '@main' pc 18 (EVAL_5:11)<br>
called from Sub 'run_file' pc 312 (/home/yavuz/parrot_svn/parrot/languages/pjs/pjs.pir:124)<br>
called from Sub 'main' pc 124 (/home/yavuz/parrot_svn/parrot/languages/pjs/pjs.pir:57)<br>
</tt><br>
<dd><b>Testcase <a target='other_window' href='http://lxr.mozilla.org/mozilla/source/js/tests/ecma_3/Statements/regress-83532-002.js'>ecma_3/Statements/regress-83532-002.js</a> failed</b> <br>
 [ <a href='#tippy_top'>Top of Page</a> ]<br>
<tt>Expected exit code 0, got 1<br>
Testcase terminated with signal 0<br>
Complete testcase output was:<br>
PjsUndefined<br>
TypeError: match is not a function<br>
current instr.: 'pjs_invoke_method' pc 887 (languages/pjs/lib/jscore_includes/pjsfunction.pir:135)<br>
called from Sub '@func_0_12' pc 6856 (EVAL_3:1871)<br>
called from Sub '@func_0_0' pc 186 (EVAL_5:76)<br>
called from Sub '@func_0' pc 137 (EVAL_5:51)<br>
called from Sub '@main' pc 18 (EVAL_5:11)<br>
called from Sub 'run_file' pc 312 (/home/yavuz/parrot_svn/parrot/languages/pjs/pjs.pir:124)<br>
called from Sub 'main' pc 124 (/home/yavuz/parrot_svn/parrot/languages/pjs/pjs.pir:57)<br>
</tt><br>
<dd><b>Testcase <a target='other_window' href='http://lxr.mozilla.org/mozilla/source/js/tests/ecma_3/Statements/regress-74474-003.js'>ecma_3/Statements/regress-74474-003.js</a> failed</b> <br>
 [ <a href='#tippy_top'>Top of Page</a> ]<br>
<tt>Expected exit code 0, got 1<br>
Testcase terminated with signal 0<br>
Complete testcase output was:<br>
PjsUndefined<br>
TypeError: match is not a function<br>
current instr.: 'pjs_invoke_method' pc 887 (languages/pjs/lib/jscore_includes/pjsfunction.pir:135)<br>
called from Sub '@func_0_12' pc 6856 (EVAL_3:1871)<br>
called from Sub '@func_0_1' pc 153641 (EVAL_5:54196)<br>
called from Sub '@func_0' pc 153452 (EVAL_5:54125)<br>
called from Sub '@main' pc 18 (EVAL_5:11)<br>
called from Sub 'run_file' pc 312 (/home/yavuz/parrot_svn/parrot/languages/pjs/pjs.pir:124)<br>
called from Sub 'main' pc 124 (/home/yavuz/parrot_svn/parrot/languages/pjs/pjs.pir:57)<br>
</tt><br>
<dd><b>Testcase <a target='other_window' href='http://lxr.mozilla.org/mozilla/source/js/tests/ecma_3/Statements/regress-226517.js'>ecma_3/Statements/regress-226517.js</a> failed</b> <br>
 [ <a href='#tippy_top'>Top of Page</a> ]<br>
<tt>Expected exit code 0, got 1<br>
Testcase terminated with signal 0<br>
Complete testcase output was:<br>
PjsUndefined<br>
TypeError: match is not a function<br>
current instr.: 'pjs_invoke_method' pc 887 (languages/pjs/lib/jscore_includes/pjsfunction.pir:135)<br>
called from Sub '@func_0_12' pc 6856 (EVAL_3:1871)<br>
called from Sub '@func_0_2' pc 717 (EVAL_5:229)<br>
called from Sub '@func_0' pc 448 (EVAL_5:111)<br>
called from Sub '@main' pc 18 (EVAL_5:11)<br>
called from Sub 'run_file' pc 312 (/home/yavuz/parrot_svn/parrot/languages/pjs/pjs.pir:124)<br>
called from Sub 'main' pc 124 (/home/yavuz/parrot_svn/parrot/languages/pjs/pjs.pir:57)<br>
</tt><br>
<dd><b>Testcase <a target='other_window' href='http://lxr.mozilla.org/mozilla/source/js/tests/ecma_3/Statements/regress-74474-002.js'>ecma_3/Statements/regress-74474-002.js</a> failed</b> <br>
 [ <a href='#tippy_top'>Top of Page</a> ]<br>
<tt>Expected exit code 0, got 1<br>
Testcase terminated with signal 0<br>
Complete testcase output was:<br>
PjsUndefined<br>
TypeError: match is not a function<br>
current instr.: 'pjs_invoke_method' pc 887 (languages/pjs/lib/jscore_includes/pjsfunction.pir:135)<br>
called from Sub '@func_0_12' pc 6856 (EVAL_3:1871)<br>
called from Sub '@func_0_1' pc 153602 (EVAL_5:54184)<br>
called from Sub '@func_0' pc 153413 (EVAL_5:54113)<br>
called from Sub '@main' pc 18 (EVAL_5:11)<br>
called from Sub 'run_file' pc 312 (/home/yavuz/parrot_svn/parrot/languages/pjs/pjs.pir:124)<br>
called from Sub 'main' pc 124 (/home/yavuz/parrot_svn/parrot/languages/pjs/pjs.pir:57)<br>
</tt><br>
<dd><b>Testcase <a target='other_window' href='http://lxr.mozilla.org/mozilla/source/js/tests/ecma_3/Statements/regress-194364.js'>ecma_3/Statements/regress-194364.js</a> failed</b> <br>
 [ <a href='#tippy_top'>Top of Page</a> ]<br>
<tt>Expected exit code 0, got 1<br>
Testcase terminated with signal 0<br>
Complete testcase output was:<br>
PjsUndefined<br>
TypeError: match is not a function<br>
current instr.: 'pjs_invoke_method' pc 887 (languages/pjs/lib/jscore_includes/pjsfunction.pir:135)<br>
called from Sub '@func_0_12' pc 6856 (EVAL_3:1871)<br>
called from Sub '@func_0_1' pc 1441 (EVAL_5:324)<br>
called from Sub '@func_0' pc 1252 (EVAL_5:253)<br>
called from Sub '@main' pc 18 (EVAL_5:11)<br>
called from Sub 'run_file' pc 312 (/home/yavuz/parrot_svn/parrot/languages/pjs/pjs.pir:124)<br>
called from Sub 'main' pc 124 (/home/yavuz/parrot_svn/parrot/languages/pjs/pjs.pir:57)<br>
</tt><br>
<dd><b>Testcase <a target='other_window' href='http://lxr.mozilla.org/mozilla/source/js/tests/ecma_3/RegExp/regress-289669.js'>ecma_3/RegExp/regress-289669.js</a> failed</b> <a href='https://bugzilla.mozilla.org/show_bug.cgi?id=289669' target='other_window'>Bug Number 289669</a><br>
 [ <a href='#tippy_top'>Top of Page</a> ]<br>
<tt>Expected exit code 0, got 1<br>
Testcase terminated with signal 0<br>
Complete testcase output was:<br>
BUGNUMBER: 289669<br>
ReferenceError: RegExp is not defined<br>
current instr.: '@func_0_0' pc 881 (EVAL_5:233)<br>
called from Sub '@func_0_2' pc 1341 (EVAL_5:376)<br>
called from Sub '@func_0_1' pc 1125 (EVAL_5:296)<br>
called from Sub '@func_0' pc 377 (EVAL_5:96)<br>
called from Sub '@main' pc 18 (EVAL_5:11)<br>
called from Sub 'run_file' pc 312 (/home/yavuz/parrot_svn/parrot/languages/pjs/pjs.pir:124)<br>
called from Sub 'main' pc 124 (/home/yavuz/parrot_svn/parrot/languages/pjs/pjs.pir:57)<br>
</tt><br>
<dd><b>Testcase <a target='other_window' href='http://lxr.mozilla.org/mozilla/source/js/tests/ecma_3/RegExp/regress-165353.js'>ecma_3/RegExp/regress-165353.js</a> failed</b> <br>
 [ <a href='#tippy_top'>Top of Page</a> ]<br>
<tt>Expected exit code 0, got 1<br>
Testcase terminated with signal 0<br>
Complete testcase output was:<br>
PjsUndefined<br>
TypeError: match is not a function<br>
current instr.: 'pjs_invoke_method' pc 887 (languages/pjs/lib/jscore_includes/pjsfunction.pir:135)<br>
called from Sub '@func_0' pc 406 (EVAL_5:105)<br>
called from Sub '@main' pc 18 (EVAL_5:11)<br>
called from Sub 'run_file' pc 312 (/home/yavuz/parrot_svn/parrot/languages/pjs/pjs.pir:124)<br>
called from Sub 'main' pc 124 (/home/yavuz/parrot_svn/parrot/languages/pjs/pjs.pir:57)<br>
</tt><br>
<dd><b>Testcase <a target='other_window' href='http://lxr.mozilla.org/mozilla/source/js/tests/ecma_3/RegExp/regress-119909.js'>ecma_3/RegExp/regress-119909.js</a> failed</b> <br>
 [ <a href='#tippy_top'>Top of Page</a> ]<br>
<tt>Expected exit code 0, got 1<br>
Testcase terminated with signal 0<br>
Complete testcase output was:<br>
PjsUndefined<br>
TypeError: match is not a function<br>
current instr.: 'pjs_invoke_method' pc 887 (languages/pjs/lib/jscore_includes/pjsfunction.pir:135)<br>
called from Sub '@func_0_12' pc 6856 (EVAL_3:1871)<br>
called from Sub '@func_0_0' pc 224 (EVAL_5:84)<br>
called from Sub '@func_0' pc 175 (EVAL_5:59)<br>
called from Sub '@main' pc 18 (EVAL_5:11)<br>
called from Sub 'run_file' pc 312 (/home/yavuz/parrot_svn/parrot/languages/pjs/pjs.pir:124)<br>
called from Sub 'main' pc 124 (/home/yavuz/parrot_svn/parrot/languages/pjs/pjs.pir:57)<br>
</tt><br>
<dd><b>Testcase <a target='other_window' href='http://lxr.mozilla.org/mozilla/source/js/tests/ecma_3/RegExp/regress-98306.js'>ecma_3/RegExp/regress-98306.js</a> failed</b> <br>
 [ <a href='#tippy_top'>Top of Page</a> ]<br>
<tt>Expected exit code 0, got 1<br>
Testcase terminated with signal 0<br>
Complete testcase output was:<br>
PjsUndefined<br>
TypeError: match is not a function<br>
current instr.: 'pjs_invoke_method' pc 887 (languages/pjs/lib/jscore_includes/pjsfunction.pir:135)<br>
called from Sub '@func_0_12' pc 6856 (EVAL_3:1871)<br>
called from Sub '@func_0_0' pc 216 (EVAL_5:81)<br>
called from Sub '@func_0' pc 167 (EVAL_5:56)<br>
called from Sub '@main' pc 18 (EVAL_5:11)<br>
called from Sub 'run_file' pc 312 (/home/yavuz/parrot_svn/parrot/languages/pjs/pjs.pir:124)<br>
called from Sub 'main' pc 124 (/home/yavuz/parrot_svn/parrot/languages/pjs/pjs.pir:57)<br>
</tt><br>
<dd><b>Testcase <a target='other_window' href='http://lxr.mozilla.org/mozilla/source/js/tests/ecma_3/RegExp/regress-67773.js'>ecma_3/RegExp/regress-67773.js</a> failed</b> <br>
 [ <a href='#tippy_top'>Top of Page</a> ]<br>
<tt>Expected exit code 0, got 1<br>
Testcase terminated with signal 0<br>
Complete testcase output was:<br>
PjsUndefined<br>
TypeError: match is not a function<br>
current instr.: 'pjs_invoke_method' pc 887 (languages/pjs/lib/jscore_includes/pjsfunction.pir:135)<br>
called from Sub '@func_0' pc 420 (EVAL_5:109)<br>
called from Sub '@main' pc 18 (EVAL_5:11)<br>
called from Sub 'run_file' pc 312 (/home/yavuz/parrot_svn/parrot/languages/pjs/pjs.pir:124)<br>
called from Sub 'main' pc 124 (/home/yavuz/parrot_svn/parrot/languages/pjs/pjs.pir:57)<br>
</tt><br>
<dd><b>Testcase <a target='other_window' href='http://lxr.mozilla.org/mozilla/source/js/tests/ecma_3/RegExp/regress-103087.js'>ecma_3/RegExp/regress-103087.js</a> failed</b> <br>
 [ <a href='#tippy_top'>Top of Page</a> ]<br>
<tt>Expected exit code 0, got 1<br>
Testcase terminated with signal 0<br>
Complete testcase output was:<br>
PjsUndefined<br>
TypeError: match is not a function<br>
current instr.: 'pjs_invoke_method' pc 887 (languages/pjs/lib/jscore_includes/pjsfunction.pir:135)<br>
called from Sub '@func_0_12' pc 6856 (EVAL_3:1871)<br>
called from Sub '@func_0_0' pc 3590 (EVAL_5:986)<br>
called from Sub '@func_0' pc 3537 (EVAL_5:960)<br>
called from Sub '@main' pc 18 (EVAL_5:11)<br>
called from Sub 'run_file' pc 312 (/home/yavuz/parrot_svn/parrot/languages/pjs/pjs.pir:124)<br>
called from Sub 'main' pc 124 (/home/yavuz/parrot_svn/parrot/languages/pjs/pjs.pir:57)<br>
</tt><br>
<dd><b>Testcase <a target='other_window' href='http://lxr.mozilla.org/mozilla/source/js/tests/ecma_3/RegExp/regress-169497.js'>ecma_3/RegExp/regress-169497.js</a> failed</b> <br>
 [ <a href='#tippy_top'>Top of Page</a> ]<br>
<tt>Expected exit code 0, got 1<br>
Testcase terminated with signal 0<br>
Complete testcase output was:<br>
PjsUndefined<br>
TypeError: match is not a function<br>
current instr.: 'pjs_invoke_method' pc 887 (languages/pjs/lib/jscore_includes/pjsfunction.pir:135)<br>
called from Sub '@func_0' pc 584 (EVAL_5:153)<br>
called from Sub '@main' pc 18 (EVAL_5:11)<br>
called from Sub 'run_file' pc 312 (/home/yavuz/parrot_svn/parrot/languages/pjs/pjs.pir:124)<br>
called from Sub 'main' pc 124 (/home/yavuz/parrot_svn/parrot/languages/pjs/pjs.pir:57)<br>
</tt><br>
<dd><b>Testcase <a target='other_window' href='http://lxr.mozilla.org/mozilla/source/js/tests/ecma_3/RegExp/regress-31316.js'>ecma_3/RegExp/regress-31316.js</a> failed</b> <br>
 [ <a href='#tippy_top'>Top of Page</a> ]<br>
<tt>Expected exit code 0, got 1<br>
Testcase terminated with signal 0<br>
Complete testcase output was:<br>
PjsUndefined<br>
TypeError: match is not a function<br>
current instr.: 'pjs_invoke_method' pc 887 (languages/pjs/lib/jscore_includes/pjsfunction.pir:135)<br>
called from Sub '@func_0' pc 420 (EVAL_5:109)<br>
called from Sub '@main' pc 18 (EVAL_5:11)<br>
called from Sub 'run_file' pc 312 (/home/yavuz/parrot_svn/parrot/languages/pjs/pjs.pir:124)<br>
called from Sub 'main' pc 124 (/home/yavuz/parrot_svn/parrot/languages/pjs/pjs.pir:57)<br>
</tt><br>
<dd><b>Testcase <a target='other_window' href='http://lxr.mozilla.org/mozilla/source/js/tests/ecma_3/RegExp/regress-100199.js'>ecma_3/RegExp/regress-100199.js</a> failed</b> <br>
 [ <a href='#tippy_top'>Top of Page</a> ]<br>
<tt>Expected exit code 0, got 1<br>
Testcase terminated with signal 0<br>
Complete testcase output was:<br>
PjsUndefined<br>
TypeError: match is not a function<br>
current instr.: 'pjs_invoke_method' pc 887 (languages/pjs/lib/jscore_includes/pjsfunction.pir:135)<br>
called from Sub '@func_0' pc 406 (EVAL_5:105)<br>
called from Sub '@main' pc 18 (EVAL_5:11)<br>
called from Sub 'run_file' pc 312 (/home/yavuz/parrot_svn/parrot/languages/pjs/pjs.pir:124)<br>
called from Sub 'main' pc 124 (/home/yavuz/parrot_svn/parrot/languages/pjs/pjs.pir:57)<br>
</tt><br>
<dd><b>Testcase <a target='other_window' href='http://lxr.mozilla.org/mozilla/source/js/tests/ecma_3/RegExp/regress-202564.js'>ecma_3/RegExp/regress-202564.js</a> failed</b> <br>
 [ <a href='#tippy_top'>Top of Page</a> ]<br>
<tt>Expected exit code 0, got 1<br>
Testcase terminated with signal 0<br>
Complete testcase output was:<br>
PjsUndefined<br>
TypeError: match is not a function<br>
current instr.: 'pjs_invoke_method' pc 887 (languages/pjs/lib/jscore_includes/pjsfunction.pir:135)<br>
called from Sub '@func_0' pc 406 (EVAL_5:105)<br>
called from Sub '@main' pc 18 (EVAL_5:11)<br>
called from Sub 'run_file' pc 312 (/home/yavuz/parrot_svn/parrot/languages/pjs/pjs.pir:124)<br>
called from Sub 'main' pc 124 (/home/yavuz/parrot_svn/parrot/languages/pjs/pjs.pir:57)<br>
</tt><br>
<dd><b>Testcase <a target='other_window' href='http://lxr.mozilla.org/mozilla/source/js/tests/ecma_3/RegExp/regress-85721.js'>ecma_3/RegExp/regress-85721.js</a> failed</b> <a href='https://bugzilla.mozilla.org/show_bug.cgi?id=85721' target='other_window'>Bug Number 85721</a><br>
 [ <a href='#tippy_top'>Top of Page</a> ]<br>
<tt>Expected exit code 0, got 1<br>
Testcase terminated with signal 0<br>
Complete testcase output was:<br>
BUGNUMBER: 85721<br>
PjsUndefined<br>
TypeError: exec is not a function<br>
current instr.: 'pjs_invoke_method' pc 887 (languages/pjs/lib/jscore_includes/pjsfunction.pir:135)<br>
called from Sub '@func_0' pc 523 (EVAL_5:139)<br>
called from Sub '@main' pc 18 (EVAL_5:11)<br>
called from Sub 'run_file' pc 312 (/home/yavuz/parrot_svn/parrot/languages/pjs/pjs.pir:124)<br>
called from Sub 'main' pc 124 (/home/yavuz/parrot_svn/parrot/languages/pjs/pjs.pir:57)<br>
</tt><br>
<dd><b>Testcase <a target='other_window' href='http://lxr.mozilla.org/mozilla/source/js/tests/ecma_3/RegExp/regress-220367-001.js'>ecma_3/RegExp/regress-220367-001.js</a> failed</b> <br>
 [ <a href='#tippy_top'>Top of Page</a> ]<br>
<tt>Expected exit code 0, got 1<br>
Testcase terminated with signal 0<br>
Complete testcase output was:<br>
PjsUndefined<br>
TypeError: match is not a function<br>
current instr.: 'pjs_invoke_method' pc 887 (languages/pjs/lib/jscore_includes/pjsfunction.pir:135)<br>
called from Sub '@func_0' pc 406 (EVAL_5:105)<br>
called from Sub '@main' pc 18 (EVAL_5:11)<br>
called from Sub 'run_file' pc 312 (/home/yavuz/parrot_svn/parrot/languages/pjs/pjs.pir:124)<br>
called from Sub 'main' pc 124 (/home/yavuz/parrot_svn/parrot/languages/pjs/pjs.pir:57)<br>
</tt><br>
<dd><b>Testcase <a target='other_window' href='http://lxr.mozilla.org/mozilla/source/js/tests/ecma_3/RegExp/regress-224676.js'>ecma_3/RegExp/regress-224676.js</a> failed</b> <br>
 [ <a href='#tippy_top'>Top of Page</a> ]<br>
<tt>Expected exit code 0, got 1<br>
Testcase terminated with signal 0<br>
Complete testcase output was:<br>
PjsUndefined<br>
TypeError: match is not a function<br>
current instr.: 'pjs_invoke_method' pc 887 (languages/pjs/lib/jscore_includes/pjsfunction.pir:135)<br>
called from Sub '@func_0' pc 406 (EVAL_5:105)<br>
called from Sub '@main' pc 18 (EVAL_5:11)<br>
called from Sub 'run_file' pc 312 (/home/yavuz/parrot_svn/parrot/languages/pjs/pjs.pir:124)<br>
called from Sub 'main' pc 124 (/home/yavuz/parrot_svn/parrot/languages/pjs/pjs.pir:57)<br>
</tt><br>
<dd><b>Testcase <a target='other_window' href='http://lxr.mozilla.org/mozilla/source/js/tests/ecma_3/RegExp/regress-225289.js'>ecma_3/RegExp/regress-225289.js</a> failed</b> <br>
 [ <a href='#tippy_top'>Top of Page</a> ]<br>
<tt>Expected exit code 0, got 1<br>
Testcase terminated with signal 0<br>
Complete testcase output was:<br>
PjsUndefined<br>
TypeError: match is not a function<br>
current instr.: 'pjs_invoke_method' pc 887 (languages/pjs/lib/jscore_includes/pjsfunction.pir:135)<br>
called from Sub '@func_0' pc 406 (EVAL_5:105)<br>
called from Sub '@main' pc 18 (EVAL_5:11)<br>
called from Sub 'run_file' pc 312 (/home/yavuz/parrot_svn/parrot/languages/pjs/pjs.pir:124)<br>
called from Sub 'main' pc 124 (/home/yavuz/parrot_svn/parrot/languages/pjs/pjs.pir:57)<br>
</tt><br>
<dd><b>Testcase <a target='other_window' href='http://lxr.mozilla.org/mozilla/source/js/tests/ecma_3/RegExp/regress-187133.js'>ecma_3/RegExp/regress-187133.js</a> failed</b> <br>
 [ <a href='#tippy_top'>Top of Page</a> ]<br>
<tt>Expected exit code 0, got 1<br>
Testcase terminated with signal 0<br>
Complete testcase output was:<br>
PjsUndefined<br>
TypeError: match is not a function<br>
current instr.: 'pjs_invoke_method' pc 887 (languages/pjs/lib/jscore_includes/pjsfunction.pir:135)<br>
called from Sub '@func_0' pc 406 (EVAL_5:105)<br>
called from Sub '@main' pc 18 (EVAL_5:11)<br>
called from Sub 'run_file' pc 312 (/home/yavuz/parrot_svn/parrot/languages/pjs/pjs.pir:124)<br>
called from Sub 'main' pc 124 (/home/yavuz/parrot_svn/parrot/languages/pjs/pjs.pir:57)<br>
</tt><br>
<dd><b>Testcase <a target='other_window' href='http://lxr.mozilla.org/mozilla/source/js/tests/ecma_3/RegExp/regress-311414.js'>ecma_3/RegExp/regress-311414.js</a> failed</b> <a href='https://bugzilla.mozilla.org/show_bug.cgi?id=311414' target='other_window'>Bug Number 311414</a><br>
 [ <a href='#tippy_top'>Top of Page</a> ]<br>
<tt>Expected exit code 0, got 1<br>
Testcase terminated with signal 0<br>
Complete testcase output was:<br>
BUGNUMBER: 311414<br>
PjsUndefined<br>
TypeError: now is not a function<br>
current instr.: 'pjs_invoke_method' pc 887 (languages/pjs/lib/jscore_includes/pjsfunction.pir:135)<br>
called from Sub '@func_0_0' pc 1937 (EVAL_5:443)<br>
called from Sub '@func_0' pc 551 (EVAL_5:141)<br>
called from Sub '@main' pc 18 (EVAL_5:11)<br>
called from Sub 'run_file' pc 312 (/home/yavuz/parrot_svn/parrot/languages/pjs/pjs.pir:124)<br>
called from Sub 'main' pc 124 (/home/yavuz/parrot_svn/parrot/languages/pjs/pjs.pir:57)<br>
</tt><br>
<dd><b>Testcase <a target='other_window' href='http://lxr.mozilla.org/mozilla/source/js/tests/ecma_3/RegExp/regress-216591.js'>ecma_3/RegExp/regress-216591.js</a> failed</b> <br>
 [ <a href='#tippy_top'>Top of Page</a> ]<br>
<tt>Expected exit code 0, got 1<br>
Testcase terminated with signal 0<br>
Complete testcase output was:<br>
PjsUndefined<br>
TypeError: match is not a function<br>
current instr.: 'pjs_invoke_method' pc 887 (languages/pjs/lib/jscore_includes/pjsfunction.pir:135)<br>
called from Sub '@func_0' pc 406 (EVAL_5:105)<br>
called from Sub '@main' pc 18 (EVAL_5:11)<br>
called from Sub 'run_file' pc 312 (/home/yavuz/parrot_svn/parrot/languages/pjs/pjs.pir:124)<br>
called from Sub 'main' pc 124 (/home/yavuz/parrot_svn/parrot/languages/pjs/pjs.pir:57)<br>
</tt><br>
<dd><b>Testcase <a target='other_window' href='http://lxr.mozilla.org/mozilla/source/js/tests/ecma_3/RegExp/regress-330684.js'>ecma_3/RegExp/regress-330684.js</a> failed</b> <a href='https://bugzilla.mozilla.org/show_bug.cgi?id=330684' target='other_window'>Bug Number 330684</a><br>
 [ <a href='#tippy_top'>Top of Page</a> ]<br>
<tt>Expected exit code 0, got 1<br>
Testcase terminated with signal 0<br>
Complete testcase output was:<br>
BUGNUMBER: 330684<br>
TypeError: can't convert undefined to object<br>
current instr.: '__toObject__' pc 218 (languages/pjs/lib/jscore_includes/conversions.pir:82)<br>
called from Sub '@func_0' pc 200 (EVAL_5:66)<br>
called from Sub '@main' pc 18 (EVAL_5:11)<br>
called from Sub 'run_file' pc 312 (/home/yavuz/parrot_svn/parrot/languages/pjs/pjs.pir:124)<br>
called from Sub 'main' pc 124 (/home/yavuz/parrot_svn/parrot/languages/pjs/pjs.pir:57)<br>
</tt><br>
<dd><b>Testcase <a target='other_window' href='http://lxr.mozilla.org/mozilla/source/js/tests/ecma_3/RegExp/regress-57631.js'>ecma_3/RegExp/regress-57631.js</a> failed</b> <br>
 [ <a href='#tippy_top'>Top of Page</a> ]<br>
<tt>Expected exit code 0, got 1<br>
Testcase terminated with signal 0<br>
Complete testcase output was:<br>
ReferenceError: RegExp is not defined<br>
current instr.: '@func_0' pc 1001 (EVAL_5:243)<br>
called from Sub '@main' pc 18 (EVAL_5:11)<br>
called from Sub 'run_file' pc 312 (/home/yavuz/parrot_svn/parrot/languages/pjs/pjs.pir:124)<br>
called from Sub 'main' pc 124 (/home/yavuz/parrot_svn/parrot/languages/pjs/pjs.pir:57)<br>
</tt><br>
<dd><b>Testcase <a target='other_window' href='http://lxr.mozilla.org/mozilla/source/js/tests/ecma_3/RegExp/regress-309840.js'>ecma_3/RegExp/regress-309840.js</a> failed</b> <a href='https://bugzilla.mozilla.org/show_bug.cgi?id=309840' target='other_window'>Bug Number 309840</a><br>
 [ <a href='#tippy_top'>Top of Page</a> ]<br>
<tt>Expected exit code 0, got 1<br>
Testcase terminated with signal 0<br>
Complete testcase output was:<br>
BUGNUMBER: 309840<br>
ReferenceError: gTestsubsuite is not defined<br>
current instr.: '@func_0_2' pc 2776 (EVAL_3:725)<br>
called from Sub 'pjs_invoke_new' pc 1007 (languages/pjs/lib/jscore_includes/pjsfunction.pir:177)<br>
called from Sub '@func_0_10' pc 5642 (EVAL_3:1543)<br>
called from Sub '@func_0' pc 315 (EVAL_5:99)<br>
called from Sub '@main' pc 18 (EVAL_5:11)<br>
called from Sub 'run_file' pc 312 (/home/yavuz/parrot_svn/parrot/languages/pjs/pjs.pir:124)<br>
called from Sub 'main' pc 124 (/home/yavuz/parrot_svn/parrot/languages/pjs/pjs.pir:57)<br>
</tt><br>
<dd><b>Testcase <a target='other_window' href='http://lxr.mozilla.org/mozilla/source/js/tests/ecma_3/RegExp/regress-188206.js'>ecma_3/RegExp/regress-188206.js</a> failed</b> <br>
 [ <a href='#tippy_top'>Top of Page</a> ]<br>
<tt>Expected exit code 0, got 1<br>
Testcase terminated with signal 0<br>
Complete testcase output was:<br>
Lexical error.<br>
ReferenceError: SyntaxError is not defined<br>
current instr.: '@func_0_0' pc 2661 (EVAL_5:540)<br>
called from Sub '@func_0' pc 821 (EVAL_5:184)<br>
called from Sub '@main' pc 18 (EVAL_5:11)<br>
called from Sub 'run_file' pc 312 (/home/yavuz/parrot_svn/parrot/languages/pjs/pjs.pir:124)<br>
called from Sub 'main' pc 124 (/home/yavuz/parrot_svn/parrot/languages/pjs/pjs.pir:57)<br>
</tt><br>
<dd><b>Testcase <a target='other_window' href='http://lxr.mozilla.org/mozilla/source/js/tests/ecma_3/RegExp/regress-105972.js'>ecma_3/RegExp/regress-105972.js</a> failed</b> <br>
 [ <a href='#tippy_top'>Top of Page</a> ]<br>
<tt>Expected exit code 0, got 1<br>
Testcase terminated with signal 0<br>
Complete testcase output was:<br>
PjsUndefined<br>
TypeError: match is not a function<br>
current instr.: 'pjs_invoke_method' pc 887 (languages/pjs/lib/jscore_includes/pjsfunction.pir:135)<br>
called from Sub '@func_0' pc 420 (EVAL_5:109)<br>
called from Sub '@main' pc 18 (EVAL_5:11)<br>
called from Sub 'run_file' pc 312 (/home/yavuz/parrot_svn/parrot/languages/pjs/pjs.pir:124)<br>
called from Sub 'main' pc 124 (/home/yavuz/parrot_svn/parrot/languages/pjs/pjs.pir:57)<br>
</tt><br>
<dd><b>Testcase <a target='other_window' href='http://lxr.mozilla.org/mozilla/source/js/tests/ecma_3/RegExp/regress-223535.js'>ecma_3/RegExp/regress-223535.js</a> failed</b> <br>
 [ <a href='#tippy_top'>Top of Page</a> ]<br>
<tt>Expected exit code 0, got 1<br>
Testcase terminated with signal 0<br>
Complete testcase output was:<br>
PjsUndefined<br>
TypeError: match is not a function<br>
current instr.: 'pjs_invoke_method' pc 887 (languages/pjs/lib/jscore_includes/pjsfunction.pir:135)<br>
called from Sub '@func_0' pc 406 (EVAL_5:105)<br>
called from Sub '@main' pc 18 (EVAL_5:11)<br>
called from Sub 'run_file' pc 312 (/home/yavuz/parrot_svn/parrot/languages/pjs/pjs.pir:124)<br>
called from Sub 'main' pc 124 (/home/yavuz/parrot_svn/parrot/languages/pjs/pjs.pir:57)<br>
</tt><br>
<dd><b>Testcase <a target='other_window' href='http://lxr.mozilla.org/mozilla/source/js/tests/ecma_3/RegExp/regress-72964.js'>ecma_3/RegExp/regress-72964.js</a> failed</b> <br>
 [ <a href='#tippy_top'>Top of Page</a> ]<br>
<tt>Expected exit code 0, got 1<br>
Testcase terminated with signal 0<br>
Complete testcase output was:<br>
PjsUndefined<br>
TypeError: match is not a function<br>
current instr.: 'pjs_invoke_method' pc 887 (languages/pjs/lib/jscore_includes/pjsfunction.pir:135)<br>
called from Sub '@func_0' pc 420 (EVAL_5:109)<br>
called from Sub '@main' pc 18 (EVAL_5:11)<br>
called from Sub 'run_file' pc 312 (/home/yavuz/parrot_svn/parrot/languages/pjs/pjs.pir:124)<br>
called from Sub 'main' pc 124 (/home/yavuz/parrot_svn/parrot/languages/pjs/pjs.pir:57)<br>
</tt><br>
<dd><b>Testcase <a target='other_window' href='http://lxr.mozilla.org/mozilla/source/js/tests/ecma_3/RegExp/regress-334158.js'>ecma_3/RegExp/regress-334158.js</a> failed</b> <br>
 [ <a href='#tippy_top'>Top of Page</a> ]<br>
<tt>Expected exit code 0, got 1<br>
Testcase terminated with signal 0<br>
Complete testcase output was:<br>
[line 57, column 18] syntax error, unexpected ']', expecting ',' or ';'<br>
current instr.: 'run_file' pc 260 (/home/yavuz/parrot_svn/parrot/languages/pjs/pjs.pir:111)<br>
called from Sub 'main' pc 124 (/home/yavuz/parrot_svn/parrot/languages/pjs/pjs.pir:57)<br>
</tt><br>
<dd><b>Testcase <a target='other_window' href='http://lxr.mozilla.org/mozilla/source/js/tests/ecma_3/RegExp/regress-57572.js'>ecma_3/RegExp/regress-57572.js</a> failed</b> <br>
 [ <a href='#tippy_top'>Top of Page</a> ]<br>
<tt>Expected exit code 0, got 1<br>
Testcase terminated with signal 0<br>
Complete testcase output was:<br>
PjsUndefined<br>
TypeError: match is not a function<br>
current instr.: 'pjs_invoke_method' pc 887 (languages/pjs/lib/jscore_includes/pjsfunction.pir:135)<br>
called from Sub '@func_0' pc 434 (EVAL_5:113)<br>
called from Sub '@main' pc 18 (EVAL_5:11)<br>
called from Sub 'run_file' pc 312 (/home/yavuz/parrot_svn/parrot/languages/pjs/pjs.pir:124)<br>
called from Sub 'main' pc 124 (/home/yavuz/parrot_svn/parrot/languages/pjs/pjs.pir:57)<br>
</tt><br>
<dd><b>Testcase <a target='other_window' href='http://lxr.mozilla.org/mozilla/source/js/tests/ecma_3/RegExp/regress-209919.js'>ecma_3/RegExp/regress-209919.js</a> failed</b> <br>
 [ <a href='#tippy_top'>Top of Page</a> ]<br>
<tt>Expected exit code 0, got 1<br>
Testcase terminated with signal 0<br>
Complete testcase output was:<br>
PjsUndefined<br>
TypeError: match is not a function<br>
current instr.: 'pjs_invoke_method' pc 887 (languages/pjs/lib/jscore_includes/pjsfunction.pir:135)<br>
called from Sub '@func_0' pc 406 (EVAL_5:105)<br>
called from Sub '@main' pc 18 (EVAL_5:11)<br>
called from Sub 'run_file' pc 312 (/home/yavuz/parrot_svn/parrot/languages/pjs/pjs.pir:124)<br>
called from Sub 'main' pc 124 (/home/yavuz/parrot_svn/parrot/languages/pjs/pjs.pir:57)<br>
</tt><br>
<dd><b>Testcase <a target='other_window' href='http://lxr.mozilla.org/mozilla/source/js/tests/ecma_3/RegExp/regress-24712.js'>ecma_3/RegExp/regress-24712.js</a> failed</b> <br>
 [ <a href='#tippy_top'>Top of Page</a> ]<br>
<tt>Expected exit code 0, got 1<br>
Testcase terminated with signal 0<br>
Complete testcase output was:<br>
PjsUndefined<br>
TypeError: match is not a function<br>
current instr.: 'pjs_invoke_method' pc 887 (languages/pjs/lib/jscore_includes/pjsfunction.pir:135)<br>
called from Sub '@func_0_12' pc 6856 (EVAL_3:1871)<br>
called from Sub '@func_0_0' pc 154 (EVAL_5:67)<br>
called from Sub '@func_0' pc 97 (EVAL_5:40)<br>
called from Sub '@main' pc 18 (EVAL_5:11)<br>
called from Sub 'run_file' pc 312 (/home/yavuz/parrot_svn/parrot/languages/pjs/pjs.pir:124)<br>
called from Sub 'main' pc 124 (/home/yavuz/parrot_svn/parrot/languages/pjs/pjs.pir:57)<br>
</tt><br>
<dd><b>Testcase <a target='other_window' href='http://lxr.mozilla.org/mozilla/source/js/tests/ecma_3/RegExp/regress-169534.js'>ecma_3/RegExp/regress-169534.js</a> failed</b> <br>
 [ <a href='#tippy_top'>Top of Page</a> ]<br>
<tt>Expected exit code 0, got 1<br>
Testcase terminated with signal 0<br>
Complete testcase output was:<br>
PjsUndefined<br>
TypeError: replace is not a function<br>
current instr.: 'pjs_invoke_method' pc 887 (languages/pjs/lib/jscore_includes/pjsfunction.pir:135)<br>
called from Sub '@func_0' pc 414 (EVAL_5:108)<br>
called from Sub '@main' pc 18 (EVAL_5:11)<br>
called from Sub 'run_file' pc 312 (/home/yavuz/parrot_svn/parrot/languages/pjs/pjs.pir:124)<br>
called from Sub 'main' pc 124 (/home/yavuz/parrot_svn/parrot/languages/pjs/pjs.pir:57)<br>
</tt><br>
<dd><b>Testcase <a target='other_window' href='http://lxr.mozilla.org/mozilla/source/js/tests/ecma_3/RegExp/regress-312351.js'>ecma_3/RegExp/regress-312351.js</a> failed</b> <a href='https://bugzilla.mozilla.org/show_bug.cgi?id=312351' target='other_window'>Bug Number 312351</a><br>
 [ <a href='#tippy_top'>Top of Page</a> ]<br>
<tt>Expected exit code 0, got 1<br>
Testcase terminated with signal 0<br>
Complete testcase output was:<br>
BUGNUMBER: 312351<br>
ReferenceError: RegExp is not defined<br>
current instr.: '@func_0' pc 171 (EVAL_5:60)<br>
called from Sub '@main' pc 18 (EVAL_5:11)<br>
called from Sub 'run_file' pc 312 (/home/yavuz/parrot_svn/parrot/languages/pjs/pjs.pir:124)<br>
called from Sub 'main' pc 124 (/home/yavuz/parrot_svn/parrot/languages/pjs/pjs.pir:57)<br>
</tt><br>
<dd><b>Testcase <a target='other_window' href='http://lxr.mozilla.org/mozilla/source/js/tests/ecma_3/RegExp/regress-228087.js'>ecma_3/RegExp/regress-228087.js</a> failed</b> <br>
 [ <a href='#tippy_top'>Top of Page</a> ]<br>
<tt>Expected exit code 0, got 1<br>
Testcase terminated with signal 0<br>
Complete testcase output was:<br>
PjsUndefined<br>
TypeError: match is not a function<br>
current instr.: 'pjs_invoke_method' pc 887 (languages/pjs/lib/jscore_includes/pjsfunction.pir:135)<br>
called from Sub '@func_0_12' pc 6856 (EVAL_3:1871)<br>
called from Sub '@func_0_1' pc 4388 (EVAL_5:1143)<br>
called from Sub '@func_0' pc 4141 (EVAL_5:1061)<br>
called from Sub '@main' pc 18 (EVAL_5:11)<br>
called from Sub 'run_file' pc 312 (/home/yavuz/parrot_svn/parrot/languages/pjs/pjs.pir:124)<br>
called from Sub 'main' pc 124 (/home/yavuz/parrot_svn/parrot/languages/pjs/pjs.pir:57)<br>
</tt><br>
<dd><b>Testcase <a target='other_window' href='http://lxr.mozilla.org/mozilla/source/js/tests/ecma_3/RegExp/regress-225343.js'>ecma_3/RegExp/regress-225343.js</a> failed</b> <br>
 [ <a href='#tippy_top'>Top of Page</a> ]<br>
<tt>Expected exit code 0, got 1<br>
Testcase terminated with signal 0<br>
Complete testcase output was:<br>
PjsUndefined<br>
TypeError: match is not a function<br>
current instr.: 'pjs_invoke_method' pc 887 (languages/pjs/lib/jscore_includes/pjsfunction.pir:135)<br>
called from Sub '@func_0' pc 406 (EVAL_5:105)<br>
called from Sub '@main' pc 18 (EVAL_5:11)<br>
called from Sub 'run_file' pc 312 (/home/yavuz/parrot_svn/parrot/languages/pjs/pjs.pir:124)<br>
called from Sub 'main' pc 124 (/home/yavuz/parrot_svn/parrot/languages/pjs/pjs.pir:57)<br>
</tt><br>
<dd><b>Testcase <a target='other_window' href='http://lxr.mozilla.org/mozilla/source/js/tests/ecma_3/RegExp/regress-191479.js'>ecma_3/RegExp/regress-191479.js</a> failed</b> <br>
 [ <a href='#tippy_top'>Top of Page</a> ]<br>
<tt>Expected exit code 0, got 1<br>
Testcase terminated with signal 0<br>
Complete testcase output was:<br>
PjsUndefined<br>
TypeError: match is not a function<br>
current instr.: 'pjs_invoke_method' pc 887 (languages/pjs/lib/jscore_includes/pjsfunction.pir:135)<br>
called from Sub '@func_0' pc 406 (EVAL_5:105)<br>
called from Sub '@main' pc 18 (EVAL_5:11)<br>
called from Sub 'run_file' pc 312 (/home/yavuz/parrot_svn/parrot/languages/pjs/pjs.pir:124)<br>
called from Sub 'main' pc 124 (/home/yavuz/parrot_svn/parrot/languages/pjs/pjs.pir:57)<br>
</tt><br>
<dd><b>Testcase <a target='other_window' href='http://lxr.mozilla.org/mozilla/source/js/tests/ecma_3/RegExp/regress-375642.js'>ecma_3/RegExp/regress-375642.js</a> failed</b> <br>
 [ <a href='#tippy_top'>Top of Page</a> ]<br>
<tt>Expected exit code 0, got 1<br>
Testcase terminated with signal 0<br>
Complete testcase output was:<br>
PjsUndefined<br>
TypeError: match is not a function<br>
current instr.: 'pjs_invoke_method' pc 887 (languages/pjs/lib/jscore_includes/pjsfunction.pir:135)<br>
called from Sub '@func_0_12' pc 6856 (EVAL_3:1871)<br>
called from Sub '@func_0_0' pc 200 (EVAL_5:80)<br>
called from Sub '@func_0' pc 151 (EVAL_5:55)<br>
called from Sub '@main' pc 18 (EVAL_5:11)<br>
called from Sub 'run_file' pc 312 (/home/yavuz/parrot_svn/parrot/languages/pjs/pjs.pir:124)<br>
called from Sub 'main' pc 124 (/home/yavuz/parrot_svn/parrot/languages/pjs/pjs.pir:57)<br>
</tt><br>
<dd><b>Testcase <a target='other_window' href='http://lxr.mozilla.org/mozilla/source/js/tests/ecma_3/RegExp/regress-367888.js'>ecma_3/RegExp/regress-367888.js</a> failed</b> <br>
 [ <a href='#tippy_top'>Top of Page</a> ]<br>
<tt>Expected exit code 0, got 1<br>
Testcase terminated with signal 0<br>
Complete testcase output was:<br>
PjsUndefined<br>
TypeError: match is not a function<br>
current instr.: 'pjs_invoke_method' pc 887 (languages/pjs/lib/jscore_includes/pjsfunction.pir:135)<br>
called from Sub '@func_0_12' pc 6856 (EVAL_3:1871)<br>
called from Sub '@func_0_0' pc 200 (EVAL_5:80)<br>
called from Sub '@func_0' pc 151 (EVAL_5:55)<br>
called from Sub '@main' pc 18 (EVAL_5:11)<br>
called from Sub 'run_file' pc 312 (/home/yavuz/parrot_svn/parrot/languages/pjs/pjs.pir:124)<br>
called from Sub 'main' pc 124 (/home/yavuz/parrot_svn/parrot/languages/pjs/pjs.pir:57)<br>
</tt><br>
<dd><b>Testcase <a target='other_window' href='http://lxr.mozilla.org/mozilla/source/js/tests/ecma_3/RegExp/regress-122076.js'>ecma_3/RegExp/regress-122076.js</a> failed</b> <a href='https://bugzilla.mozilla.org/show_bug.cgi?id=122076' target='other_window'>Bug Number 122076</a><br>
 [ <a href='#tippy_top'>Top of Page</a> ]<br>
<tt>Expected exit code 0, got 1<br>
Testcase terminated with signal 0<br>
Complete testcase output was:<br>
BUGNUMBER: 122076<br>
ReferenceError: gTestsubsuite is not defined<br>
current instr.: '@func_0_2' pc 2776 (EVAL_3:725)<br>
called from Sub 'pjs_invoke_new' pc 1007 (languages/pjs/lib/jscore_includes/pjsfunction.pir:177)<br>
called from Sub '@func_0_10' pc 5642 (EVAL_3:1543)<br>
called from Sub '@func_0' pc 935 (EVAL_5:281)<br>
called from Sub '@main' pc 18 (EVAL_5:11)<br>
called from Sub 'run_file' pc 312 (/home/yavuz/parrot_svn/parrot/languages/pjs/pjs.pir:124)<br>
called from Sub 'main' pc 124 (/home/yavuz/parrot_svn/parrot/languages/pjs/pjs.pir:57)<br>
</tt><br>
<dd><b>Testcase <a target='other_window' href='http://lxr.mozilla.org/mozilla/source/js/tests/ecma_3/RegExp/regress-123437.js'>ecma_3/RegExp/regress-123437.js</a> failed</b> <br>
 [ <a href='#tippy_top'>Top of Page</a> ]<br>
<tt>Expected exit code 0, got 1<br>
Testcase terminated with signal 0<br>
Complete testcase output was:<br>
PjsUndefined<br>
TypeError: match is not a function<br>
current instr.: 'pjs_invoke_method' pc 887 (languages/pjs/lib/jscore_includes/pjsfunction.pir:135)<br>
called from Sub '@func_0' pc 406 (EVAL_5:105)<br>
called from Sub '@main' pc 18 (EVAL_5:11)<br>
called from Sub 'run_file' pc 312 (/home/yavuz/parrot_svn/parrot/languages/pjs/pjs.pir:124)<br>
called from Sub 'main' pc 124 (/home/yavuz/parrot_svn/parrot/languages/pjs/pjs.pir:57)<br>
</tt><br>
<dd><b>Testcase <a target='other_window' href='http://lxr.mozilla.org/mozilla/source/js/tests/ecma_3/RegExp/regress-76683.js'>ecma_3/RegExp/regress-76683.js</a> failed</b> <br>
 [ <a href='#tippy_top'>Top of Page</a> ]<br>
<tt>Expected exit code 0, got 1<br>
Testcase terminated with signal 0<br>
Complete testcase output was:<br>
PjsUndefined<br>
TypeError: match is not a function<br>
current instr.: 'pjs_invoke_method' pc 887 (languages/pjs/lib/jscore_includes/pjsfunction.pir:135)<br>
called from Sub '@func_0' pc 406 (EVAL_5:105)<br>
called from Sub '@main' pc 18 (EVAL_5:11)<br>
called from Sub 'run_file' pc 312 (/home/yavuz/parrot_svn/parrot/languages/pjs/pjs.pir:124)<br>
called from Sub 'main' pc 124 (/home/yavuz/parrot_svn/parrot/languages/pjs/pjs.pir:57)<br>
</tt><br>
<dd><b>Testcase <a target='other_window' href='http://lxr.mozilla.org/mozilla/source/js/tests/ecma_3/RegExp/regress-209067.js'>ecma_3/RegExp/regress-209067.js</a> failed</b> <br>
 [ <a href='#tippy_top'>Top of Page</a> ]<br>
<tt>Expected exit code 0, got 1<br>
Testcase terminated with signal 0<br>
Complete testcase output was:<br>
PjsUndefined<br>
TypeError: replace is not a function<br>
current instr.: 'pjs_invoke_method' pc 887 (languages/pjs/lib/jscore_includes/pjsfunction.pir:135)<br>
called from Sub '@func_0_0' pc 688 (EVAL_5:175)<br>
called from Sub '@func_0' pc 431 (EVAL_5:109)<br>
called from Sub '@main' pc 18 (EVAL_5:11)<br>
called from Sub 'run_file' pc 312 (/home/yavuz/parrot_svn/parrot/languages/pjs/pjs.pir:124)<br>
called from Sub 'main' pc 124 (/home/yavuz/parrot_svn/parrot/languages/pjs/pjs.pir:57)<br>
</tt><br>
<dd><b>Testcase <a target='other_window' href='http://lxr.mozilla.org/mozilla/source/js/tests/ecma_3/RegExp/regress-285219.js'>ecma_3/RegExp/regress-285219.js</a> failed</b> <a href='https://bugzilla.mozilla.org/show_bug.cgi?id=285219' target='other_window'>Bug Number 285219</a><br>
 [ <a href='#tippy_top'>Top of Page</a> ]<br>
<tt>Expected exit code 0, got 1<br>
Testcase terminated with signal 0<br>
Complete testcase output was:<br>
BUGNUMBER: 285219<br>
ReferenceError: gTestsubsuite is not defined<br>
current instr.: '@func_0_2' pc 2776 (EVAL_3:725)<br>
called from Sub 'pjs_invoke_new' pc 1007 (languages/pjs/lib/jscore_includes/pjsfunction.pir:177)<br>
called from Sub '@func_0_10' pc 5642 (EVAL_3:1543)<br>
called from Sub '@func_0' pc 265 (EVAL_5:77)<br>
called from Sub '@main' pc 18 (EVAL_5:11)<br>
called from Sub 'run_file' pc 312 (/home/yavuz/parrot_svn/parrot/languages/pjs/pjs.pir:124)<br>
called from Sub 'main' pc 124 (/home/yavuz/parrot_svn/parrot/languages/pjs/pjs.pir:57)<br>
</tt><br>
<dd><b>Testcase <a target='other_window' href='http://lxr.mozilla.org/mozilla/source/js/tests/ecma_3/RegExp/regress-87231.js'>ecma_3/RegExp/regress-87231.js</a> failed</b> <br>
 [ <a href='#tippy_top'>Top of Page</a> ]<br>
<tt>Expected exit code 0, got 1<br>
Testcase terminated with signal 0<br>
Complete testcase output was:<br>
PjsUndefined<br>
TypeError: match is not a function<br>
current instr.: 'pjs_invoke_method' pc 887 (languages/pjs/lib/jscore_includes/pjsfunction.pir:135)<br>
called from Sub '@func_0' pc 428 (EVAL_5:111)<br>
called from Sub '@main' pc 18 (EVAL_5:11)<br>
called from Sub 'run_file' pc 312 (/home/yavuz/parrot_svn/parrot/languages/pjs/pjs.pir:124)<br>
called from Sub 'main' pc 124 (/home/yavuz/parrot_svn/parrot/languages/pjs/pjs.pir:57)<br>
</tt><br>
<dd><b>Testcase <a target='other_window' href='http://lxr.mozilla.org/mozilla/source/js/tests/ecma_3/RegExp/regress-78156.js'>ecma_3/RegExp/regress-78156.js</a> failed</b> <br>
 [ <a href='#tippy_top'>Top of Page</a> ]<br>
<tt>Expected exit code 0, got 1<br>
Testcase terminated with signal 0<br>
Complete testcase output was:<br>
PjsUndefined<br>
TypeError: match is not a function<br>
current instr.: 'pjs_invoke_method' pc 887 (languages/pjs/lib/jscore_includes/pjsfunction.pir:135)<br>
called from Sub '@func_0' pc 406 (EVAL_5:105)<br>
called from Sub '@main' pc 18 (EVAL_5:11)<br>
called from Sub 'run_file' pc 312 (/home/yavuz/parrot_svn/parrot/languages/pjs/pjs.pir:124)<br>
called from Sub 'main' pc 124 (/home/yavuz/parrot_svn/parrot/languages/pjs/pjs.pir:57)<br>
</tt><br>
<dd><b>Testcase <a target='other_window' href='http://lxr.mozilla.org/mozilla/source/js/tests/ecma_3/RegExp/regress-346090.js'>ecma_3/RegExp/regress-346090.js</a> failed</b> <br>
 [ <a href='#tippy_top'>Top of Page</a> ]<br>
<tt>Expected exit code 0, got 1<br>
Testcase terminated with signal 0<br>
Complete testcase output was:<br>
PjsUndefined<br>
TypeError: match is not a function<br>
current instr.: 'pjs_invoke_method' pc 887 (languages/pjs/lib/jscore_includes/pjsfunction.pir:135)<br>
called from Sub '@func_0_12' pc 6856 (EVAL_3:1871)<br>
called from Sub '@func_0_0' pc 204 (EVAL_5:81)<br>
called from Sub '@func_0' pc 151 (EVAL_5:55)<br>
called from Sub '@main' pc 18 (EVAL_5:11)<br>
called from Sub 'run_file' pc 312 (/home/yavuz/parrot_svn/parrot/languages/pjs/pjs.pir:124)<br>
called from Sub 'main' pc 124 (/home/yavuz/parrot_svn/parrot/languages/pjs/pjs.pir:57)<br>
</tt><br>
<dd><b>Testcase <a target='other_window' href='http://lxr.mozilla.org/mozilla/source/js/tests/ecma_3/RegExp/regress-223273.js'>ecma_3/RegExp/regress-223273.js</a> failed</b> <br>
 [ <a href='#tippy_top'>Top of Page</a> ]<br>
<tt>Expected exit code 0, got 1<br>
Testcase terminated with signal 0<br>
Complete testcase output was:<br>
PjsUndefined<br>
TypeError: match is not a function<br>
current instr.: 'pjs_invoke_method' pc 887 (languages/pjs/lib/jscore_includes/pjsfunction.pir:135)<br>
called from Sub '@func_0_12' pc 6856 (EVAL_3:1871)<br>
called from Sub '@func_0_2' pc 2661 (EVAL_5:611)<br>
called from Sub '@func_0' pc 2060 (EVAL_5:397)<br>
called from Sub '@main' pc 18 (EVAL_5:11)<br>
called from Sub 'run_file' pc 312 (/home/yavuz/parrot_svn/parrot/languages/pjs/pjs.pir:124)<br>
called from Sub 'main' pc 124 (/home/yavuz/parrot_svn/parrot/languages/pjs/pjs.pir:57)<br>
</tt><br>
<dd><b>Testcase <a target='other_window' href='http://lxr.mozilla.org/mozilla/source/js/tests/ecma_3/RegExp/regress-220367-002.js'>ecma_3/RegExp/regress-220367-002.js</a> failed</b> <br>
 [ <a href='#tippy_top'>Top of Page</a> ]<br>
<tt>Expected exit code 0, got 1<br>
Testcase terminated with signal 0<br>
Complete testcase output was:<br>
PjsUndefined<br>
TypeError: test is not a function<br>
current instr.: 'pjs_invoke_method' pc 887 (languages/pjs/lib/jscore_includes/pjsfunction.pir:135)<br>
called from Sub '@func_0' pc 365 (EVAL_5:98)<br>
called from Sub '@main' pc 18 (EVAL_5:11)<br>
called from Sub 'run_file' pc 312 (/home/yavuz/parrot_svn/parrot/languages/pjs/pjs.pir:124)<br>
called from Sub 'main' pc 124 (/home/yavuz/parrot_svn/parrot/languages/pjs/pjs.pir:57)<br>
</tt><br>
<dd><b>Testcase <a target='other_window' href='http://lxr.mozilla.org/mozilla/source/js/tests/ecma_3/RegExp/regress-307456.js'>ecma_3/RegExp/regress-307456.js</a> failed</b> <a href='https://bugzilla.mozilla.org/show_bug.cgi?id=307456' target='other_window'>Bug Number 307456</a><br>
 [ <a href='#tippy_top'>Top of Page</a> ]<br>
<tt>Expected exit code 0, got 1<br>
Testcase terminated with signal 0<br>
Complete testcase output was:<br>
BUGNUMBER: 307456<br>
ReferenceError: RegExp is not defined<br>
current instr.: '@func_0' pc 215 (EVAL_5:70)<br>
called from Sub '@main' pc 18 (EVAL_5:11)<br>
called from Sub 'run_file' pc 312 (/home/yavuz/parrot_svn/parrot/languages/pjs/pjs.pir:124)<br>
called from Sub 'main' pc 124 (/home/yavuz/parrot_svn/parrot/languages/pjs/pjs.pir:57)<br>
</tt><br>
<dd><b>Testcase <a target='other_window' href='http://lxr.mozilla.org/mozilla/source/js/tests/ecma_3/RegExp/regress-327170.js'>ecma_3/RegExp/regress-327170.js</a> failed</b> <a href='https://bugzilla.mozilla.org/show_bug.cgi?id=327170' target='other_window'>Bug Number 327170</a><br>
 [ <a href='#tippy_top'>Top of Page</a> ]<br>
<tt>Expected exit code 0, got 1<br>
Testcase terminated with signal 0<br>
Complete testcase output was:<br>
BUGNUMBER: 327170<br>
TypeError: can't convert undefined to object<br>
current instr.: '__toObject__' pc 218 (languages/pjs/lib/jscore_includes/conversions.pir:82)<br>
called from Sub '@func_0' pc 194 (EVAL_5:65)<br>
called from Sub '@main' pc 18 (EVAL_5:11)<br>
called from Sub 'run_file' pc 312 (/home/yavuz/parrot_svn/parrot/languages/pjs/pjs.pir:124)<br>
called from Sub 'main' pc 124 (/home/yavuz/parrot_svn/parrot/languages/pjs/pjs.pir:57)<br>
</tt><br>
<dd><b>Testcase <a target='other_window' href='http://lxr.mozilla.org/mozilla/source/js/tests/ecma_3/RegExp/regress-28686.js'>ecma_3/RegExp/regress-28686.js</a> failed</b> <br>
 [ <a href='#tippy_top'>Top of Page</a> ]<br>
<tt>Expected exit code 0, got 1<br>
Testcase terminated with signal 0<br>
Complete testcase output was:<br>
PjsUndefined<br>
TypeError: match is not a function<br>
current instr.: 'pjs_invoke_method' pc 887 (languages/pjs/lib/jscore_includes/pjsfunction.pir:135)<br>
called from Sub '@func_0_12' pc 6856 (EVAL_3:1871)<br>
called from Sub '@func_0_0' pc 150 (EVAL_5:66)<br>
called from Sub '@func_0' pc 97 (EVAL_5:40)<br>
called from Sub '@main' pc 18 (EVAL_5:11)<br>
called from Sub 'run_file' pc 312 (/home/yavuz/parrot_svn/parrot/languages/pjs/pjs.pir:124)<br>
called from Sub 'main' pc 124 (/home/yavuz/parrot_svn/parrot/languages/pjs/pjs.pir:57)<br>
</tt><br>
<dd><b>Testcase <a target='other_window' href='http://lxr.mozilla.org/mozilla/source/js/tests/ecma_3/Array/regress-322135-03.js'>ecma_3/Array/regress-322135-03.js</a> failed</b> <a href='https://bugzilla.mozilla.org/show_bug.cgi?id=322135' target='other_window'>Bug Number 322135</a><br>
 [ <a href='#tippy_top'>Top of Page</a> ]<br>
<tt>Expected exit code 0, got 1<br>
Testcase terminated with signal 0<br>
Complete testcase output was:<br>
BUGNUMBER: 322135<br>
ResizablePMCArray: Can't resize!<br>
current instr.: '__array_constructor__' pc 1251 (languages/pjs/lib/jscore_includes/js_function_subs.pir:84)<br>
called from Sub 'pjs_invoke_new' pc 1007 (languages/pjs/lib/jscore_includes/pjsfunction.pir:177)<br>
called from Sub '@func_0' pc 259 (EVAL_5:75)<br>
called from Sub '@main' pc 18 (EVAL_5:11)<br>
called from Sub 'run_file' pc 312 (/home/yavuz/parrot_svn/parrot/languages/pjs/pjs.pir:124)<br>
called from Sub 'main' pc 124 (/home/yavuz/parrot_svn/parrot/languages/pjs/pjs.pir:57)<br>
</tt><br>
<dd><b>Testcase <a target='other_window' href='http://lxr.mozilla.org/mozilla/source/js/tests/ecma_3/Array/regress-322135-04.js'>ecma_3/Array/regress-322135-04.js</a> failed</b> <a href='https://bugzilla.mozilla.org/show_bug.cgi?id=322135' target='other_window'>Bug Number 322135</a><br>
 [ <a href='#tippy_top'>Top of Page</a> ]<br>
<tt>Expected exit code 0, got 1<br>
Testcase terminated with signal 0<br>
Complete testcase output was:<br>
BUGNUMBER: 322135<br>
ResizablePMCArray: Can't resize!<br>
current instr.: '__array_constructor__' pc 1251 (languages/pjs/lib/jscore_includes/js_function_subs.pir:84)<br>
called from Sub 'pjs_invoke_new' pc 1007 (languages/pjs/lib/jscore_includes/pjsfunction.pir:177)<br>
called from Sub '@func_0' pc 251 (EVAL_5:73)<br>
called from Sub '@main' pc 18 (EVAL_5:11)<br>
called from Sub 'run_file' pc 312 (/home/yavuz/parrot_svn/parrot/languages/pjs/pjs.pir:124)<br>
called from Sub 'main' pc 124 (/home/yavuz/parrot_svn/parrot/languages/pjs/pjs.pir:57)<br>
</tt><br>
<dd><b>Testcase <a target='other_window' href='http://lxr.mozilla.org/mozilla/source/js/tests/ecma_3/Array/regress-130451.js'>ecma_3/Array/regress-130451.js</a> failed</b> <br>
 [ <a href='#tippy_top'>Top of Page</a> ]<br>
<tt>Expected exit code 0, got 1<br>
Testcase terminated with signal 0<br>
Complete testcase output was:<br>
MMD function __is_equal not found for types (36, 87)<br>
current instr.: '__pjs_eq__' pc 248 (languages/pjs/lib/jscore_includes/comparison.pir:18)<br>
called from Sub '@func_0_6' pc 5695 (lib/stdlib.pir:1342)<br>
called from Sub '@func_0' pc 1599 (EVAL_5:315)<br>
called from Sub '@main' pc 18 (EVAL_5:11)<br>
called from Sub 'run_file' pc 312 (/home/yavuz/parrot_svn/parrot/languages/pjs/pjs.pir:124)<br>
called from Sub 'main' pc 124 (/home/yavuz/parrot_svn/parrot/languages/pjs/pjs.pir:57)<br>
</tt><br>
<dd><b>Testcase <a target='other_window' href='http://lxr.mozilla.org/mozilla/source/js/tests/ecma_3/Array/regress-322135-01.js'>ecma_3/Array/regress-322135-01.js</a> failed</b> <a href='https://bugzilla.mozilla.org/show_bug.cgi?id=322135' target='other_window'>Bug Number 322135</a><br>
 [ <a href='#tippy_top'>Top of Page</a> ]<br>
<tt>Expected exit code 0, got 1<br>
Testcase terminated with signal 0<br>
Complete testcase output was:<br>
BUGNUMBER: 322135<br>
ResizablePMCArray: Can't resize!<br>
current instr.: '__array_constructor__' pc 1251 (languages/pjs/lib/jscore_includes/js_function_subs.pir:84)<br>
called from Sub 'pjs_invoke_new' pc 1007 (languages/pjs/lib/jscore_includes/pjsfunction.pir:177)<br>
called from Sub '@func_0' pc 251 (EVAL_5:73)<br>
called from Sub '@main' pc 18 (EVAL_5:11)<br>
called from Sub 'run_file' pc 312 (/home/yavuz/parrot_svn/parrot/languages/pjs/pjs.pir:124)<br>
called from Sub 'main' pc 124 (/home/yavuz/parrot_svn/parrot/languages/pjs/pjs.pir:57)<br>
</tt><br>
<dd><b>Testcase <a target='other_window' href='http://lxr.mozilla.org/mozilla/source/js/tests/ecma_3/Array/regress-322135-02.js'>ecma_3/Array/regress-322135-02.js</a> failed</b> <a href='https://bugzilla.mozilla.org/show_bug.cgi?id=322135' target='other_window'>Bug Number 322135</a><br>
 [ <a href='#tippy_top'>Top of Page</a> ]<br>
<tt>Expected exit code 0, got 1<br>
Testcase terminated with signal 0<br>
Complete testcase output was:<br>
BUGNUMBER: 322135<br>
ResizablePMCArray: Can't resize!<br>
current instr.: '__array_constructor__' pc 1251 (languages/pjs/lib/jscore_includes/js_function_subs.pir:84)<br>
called from Sub 'pjs_invoke_new' pc 1007 (languages/pjs/lib/jscore_includes/pjsfunction.pir:177)<br>
called from Sub '@func_0' pc 259 (EVAL_5:75)<br>
called from Sub '@main' pc 18 (EVAL_5:11)<br>
called from Sub 'run_file' pc 312 (/home/yavuz/parrot_svn/parrot/languages/pjs/pjs.pir:124)<br>
called from Sub 'main' pc 124 (/home/yavuz/parrot_svn/parrot/languages/pjs/pjs.pir:57)<br>
</tt><br>
<dd><b>Testcase <a target='other_window' href='http://lxr.mozilla.org/mozilla/source/js/tests/ecma_3/Array/regress-101488.js'>ecma_3/Array/regress-101488.js</a> failed</b> <br>
 [ <a href='#tippy_top'>Top of Page</a> ]<br>
<tt>Expected exit code 0, got 1<br>
Testcase terminated with signal 0<br>
Complete testcase output was:<br>
PjsUndefined<br>
TypeError: match is not a function<br>
current instr.: 'pjs_invoke_method' pc 887 (languages/pjs/lib/jscore_includes/pjsfunction.pir:135)<br>
called from Sub '@func_0_12' pc 6856 (EVAL_3:1871)<br>
called from Sub '@func_0_2' pc 1775 (EVAL_5:413)<br>
called from Sub '@func_0' pc 1471 (EVAL_5:285)<br>
called from Sub '@main' pc 18 (EVAL_5:11)<br>
called from Sub 'run_file' pc 312 (/home/yavuz/parrot_svn/parrot/languages/pjs/pjs.pir:124)<br>
called from Sub 'main' pc 124 (/home/yavuz/parrot_svn/parrot/languages/pjs/pjs.pir:57)<br>
</tt><br>
<dd><b>Testcase <a target='other_window' href='http://lxr.mozilla.org/mozilla/source/js/tests/ecma_3/Function/regress-131964.js'>ecma_3/Function/regress-131964.js</a> failed</b> <br>
 [ <a href='#tippy_top'>Top of Page</a> ]<br>
<tt>Expected exit code 0, got 1<br>
Testcase terminated with signal 0<br>
Complete testcase output was:<br>
PjsUndefined<br>
TypeError: match is not a function<br>
current instr.: 'pjs_invoke_method' pc 887 (languages/pjs/lib/jscore_includes/pjsfunction.pir:135)<br>
called from Sub '@func_0_12' pc 6856 (EVAL_3:1871)<br>
called from Sub '@func_0_4' pc 1875 (EVAL_5:584)<br>
called from Sub '@func_0' pc 1363 (EVAL_5:359)<br>
called from Sub '@main' pc 18 (EVAL_5:11)<br>
called from Sub 'run_file' pc 312 (/home/yavuz/parrot_svn/parrot/languages/pjs/pjs.pir:124)<br>
called from Sub 'main' pc 124 (/home/yavuz/parrot_svn/parrot/languages/pjs/pjs.pir:57)<br>
</tt><br>
<dd><b>Testcase <a target='other_window' href='http://lxr.mozilla.org/mozilla/source/js/tests/ecma_3/Function/regress-58274.js'>ecma_3/Function/regress-58274.js</a> failed</b> <br>
 [ <a href='#tippy_top'>Top of Page</a> ]<br>
<tt>Expected exit code 0, got 1<br>
Testcase terminated with signal 0<br>
Complete testcase output was:<br>
[line 1, column 11] syntax error, unexpected '?', expecting '('<br>
current instr.: '@func_0_31' pc 9519 (lib/stdlib.pir:2854)<br>
called from Sub '@func_0' pc 453 (EVAL_5:118)<br>
called from Sub '@main' pc 18 (EVAL_5:11)<br>
called from Sub 'run_file' pc 312 (/home/yavuz/parrot_svn/parrot/languages/pjs/pjs.pir:124)<br>
called from Sub 'main' pc 124 (/home/yavuz/parrot_svn/parrot/languages/pjs/pjs.pir:57)<br>
</tt><br>
<dd><b>Testcase <a target='other_window' href='http://lxr.mozilla.org/mozilla/source/js/tests/ecma_3/Function/regress-193555.js'>ecma_3/Function/regress-193555.js</a> failed</b> <br>
 [ <a href='#tippy_top'>Top of Page</a> ]<br>
<tt>Expected exit code 0, got 1<br>
Testcase terminated with signal 0<br>
Complete testcase output was:<br>
PjsUndefined<br>
TypeError: match is not a function<br>
current instr.: 'pjs_invoke_method' pc 887 (languages/pjs/lib/jscore_includes/pjsfunction.pir:135)<br>
called from Sub '@func_0_12' pc 6856 (EVAL_3:1871)<br>
called from Sub '@func_0_5' pc 1760 (EVAL_5:419)<br>
called from Sub '@func_0' pc 1307 (EVAL_5:244)<br>
called from Sub '@main' pc 18 (EVAL_5:11)<br>
called from Sub 'run_file' pc 312 (/home/yavuz/parrot_svn/parrot/languages/pjs/pjs.pir:124)<br>
called from Sub 'main' pc 124 (/home/yavuz/parrot_svn/parrot/languages/pjs/pjs.pir:57)<br>
</tt><br>
<dd><b>Testcase <a target='other_window' href='http://lxr.mozilla.org/mozilla/source/js/tests/ecma_3/Function/regress-313570.js'>ecma_3/Function/regress-313570.js</a> failed</b> <a href='https://bugzilla.mozilla.org/show_bug.cgi?id=313570' target='other_window'>Bug Number 313570</a><br>
 [ <a href='#tippy_top'>Top of Page</a> ]<br>
<tt>Expected exit code 0, got 1<br>
Testcase terminated with signal 0<br>
Complete testcase output was:<br>
BUGNUMBER: 313570<br>
ReferenceError: gTestsubsuite is not defined<br>
current instr.: '@func_0_2' pc 2776 (EVAL_3:725)<br>
called from Sub 'pjs_invoke_new' pc 1007 (languages/pjs/lib/jscore_includes/pjsfunction.pir:177)<br>
called from Sub '@func_0_10' pc 5642 (EVAL_3:1543)<br>
called from Sub '@func_0' pc 324 (EVAL_5:85)<br>
called from Sub '@main' pc 18 (EVAL_5:11)<br>
called from Sub 'run_file' pc 312 (/home/yavuz/parrot_svn/parrot/languages/pjs/pjs.pir:124)<br>
called from Sub 'main' pc 124 (/home/yavuz/parrot_svn/parrot/languages/pjs/pjs.pir:57)<br>
</tt><br>
<dd><b>Testcase <a target='other_window' href='http://lxr.mozilla.org/mozilla/source/js/tests/ecma_3/Function/regress-94506.js'>ecma_3/Function/regress-94506.js</a> failed</b> <br>
 [ <a href='#tippy_top'>Top of Page</a> ]<br>
<tt>Expected exit code 0, got 1<br>
Testcase terminated with signal 0<br>
Complete testcase output was:<br>
PjsUndefined<br>
TypeError: match is not a function<br>
current instr.: 'pjs_invoke_method' pc 887 (languages/pjs/lib/jscore_includes/pjsfunction.pir:135)<br>
called from Sub '@func_0_12' pc 6856 (EVAL_3:1871)<br>
called from Sub '@func_0_5' pc 1268 (EVAL_5:373)<br>
called from Sub '@func_0' pc 923 (EVAL_5:201)<br>
called from Sub '@main' pc 18 (EVAL_5:11)<br>
called from Sub 'run_file' pc 312 (/home/yavuz/parrot_svn/parrot/languages/pjs/pjs.pir:124)<br>
called from Sub 'main' pc 124 (/home/yavuz/parrot_svn/parrot/languages/pjs/pjs.pir:57)<br>
</tt><br>
<dd><b>Testcase <a target='other_window' href='http://lxr.mozilla.org/mozilla/source/js/tests/ecma_3/Function/regress-85880.js'>ecma_3/Function/regress-85880.js</a> failed</b> <br>
 [ <a href='#tippy_top'>Top of Page</a> ]<br>
<tt>Expected exit code 0, got 1<br>
Testcase terminated with signal 0<br>
Complete testcase output was:<br>
PjsUndefined<br>
TypeError: match is not a function<br>
current instr.: 'pjs_invoke_method' pc 887 (languages/pjs/lib/jscore_includes/pjsfunction.pir:135)<br>
called from Sub '@func_0_12' pc 6856 (EVAL_3:1871)<br>
called from Sub '@func_0_6' pc 1824 (EVAL_5:491)<br>
called from Sub '@func_0' pc 1252 (EVAL_5:269)<br>
called from Sub '@main' pc 18 (EVAL_5:11)<br>
called from Sub 'run_file' pc 312 (/home/yavuz/parrot_svn/parrot/languages/pjs/pjs.pir:124)<br>
called from Sub 'main' pc 124 (/home/yavuz/parrot_svn/parrot/languages/pjs/pjs.pir:57)<br>
</tt><br>
<dd><b>Testcase <a target='other_window' href='http://lxr.mozilla.org/mozilla/source/js/tests/ecma_3/Function/regress-137181.js'>ecma_3/Function/regress-137181.js</a> failed</b> <br>
 [ <a href='#tippy_top'>Top of Page</a> ]<br>
<tt>Expected exit code 0, got 1<br>
Testcase terminated with signal 0<br>
Complete testcase output was:<br>
PjsUndefined<br>
TypeError: match is not a function<br>
current instr.: 'pjs_invoke_method' pc 887 (languages/pjs/lib/jscore_includes/pjsfunction.pir:135)<br>
called from Sub '@func_0_12' pc 6856 (EVAL_3:1871)<br>
called from Sub '@func_0_3' pc 953 (EVAL_5:284)<br>
called from Sub '@func_0' pc 568 (EVAL_5:131)<br>
called from Sub '@main' pc 18 (EVAL_5:11)<br>
called from Sub 'run_file' pc 312 (/home/yavuz/parrot_svn/parrot/languages/pjs/pjs.pir:124)<br>
called from Sub 'main' pc 124 (/home/yavuz/parrot_svn/parrot/languages/pjs/pjs.pir:57)<br>
</tt><br>
<dd><b>Testcase <a target='other_window' href='http://lxr.mozilla.org/mozilla/source/js/tests/ecma_3/Function/regress-49286.js'>ecma_3/Function/regress-49286.js</a> failed</b> <br>
 [ <a href='#tippy_top'>Top of Page</a> ]<br>
<tt>Expected exit code 0, got 1<br>
Testcase terminated with signal 0<br>
Complete testcase output was:<br>
PjsUndefined<br>
TypeError: match is not a function<br>
current instr.: 'pjs_invoke_method' pc 887 (languages/pjs/lib/jscore_includes/pjsfunction.pir:135)<br>
called from Sub '@func_0_12' pc 6856 (EVAL_3:1871)<br>
called from Sub '@func_0_0' pc 701 (EVAL_5:177)<br>
called from Sub '@func_0' pc 648 (EVAL_5:151)<br>
called from Sub '@main' pc 18 (EVAL_5:11)<br>
called from Sub 'run_file' pc 312 (/home/yavuz/parrot_svn/parrot/languages/pjs/pjs.pir:124)<br>
called from Sub 'main' pc 124 (/home/yavuz/parrot_svn/parrot/languages/pjs/pjs.pir:57)<br>
</tt><br>
<dd><b>Testcase <a target='other_window' href='http://lxr.mozilla.org/mozilla/source/js/tests/ecma_3/Function/regress-97921.js'>ecma_3/Function/regress-97921.js</a> failed</b> <br>
 [ <a href='#tippy_top'>Top of Page</a> ]<br>
<tt>Expected exit code 0, got 1<br>
Testcase terminated with signal 0<br>
Complete testcase output was:<br>
PjsUndefined<br>
TypeError: match is not a function<br>
current instr.: 'pjs_invoke_method' pc 887 (languages/pjs/lib/jscore_includes/pjsfunction.pir:135)<br>
called from Sub '@func_0_12' pc 6856 (EVAL_3:1871)<br>
called from Sub '@func_0_3' pc 1514 (EVAL_5:438)<br>
called from Sub '@func_0' pc 920 (EVAL_5:211)<br>
called from Sub '@main' pc 18 (EVAL_5:11)<br>
called from Sub 'run_file' pc 312 (/home/yavuz/parrot_svn/parrot/languages/pjs/pjs.pir:124)<br>
called from Sub 'main' pc 124 (/home/yavuz/parrot_svn/parrot/languages/pjs/pjs.pir:57)<br>
</tt><br>
<dd><b>Testcase <a target='other_window' href='http://lxr.mozilla.org/mozilla/source/js/tests/ecma_3/extensions/regress-274152.js'>ecma_3/extensions/regress-274152.js</a> failed</b> <br>
 [ <a href='#tippy_top'>Top of Page</a> ]<br>
<tt>Expected exit code 0, got 1<br>
Testcase terminated with signal 0<br>
Complete testcase output was:<br>
PjsUndefined<br>
TypeError: match is not a function<br>
current instr.: 'pjs_invoke_method' pc 887 (languages/pjs/lib/jscore_includes/pjsfunction.pir:135)<br>
called from Sub '@func_0_12' pc 6856 (EVAL_3:1871)<br>
called from Sub '@func_0_0' pc 200 (EVAL_5:80)<br>
called from Sub '@func_0' pc 151 (EVAL_5:55)<br>
called from Sub '@main' pc 18 (EVAL_5:11)<br>
called from Sub 'run_file' pc 312 (/home/yavuz/parrot_svn/parrot/languages/pjs/pjs.pir:124)<br>
called from Sub 'main' pc 124 (/home/yavuz/parrot_svn/parrot/languages/pjs/pjs.pir:57)<br>
</tt><br>
<dd><b>Testcase <a target='other_window' href='http://lxr.mozilla.org/mozilla/source/js/tests/ecma_3/extensions/regress-320854.js'>ecma_3/extensions/regress-320854.js</a> failed</b> <a href='https://bugzilla.mozilla.org/show_bug.cgi?id=320854' target='other_window'>Bug Number 320854</a><br>
 [ <a href='#tippy_top'>Top of Page</a> ]<br>
<tt>Expected exit code 0, got 1<br>
Testcase terminated with signal 0<br>
Complete testcase output was:<br>
BUGNUMBER: 320854<br>
PjsUndefined<br>
TypeError: hasOwnProperty is not a function<br>
current instr.: 'pjs_invoke_method' pc 887 (languages/pjs/lib/jscore_includes/pjsfunction.pir:135)<br>
called from Sub '@func_0' pc 252 (EVAL_5:73)<br>
called from Sub '@main' pc 18 (EVAL_5:11)<br>
called from Sub 'run_file' pc 312 (/home/yavuz/parrot_svn/parrot/languages/pjs/pjs.pir:124)<br>
called from Sub 'main' pc 124 (/home/yavuz/parrot_svn/parrot/languages/pjs/pjs.pir:57)<br>
</tt><br>
<dd><b>Testcase <a target='other_window' href='http://lxr.mozilla.org/mozilla/source/js/tests/ecma_3/ExecutionContexts/regress-23346.js'>ecma_3/ExecutionContexts/regress-23346.js</a> failed</b> <br>
 [ <a href='#tippy_top'>Top of Page</a> ]<br>
<tt>Expected exit code 0, got 1<br>
Testcase terminated with signal 0<br>
Complete testcase output was:<br>
PjsUndefined<br>
TypeError: match is not a function<br>
current instr.: 'pjs_invoke_method' pc 887 (languages/pjs/lib/jscore_includes/pjsfunction.pir:135)<br>
called from Sub '@func_0_12' pc 6856 (EVAL_3:1871)<br>
called from Sub '@func_0_2' pc 316 (EVAL_5:137)<br>
called from Sub '@func_0' pc 159 (EVAL_5:52)<br>
called from Sub '@main' pc 18 (EVAL_5:11)<br>
called from Sub 'run_file' pc 312 (/home/yavuz/parrot_svn/parrot/languages/pjs/pjs.pir:124)<br>
called from Sub 'main' pc 124 (/home/yavuz/parrot_svn/parrot/languages/pjs/pjs.pir:57)<br>
</tt><br>
<dd><b>Testcase <a target='other_window' href='http://lxr.mozilla.org/mozilla/source/js/tests/ecma_3/Exceptions/regress-181654.js'>ecma_3/Exceptions/regress-181654.js</a> failed</b> <br>
 [ <a href='#tippy_top'>Top of Page</a> ]<br>
<tt>Expected exit code 0, got 1<br>
Testcase terminated with signal 0<br>
Complete testcase output was:<br>
ReferenceError: RegExp is not defined<br>
current instr.: '@func_0_1' pc 1372 (EVAL_5:343)<br>
called from Sub '@func_0' pc 581 (EVAL_5:138)<br>
called from Sub '@main' pc 18 (EVAL_5:11)<br>
called from Sub 'run_file' pc 312 (/home/yavuz/parrot_svn/parrot/languages/pjs/pjs.pir:124)<br>
called from Sub 'main' pc 124 (/home/yavuz/parrot_svn/parrot/languages/pjs/pjs.pir:57)<br>
</tt><br>
<dd><b>Testcase <a target='other_window' href='http://lxr.mozilla.org/mozilla/source/js/tests/ecma_3/Exceptions/regress-95101.js'>ecma_3/Exceptions/regress-95101.js</a> failed</b> <br>
 [ <a href='#tippy_top'>Top of Page</a> ]<br>
<tt>Expected exit code 0, got 1<br>
Testcase terminated with signal 0<br>
Complete testcase output was:<br>
ReferenceError: ReferenceError is not defined<br>
current instr.: '@func_0' pc 466 (EVAL_5:136)<br>
called from Sub '@main' pc 18 (EVAL_5:11)<br>
called from Sub 'run_file' pc 312 (/home/yavuz/parrot_svn/parrot/languages/pjs/pjs.pir:124)<br>
called from Sub 'main' pc 124 (/home/yavuz/parrot_svn/parrot/languages/pjs/pjs.pir:57)<br>
</tt><br>
<dd><b>Testcase <a target='other_window' href='http://lxr.mozilla.org/mozilla/source/js/tests/ecma_3/Exceptions/regress-181914.js'>ecma_3/Exceptions/regress-181914.js</a> failed</b> <br>
 [ <a href='#tippy_top'>Top of Page</a> ]<br>
<tt>Expected exit code 0, got 1<br>
Testcase terminated with signal 0<br>
Complete testcase output was:<br>
ReferenceError: RegExp is not defined<br>
current instr.: '@func_0_4' pc 2368 (EVAL_5:590)<br>
called from Sub '@func_0' pc 825 (EVAL_5:178)<br>
called from Sub '@main' pc 18 (EVAL_5:11)<br>
called from Sub 'run_file' pc 312 (/home/yavuz/parrot_svn/parrot/languages/pjs/pjs.pir:124)<br>
called from Sub 'main' pc 124 (/home/yavuz/parrot_svn/parrot/languages/pjs/pjs.pir:57)<br>
</tt><br>
<dd><b>Testcase <a target='other_window' href='http://lxr.mozilla.org/mozilla/source/js/tests/ecma_3/Exceptions/regress-58946.js'>ecma_3/Exceptions/regress-58946.js</a> failed</b> <br>
 [ <a href='#tippy_top'>Top of Page</a> ]<br>
<tt>Expected exit code 0, got 1<br>
Testcase terminated with signal 0<br>
Complete testcase output was:<br>
PjsUndefined<br>
TypeError: match is not a function<br>
current instr.: 'pjs_invoke_method' pc 887 (languages/pjs/lib/jscore_includes/pjsfunction.pir:135)<br>
called from Sub '@func_0_12' pc 6856 (EVAL_3:1871)<br>
called from Sub '@func_0_0' pc 198 (EVAL_5:77)<br>
called from Sub '@func_0' pc 125 (EVAL_5:48)<br>
called from Sub '@main' pc 18 (EVAL_5:11)<br>
called from Sub 'run_file' pc 312 (/home/yavuz/parrot_svn/parrot/languages/pjs/pjs.pir:124)<br>
called from Sub 'main' pc 124 (/home/yavuz/parrot_svn/parrot/languages/pjs/pjs.pir:57)<br>
</tt><br>
<dd><b>Testcase <a target='other_window' href='http://lxr.mozilla.org/mozilla/source/js/tests/ecma_2/instanceof/regress-7635.js'>ecma_2/instanceof/regress-7635.js</a> failed</b> <a href='https://bugzilla.mozilla.org/show_bug.cgi?id=7635' target='other_window'>Bug Number 7635</a><br>
 [ <a href='#tippy_top'>Top of Page</a> ]<br>
<tt>Expected exit code 0, got 1<br>
Testcase terminated with signal 0<br>
Complete testcase output was:<br>
BUGNUMBER: 7635<br>
ReferenceError: gTestsubsuite is not defined<br>
current instr.: '@func_0_2' pc 2776 (EVAL_3:725)<br>
called from Sub 'pjs_invoke_new' pc 1007 (languages/pjs/lib/jscore_includes/pjsfunction.pir:177)<br>
called from Sub '@func_0_0' pc 1610 (EVAL_3:376)<br>
called from Sub '@func_0' pc 291 (EVAL_5:82)<br>
called from Sub '@main' pc 18 (EVAL_5:11)<br>
called from Sub 'run_file' pc 312 (/home/yavuz/parrot_svn/parrot/languages/pjs/pjs.pir:124)<br>
called from Sub 'main' pc 124 (/home/yavuz/parrot_svn/parrot/languages/pjs/pjs.pir:57)<br>
</tt><br>
<dd><b>Testcase <a target='other_window' href='http://lxr.mozilla.org/mozilla/source/js/tests/ecma_2/RegExp/regress-001.js'>ecma_2/RegExp/regress-001.js</a> failed</b> <a href='https://bugzilla.mozilla.org/show_bug.cgi?id=2157' target='other_window'>Bug Number 2157</a><br>
 [ <a href='#tippy_top'>Top of Page</a> ]<br>
<tt>Expected exit code 0, got 1<br>
Testcase terminated with signal 0<br>
Complete testcase output was:<br>
BUGNUMBER: 2157<br>
Null PMC access in isa()<br>
current instr.: 'pjs_call_function' pc 751 (languages/pjs/lib/jscore_includes/pjsfunction.pir:84)<br>
called from Sub '@func_0' pc 172 (EVAL_5:60)<br>
called from Sub '@main' pc 18 (EVAL_5:11)<br>
called from Sub 'run_file' pc 312 (/home/yavuz/parrot_svn/parrot/languages/pjs/pjs.pir:124)<br>
called from Sub 'main' pc 124 (/home/yavuz/parrot_svn/parrot/languages/pjs/pjs.pir:57)<br>
</tt><br>
</dl>
[ <a href='#tippy_top'>Top of Page</a> | <a href='#fail_detail'>Top of Failures</a> ]<br>
<hr>
<a name='retest_list'></a>
<h2>Retest List</h2><br>
<pre>
# Retest List, pjs, generated Thu Aug  9 20:23:32 2007.
FAILURE: # Original test base was: regress_tests.txt.
FAILURE: # 93 of 93 test(s) were completed, 92 failures reported.
FAILURE: Engine command line: pjs -f pjs_init.js <br>
FAILURE: ecma_3/Object/regress-361274.js
FAILURE: ecma_3/Object/regress-79129-001.js
FAILURE: ecma_3/Object/regress-72773.js
FAILURE: ecma_3/String/regress-304376.js
FAILURE: ecma_3/String/regress-104375.js
FAILURE: ecma_3/String/regress-189898.js
FAILURE: ecma_3/String/regress-313567.js
FAILURE: ecma_3/String/regress-83293.js
FAILURE: ecma_3/Statements/regress-157509.js
FAILURE: ecma_3/Statements/regress-121744.js
FAILURE: ecma_3/Statements/regress-302439.js
FAILURE: ecma_3/Statements/regress-131348.js
FAILURE: ecma_3/Statements/regress-324650.js
FAILURE: ecma_3/Statements/regress-83532-001.js
FAILURE: ecma_3/Statements/regress-74474-001.js
FAILURE: ecma_3/Statements/regress-83532-002.js
FAILURE: ecma_3/Statements/regress-74474-003.js
FAILURE: ecma_3/Statements/regress-226517.js
FAILURE: ecma_3/Statements/regress-74474-002.js
FAILURE: ecma_3/Statements/regress-194364.js
FAILURE: ecma_3/RegExp/regress-289669.js
FAILURE: ecma_3/RegExp/regress-165353.js
FAILURE: ecma_3/RegExp/regress-119909.js
FAILURE: ecma_3/RegExp/regress-98306.js
FAILURE: ecma_3/RegExp/regress-67773.js
FAILURE: ecma_3/RegExp/regress-103087.js
FAILURE: ecma_3/RegExp/regress-169497.js
FAILURE: ecma_3/RegExp/regress-31316.js
FAILURE: ecma_3/RegExp/regress-100199.js
FAILURE: ecma_3/RegExp/regress-202564.js
FAILURE: ecma_3/RegExp/regress-85721.js
FAILURE: ecma_3/RegExp/regress-220367-001.js
FAILURE: ecma_3/RegExp/regress-224676.js
FAILURE: ecma_3/RegExp/regress-225289.js
FAILURE: ecma_3/RegExp/regress-187133.js
FAILURE: ecma_3/RegExp/regress-311414.js
FAILURE: ecma_3/RegExp/regress-216591.js
FAILURE: ecma_3/RegExp/regress-330684.js
FAILURE: ecma_3/RegExp/regress-57631.js
FAILURE: ecma_3/RegExp/regress-309840.js
FAILURE: ecma_3/RegExp/regress-188206.js
FAILURE: ecma_3/RegExp/regress-105972.js
FAILURE: ecma_3/RegExp/regress-223535.js
FAILURE: ecma_3/RegExp/regress-72964.js
FAILURE: ecma_3/RegExp/regress-334158.js
FAILURE: ecma_3/RegExp/regress-57572.js
FAILURE: ecma_3/RegExp/regress-209919.js
FAILURE: ecma_3/RegExp/regress-24712.js
FAILURE: ecma_3/RegExp/regress-169534.js
FAILURE: ecma_3/RegExp/regress-312351.js
FAILURE: ecma_3/RegExp/regress-228087.js
FAILURE: ecma_3/RegExp/regress-225343.js
FAILURE: ecma_3/RegExp/regress-191479.js
FAILURE: ecma_3/RegExp/regress-375642.js
FAILURE: ecma_3/RegExp/regress-367888.js
FAILURE: ecma_3/RegExp/regress-122076.js
FAILURE: ecma_3/RegExp/regress-123437.js
FAILURE: ecma_3/RegExp/regress-76683.js
FAILURE: ecma_3/RegExp/regress-209067.js
FAILURE: ecma_3/RegExp/regress-285219.js
FAILURE: ecma_3/RegExp/regress-87231.js
FAILURE: ecma_3/RegExp/regress-78156.js
FAILURE: ecma_3/RegExp/regress-346090.js
FAILURE: ecma_3/RegExp/regress-223273.js
FAILURE: ecma_3/RegExp/regress-220367-002.js
FAILURE: ecma_3/RegExp/regress-307456.js
FAILURE: ecma_3/RegExp/regress-327170.js
FAILURE: ecma_3/RegExp/regress-28686.js
FAILURE: ecma_3/Array/regress-322135-03.js
FAILURE: ecma_3/Array/regress-322135-04.js
FAILURE: ecma_3/Array/regress-130451.js
FAILURE: ecma_3/Array/regress-322135-01.js
FAILURE: ecma_3/Array/regress-322135-02.js
FAILURE: ecma_3/Array/regress-101488.js
FAILURE: ecma_3/Function/regress-131964.js
FAILURE: ecma_3/Function/regress-58274.js
FAILURE: ecma_3/Function/regress-193555.js
FAILURE: ecma_3/Function/regress-313570.js
FAILURE: ecma_3/Function/regress-94506.js
FAILURE: ecma_3/Function/regress-85880.js
FAILURE: ecma_3/Function/regress-137181.js
FAILURE: ecma_3/Function/regress-49286.js
FAILURE: ecma_3/Function/regress-97921.js
FAILURE: ecma_3/extensions/regress-274152.js
FAILURE: ecma_3/extensions/regress-320854.js
FAILURE: ecma_3/ExecutionContexts/regress-23346.js
FAILURE: ecma_3/Exceptions/regress-181654.js
FAILURE: ecma_3/Exceptions/regress-95101.js
FAILURE: ecma_3/Exceptions/regress-181914.js
FAILURE: ecma_3/Exceptions/regress-58946.js
FAILURE: ecma_2/instanceof/regress-7635.js
FAILURE: ecma_2/RegExp/regress-001.js
</pre>
[ <a href='#tippy_top'>Top of Page</a> | <a href='#retest_list'>Top of Retest List</a> ]<br>
</body>